[0.011s] Invoking command in '/home/v/cerberus_ws/build/cerberus_gazebo': CMAKE_PREFIX_PATH=/home/v/cerberus_ws/install/cerberus_description:/home/v/cerberus_ws/install/odrive_hardware_interface:/home/v/cerberus_ws/install/cerberus_gazebo:/home/v/cerberus_ws/install/cerberus_bringup:/opt/ros/humble /usr/bin/cmake --build /home/v/cerberus_ws/build/cerberus_gazebo -- -j12 -l12
[0.044s] [ 50%] Built target FullSystem
[0.044s] [100%] Built target BasicSystem
[0.061s] Invoked command in '/home/v/cerberus_ws/build/cerberus_gazebo' returned '0': CMAKE_PREFIX_PATH=/home/v/cerberus_ws/install/cerberus_description:/home/v/cerberus_ws/install/odrive_hardware_interface:/home/v/cerberus_ws/install/cerberus_gazebo:/home/v/cerberus_ws/install/cerberus_bringup:/opt/ros/humble /usr/bin/cmake --build /home/v/cerberus_ws/build/cerberus_gazebo -- -j12 -l12
[0.062s] Invoking command in '/home/v/cerberus_ws/build/cerberus_gazebo': CMAKE_PREFIX_PATH=/home/v/cerberus_ws/install/cerberus_description:/home/v/cerberus_ws/install/odrive_hardware_interface:/home/v/cerberus_ws/install/cerberus_gazebo:/home/v/cerberus_ws/install/cerberus_bringup:/opt/ros/humble /usr/bin/cmake --install /home/v/cerberus_ws/build/cerberus_gazebo
[0.065s] -- Install configuration: ""
[0.065s] -- Up-to-date: /home/v/cerberus_ws/install/cerberus_gazebo/lib/cerberus_gazebo/libBasicSystem.so
[0.066s] -- Up-to-date: /home/v/cerberus_ws/install/cerberus_gazebo/lib/cerberus_gazebo/libFullSystem.so
[0.066s] -- Up-to-date: /home/v/cerberus_ws/install/cerberus_gazebo/share/cerberus_gazebo/worlds
[0.066s] -- Up-to-date: /home/v/cerberus_ws/install/cerberus_gazebo/share/cerberus_gazebo/worlds/cerberus.sdf
[0.066s] -- Up-to-date: /home/v/cerberus_ws/install/cerberus_gazebo/share/cerberus_gazebo/environment/cerberus_gazebo.dsv
[0.066s] -- Up-to-date: /home/v/cerberus_ws/install/cerberus_gazebo/share/cerberus_gazebo/environment/cerberus_gazebo.sh
[0.066s] -- Up-to-date: /home/v/cerberus_ws/install/cerberus_gazebo/share/ament_index/resource_index/package_run_dependencies/cerberus_gazebo
[0.066s] -- Up-to-date: /home/v/cerberus_ws/install/cerberus_gazebo/share/ament_index/resource_index/parent_prefix_path/cerberus_gazebo
[0.067s] -- Up-to-date: /home/v/cerberus_ws/install/cerberus_gazebo/share/cerberus_gazebo/environment/ament_prefix_path.sh
[0.067s] -- Up-to-date: /home/v/cerberus_ws/install/cerberus_gazebo/share/cerberus_gazebo/environment/ament_prefix_path.dsv
[0.067s] -- Up-to-date: /home/v/cerberus_ws/install/cerberus_gazebo/share/cerberus_gazebo/environment/path.sh
[0.067s] -- Up-to-date: /home/v/cerberus_ws/install/cerberus_gazebo/share/cerberus_gazebo/environment/path.dsv
[0.067s] -- Up-to-date: /home/v/cerberus_ws/install/cerberus_gazebo/share/cerberus_gazebo/local_setup.bash
[0.067s] -- Up-to-date: /home/v/cerberus_ws/install/cerberus_gazebo/share/cerberus_gazebo/local_setup.sh
[0.067s] -- Up-to-date: /home/v/cerberus_ws/install/cerberus_gazebo/share/cerberus_gazebo/local_setup.zsh
[0.067s] -- Up-to-date: /home/v/cerberus_ws/install/cerberus_gazebo/share/cerberus_gazebo/local_setup.dsv
[0.068s] -- Installing: /home/v/cerberus_ws/install/cerberus_gazebo/share/cerberus_gazebo/package.dsv
[0.068s] -- Up-to-date: /home/v/cerberus_ws/install/cerberus_gazebo/share/ament_index/resource_index/packages/cerberus_gazebo
[0.068s] -- Up-to-date: /home/v/cerberus_ws/install/cerberus_gazebo/share/cerberus_gazebo/cmake/cerberus_gazeboConfig.cmake
[0.068s] -- Up-to-date: /home/v/cerberus_ws/install/cerberus_gazebo/share/cerberus_gazebo/cmake/cerberus_gazeboConfig-version.cmake
[0.068s] -- Up-to-date: /home/v/cerberus_ws/install/cerberus_gazebo/share/cerberus_gazebo/package.xml
[0.069s] Invoked command in '/home/v/cerberus_ws/build/cerberus_gazebo' returned '0': CMAKE_PREFIX_PATH=/home/v/cerberus_ws/install/cerberus_description:/home/v/cerberus_ws/install/odrive_hardware_interface:/home/v/cerberus_ws/install/cerberus_gazebo:/home/v/cerberus_ws/install/cerberus_bringup:/opt/ros/humble /usr/bin/cmake --install /home/v/cerberus_ws/build/cerberus_gazebo
