[0.010s] Invoking command in '/home/v/Dev/Github/Cerberus/Control/cerberus_ws/build/cerberus_bringup': CMAKE_PREFIX_PATH=/home/v/Dev/Github/Cerberus/Control/cerberus_ws/install/cerberus_description:/home/v/Dev/Github/Cerberus/Control/cerberus_ws/install/odrive_hardware_interface:/home/v/Dev/Github/Cerberus/Control/cerberus_ws/install/cerberus_training:/home/v/Dev/Github/Cerberus/Control/cerberus_ws/install/cerberus_gazebo:/home/v/Dev/Github/Cerberus/Control/cerberus_ws/install/cerberus_bringup:/home/v/Dev/Github/Cerberus/Control/cerberus_ws/install/cerberus_leg_loop:/opt/ros/humble /usr/bin/cmake /home/v/Dev/Github/Cerberus/Control/cerberus_ws/src/cerberus/cerberus_bringup -DAMENT_CMAKE_SYMLINK_INSTALL=1 -DCMAKE_INSTALL_PREFIX=/home/v/Dev/Github/Cerberus/Control/cerberus_ws/install/cerberus_bringup
[0.017s] -- Found ament_cmake_auto: 1.3.11 (/opt/ros/humble/share/ament_cmake_auto/cmake)
[0.082s] -- Override CMake install command with custom implementation using symlinks instead of copying resources
[0.141s] -- Configuring done
[0.144s] -- Generating done
[0.145s] -- Build files have been written to: /home/v/Dev/Github/Cerberus/Control/cerberus_ws/build/cerberus_bringup
[0.147s] Invoked command in '/home/v/Dev/Github/Cerberus/Control/cerberus_ws/build/cerberus_bringup' returned '0': CMAKE_PREFIX_PATH=/home/v/Dev/Github/Cerberus/Control/cerberus_ws/install/cerberus_description:/home/v/Dev/Github/Cerberus/Control/cerberus_ws/install/odrive_hardware_interface:/home/v/Dev/Github/Cerberus/Control/cerberus_ws/install/cerberus_training:/home/v/Dev/Github/Cerberus/Control/cerberus_ws/install/cerberus_gazebo:/home/v/Dev/Github/Cerberus/Control/cerberus_ws/install/cerberus_bringup:/home/v/Dev/Github/Cerberus/Control/cerberus_ws/install/cerberus_leg_loop:/opt/ros/humble /usr/bin/cmake /home/v/Dev/Github/Cerberus/Control/cerberus_ws/src/cerberus/cerberus_bringup -DAMENT_CMAKE_SYMLINK_INSTALL=1 -DCMAKE_INSTALL_PREFIX=/home/v/Dev/Github/Cerberus/Control/cerberus_ws/install/cerberus_bringup
[0.148s] Invoking command in '/home/v/Dev/Github/Cerberus/Control/cerberus_ws/build/cerberus_bringup': CMAKE_PREFIX_PATH=/home/v/Dev/Github/Cerberus/Control/cerberus_ws/install/cerberus_description:/home/v/Dev/Github/Cerberus/Control/cerberus_ws/install/odrive_hardware_interface:/home/v/Dev/Github/Cerberus/Control/cerberus_ws/install/cerberus_training:/home/v/Dev/Github/Cerberus/Control/cerberus_ws/install/cerberus_gazebo:/home/v/Dev/Github/Cerberus/Control/cerberus_ws/install/cerberus_bringup:/home/v/Dev/Github/Cerberus/Control/cerberus_ws/install/cerberus_leg_loop:/opt/ros/humble /usr/bin/cmake --build /home/v/Dev/Github/Cerberus/Control/cerberus_ws/build/cerberus_bringup -- -j12 -l12
[0.163s] Invoked command in '/home/v/Dev/Github/Cerberus/Control/cerberus_ws/build/cerberus_bringup' returned '0': CMAKE_PREFIX_PATH=/home/v/Dev/Github/Cerberus/Control/cerberus_ws/install/cerberus_description:/home/v/Dev/Github/Cerberus/Control/cerberus_ws/install/odrive_hardware_interface:/home/v/Dev/Github/Cerberus/Control/cerberus_ws/install/cerberus_training:/home/v/Dev/Github/Cerberus/Control/cerberus_ws/install/cerberus_gazebo:/home/v/Dev/Github/Cerberus/Control/cerberus_ws/install/cerberus_bringup:/home/v/Dev/Github/Cerberus/Control/cerberus_ws/install/cerberus_leg_loop:/opt/ros/humble /usr/bin/cmake --build /home/v/Dev/Github/Cerberus/Control/cerberus_ws/build/cerberus_bringup -- -j12 -l12
[0.164s] Invoking command in '/home/v/Dev/Github/Cerberus/Control/cerberus_ws/build/cerberus_bringup': CMAKE_PREFIX_PATH=/home/v/Dev/Github/Cerberus/Control/cerberus_ws/install/cerberus_description:/home/v/Dev/Github/Cerberus/Control/cerberus_ws/install/odrive_hardware_interface:/home/v/Dev/Github/Cerberus/Control/cerberus_ws/install/cerberus_training:/home/v/Dev/Github/Cerberus/Control/cerberus_ws/install/cerberus_gazebo:/home/v/Dev/Github/Cerberus/Control/cerberus_ws/install/cerberus_bringup:/home/v/Dev/Github/Cerberus/Control/cerberus_ws/install/cerberus_leg_loop:/opt/ros/humble /usr/bin/cmake --install /home/v/Dev/Github/Cerberus/Control/cerberus_ws/build/cerberus_bringup
[0.166s] -- Install configuration: ""
[0.166s] -- Execute custom install script
[0.167s] -- Symlinking: /home/v/Dev/Github/Cerberus/Control/cerberus_ws/install/cerberus_bringup/share/cerberus_bringup/config/cerberus.rviz
[0.170s] -- Symlinking: /home/v/Dev/Github/Cerberus/Control/cerberus_ws/install/cerberus_bringup/share/cerberus_bringup/config/cerberus.yaml
[0.173s] -- Symlinking: /home/v/Dev/Github/Cerberus/Control/cerberus_ws/install/cerberus_bringup/share/cerberus_bringup/config/cerberus_msg.yaml
[0.176s] -- Symlinking: /home/v/Dev/Github/Cerberus/Control/cerberus_ws/install/cerberus_bringup/share/cerberus_bringup/config/cerberus_single_leg.yaml
[0.178s] -- Symlinking: /home/v/Dev/Github/Cerberus/Control/cerberus_ws/install/cerberus_bringup/share/cerberus_bringup/config/cerberus_twin.yaml
[0.182s] -- Symlinking: /home/v/Dev/Github/Cerberus/Control/cerberus_ws/install/cerberus_bringup/share/cerberus_bringup/launch/cerberus_display.launch.py
[0.185s] -- Symlinking: /home/v/Dev/Github/Cerberus/Control/cerberus_ws/install/cerberus_bringup/share/cerberus_bringup/launch/cerberus_odrive.launch.py
[0.188s] -- Symlinking: /home/v/Dev/Github/Cerberus/Control/cerberus_ws/install/cerberus_bringup/share/cerberus_bringup/launch/cerberus_sim.launch.py
[0.191s] -- Symlinking: /home/v/Dev/Github/Cerberus/Control/cerberus_ws/install/cerberus_bringup/share/cerberus_bringup/launch/cerberus_two_trajectory.launch.py
[0.194s] -- Symlinking: /home/v/Dev/Github/Cerberus/Control/cerberus_ws/install/cerberus_bringup/share/cerberus_bringup/launch/visualize_odrive.launch.py
[0.197s] -- Symlinking: /home/v/Dev/Github/Cerberus/Control/cerberus_ws/install/cerberus_bringup/share/ament_index/resource_index/package_run_dependencies/cerberus_bringup
[0.200s] -- Symlinking: /home/v/Dev/Github/Cerberus/Control/cerberus_ws/install/cerberus_bringup/share/ament_index/resource_index/parent_prefix_path/cerberus_bringup
[0.204s] -- Symlinking: /home/v/Dev/Github/Cerberus/Control/cerberus_ws/install/cerberus_bringup/share/cerberus_bringup/environment/ament_prefix_path.sh
[0.207s] -- Symlinking: /home/v/Dev/Github/Cerberus/Control/cerberus_ws/install/cerberus_bringup/share/cerberus_bringup/environment/ament_prefix_path.dsv
[0.210s] -- Symlinking: /home/v/Dev/Github/Cerberus/Control/cerberus_ws/install/cerberus_bringup/share/cerberus_bringup/environment/path.sh
[0.213s] -- Symlinking: /home/v/Dev/Github/Cerberus/Control/cerberus_ws/install/cerberus_bringup/share/cerberus_bringup/environment/path.dsv
[0.215s] -- Symlinking: /home/v/Dev/Github/Cerberus/Control/cerberus_ws/install/cerberus_bringup/share/cerberus_bringup/local_setup.bash
[0.218s] -- Symlinking: /home/v/Dev/Github/Cerberus/Control/cerberus_ws/install/cerberus_bringup/share/cerberus_bringup/local_setup.sh
[0.221s] -- Symlinking: /home/v/Dev/Github/Cerberus/Control/cerberus_ws/install/cerberus_bringup/share/cerberus_bringup/local_setup.zsh
[0.223s] -- Symlinking: /home/v/Dev/Github/Cerberus/Control/cerberus_ws/install/cerberus_bringup/share/cerberus_bringup/local_setup.dsv
[0.226s] -- Symlinking: /home/v/Dev/Github/Cerberus/Control/cerberus_ws/install/cerberus_bringup/share/cerberus_bringup/package.dsv
[0.229s] -- Symlinking: /home/v/Dev/Github/Cerberus/Control/cerberus_ws/install/cerberus_bringup/share/ament_index/resource_index/packages/cerberus_bringup
[0.232s] -- Symlinking: /home/v/Dev/Github/Cerberus/Control/cerberus_ws/install/cerberus_bringup/share/cerberus_bringup/cmake/cerberus_bringupConfig.cmake
[0.236s] -- Symlinking: /home/v/Dev/Github/Cerberus/Control/cerberus_ws/install/cerberus_bringup/share/cerberus_bringup/cmake/cerberus_bringupConfig-version.cmake
[0.239s] -- Symlinking: /home/v/Dev/Github/Cerberus/Control/cerberus_ws/install/cerberus_bringup/share/cerberus_bringup/package.xml
[0.244s] Invoked command in '/home/v/Dev/Github/Cerberus/Control/cerberus_ws/build/cerberus_bringup' returned '0': CMAKE_PREFIX_PATH=/home/v/Dev/Github/Cerberus/Control/cerberus_ws/install/cerberus_description:/home/v/Dev/Github/Cerberus/Control/cerberus_ws/install/odrive_hardware_interface:/home/v/Dev/Github/Cerberus/Control/cerberus_ws/install/cerberus_training:/home/v/Dev/Github/Cerberus/Control/cerberus_ws/install/cerberus_gazebo:/home/v/Dev/Github/Cerberus/Control/cerberus_ws/install/cerberus_bringup:/home/v/Dev/Github/Cerberus/Control/cerberus_ws/install/cerberus_leg_loop:/opt/ros/humble /usr/bin/cmake --install /home/v/Dev/Github/Cerberus/Control/cerberus_ws/build/cerberus_bringup
