[0.024s] Invoking command in '/home/v/Dev/Github/Cerberus/Control/cerberus_ws/build/cerberus_description': CMAKE_PREFIX_PATH=${CMAKE_PREFIX_PATH}:/home/v/Dev/Github/Cerberus/Control/cerberus_ws/install/cerberus_leg_loop:/opt/ros/humble /usr/bin/cmake /home/v/Dev/Github/Cerberus/Control/cerberus_ws/src/cerberus/cerberus_description -DCMAKE_INSTALL_PREFIX=/home/v/Dev/Github/Cerberus/Control/cerberus_ws/install/cerberus_description
[0.297s] -- The C compiler identification is GNU 11.4.0
[0.297s] -- The CXX compiler identification is GNU 11.4.0
[0.299s] -- Detecting C compiler ABI info
[0.343s] -- Detecting C compiler ABI info - done
[0.348s] -- Check for working C compiler: /usr/bin/cc - skipped
[0.349s] -- Detecting C compile features
[0.349s] -- Detecting C compile features - done
[0.351s] -- Detecting CXX compiler ABI info
[0.405s] -- Detecting CXX compiler ABI info - done
[0.411s] -- Check for working CXX compiler: /usr/bin/c++ - skipped
[0.411s] -- Detecting CXX compile features
[0.411s] -- Detecting CXX compile features - done
[0.413s] -- Found ament_cmake_auto: 1.3.11 (/opt/ros/humble/share/ament_cmake_auto/cmake)
[0.502s] -- Found Python3: /usr/bin/python3 (found version "3.10.12") found components: Interpreter 
[0.617s] -- Configuring done
[0.620s] -- Generating done
[0.621s] -- Build files have been written to: /home/v/Dev/Github/Cerberus/Control/cerberus_ws/build/cerberus_description
[0.626s] Invoked command in '/home/v/Dev/Github/Cerberus/Control/cerberus_ws/build/cerberus_description' returned '0': CMAKE_PREFIX_PATH=${CMAKE_PREFIX_PATH}:/home/v/Dev/Github/Cerberus/Control/cerberus_ws/install/cerberus_leg_loop:/opt/ros/humble /usr/bin/cmake /home/v/Dev/Github/Cerberus/Control/cerberus_ws/src/cerberus/cerberus_description -DCMAKE_INSTALL_PREFIX=/home/v/Dev/Github/Cerberus/Control/cerberus_ws/install/cerberus_description
[0.627s] Invoking command in '/home/v/Dev/Github/Cerberus/Control/cerberus_ws/build/cerberus_description': CMAKE_PREFIX_PATH=${CMAKE_PREFIX_PATH}:/home/v/Dev/Github/Cerberus/Control/cerberus_ws/install/cerberus_leg_loop:/opt/ros/humble /usr/bin/cmake --build /home/v/Dev/Github/Cerberus/Control/cerberus_ws/build/cerberus_description -- -j12 -l12
[0.642s] Invoked command in '/home/v/Dev/Github/Cerberus/Control/cerberus_ws/build/cerberus_description' returned '0': CMAKE_PREFIX_PATH=${CMAKE_PREFIX_PATH}:/home/v/Dev/Github/Cerberus/Control/cerberus_ws/install/cerberus_leg_loop:/opt/ros/humble /usr/bin/cmake --build /home/v/Dev/Github/Cerberus/Control/cerberus_ws/build/cerberus_description -- -j12 -l12
[0.647s] Invoking command in '/home/v/Dev/Github/Cerberus/Control/cerberus_ws/build/cerberus_description': CMAKE_PREFIX_PATH=${CMAKE_PREFIX_PATH}:/home/v/Dev/Github/Cerberus/Control/cerberus_ws/install/cerberus_leg_loop:/opt/ros/humble /usr/bin/cmake --install /home/v/Dev/Github/Cerberus/Control/cerberus_ws/build/cerberus_description
[0.649s] -- Install configuration: ""
[0.649s] -- Installing: /home/v/Dev/Github/Cerberus/Control/cerberus_ws/install/cerberus_description/share/cerberus_description/urdf
[0.649s] -- Installing: /home/v/Dev/Github/Cerberus/Control/cerberus_ws/install/cerberus_description/share/cerberus_description/urdf/cerbiboi.urdf.xacro
[0.649s] -- Installing: /home/v/Dev/Github/Cerberus/Control/cerberus_ws/install/cerberus_description/share/cerberus_description/urdf/cerberus_two_odrive.urdf.xacro
[0.649s] -- Installing: /home/v/Dev/Github/Cerberus/Control/cerberus_ws/install/cerberus_description/share/cerberus_description/urdf/cerberus_odrive.urdf.xacro
[0.649s] -- Installing: /home/v/Dev/Github/Cerberus/Control/cerberus_ws/install/cerberus_description/share/cerberus_description/urdf/leg_macro.xacro
[0.650s] -- Installing: /home/v/Dev/Github/Cerberus/Control/cerberus_ws/install/cerberus_description/share/cerberus_description/urdf/cerberus_single_leg.urdf.xacro
[0.650s] -- Installing: /home/v/Dev/Github/Cerberus/Control/cerberus_ws/install/cerberus_description/share/cerberus_description/urdf/cerberus.urdf
[0.650s] -- Installing: /home/v/Dev/Github/Cerberus/Control/cerberus_ws/install/cerberus_description/share/cerberus_description/urdf/odrive.ros2_control.xacro
[0.650s] -- Installing: /home/v/Dev/Github/Cerberus/Control/cerberus_ws/install/cerberus_description/share/ament_index/resource_index/package_run_dependencies/cerberus_description
[0.650s] -- Installing: /home/v/Dev/Github/Cerberus/Control/cerberus_ws/install/cerberus_description/share/ament_index/resource_index/parent_prefix_path/cerberus_description
[0.650s] -- Installing: /home/v/Dev/Github/Cerberus/Control/cerberus_ws/install/cerberus_description/share/cerberus_description/environment/ament_prefix_path.sh
[0.650s] -- Installing: /home/v/Dev/Github/Cerberus/Control/cerberus_ws/install/cerberus_description/share/cerberus_description/environment/ament_prefix_path.dsv
[0.651s] -- Installing: /home/v/Dev/Github/Cerberus/Control/cerberus_ws/install/cerberus_description/share/cerberus_description/environment/path.sh
[0.651s] -- Installing: /home/v/Dev/Github/Cerberus/Control/cerberus_ws/install/cerberus_description/share/cerberus_description/environment/path.dsv
[0.651s] -- Installing: /home/v/Dev/Github/Cerberus/Control/cerberus_ws/install/cerberus_description/share/cerberus_description/local_setup.bash
[0.651s] -- Installing: /home/v/Dev/Github/Cerberus/Control/cerberus_ws/install/cerberus_description/share/cerberus_description/local_setup.sh
[0.651s] -- Installing: /home/v/Dev/Github/Cerberus/Control/cerberus_ws/install/cerberus_description/share/cerberus_description/local_setup.zsh
[0.651s] -- Installing: /home/v/Dev/Github/Cerberus/Control/cerberus_ws/install/cerberus_description/share/cerberus_description/local_setup.dsv
[0.651s] -- Installing: /home/v/Dev/Github/Cerberus/Control/cerberus_ws/install/cerberus_description/share/cerberus_description/package.dsv
[0.651s] -- Installing: /home/v/Dev/Github/Cerberus/Control/cerberus_ws/install/cerberus_description/share/ament_index/resource_index/packages/cerberus_description
[0.652s] -- Installing: /home/v/Dev/Github/Cerberus/Control/cerberus_ws/install/cerberus_description/share/cerberus_description/cmake/cerberus_descriptionConfig.cmake
[0.652s] -- Installing: /home/v/Dev/Github/Cerberus/Control/cerberus_ws/install/cerberus_description/share/cerberus_description/cmake/cerberus_descriptionConfig-version.cmake
[0.652s] -- Installing: /home/v/Dev/Github/Cerberus/Control/cerberus_ws/install/cerberus_description/share/cerberus_description/package.xml
[0.653s] Invoked command in '/home/v/Dev/Github/Cerberus/Control/cerberus_ws/build/cerberus_description' returned '0': CMAKE_PREFIX_PATH=${CMAKE_PREFIX_PATH}:/home/v/Dev/Github/Cerberus/Control/cerberus_ws/install/cerberus_leg_loop:/opt/ros/humble /usr/bin/cmake --install /home/v/Dev/Github/Cerberus/Control/cerberus_ws/build/cerberus_description
