In file included from [01m[K/opt/ros/humble/include/rclcpp/rclcpp/logging.hpp:24[m[K,
                 from [01m[K/opt/ros/humble/include/rclcpp/rclcpp/client.hpp:40[m[K,
                 from [01m[K/opt/ros/humble/include/rclcpp/rclcpp/callback_group.hpp:24[m[K,
                 from [01m[K/opt/ros/humble/include/rclcpp/rclcpp/any_executable.hpp:20[m[K,
                 from [01m[K/opt/ros/humble/include/rclcpp/rclcpp/memory_strategy.hpp:25[m[K,
                 from [01m[K/opt/ros/humble/include/rclcpp/rclcpp/memory_strategies.hpp:18[m[K,
                 from [01m[K/opt/ros/humble/include/rclcpp/rclcpp/executor_options.hpp:20[m[K,
                 from [01m[K/opt/ros/humble/include/rclcpp/rclcpp/executor.hpp:37[m[K,
                 from [01m[K/opt/ros/humble/include/rclcpp/rclcpp/executors/multi_threaded_executor.hpp:25[m[K,
                 from [01m[K/opt/ros/humble/include/rclcpp/rclcpp/executors.hpp:21[m[K,
                 from [01m[K/opt/ros/humble/include/rclcpp/rclcpp/rclcpp.hpp:155[m[K,
                 from [01m[K/home/v/Dev/Github/Cerberus/Control/cerberus_ws/src/cerberus/odrive_hardware_interface/include/odrive_hardware_interface/odrive_usb.hpp:25[m[K,
                 from [01m[K/home/v/Dev/Github/Cerberus/Control/cerberus_ws/src/cerberus/odrive_hardware_interface/src/odrive_usb.cpp:15[m[K:
[01m[K/home/v/Dev/Github/Cerberus/Control/cerberus_ws/src/cerberus/odrive_hardware_interface/src/odrive_usb.cpp:[m[K In member function ‘[01m[Kint odrive::ODriveUSB::init(const std::vector<std::vector<long int, std::allocator<long int> > >&)[m[K’:
[01m[K/home/v/Dev/Github/Cerberus/Control/cerberus_ws/src/cerberus/odrive_hardware_interface/src/odrive_usb.cpp:58:47:[m[K [01;35m[Kwarning: [m[Kformat ‘[01m[K%d[m[K’ expects argument of type ‘[01m[Kint[m[K’, but argument 5 has type ‘[01m[Kssize_t[m[K’ {aka ‘[01m[Klong int[m[K’} [[01;35m[K]8;;https://gcc.gnu.org/onlinedocs/gcc/Warning-Options.html#index-Wformat=-Wformat=]8;;[m[K]
   58 |     RCLCPP_INFO(rclcpp::get_logger("ODrive"), [01;35m[K"Device count: %d/%d"[m[K, [32m[Ki[m[K, device_count);
      |                                               [01;35m[K^~~~~~~~~~~~~~~~~~~~~[m[K  [32m[K~[m[K
      |                                                                      [32m[K|[m[K
      |                                                                      [32m[Kssize_t {aka long int}[m[K
[01m[K/home/v/Dev/Github/Cerberus/Control/cerberus_ws/src/cerberus/odrive_hardware_interface/src/odrive_usb.cpp:58:63:[m[K [01;36m[Knote: [m[Kformat string is defined here
   58 |     RCLCPP_INFO(rclcpp::get_logger("ODrive"), "Device count: [01;36m[K%d[m[K/%d", i, device_count);
      |                                                              [01;36m[K~^[m[K
      |                                                               [01;36m[K|[m[K
      |                                                               [01;36m[Kint[m[K
      |                                                              [32m[K%ld[m[K
In file included from [01m[K/opt/ros/humble/include/rclcpp/rclcpp/logging.hpp:24[m[K,
                 from [01m[K/opt/ros/humble/include/rclcpp/rclcpp/client.hpp:40[m[K,
                 from [01m[K/opt/ros/humble/include/rclcpp/rclcpp/callback_group.hpp:24[m[K,
                 from [01m[K/opt/ros/humble/include/rclcpp/rclcpp/any_executable.hpp:20[m[K,
                 from [01m[K/opt/ros/humble/include/rclcpp/rclcpp/memory_strategy.hpp:25[m[K,
                 from [01m[K/opt/ros/humble/include/rclcpp/rclcpp/memory_strategies.hpp:18[m[K,
                 from [01m[K/opt/ros/humble/include/rclcpp/rclcpp/executor_options.hpp:20[m[K,
                 from [01m[K/opt/ros/humble/include/rclcpp/rclcpp/executor.hpp:37[m[K,
                 from [01m[K/opt/ros/humble/include/rclcpp/rclcpp/executors/multi_threaded_executor.hpp:25[m[K,
                 from [01m[K/opt/ros/humble/include/rclcpp/rclcpp/executors.hpp:21[m[K,
                 from [01m[K/opt/ros/humble/include/rclcpp/rclcpp/rclcpp.hpp:155[m[K,
                 from [01m[K/home/v/Dev/Github/Cerberus/Control/cerberus_ws/src/cerberus/odrive_hardware_interface/include/odrive_hardware_interface/odrive_usb.hpp:25[m[K,
                 from [01m[K/home/v/Dev/Github/Cerberus/Control/cerberus_ws/src/cerberus/odrive_hardware_interface/src/odrive_usb.cpp:15[m[K:
[01m[K/home/v/Dev/Github/Cerberus/Control/cerberus_ws/src/cerberus/odrive_hardware_interface/src/odrive_usb.cpp:58:47:[m[K [01;35m[Kwarning: [m[Kformat ‘[01m[K%d[m[K’ expects argument of type ‘[01m[Kint[m[K’, but argument 6 has type ‘[01m[Kssize_t[m[K’ {aka ‘[01m[Klong int[m[K’} [[01;35m[K]8;;https://gcc.gnu.org/onlinedocs/gcc/Warning-Options.html#index-Wformat=-Wformat=]8;;[m[K]
   58 |     RCLCPP_INFO(rclcpp::get_logger("ODrive"), [01;35m[K"Device count: %d/%d"[m[K, i, [32m[Kdevice_count[m[K);
      |                                               [01;35m[K^~~~~~~~~~~~~~~~~~~~~[m[K     [32m[K~~~~~~~~~~~~[m[K
      |                                                                         [32m[K|[m[K
      |                                                                         [32m[Kssize_t {aka long int}[m[K
[01m[K/home/v/Dev/Github/Cerberus/Control/cerberus_ws/src/cerberus/odrive_hardware_interface/src/odrive_usb.cpp:58:66:[m[K [01;36m[Knote: [m[Kformat string is defined here
   58 |     RCLCPP_INFO(rclcpp::get_logger("ODrive"), "Device count: %d/[01;36m[K%d[m[K", i, device_count);
      |                                                                 [01;36m[K~^[m[K
      |                                                                  [01;36m[K|[m[K
      |                                                                  [01;36m[Kint[m[K
      |                                                                 [32m[K%ld[m[K
