[0.283s] Invoking command in '/home/v/Dev/Github/Cerberus/Control/cerberus_ws/build/odrive_hardware_interface': CMAKE_PREFIX_PATH=${CMAKE_PREFIX_PATH}:/home/v/Dev/Github/Cerberus/Control/cerberus_ws/install/cerberus_leg_loop:/opt/ros/humble /usr/bin/cmake /home/v/Dev/Github/Cerberus/Control/cerberus_ws/src/cerberus/odrive_hardware_interface -DCMAKE_INSTALL_PREFIX=/home/v/Dev/Github/Cerberus/Control/cerberus_ws/install/odrive_hardware_interface
[0.318s] -- The C compiler identification is GNU 11.4.0
[0.360s] -- The CXX compiler identification is GNU 11.4.0
[0.366s] -- Detecting C compiler ABI info
[0.409s] -- Detecting C compiler ABI info - done
[0.414s] -- Check for working C compiler: /usr/bin/cc - skipped
[0.414s] -- Detecting C compile features
[0.415s] -- Detecting C compile features - done
[0.417s] -- Detecting CXX compiler ABI info
[0.467s] -- Detecting CXX compiler ABI info - done
[0.473s] -- Check for working CXX compiler: /usr/bin/c++ - skipped
[0.473s] -- Detecting CXX compile features
[0.473s] -- Detecting CXX compile features - done
[0.475s] -- Found ament_cmake_auto: 1.3.11 (/opt/ros/humble/share/ament_cmake_auto/cmake)
[0.564s] -- Found Python3: /usr/bin/python3 (found version "3.10.12") found components: Interpreter 
[0.725s] -- Found rosidl_generator_c: 3.1.6 (/opt/ros/humble/share/rosidl_generator_c/cmake)
[0.729s] -- Found rosidl_adapter: 3.1.6 (/opt/ros/humble/share/rosidl_adapter/cmake)
[0.735s] -- Found rosidl_generator_cpp: 3.1.6 (/opt/ros/humble/share/rosidl_generator_cpp/cmake)
[0.746s] -- Using all available rosidl_typesupport_c: rosidl_typesupport_fastrtps_c;rosidl_typesupport_introspection_c
[0.760s] -- Using all available rosidl_typesupport_cpp: rosidl_typesupport_fastrtps_cpp;rosidl_typesupport_introspection_cpp
[0.918s] -- Found rmw_implementation_cmake: 6.1.2 (/opt/ros/humble/share/rmw_implementation_cmake/cmake)
[0.921s] -- Found rmw_fastrtps_cpp: 6.2.7 (/opt/ros/humble/share/rmw_fastrtps_cpp/cmake)
[0.940s] -- Found TinyXML2 via Config file: TinyXML2_DIR-NOTFOUND
[0.985s] -- Found OpenSSL: /usr/lib/x86_64-linux-gnu/libcrypto.so (found version "3.0.2")  
[0.987s] -- Found TinyXML2 via Config file: TinyXML2_DIR-NOTFOUND
[1.001s] -- Found FastRTPS: /opt/ros/humble/include  
[1.003s] -- Found TinyXML2 via Config file: TinyXML2_DIR-NOTFOUND
[1.010s] -- Found TinyXML2 via Config file: TinyXML2_DIR-NOTFOUND
[1.019s] -- Using RMW implementation 'rmw_fastrtps_cpp' as default
[1.026s] -- Performing Test CMAKE_HAVE_LIBC_PTHREAD
[1.079s] -- Performing Test CMAKE_HAVE_LIBC_PTHREAD - Success
[1.079s] -- Found Threads: TRUE  
[1.118s] -- Found PkgConfig: /usr/bin/pkg-config (found version "0.29.2") 
[1.118s] -- Checking for one of the modules 'libusb-1.0'
[1.164s] -- Found ament_lint_auto: 0.12.11 (/opt/ros/humble/share/ament_lint_auto/cmake)
[1.184s] -- Added test 'copyright' to check source files copyright and LICENSE
[1.186s] -- Added test 'cppcheck' to perform static code analysis on C / C++ code
[1.186s] -- Configured cppcheck include dirs: /home/v/Dev/Github/Cerberus/Control/cerberus_ws/src/cerberus/odrive_hardware_interface/include
[1.186s] -- Configured cppcheck exclude dirs and/or files: 
[1.187s] -- Added test 'cpplint' to check C / C++ code against the Google style
[1.187s] -- Configured cpplint exclude dirs and/or files: 
[1.187s] -- Added test 'lint_cmake' to check CMake code style
[1.189s] -- Added test 'uncrustify' to check C / C++ code style
[1.189s] -- Configured uncrustify additional arguments: 
[1.189s] -- Added test 'xmllint' to check XML markup files
[1.191s] -- Configuring done
[1.228s] -- Generating done
[1.233s] -- Build files have been written to: /home/v/Dev/Github/Cerberus/Control/cerberus_ws/build/odrive_hardware_interface
[1.242s] Invoked command in '/home/v/Dev/Github/Cerberus/Control/cerberus_ws/build/odrive_hardware_interface' returned '0': CMAKE_PREFIX_PATH=${CMAKE_PREFIX_PATH}:/home/v/Dev/Github/Cerberus/Control/cerberus_ws/install/cerberus_leg_loop:/opt/ros/humble /usr/bin/cmake /home/v/Dev/Github/Cerberus/Control/cerberus_ws/src/cerberus/odrive_hardware_interface -DCMAKE_INSTALL_PREFIX=/home/v/Dev/Github/Cerberus/Control/cerberus_ws/install/odrive_hardware_interface
[1.244s] Invoking command in '/home/v/Dev/Github/Cerberus/Control/cerberus_ws/build/odrive_hardware_interface': CMAKE_PREFIX_PATH=${CMAKE_PREFIX_PATH}:/home/v/Dev/Github/Cerberus/Control/cerberus_ws/install/cerberus_leg_loop:/opt/ros/humble /usr/bin/cmake --build /home/v/Dev/Github/Cerberus/Control/cerberus_ws/build/odrive_hardware_interface -- -j12 -l12
[1.267s] [ 25%] [32mBuilding CXX object CMakeFiles/odrive_usb.dir/src/odrive_usb.cpp.o[0m
[3.182s] In file included from [01m[K/opt/ros/humble/include/rclcpp/rclcpp/logging.hpp:24[m[K,
[3.182s]                  from [01m[K/opt/ros/humble/include/rclcpp/rclcpp/client.hpp:40[m[K,
[3.182s]                  from [01m[K/opt/ros/humble/include/rclcpp/rclcpp/callback_group.hpp:24[m[K,
[3.183s]                  from [01m[K/opt/ros/humble/include/rclcpp/rclcpp/any_executable.hpp:20[m[K,
[3.183s]                  from [01m[K/opt/ros/humble/include/rclcpp/rclcpp/memory_strategy.hpp:25[m[K,
[3.183s]                  from [01m[K/opt/ros/humble/include/rclcpp/rclcpp/memory_strategies.hpp:18[m[K,
[3.183s]                  from [01m[K/opt/ros/humble/include/rclcpp/rclcpp/executor_options.hpp:20[m[K,
[3.183s]                  from [01m[K/opt/ros/humble/include/rclcpp/rclcpp/executor.hpp:37[m[K,
[3.183s]                  from [01m[K/opt/ros/humble/include/rclcpp/rclcpp/executors/multi_threaded_executor.hpp:25[m[K,
[3.183s]                  from [01m[K/opt/ros/humble/include/rclcpp/rclcpp/executors.hpp:21[m[K,
[3.183s]                  from [01m[K/opt/ros/humble/include/rclcpp/rclcpp/rclcpp.hpp:155[m[K,
[3.183s]                  from [01m[K/home/v/Dev/Github/Cerberus/Control/cerberus_ws/src/cerberus/odrive_hardware_interface/include/odrive_hardware_interface/odrive_usb.hpp:25[m[K,
[3.183s]                  from [01m[K/home/v/Dev/Github/Cerberus/Control/cerberus_ws/src/cerberus/odrive_hardware_interface/src/odrive_usb.cpp:15[m[K:
[3.183s] [01m[K/home/v/Dev/Github/Cerberus/Control/cerberus_ws/src/cerberus/odrive_hardware_interface/src/odrive_usb.cpp:[m[K In member function ‘[01m[Kint odrive::ODriveUSB::init(const std::vector<std::vector<long int, std::allocator<long int> > >&)[m[K’:
[3.183s] [01m[K/home/v/Dev/Github/Cerberus/Control/cerberus_ws/src/cerberus/odrive_hardware_interface/src/odrive_usb.cpp:58:47:[m[K [01;35m[Kwarning: [m[Kformat ‘[01m[K%d[m[K’ expects argument of type ‘[01m[Kint[m[K’, but argument 5 has type ‘[01m[Kssize_t[m[K’ {aka ‘[01m[Klong int[m[K’} [[01;35m[K]8;;https://gcc.gnu.org/onlinedocs/gcc/Warning-Options.html#index-Wformat=-Wformat=]8;;[m[K]
[3.183s]    58 |     RCLCPP_INFO(rclcpp::get_logger("ODrive"), [01;35m[K"Device count: %d/%d"[m[K, [32m[Ki[m[K, device_count);
[3.183s]       |                                               [01;35m[K^~~~~~~~~~~~~~~~~~~~~[m[K  [32m[K~[m[K
[3.183s]       |                                                                      [32m[K|[m[K
[3.183s]       |                                                                      [32m[Kssize_t {aka long int}[m[K
[3.183s] [01m[K/home/v/Dev/Github/Cerberus/Control/cerberus_ws/src/cerberus/odrive_hardware_interface/src/odrive_usb.cpp:58:63:[m[K [01;36m[Knote: [m[Kformat string is defined here
[3.183s]    58 |     RCLCPP_INFO(rclcpp::get_logger("ODrive"), "Device count: [01;36m[K%d[m[K/%d", i, device_count);
[3.183s]       |                                                              [01;36m[K~^[m[K
[3.183s]       |                                                               [01;36m[K|[m[K
[3.183s]       |                                                               [01;36m[Kint[m[K
[3.183s]       |                                                              [32m[K%ld[m[K
[3.183s] In file included from [01m[K/opt/ros/humble/include/rclcpp/rclcpp/logging.hpp:24[m[K,
[3.183s]                  from [01m[K/opt/ros/humble/include/rclcpp/rclcpp/client.hpp:40[m[K,
[3.184s]                  from [01m[K/opt/ros/humble/include/rclcpp/rclcpp/callback_group.hpp:24[m[K,
[3.184s]                  from [01m[K/opt/ros/humble/include/rclcpp/rclcpp/any_executable.hpp:20[m[K,
[3.184s]                  from [01m[K/opt/ros/humble/include/rclcpp/rclcpp/memory_strategy.hpp:25[m[K,
[3.184s]                  from [01m[K/opt/ros/humble/include/rclcpp/rclcpp/memory_strategies.hpp:18[m[K,
[3.184s]                  from [01m[K/opt/ros/humble/include/rclcpp/rclcpp/executor_options.hpp:20[m[K,
[3.184s]                  from [01m[K/opt/ros/humble/include/rclcpp/rclcpp/executor.hpp:37[m[K,
[3.184s]                  from [01m[K/opt/ros/humble/include/rclcpp/rclcpp/executors/multi_threaded_executor.hpp:25[m[K,
[3.184s]                  from [01m[K/opt/ros/humble/include/rclcpp/rclcpp/executors.hpp:21[m[K,
[3.184s]                  from [01m[K/opt/ros/humble/include/rclcpp/rclcpp/rclcpp.hpp:155[m[K,
[3.184s]                  from [01m[K/home/v/Dev/Github/Cerberus/Control/cerberus_ws/src/cerberus/odrive_hardware_interface/include/odrive_hardware_interface/odrive_usb.hpp:25[m[K,
[3.184s]                  from [01m[K/home/v/Dev/Github/Cerberus/Control/cerberus_ws/src/cerberus/odrive_hardware_interface/src/odrive_usb.cpp:15[m[K:
[3.184s] [01m[K/home/v/Dev/Github/Cerberus/Control/cerberus_ws/src/cerberus/odrive_hardware_interface/src/odrive_usb.cpp:58:47:[m[K [01;35m[Kwarning: [m[Kformat ‘[01m[K%d[m[K’ expects argument of type ‘[01m[Kint[m[K’, but argument 6 has type ‘[01m[Kssize_t[m[K’ {aka ‘[01m[Klong int[m[K’} [[01;35m[K]8;;https://gcc.gnu.org/onlinedocs/gcc/Warning-Options.html#index-Wformat=-Wformat=]8;;[m[K]
[3.184s]    58 |     RCLCPP_INFO(rclcpp::get_logger("ODrive"), [01;35m[K"Device count: %d/%d"[m[K, i, [32m[Kdevice_count[m[K);
[3.184s]       |                                               [01;35m[K^~~~~~~~~~~~~~~~~~~~~[m[K     [32m[K~~~~~~~~~~~~[m[K
[3.184s]       |                                                                         [32m[K|[m[K
[3.184s]       |                                                                         [32m[Kssize_t {aka long int}[m[K
[3.184s] [01m[K/home/v/Dev/Github/Cerberus/Control/cerberus_ws/src/cerberus/odrive_hardware_interface/src/odrive_usb.cpp:58:66:[m[K [01;36m[Knote: [m[Kformat string is defined here
[3.184s]    58 |     RCLCPP_INFO(rclcpp::get_logger("ODrive"), "Device count: %d/[01;36m[K%d[m[K", i, device_count);
[3.184s]       |                                                                 [01;36m[K~^[m[K
[3.184s]       |                                                                  [01;36m[K|[m[K
[3.184s]       |                                                                  [01;36m[Kint[m[K
[3.184s]       |                                                                 [32m[K%ld[m[K
[3.706s] [ 50%] [32m[1mLinking CXX shared library libodrive_usb.so[0m
[3.820s] [ 50%] Built target odrive_usb
[3.830s] [ 75%] [32mBuilding CXX object CMakeFiles/odrive_hardware_interface.dir/src/odrive_hardware_interface.cpp.o[0m
[6.616s] [100%] [32m[1mLinking CXX shared library libodrive_hardware_interface.so[0m
[6.739s] [100%] Built target odrive_hardware_interface
[6.744s] Invoked command in '/home/v/Dev/Github/Cerberus/Control/cerberus_ws/build/odrive_hardware_interface' returned '0': CMAKE_PREFIX_PATH=${CMAKE_PREFIX_PATH}:/home/v/Dev/Github/Cerberus/Control/cerberus_ws/install/cerberus_leg_loop:/opt/ros/humble /usr/bin/cmake --build /home/v/Dev/Github/Cerberus/Control/cerberus_ws/build/odrive_hardware_interface -- -j12 -l12
[6.746s] Invoking command in '/home/v/Dev/Github/Cerberus/Control/cerberus_ws/build/odrive_hardware_interface': CMAKE_PREFIX_PATH=${CMAKE_PREFIX_PATH}:/home/v/Dev/Github/Cerberus/Control/cerberus_ws/install/cerberus_leg_loop:/opt/ros/humble /usr/bin/cmake --install /home/v/Dev/Github/Cerberus/Control/cerberus_ws/build/odrive_hardware_interface
[6.748s] -- Install configuration: ""
[6.748s] -- Installing: /home/v/Dev/Github/Cerberus/Control/cerberus_ws/install/odrive_hardware_interface/share/odrive_hardware_interface/odrive_hardware_interface.xml
[6.748s] -- Installing: /home/v/Dev/Github/Cerberus/Control/cerberus_ws/install/odrive_hardware_interface/include
[6.748s] -- Installing: /home/v/Dev/Github/Cerberus/Control/cerberus_ws/install/odrive_hardware_interface/include/odrive_hardware_interface
[6.748s] -- Installing: /home/v/Dev/Github/Cerberus/Control/cerberus_ws/install/odrive_hardware_interface/include/odrive_hardware_interface/visibility_control.hpp
[6.748s] -- Installing: /home/v/Dev/Github/Cerberus/Control/cerberus_ws/install/odrive_hardware_interface/include/odrive_hardware_interface/odrive_hardware_interface.hpp
[6.749s] -- Installing: /home/v/Dev/Github/Cerberus/Control/cerberus_ws/install/odrive_hardware_interface/include/odrive_hardware_interface/odrive_endpoints.hpp
[6.749s] -- Installing: /home/v/Dev/Github/Cerberus/Control/cerberus_ws/install/odrive_hardware_interface/include/odrive_hardware_interface/odrive_usb.hpp
[6.749s] -- Installing: /home/v/Dev/Github/Cerberus/Control/cerberus_ws/install/odrive_hardware_interface/share/odrive_hardware_interface/environment/library_path.sh
[6.749s] -- Installing: /home/v/Dev/Github/Cerberus/Control/cerberus_ws/install/odrive_hardware_interface/share/odrive_hardware_interface/environment/library_path.dsv
[6.749s] -- Installing: /home/v/Dev/Github/Cerberus/Control/cerberus_ws/install/odrive_hardware_interface/lib/libodrive_usb.so
[6.750s] -- Set runtime path of "/home/v/Dev/Github/Cerberus/Control/cerberus_ws/install/odrive_hardware_interface/lib/libodrive_usb.so" to ""
[6.750s] -- Installing: /home/v/Dev/Github/Cerberus/Control/cerberus_ws/install/odrive_hardware_interface/lib/libodrive_hardware_interface.so
[6.751s] -- Set runtime path of "/home/v/Dev/Github/Cerberus/Control/cerberus_ws/install/odrive_hardware_interface/lib/libodrive_hardware_interface.so" to ""
[6.751s] -- Installing: /home/v/Dev/Github/Cerberus/Control/cerberus_ws/install/odrive_hardware_interface/share/ament_index/resource_index/package_run_dependencies/odrive_hardware_interface
[6.751s] -- Installing: /home/v/Dev/Github/Cerberus/Control/cerberus_ws/install/odrive_hardware_interface/share/ament_index/resource_index/parent_prefix_path/odrive_hardware_interface
[6.751s] -- Installing: /home/v/Dev/Github/Cerberus/Control/cerberus_ws/install/odrive_hardware_interface/share/odrive_hardware_interface/environment/ament_prefix_path.sh
[6.751s] -- Installing: /home/v/Dev/Github/Cerberus/Control/cerberus_ws/install/odrive_hardware_interface/share/odrive_hardware_interface/environment/ament_prefix_path.dsv
[6.751s] -- Installing: /home/v/Dev/Github/Cerberus/Control/cerberus_ws/install/odrive_hardware_interface/share/odrive_hardware_interface/environment/path.sh
[6.752s] -- Installing: /home/v/Dev/Github/Cerberus/Control/cerberus_ws/install/odrive_hardware_interface/share/odrive_hardware_interface/environment/path.dsv
[6.752s] -- Installing: /home/v/Dev/Github/Cerberus/Control/cerberus_ws/install/odrive_hardware_interface/share/odrive_hardware_interface/local_setup.bash
[6.752s] -- Installing: /home/v/Dev/Github/Cerberus/Control/cerberus_ws/install/odrive_hardware_interface/share/odrive_hardware_interface/local_setup.sh
[6.752s] -- Installing: /home/v/Dev/Github/Cerberus/Control/cerberus_ws/install/odrive_hardware_interface/share/odrive_hardware_interface/local_setup.zsh
[6.752s] -- Installing: /home/v/Dev/Github/Cerberus/Control/cerberus_ws/install/odrive_hardware_interface/share/odrive_hardware_interface/local_setup.dsv
[6.752s] -- Installing: /home/v/Dev/Github/Cerberus/Control/cerberus_ws/install/odrive_hardware_interface/share/odrive_hardware_interface/package.dsv
[6.752s] -- Installing: /home/v/Dev/Github/Cerberus/Control/cerberus_ws/install/odrive_hardware_interface/share/ament_index/resource_index/packages/odrive_hardware_interface
[6.752s] -- Installing: /home/v/Dev/Github/Cerberus/Control/cerberus_ws/install/odrive_hardware_interface/share/ament_index/resource_index/hardware_interface__pluginlib__plugin/odrive_hardware_interface
[6.753s] -- Installing: /home/v/Dev/Github/Cerberus/Control/cerberus_ws/install/odrive_hardware_interface/share/odrive_hardware_interface/cmake/ament_cmake_export_dependencies-extras.cmake
[6.753s] -- Installing: /home/v/Dev/Github/Cerberus/Control/cerberus_ws/install/odrive_hardware_interface/share/odrive_hardware_interface/cmake/ament_cmake_export_include_directories-extras.cmake
[6.753s] -- Installing: /home/v/Dev/Github/Cerberus/Control/cerberus_ws/install/odrive_hardware_interface/share/odrive_hardware_interface/cmake/ament_cmake_export_libraries-extras.cmake
[6.753s] -- Installing: /home/v/Dev/Github/Cerberus/Control/cerberus_ws/install/odrive_hardware_interface/share/odrive_hardware_interface/cmake/odrive_hardware_interfaceConfig.cmake
[6.753s] -- Installing: /home/v/Dev/Github/Cerberus/Control/cerberus_ws/install/odrive_hardware_interface/share/odrive_hardware_interface/cmake/odrive_hardware_interfaceConfig-version.cmake
[6.753s] -- Installing: /home/v/Dev/Github/Cerberus/Control/cerberus_ws/install/odrive_hardware_interface/share/odrive_hardware_interface/package.xml
[6.755s] Invoked command in '/home/v/Dev/Github/Cerberus/Control/cerberus_ws/build/odrive_hardware_interface' returned '0': CMAKE_PREFIX_PATH=${CMAKE_PREFIX_PATH}:/home/v/Dev/Github/Cerberus/Control/cerberus_ws/install/cerberus_leg_loop:/opt/ros/humble /usr/bin/cmake --install /home/v/Dev/Github/Cerberus/Control/cerberus_ws/build/odrive_hardware_interface
