[0.021s] Invoking command in '/home/v/Dev/Github/Cerberus/Control/cerberus_ws/build/cerberus_description': CMAKE_PREFIX_PATH=${CMAKE_PREFIX_PATH}:/opt/ros/humble /usr/bin/cmake --build /home/v/Dev/Github/Cerberus/Control/cerberus_ws/build/cerberus_description -- -j12 -l12
[0.040s] Invoked command in '/home/v/Dev/Github/Cerberus/Control/cerberus_ws/build/cerberus_description' returned '0': CMAKE_PREFIX_PATH=${CMAKE_PREFIX_PATH}:/opt/ros/humble /usr/bin/cmake --build /home/v/Dev/Github/Cerberus/Control/cerberus_ws/build/cerberus_description -- -j12 -l12
[0.046s] Invoking command in '/home/v/Dev/Github/Cerberus/Control/cerberus_ws/build/cerberus_description': CMAKE_PREFIX_PATH=${CMAKE_PREFIX_PATH}:/opt/ros/humble /usr/bin/cmake --install /home/v/Dev/Github/Cerberus/Control/cerberus_ws/build/cerberus_description
[0.049s] -- Install configuration: ""
[0.050s] -- Execute custom install script
[0.050s] -- Up-to-date symlink: /home/v/Dev/Github/Cerberus/Control/cerberus_ws/install/cerberus_description/share/cerberus_description/urdf/cerberus_odrive.urdf.xacro
[0.050s] -- Up-to-date symlink: /home/v/Dev/Github/Cerberus/Control/cerberus_ws/install/cerberus_description/share/cerberus_description/urdf/cerberus_single_leg.urdf.xacro
[0.051s] -- Up-to-date symlink: /home/v/Dev/Github/Cerberus/Control/cerberus_ws/install/cerberus_description/share/cerberus_description/urdf/cerberus_two_odrive.urdf.xacro
[0.051s] -- Up-to-date symlink: /home/v/Dev/Github/Cerberus/Control/cerberus_ws/install/cerberus_description/share/cerberus_description/urdf/cerbiboi.urdf.xacro
[0.051s] -- Up-to-date symlink: /home/v/Dev/Github/Cerberus/Control/cerberus_ws/install/cerberus_description/share/cerberus_description/urdf/leg_macro.xacro
[0.051s] -- Up-to-date symlink: /home/v/Dev/Github/Cerberus/Control/cerberus_ws/install/cerberus_description/share/cerberus_description/urdf/odrive.ros2_control.xacro
[0.051s] -- Up-to-date symlink: /home/v/Dev/Github/Cerberus/Control/cerberus_ws/install/cerberus_description/share/ament_index/resource_index/package_run_dependencies/cerberus_description
[0.052s] -- Up-to-date symlink: /home/v/Dev/Github/Cerberus/Control/cerberus_ws/install/cerberus_description/share/ament_index/resource_index/parent_prefix_path/cerberus_description
[0.052s] -- Up-to-date symlink: /home/v/Dev/Github/Cerberus/Control/cerberus_ws/install/cerberus_description/share/cerberus_description/environment/ament_prefix_path.sh
[0.052s] -- Up-to-date symlink: /home/v/Dev/Github/Cerberus/Control/cerberus_ws/install/cerberus_description/share/cerberus_description/environment/ament_prefix_path.dsv
[0.052s] -- Up-to-date symlink: /home/v/Dev/Github/Cerberus/Control/cerberus_ws/install/cerberus_description/share/cerberus_description/environment/path.sh
[0.052s] -- Up-to-date symlink: /home/v/Dev/Github/Cerberus/Control/cerberus_ws/install/cerberus_description/share/cerberus_description/environment/path.dsv
[0.053s] -- Up-to-date symlink: /home/v/Dev/Github/Cerberus/Control/cerberus_ws/install/cerberus_description/share/cerberus_description/local_setup.bash
[0.053s] -- Up-to-date symlink: /home/v/Dev/Github/Cerberus/Control/cerberus_ws/install/cerberus_description/share/cerberus_description/local_setup.sh
[0.053s] -- Up-to-date symlink: /home/v/Dev/Github/Cerberus/Control/cerberus_ws/install/cerberus_description/share/cerberus_description/local_setup.zsh
[0.053s] -- Up-to-date symlink: /home/v/Dev/Github/Cerberus/Control/cerberus_ws/install/cerberus_description/share/cerberus_description/local_setup.dsv
[0.053s] -- Symlinking: /home/v/Dev/Github/Cerberus/Control/cerberus_ws/install/cerberus_description/share/cerberus_description/package.dsv
[0.058s] -- Up-to-date symlink: /home/v/Dev/Github/Cerberus/Control/cerberus_ws/install/cerberus_description/share/ament_index/resource_index/packages/cerberus_description
[0.058s] -- Up-to-date symlink: /home/v/Dev/Github/Cerberus/Control/cerberus_ws/install/cerberus_description/share/cerberus_description/cmake/cerberus_descriptionConfig.cmake
[0.058s] -- Up-to-date symlink: /home/v/Dev/Github/Cerberus/Control/cerberus_ws/install/cerberus_description/share/cerberus_description/cmake/cerberus_descriptionConfig-version.cmake
[0.058s] -- Up-to-date symlink: /home/v/Dev/Github/Cerberus/Control/cerberus_ws/install/cerberus_description/share/cerberus_description/package.xml
[0.060s] Invoked command in '/home/v/Dev/Github/Cerberus/Control/cerberus_ws/build/cerberus_description' returned '0': CMAKE_PREFIX_PATH=${CMAKE_PREFIX_PATH}:/opt/ros/humble /usr/bin/cmake --install /home/v/Dev/Github/Cerberus/Control/cerberus_ws/build/cerberus_description
