[0.016s] Invoking command in '/home/v/Dev/Github/Cerberus/Control/cerberus_ws/build/odrive_hardware_interface': CMAKE_PREFIX_PATH=/opt/ros/humble /usr/bin/cmake /home/v/Dev/Github/Cerberus/Control/cerberus_ws/src/cerberus_final/odrive_hardware_interface -DCMAKE_INSTALL_PREFIX=/home/v/Dev/Github/Cerberus/Control/cerberus_ws/install/odrive_hardware_interface
[0.025s] -- Found ament_cmake_auto: 1.3.11 (/opt/ros/humble/share/ament_cmake_auto/cmake)
[0.121s] -- Override CMake install command with custom implementation using symlinks instead of copying resources
[0.240s] -- Found rosidl_generator_c: 3.1.6 (/opt/ros/humble/share/rosidl_generator_c/cmake)
[0.243s] -- Found rosidl_adapter: 3.1.6 (/opt/ros/humble/share/rosidl_adapter/cmake)
[0.251s] -- Found rosidl_generator_cpp: 3.1.6 (/opt/ros/humble/share/rosidl_generator_cpp/cmake)
[0.264s] -- Using all available rosidl_typesupport_c: rosidl_typesupport_fastrtps_c;rosidl_typesupport_introspection_c
[0.280s] -- Using all available rosidl_typesupport_cpp: rosidl_typesupport_fastrtps_cpp;rosidl_typesupport_introspection_cpp
[0.444s] -- Found rmw_implementation_cmake: 6.1.2 (/opt/ros/humble/share/rmw_implementation_cmake/cmake)
[0.445s] -- Found rmw_fastrtps_cpp: 6.2.7 (/opt/ros/humble/share/rmw_fastrtps_cpp/cmake)
[0.464s] -- Found TinyXML2 via Config file: TinyXML2_DIR-NOTFOUND
[0.472s] -- Found TinyXML2 via Config file: TinyXML2_DIR-NOTFOUND
[0.486s] -- Found TinyXML2 via Config file: TinyXML2_DIR-NOTFOUND
[0.492s] -- Found TinyXML2 via Config file: TinyXML2_DIR-NOTFOUND
[0.501s] -- Using RMW implementation 'rmw_fastrtps_cpp' as default
[0.549s] -- Found ament_lint_auto: 0.12.11 (/opt/ros/humble/share/ament_lint_auto/cmake)
[0.559s] -- Added test 'copyright' to check source files copyright and LICENSE
[0.560s] -- Added test 'cppcheck' to perform static code analysis on C / C++ code
[0.560s] -- Configured cppcheck include dirs: /home/v/Dev/Github/Cerberus/Control/cerberus_ws/src/cerberus_final/odrive_hardware_interface/include
[0.560s] -- Configured cppcheck exclude dirs and/or files: 
[0.561s] -- Added test 'cpplint' to check C / C++ code against the Google style
[0.561s] -- Configured cpplint exclude dirs and/or files: 
[0.562s] -- Added test 'lint_cmake' to check CMake code style
[0.563s] -- Added test 'uncrustify' to check C / C++ code style
[0.563s] -- Configured uncrustify additional arguments: 
[0.563s] -- Added test 'xmllint' to check XML markup files
[0.566s] -- Configuring done
[0.619s] -- Generating done
[0.625s] -- Build files have been written to: /home/v/Dev/Github/Cerberus/Control/cerberus_ws/build/odrive_hardware_interface
[0.632s] Invoked command in '/home/v/Dev/Github/Cerberus/Control/cerberus_ws/build/odrive_hardware_interface' returned '0': CMAKE_PREFIX_PATH=/opt/ros/humble /usr/bin/cmake /home/v/Dev/Github/Cerberus/Control/cerberus_ws/src/cerberus_final/odrive_hardware_interface -DCMAKE_INSTALL_PREFIX=/home/v/Dev/Github/Cerberus/Control/cerberus_ws/install/odrive_hardware_interface
[0.633s] Invoking command in '/home/v/Dev/Github/Cerberus/Control/cerberus_ws/build/odrive_hardware_interface': CMAKE_PREFIX_PATH=/opt/ros/humble /usr/bin/cmake --build /home/v/Dev/Github/Cerberus/Control/cerberus_ws/build/odrive_hardware_interface -- -j12 -l12
[0.664s] [ 50%] Built target odrive_usb
[0.681s] [100%] Built target odrive_hardware_interface
[0.686s] Invoked command in '/home/v/Dev/Github/Cerberus/Control/cerberus_ws/build/odrive_hardware_interface' returned '0': CMAKE_PREFIX_PATH=/opt/ros/humble /usr/bin/cmake --build /home/v/Dev/Github/Cerberus/Control/cerberus_ws/build/odrive_hardware_interface -- -j12 -l12
[0.687s] Invoking command in '/home/v/Dev/Github/Cerberus/Control/cerberus_ws/build/odrive_hardware_interface': CMAKE_PREFIX_PATH=/opt/ros/humble /usr/bin/cmake --install /home/v/Dev/Github/Cerberus/Control/cerberus_ws/build/odrive_hardware_interface
[0.689s] -- Install configuration: ""
[0.689s] -- Execute custom install script
[0.690s] -- Up-to-date symlink: /home/v/Dev/Github/Cerberus/Control/cerberus_ws/install/odrive_hardware_interface/share/odrive_hardware_interface//odrive_hardware_interface.xml
[0.690s] -- Up-to-date symlink: /home/v/Dev/Github/Cerberus/Control/cerberus_ws/install/odrive_hardware_interface/include/odrive_hardware_interface/odrive_endpoints.hpp
[0.690s] -- Up-to-date symlink: /home/v/Dev/Github/Cerberus/Control/cerberus_ws/install/odrive_hardware_interface/include/odrive_hardware_interface/odrive_hardware_interface.hpp
[0.690s] -- Up-to-date symlink: /home/v/Dev/Github/Cerberus/Control/cerberus_ws/install/odrive_hardware_interface/include/odrive_hardware_interface/odrive_usb.hpp
[0.690s] -- Up-to-date symlink: /home/v/Dev/Github/Cerberus/Control/cerberus_ws/install/odrive_hardware_interface/include/odrive_hardware_interface/visibility_control.hpp
[0.690s] -- Up-to-date symlink: /home/v/Dev/Github/Cerberus/Control/cerberus_ws/install/odrive_hardware_interface/share/odrive_hardware_interface/environment/library_path.sh
[0.690s] -- Up-to-date symlink: /home/v/Dev/Github/Cerberus/Control/cerberus_ws/install/odrive_hardware_interface/share/odrive_hardware_interface/environment/library_path.dsv
[0.691s] -- Up-to-date symlink: /home/v/Dev/Github/Cerberus/Control/cerberus_ws/install/odrive_hardware_interface/lib/libodrive_usb.so
[0.691s] -- Up-to-date symlink: /home/v/Dev/Github/Cerberus/Control/cerberus_ws/install/odrive_hardware_interface/lib/libodrive_hardware_interface.so
[0.691s] -- Up-to-date symlink: /home/v/Dev/Github/Cerberus/Control/cerberus_ws/install/odrive_hardware_interface/share/ament_index/resource_index/package_run_dependencies/odrive_hardware_interface
[0.691s] -- Up-to-date symlink: /home/v/Dev/Github/Cerberus/Control/cerberus_ws/install/odrive_hardware_interface/share/ament_index/resource_index/parent_prefix_path/odrive_hardware_interface
[0.691s] -- Up-to-date symlink: /home/v/Dev/Github/Cerberus/Control/cerberus_ws/install/odrive_hardware_interface/share/odrive_hardware_interface/environment/ament_prefix_path.sh
[0.691s] -- Up-to-date symlink: /home/v/Dev/Github/Cerberus/Control/cerberus_ws/install/odrive_hardware_interface/share/odrive_hardware_interface/environment/ament_prefix_path.dsv
[0.691s] -- Up-to-date symlink: /home/v/Dev/Github/Cerberus/Control/cerberus_ws/install/odrive_hardware_interface/share/odrive_hardware_interface/environment/path.sh
[0.692s] -- Up-to-date symlink: /home/v/Dev/Github/Cerberus/Control/cerberus_ws/install/odrive_hardware_interface/share/odrive_hardware_interface/environment/path.dsv
[0.692s] -- Up-to-date symlink: /home/v/Dev/Github/Cerberus/Control/cerberus_ws/install/odrive_hardware_interface/share/odrive_hardware_interface/local_setup.bash
[0.692s] -- Up-to-date symlink: /home/v/Dev/Github/Cerberus/Control/cerberus_ws/install/odrive_hardware_interface/share/odrive_hardware_interface/local_setup.sh
[0.692s] -- Up-to-date symlink: /home/v/Dev/Github/Cerberus/Control/cerberus_ws/install/odrive_hardware_interface/share/odrive_hardware_interface/local_setup.zsh
[0.692s] -- Up-to-date symlink: /home/v/Dev/Github/Cerberus/Control/cerberus_ws/install/odrive_hardware_interface/share/odrive_hardware_interface/local_setup.dsv
[0.692s] -- Symlinking: /home/v/Dev/Github/Cerberus/Control/cerberus_ws/install/odrive_hardware_interface/share/odrive_hardware_interface/package.dsv
[0.695s] -- Up-to-date symlink: /home/v/Dev/Github/Cerberus/Control/cerberus_ws/install/odrive_hardware_interface/share/ament_index/resource_index/packages/odrive_hardware_interface
[0.695s] -- Up-to-date symlink: /home/v/Dev/Github/Cerberus/Control/cerberus_ws/install/odrive_hardware_interface/share/ament_index/resource_index/hardware_interface__pluginlib__plugin/odrive_hardware_interface
[0.695s] -- Up-to-date symlink: /home/v/Dev/Github/Cerberus/Control/cerberus_ws/install/odrive_hardware_interface/share/odrive_hardware_interface/cmake/ament_cmake_export_dependencies-extras.cmake
[0.695s] -- Up-to-date symlink: /home/v/Dev/Github/Cerberus/Control/cerberus_ws/install/odrive_hardware_interface/share/odrive_hardware_interface/cmake/ament_cmake_export_include_directories-extras.cmake
[0.696s] -- Up-to-date symlink: /home/v/Dev/Github/Cerberus/Control/cerberus_ws/install/odrive_hardware_interface/share/odrive_hardware_interface/cmake/ament_cmake_export_libraries-extras.cmake
[0.696s] -- Up-to-date symlink: /home/v/Dev/Github/Cerberus/Control/cerberus_ws/install/odrive_hardware_interface/share/odrive_hardware_interface/cmake/odrive_hardware_interfaceConfig.cmake
[0.696s] -- Up-to-date symlink: /home/v/Dev/Github/Cerberus/Control/cerberus_ws/install/odrive_hardware_interface/share/odrive_hardware_interface/cmake/odrive_hardware_interfaceConfig-version.cmake
[0.696s] -- Up-to-date symlink: /home/v/Dev/Github/Cerberus/Control/cerberus_ws/install/odrive_hardware_interface/share/odrive_hardware_interface/package.xml
[0.698s] Invoked command in '/home/v/Dev/Github/Cerberus/Control/cerberus_ws/build/odrive_hardware_interface' returned '0': CMAKE_PREFIX_PATH=/opt/ros/humble /usr/bin/cmake --install /home/v/Dev/Github/Cerberus/Control/cerberus_ws/build/odrive_hardware_interface
