[0.010s] Invoking command in '/home/v/cerberus_ws/build/odrive_hardware_interface': CMAKE_PREFIX_PATH=${CMAKE_PREFIX_PATH}:/opt/ros/humble /usr/bin/cmake --build /home/v/cerberus_ws/build/odrive_hardware_interface -- -j12 -l12
[0.041s] [ 50%] Built target odrive_usb
[0.058s] [100%] Built target odrive_hardware_interface
[0.063s] Invoked command in '/home/v/cerberus_ws/build/odrive_hardware_interface' returned '0': CMAKE_PREFIX_PATH=${CMAKE_PREFIX_PATH}:/opt/ros/humble /usr/bin/cmake --build /home/v/cerberus_ws/build/odrive_hardware_interface -- -j12 -l12
[0.064s] Invoking command in '/home/v/cerberus_ws/build/odrive_hardware_interface': CMAKE_PREFIX_PATH=${CMAKE_PREFIX_PATH}:/opt/ros/humble /usr/bin/cmake --install /home/v/cerberus_ws/build/odrive_hardware_interface
[0.067s] -- Install configuration: ""
[0.067s] -- Up-to-date: /home/v/cerberus_ws/install/odrive_hardware_interface/share/odrive_hardware_interface/odrive_hardware_interface.xml
[0.067s] -- Up-to-date: /home/v/cerberus_ws/install/odrive_hardware_interface/include
[0.067s] -- Up-to-date: /home/v/cerberus_ws/install/odrive_hardware_interface/include/odrive_hardware_interface
[0.067s] -- Up-to-date: /home/v/cerberus_ws/install/odrive_hardware_interface/include/odrive_hardware_interface/visibility_control.hpp
[0.067s] -- Up-to-date: /home/v/cerberus_ws/install/odrive_hardware_interface/include/odrive_hardware_interface/odrive_hardware_interface.hpp
[0.067s] -- Up-to-date: /home/v/cerberus_ws/install/odrive_hardware_interface/include/odrive_hardware_interface/odrive_endpoints.hpp
[0.067s] -- Up-to-date: /home/v/cerberus_ws/install/odrive_hardware_interface/include/odrive_hardware_interface/odrive_usb.hpp
[0.067s] -- Up-to-date: /home/v/cerberus_ws/install/odrive_hardware_interface/share/odrive_hardware_interface/environment/library_path.sh
[0.067s] -- Up-to-date: /home/v/cerberus_ws/install/odrive_hardware_interface/share/odrive_hardware_interface/environment/library_path.dsv
[0.068s] -- Up-to-date: /home/v/cerberus_ws/install/odrive_hardware_interface/lib/libodrive_usb.so
[0.068s] -- Up-to-date: /home/v/cerberus_ws/install/odrive_hardware_interface/lib/libodrive_hardware_interface.so
[0.068s] -- Up-to-date: /home/v/cerberus_ws/install/odrive_hardware_interface/share/ament_index/resource_index/package_run_dependencies/odrive_hardware_interface
[0.068s] -- Up-to-date: /home/v/cerberus_ws/install/odrive_hardware_interface/share/ament_index/resource_index/parent_prefix_path/odrive_hardware_interface
[0.068s] -- Up-to-date: /home/v/cerberus_ws/install/odrive_hardware_interface/share/odrive_hardware_interface/environment/ament_prefix_path.sh
[0.068s] -- Up-to-date: /home/v/cerberus_ws/install/odrive_hardware_interface/share/odrive_hardware_interface/environment/ament_prefix_path.dsv
[0.068s] -- Up-to-date: /home/v/cerberus_ws/install/odrive_hardware_interface/share/odrive_hardware_interface/environment/path.sh
[0.068s] -- Up-to-date: /home/v/cerberus_ws/install/odrive_hardware_interface/share/odrive_hardware_interface/environment/path.dsv
[0.068s] -- Up-to-date: /home/v/cerberus_ws/install/odrive_hardware_interface/share/odrive_hardware_interface/local_setup.bash
[0.068s] -- Up-to-date: /home/v/cerberus_ws/install/odrive_hardware_interface/share/odrive_hardware_interface/local_setup.sh
[0.068s] -- Up-to-date: /home/v/cerberus_ws/install/odrive_hardware_interface/share/odrive_hardware_interface/local_setup.zsh
[0.068s] -- Up-to-date: /home/v/cerberus_ws/install/odrive_hardware_interface/share/odrive_hardware_interface/local_setup.dsv
[0.069s] -- Installing: /home/v/cerberus_ws/install/odrive_hardware_interface/share/odrive_hardware_interface/package.dsv
[0.069s] -- Up-to-date: /home/v/cerberus_ws/install/odrive_hardware_interface/share/ament_index/resource_index/packages/odrive_hardware_interface
[0.069s] -- Up-to-date: /home/v/cerberus_ws/install/odrive_hardware_interface/share/ament_index/resource_index/hardware_interface__pluginlib__plugin/odrive_hardware_interface
[0.069s] -- Up-to-date: /home/v/cerberus_ws/install/odrive_hardware_interface/share/odrive_hardware_interface/cmake/ament_cmake_export_dependencies-extras.cmake
[0.069s] -- Up-to-date: /home/v/cerberus_ws/install/odrive_hardware_interface/share/odrive_hardware_interface/cmake/ament_cmake_export_include_directories-extras.cmake
[0.069s] -- Up-to-date: /home/v/cerberus_ws/install/odrive_hardware_interface/share/odrive_hardware_interface/cmake/ament_cmake_export_libraries-extras.cmake
[0.069s] -- Up-to-date: /home/v/cerberus_ws/install/odrive_hardware_interface/share/odrive_hardware_interface/cmake/odrive_hardware_interfaceConfig.cmake
[0.069s] -- Up-to-date: /home/v/cerberus_ws/install/odrive_hardware_interface/share/odrive_hardware_interface/cmake/odrive_hardware_interfaceConfig-version.cmake
[0.069s] -- Up-to-date: /home/v/cerberus_ws/install/odrive_hardware_interface/share/odrive_hardware_interface/package.xml
[0.070s] Invoked command in '/home/v/cerberus_ws/build/odrive_hardware_interface' returned '0': CMAKE_PREFIX_PATH=${CMAKE_PREFIX_PATH}:/opt/ros/humble /usr/bin/cmake --install /home/v/cerberus_ws/build/odrive_hardware_interface
