[0.509s] Invoking command in '/home/v/Dev/Github/Cerberus/Control/cerberus_ws/src/cerberus_leg_loop': PYTHONPATH=/home/v/Dev/Github/Cerberus/Control/cerberus_ws/build/cerberus_leg_loop/prefix_override:/usr/lib/python3/dist-packages/colcon_core/task/python/colcon_distutils_commands:/home/v/Dev/Github/Cerberus/Control/cerberus_ws/install/cerberus_leg_loop/lib/python3.10/site-packages:${PYTHONPATH} /usr/bin/python3 -W ignore:setup.py install is deprecated -W ignore:easy_install command is deprecated setup.py egg_info --egg-base ../../build/cerberus_leg_loop build --build-base /home/v/Dev/Github/Cerberus/Control/cerberus_ws/build/cerberus_leg_loop/build install --record /home/v/Dev/Github/Cerberus/Control/cerberus_ws/build/cerberus_leg_loop/install.log --single-version-externally-managed install_data
[0.689s] running egg_info
[0.690s] writing ../../build/cerberus_leg_loop/cerberus_leg_loop.egg-info/PKG-INFO
[0.690s] writing dependency_links to ../../build/cerberus_leg_loop/cerberus_leg_loop.egg-info/dependency_links.txt
[0.690s] writing entry points to ../../build/cerberus_leg_loop/cerberus_leg_loop.egg-info/entry_points.txt
[0.690s] writing requirements to ../../build/cerberus_leg_loop/cerberus_leg_loop.egg-info/requires.txt
[0.690s] writing top-level names to ../../build/cerberus_leg_loop/cerberus_leg_loop.egg-info/top_level.txt
[0.692s] reading manifest file '../../build/cerberus_leg_loop/cerberus_leg_loop.egg-info/SOURCES.txt'
[0.692s] writing manifest file '../../build/cerberus_leg_loop/cerberus_leg_loop.egg-info/SOURCES.txt'
[0.692s] running build
[0.692s] running build_py
[0.693s] running install
[0.693s] running install_lib
[0.694s] running install_data
[0.694s] running install_egg_info
[0.695s] removing '/home/v/Dev/Github/Cerberus/Control/cerberus_ws/install/cerberus_leg_loop/lib/python3.10/site-packages/cerberus_leg_loop-0.0.0-py3.10.egg-info' (and everything under it)
[0.695s] Copying ../../build/cerberus_leg_loop/cerberus_leg_loop.egg-info to /home/v/Dev/Github/Cerberus/Control/cerberus_ws/install/cerberus_leg_loop/lib/python3.10/site-packages/cerberus_leg_loop-0.0.0-py3.10.egg-info
[0.696s] running install_scripts
[0.711s] Installing RepeatingTrajectoryNode script to /home/v/Dev/Github/Cerberus/Control/cerberus_ws/install/cerberus_leg_loop/lib/cerberus_leg_loop
[0.711s] writing list of installed files to '/home/v/Dev/Github/Cerberus/Control/cerberus_ws/build/cerberus_leg_loop/install.log'
[0.731s] Invoked command in '/home/v/Dev/Github/Cerberus/Control/cerberus_ws/src/cerberus_leg_loop' returned '0': PYTHONPATH=/home/v/Dev/Github/Cerberus/Control/cerberus_ws/build/cerberus_leg_loop/prefix_override:/usr/lib/python3/dist-packages/colcon_core/task/python/colcon_distutils_commands:/home/v/Dev/Github/Cerberus/Control/cerberus_ws/install/cerberus_leg_loop/lib/python3.10/site-packages:${PYTHONPATH} /usr/bin/python3 -W ignore:setup.py install is deprecated -W ignore:easy_install command is deprecated setup.py egg_info --egg-base ../../build/cerberus_leg_loop build --build-base /home/v/Dev/Github/Cerberus/Control/cerberus_ws/build/cerberus_leg_loop/build install --record /home/v/Dev/Github/Cerberus/Control/cerberus_ws/build/cerberus_leg_loop/install.log --single-version-externally-managed install_data
