[0.012s] Invoking command in '/home/v/Dev/Github/Cerberus/Control/cerberus_ws/build/cerberus_bringup': CMAKE_PREFIX_PATH=/home/v/Dev/Github/Cerberus/Control/cerberus_ws/install/cerberus_description:/home/v/Dev/Github/Cerberus/Control/cerberus_ws/install/odrive_hardware_interface:/home/v/Dev/Github/Cerberus/Control/cerberus_ws/install/cerberus_gazebo:/home/v/Dev/Github/Cerberus/Control/cerberus_ws/install/cerberus_bringup:/opt/ros/humble /usr/bin/cmake --build /home/v/Dev/Github/Cerberus/Control/cerberus_ws/build/cerberus_bringup -- -j12 -l12
[0.043s] Invoked command in '/home/v/Dev/Github/Cerberus/Control/cerberus_ws/build/cerberus_bringup' returned '0': CMAKE_PREFIX_PATH=/home/v/Dev/Github/Cerberus/Control/cerberus_ws/install/cerberus_description:/home/v/Dev/Github/Cerberus/Control/cerberus_ws/install/odrive_hardware_interface:/home/v/Dev/Github/Cerberus/Control/cerberus_ws/install/cerberus_gazebo:/home/v/Dev/Github/Cerberus/Control/cerberus_ws/install/cerberus_bringup:/opt/ros/humble /usr/bin/cmake --build /home/v/Dev/Github/Cerberus/Control/cerberus_ws/build/cerberus_bringup -- -j12 -l12
[0.044s] Invoking command in '/home/v/Dev/Github/Cerberus/Control/cerberus_ws/build/cerberus_bringup': CMAKE_PREFIX_PATH=/home/v/Dev/Github/Cerberus/Control/cerberus_ws/install/cerberus_description:/home/v/Dev/Github/Cerberus/Control/cerberus_ws/install/odrive_hardware_interface:/home/v/Dev/Github/Cerberus/Control/cerberus_ws/install/cerberus_gazebo:/home/v/Dev/Github/Cerberus/Control/cerberus_ws/install/cerberus_bringup:/opt/ros/humble /usr/bin/cmake --install /home/v/Dev/Github/Cerberus/Control/cerberus_ws/build/cerberus_bringup
[0.047s] -- Install configuration: ""
[0.047s] -- Up-to-date: /home/v/Dev/Github/Cerberus/Control/cerberus_ws/install/cerberus_bringup/share/cerberus_bringup/config
[0.047s] -- Up-to-date: /home/v/Dev/Github/Cerberus/Control/cerberus_ws/install/cerberus_bringup/share/cerberus_bringup/config/cerberus.yaml
[0.047s] -- Up-to-date: /home/v/Dev/Github/Cerberus/Control/cerberus_ws/install/cerberus_bringup/share/cerberus_bringup/config/cerberus_twin.yaml
[0.047s] -- Up-to-date: /home/v/Dev/Github/Cerberus/Control/cerberus_ws/install/cerberus_bringup/share/cerberus_bringup/config/cerberus_msg.yaml
[0.048s] -- Up-to-date: /home/v/Dev/Github/Cerberus/Control/cerberus_ws/install/cerberus_bringup/share/cerberus_bringup/config/cerberus.rviz
[0.048s] -- Up-to-date: /home/v/Dev/Github/Cerberus/Control/cerberus_ws/install/cerberus_bringup/share/cerberus_bringup/launch
[0.048s] -- Up-to-date: /home/v/Dev/Github/Cerberus/Control/cerberus_ws/install/cerberus_bringup/share/cerberus_bringup/launch/cerberus_two_trajectory.launch.py
[0.048s] -- Up-to-date: /home/v/Dev/Github/Cerberus/Control/cerberus_ws/install/cerberus_bringup/share/cerberus_bringup/launch/cerberus_odrive.launch.py
[0.048s] -- Up-to-date: /home/v/Dev/Github/Cerberus/Control/cerberus_ws/install/cerberus_bringup/share/cerberus_bringup/launch/cerberus_sim.launch.py
[0.048s] -- Up-to-date: /home/v/Dev/Github/Cerberus/Control/cerberus_ws/install/cerberus_bringup/share/cerberus_bringup/launch/visualize_odrive.launch.py
[0.048s] -- Up-to-date: /home/v/Dev/Github/Cerberus/Control/cerberus_ws/install/cerberus_bringup/share/ament_index/resource_index/package_run_dependencies/cerberus_bringup
[0.048s] -- Up-to-date: /home/v/Dev/Github/Cerberus/Control/cerberus_ws/install/cerberus_bringup/share/ament_index/resource_index/parent_prefix_path/cerberus_bringup
[0.048s] -- Up-to-date: /home/v/Dev/Github/Cerberus/Control/cerberus_ws/install/cerberus_bringup/share/cerberus_bringup/environment/ament_prefix_path.sh
[0.048s] -- Up-to-date: /home/v/Dev/Github/Cerberus/Control/cerberus_ws/install/cerberus_bringup/share/cerberus_bringup/environment/ament_prefix_path.dsv
[0.048s] -- Up-to-date: /home/v/Dev/Github/Cerberus/Control/cerberus_ws/install/cerberus_bringup/share/cerberus_bringup/environment/path.sh
[0.048s] -- Up-to-date: /home/v/Dev/Github/Cerberus/Control/cerberus_ws/install/cerberus_bringup/share/cerberus_bringup/environment/path.dsv
[0.048s] -- Up-to-date: /home/v/Dev/Github/Cerberus/Control/cerberus_ws/install/cerberus_bringup/share/cerberus_bringup/local_setup.bash
[0.048s] -- Up-to-date: /home/v/Dev/Github/Cerberus/Control/cerberus_ws/install/cerberus_bringup/share/cerberus_bringup/local_setup.sh
[0.049s] -- Up-to-date: /home/v/Dev/Github/Cerberus/Control/cerberus_ws/install/cerberus_bringup/share/cerberus_bringup/local_setup.zsh
[0.049s] -- Up-to-date: /home/v/Dev/Github/Cerberus/Control/cerberus_ws/install/cerberus_bringup/share/cerberus_bringup/local_setup.dsv
[0.049s] -- Installing: /home/v/Dev/Github/Cerberus/Control/cerberus_ws/install/cerberus_bringup/share/cerberus_bringup/package.dsv
[0.049s] -- Up-to-date: /home/v/Dev/Github/Cerberus/Control/cerberus_ws/install/cerberus_bringup/share/ament_index/resource_index/packages/cerberus_bringup
[0.049s] -- Up-to-date: /home/v/Dev/Github/Cerberus/Control/cerberus_ws/install/cerberus_bringup/share/cerberus_bringup/cmake/cerberus_bringupConfig.cmake
[0.049s] -- Up-to-date: /home/v/Dev/Github/Cerberus/Control/cerberus_ws/install/cerberus_bringup/share/cerberus_bringup/cmake/cerberus_bringupConfig-version.cmake
[0.049s] -- Up-to-date: /home/v/Dev/Github/Cerberus/Control/cerberus_ws/install/cerberus_bringup/share/cerberus_bringup/package.xml
[0.050s] Invoked command in '/home/v/Dev/Github/Cerberus/Control/cerberus_ws/build/cerberus_bringup' returned '0': CMAKE_PREFIX_PATH=/home/v/Dev/Github/Cerberus/Control/cerberus_ws/install/cerberus_description:/home/v/Dev/Github/Cerberus/Control/cerberus_ws/install/odrive_hardware_interface:/home/v/Dev/Github/Cerberus/Control/cerberus_ws/install/cerberus_gazebo:/home/v/Dev/Github/Cerberus/Control/cerberus_ws/install/cerberus_bringup:/opt/ros/humble /usr/bin/cmake --install /home/v/Dev/Github/Cerberus/Control/cerberus_ws/build/cerberus_bringup
