[0.014s] Invoking command in '/home/v/cerberus_ws/build/cerberus_description': CMAKE_PREFIX_PATH=/opt/ros/humble /usr/bin/cmake /home/v/cerberus_ws/src/cerberus_final/cerberus_description -DCMAKE_INSTALL_PREFIX=/home/v/cerberus_ws/install/cerberus_description
[0.067s] -- The C compiler identification is GNU 11.4.0
[0.129s] -- The CXX compiler identification is GNU 11.4.0
[0.139s] -- Detecting C compiler ABI info
[0.200s] -- Detecting C compiler ABI info - done
[0.207s] -- Check for working C compiler: /usr/bin/cc - skipped
[0.208s] -- Detecting C compile features
[0.208s] -- Detecting C compile features - done
[0.211s] -- Detecting CXX compiler ABI info
[0.286s] -- Detecting CXX compiler ABI info - done
[0.295s] -- Check for working CXX compiler: /usr/bin/c++ - skipped
[0.295s] -- Detecting CXX compile features
[0.296s] -- Detecting CXX compile features - done
[0.298s] -- Found ament_cmake_auto: 1.3.11 (/opt/ros/humble/share/ament_cmake_auto/cmake)
[0.423s] -- Found Python3: /usr/bin/python3 (found version "3.10.12") found components: Interpreter 
[0.585s] -- Configuring done
[0.589s] -- Generating done
[0.590s] -- Build files have been written to: /home/v/cerberus_ws/build/cerberus_description
[0.594s] Invoked command in '/home/v/cerberus_ws/build/cerberus_description' returned '0': CMAKE_PREFIX_PATH=/opt/ros/humble /usr/bin/cmake /home/v/cerberus_ws/src/cerberus_final/cerberus_description -DCMAKE_INSTALL_PREFIX=/home/v/cerberus_ws/install/cerberus_description
[0.595s] Invoking command in '/home/v/cerberus_ws/build/cerberus_description': CMAKE_PREFIX_PATH=/opt/ros/humble /usr/bin/cmake --build /home/v/cerberus_ws/build/cerberus_description -- -j12 -l12
[0.613s] Invoked command in '/home/v/cerberus_ws/build/cerberus_description' returned '0': CMAKE_PREFIX_PATH=/opt/ros/humble /usr/bin/cmake --build /home/v/cerberus_ws/build/cerberus_description -- -j12 -l12
[0.618s] Invoking command in '/home/v/cerberus_ws/build/cerberus_description': CMAKE_PREFIX_PATH=/opt/ros/humble /usr/bin/cmake --install /home/v/cerberus_ws/build/cerberus_description
[0.620s] -- Install configuration: ""
[0.620s] -- Installing: /home/v/cerberus_ws/install/cerberus_description/share/cerberus_description/urdf
[0.620s] -- Installing: /home/v/cerberus_ws/install/cerberus_description/share/cerberus_description/urdf/cerberus.urdf.xacro
[0.620s] -- Installing: /home/v/cerberus_ws/install/cerberus_description/share/cerberus_description/urdf/odrive.urdf.xacro
[0.620s] -- Installing: /home/v/cerberus_ws/install/cerberus_description/share/cerberus_description/urdf/odrive.ros2_control.xacro
[0.620s] -- Installing: /home/v/cerberus_ws/install/cerberus_description/share/ament_index/resource_index/package_run_dependencies/cerberus_description
[0.620s] -- Installing: /home/v/cerberus_ws/install/cerberus_description/share/ament_index/resource_index/parent_prefix_path/cerberus_description
[0.621s] -- Installing: /home/v/cerberus_ws/install/cerberus_description/share/cerberus_description/environment/ament_prefix_path.sh
[0.621s] -- Installing: /home/v/cerberus_ws/install/cerberus_description/share/cerberus_description/environment/ament_prefix_path.dsv
[0.621s] -- Installing: /home/v/cerberus_ws/install/cerberus_description/share/cerberus_description/environment/path.sh
[0.621s] -- Installing: /home/v/cerberus_ws/install/cerberus_description/share/cerberus_description/environment/path.dsv
[0.621s] -- Installing: /home/v/cerberus_ws/install/cerberus_description/share/cerberus_description/local_setup.bash
[0.622s] -- Installing: /home/v/cerberus_ws/install/cerberus_description/share/cerberus_description/local_setup.sh
[0.622s] -- Installing: /home/v/cerberus_ws/install/cerberus_description/share/cerberus_description/local_setup.zsh
[0.622s] -- Installing: /home/v/cerberus_ws/install/cerberus_description/share/cerberus_description/local_setup.dsv
[0.622s] -- Installing: /home/v/cerberus_ws/install/cerberus_description/share/cerberus_description/package.dsv
[0.622s] -- Installing: /home/v/cerberus_ws/install/cerberus_description/share/ament_index/resource_index/packages/cerberus_description
[0.622s] -- Installing: /home/v/cerberus_ws/install/cerberus_description/share/cerberus_description/cmake/cerberus_descriptionConfig.cmake
[0.622s] -- Installing: /home/v/cerberus_ws/install/cerberus_description/share/cerberus_description/cmake/cerberus_descriptionConfig-version.cmake
[0.623s] -- Installing: /home/v/cerberus_ws/install/cerberus_description/share/cerberus_description/package.xml
[0.624s] Invoked command in '/home/v/cerberus_ws/build/cerberus_description' returned '0': CMAKE_PREFIX_PATH=/opt/ros/humble /usr/bin/cmake --install /home/v/cerberus_ws/build/cerberus_description
