[0.009s] Invoking command in '/home/v/cerberus_ws/build/cerberus_gazebo': AMENT_PREFIX_PATH=/home/v/cerberus_ws/install/cerberus_description:${AMENT_PREFIX_PATH} CMAKE_PREFIX_PATH=/home/v/cerberus_ws/install/cerberus_description:/opt/ros/humble /usr/bin/cmake /home/v/cerberus_ws/src/cerberus_final/cerberus_gazebo -DCMAKE_INSTALL_PREFIX=/home/v/cerberus_ws/install/cerberus_gazebo
[0.018s] -- Found ament_cmake: 1.3.11 (/opt/ros/humble/share/ament_cmake/cmake)
[0.116s] -- Found cerberus_description: 0.1.0 (/home/v/cerberus_ws/install/cerberus_description/share/cerberus_description/cmake)
[0.121s] -- Looking for ignition-plugin1 -- found version 1.4.0
[0.121s] -- Searching for dependencies of ignition-plugin1
[0.122s] -- Searching for <ignition-plugin1> component [register]
[0.122s] -- Looking for ignition-plugin1-register -- found version 1.4.0
[0.122s] -- Searching for dependencies of ignition-plugin1-register
[0.123s] -- Looking for ignition-common4 -- found version 4.7.0
[0.124s] -- Searching for dependencies of ignition-common4
[0.124s] -- Looking for dlfcn.h - found
[0.124s] -- Looking for libdl - found
[0.131s] -- Checking for module 'uuid'
[0.145s] --   Found uuid, version 2.37.2
[0.175s] -- Searching for <ignition-common4> component [profiler]
[0.176s] -- Looking for ignition-common4-profiler -- found version 4.7.0
[0.176s] -- Searching for dependencies of ignition-common4-profiler
[0.177s] -- Looking for ignition-gazebo6 -- found version 6.16.0
[0.178s] -- Searching for dependencies of ignition-gazebo6
[0.178s] -- Looking for sdformat12 -- found version 12.7.2
[0.179s] -- Searching for dependencies of sdformat12
[0.184s] -- Checking for module 'tinyxml2'
[0.196s] --   Found tinyxml2, version 9.0.0
[0.227s] -- Looking for ignition-math6 -- found version 6.15.1
[0.227s] -- Searching for dependencies of ignition-math6
[0.228s] -- Looking for ignition-utils1 -- found version 1.5.1
[0.228s] -- Searching for dependencies of ignition-utils1
[0.230s] -- Looking for ignition-plugin1 -- found version 1.4.0
[0.230s] -- Searching for dependencies of ignition-plugin1
[0.230s] -- Searching for <ignition-plugin1> component [loader]
[0.231s] -- Looking for ignition-plugin1-loader -- found version 1.4.0
[0.231s] -- Searching for dependencies of ignition-plugin1-loader
[0.232s] -- Searching for <ignition-plugin1> component [register]
[0.232s] -- Looking for ignition-transport11 -- found version 11.4.1
[0.233s] -- Searching for dependencies of ignition-transport11
[0.275s] -- Config-file not installed for ZeroMQ -- checking for pkg-config
[0.280s] -- Checking for module 'libzmq >= 4'
[0.293s] --   Found libzmq , version 4.3.4
[0.351s] -- Looking for ignition-utils1 -- found version 1.5.1
[0.351s] -- Searching for dependencies of ignition-utils1
[0.351s] -- Searching for <ignition-utils1> component [cli]
[0.352s] -- Looking for ignition-utils1-cli -- found version 1.5.1
[0.352s] -- Searching for dependencies of ignition-utils1-cli
[0.353s] -- Looking for ignition-msgs8 -- found version 8.7.0
[0.353s] -- Searching for dependencies of ignition-msgs8
[0.378s] -- Found Protobuf: /usr/lib/x86_64-linux-gnu/libprotobuf.so (found suitable version "3.12.4", minimum required is "3") 
[0.379s] -- Looking for ignition-math6 -- found version 6.15.1
[0.388s] -- Searching for <ignition-transport11> component [log]
[0.388s] -- Looking for ignition-transport11-log -- found version 11.4.1
[0.389s] -- Searching for dependencies of ignition-transport11-log
[0.389s] -- Searching for <ignition-transport11> component [parameters]
[0.390s] -- Looking for ignition-transport11-parameters -- found version 11.4.1
[0.390s] -- Searching for dependencies of ignition-transport11-parameters
[0.391s] -- Looking for ignition-msgs8 -- found version 8.7.0
[0.392s] -- Looking for ignition-common4 -- found version 4.7.0
[0.392s] -- Searching for dependencies of ignition-common4
[0.392s] -- Looking for dlfcn.h - found
[0.392s] -- Looking for libdl - found
[0.402s] -- Searching for <ignition-common4> component [profiler]
[0.402s] -- Searching for <ignition-common4> component [events]
[0.403s] -- Looking for ignition-common4-events -- found version 4.7.0
[0.403s] -- Searching for dependencies of ignition-common4-events
[0.403s] -- Looking for ignition-math6 -- found version 6.15.1
[0.404s] -- Searching for <ignition-common4> component [av]
[0.404s] -- Looking for ignition-common4-av -- found version 4.7.0
[0.405s] -- Searching for dependencies of ignition-common4-av
[0.411s] -- Checking for module 'libswscale'
[0.427s] --   Found libswscale, version 5.9.100
[0.467s] -- Checking for module 'libavdevice >= 56.4.100'
[0.477s] --   Found libavdevice , version 58.13.100
[0.512s] -- Checking for module 'libavformat'
[0.522s] --   Found libavformat, version 58.76.100
[0.554s] -- Checking for module 'libavcodec'
[0.565s] --   Found libavcodec, version 58.134.100
[0.590s] -- Checking for module 'libavutil'
[0.600s] --   Found libavutil, version 56.70.100
[0.627s] -- Looking for ignition-fuel_tools7 -- found version 7.3.0
[0.627s] -- Searching for dependencies of ignition-fuel_tools7
[0.659s] -- Checking for module 'jsoncpp'
[0.669s] --   Found jsoncpp, version 1.9.5
[0.698s] -- Checking for module 'libzip'
[0.706s] --   Found libzip, version 1.7.3
[0.730s] -- Looking for ignition-common4 -- found version 4.7.0
[0.730s] -- Looking for ignition-math6 -- found version 6.15.1
[0.731s] -- Looking for ignition-msgs8 -- found version 8.7.0
[0.731s] -- Looking for ignition-gui6 -- found version 6.8.0
[0.732s] -- Searching for dependencies of ignition-gui6
[0.758s] -- Looking for ignition-math6 -- found version 6.15.1
[0.758s] -- Looking for ignition-common4 -- found version 4.7.0
[0.759s] -- Looking for ignition-plugin1 -- found version 1.4.0
[0.759s] -- Looking for ignition-transport11 -- found version 11.4.1
[0.760s] -- Looking for ignition-rendering6 -- found version 6.6.3
[0.760s] -- Searching for dependencies of ignition-rendering6
[0.760s] -- Looking for ignition-math6 -- found version 6.15.1
[0.761s] -- Searching for dependencies of ignition-math6
[0.761s] -- Searching for <ignition-math6> component [eigen3]
[0.761s] -- Looking for ignition-math6-eigen3 -- found version 6.15.1
[0.761s] -- Searching for dependencies of ignition-math6-eigen3
[0.763s] -- Looking for ignition-common4 -- found version 4.7.0
[0.763s] -- Searching for dependencies of ignition-common4
[0.763s] -- Looking for dlfcn.h - found
[0.763s] -- Looking for libdl - found
[0.773s] -- Searching for <ignition-common4> component [graphics]
[0.773s] -- Looking for ignition-common4-graphics -- found version 4.7.0
[0.774s] -- Searching for dependencies of ignition-common4-graphics
[0.774s] -- Looking for ignition-math6 -- found version 6.15.1
[0.774s] -- Looking for ignition-utils1 -- found version 1.5.1
[0.775s] -- Searching for <ignition-common4> component [events]
[0.775s] -- Looking for ignition-plugin1 -- found version 1.4.0
[0.775s] -- Searching for dependencies of ignition-plugin1
[0.775s] -- Searching for <ignition-plugin1> component [all]
[0.776s] -- Looking for all libraries of ignition-plugin1 -- found version 1.4.0
[0.776s] -- Looking for ignition-plugin1 -- found version 1.4.0
[0.778s] -- Looking for ignition-msgs8 -- found version 8.7.0
[0.790s] -- Looking for ignition-physics5 -- found version 5.3.2
[0.791s] -- Searching for dependencies of ignition-physics5
[0.791s] -- Looking for ignition-math6 -- found version 6.15.1
[0.791s] -- Looking for ignition-plugin1 -- found version 1.4.0
[0.792s] -- Looking for ignition-utils1 -- found version 1.5.1
[0.793s] -- Searching for <ignition-physics5> component [heightmap]
[0.793s] -- Looking for ignition-physics5-heightmap -- found version 5.3.2
[0.793s] -- Searching for dependencies of ignition-physics5-heightmap
[0.793s] -- Looking for ignition-common4 -- found version 4.7.0
[0.794s] -- Searching for <ignition-physics5> component [mesh]
[0.794s] -- Looking for ignition-physics5-mesh -- found version 5.3.2
[0.794s] -- Searching for dependencies of ignition-physics5-mesh
[0.794s] -- Looking for ignition-common4 -- found version 4.7.0
[0.795s] -- Searching for <ignition-physics5> component [sdf]
[0.795s] -- Looking for ignition-physics5-sdf -- found version 5.3.2
[0.795s] -- Searching for dependencies of ignition-physics5-sdf
[0.796s] -- Looking for sdformat12 -- found version 12.7.2
[0.796s] -- Looking for ignition-sensors6 -- found version 6.8.0
[0.797s] -- Searching for dependencies of ignition-sensors6
[0.813s] -- Found Protobuf: /usr/lib/x86_64-linux-gnu/libprotobuf.so (found version "3.12.4") 
[0.814s] -- Looking for ignition-math6 -- found version 6.15.1
[0.814s] -- Looking for ignition-common4 -- found version 4.7.0
[0.815s] -- Looking for ignition-transport11 -- found version 11.4.1
[0.815s] -- Looking for ignition-rendering6 -- found version 6.6.3
[0.815s] -- Looking for ignition-msgs8 -- found version 8.7.0
[0.815s] -- Looking for sdformat12 -- found version 12.7.2
[0.816s] -- Searching for <ignition-sensors6> component [air_pressure]
[0.816s] -- Looking for ignition-sensors6-air_pressure -- found version 6.8.0
[0.816s] -- Searching for dependencies of ignition-sensors6-air_pressure
[0.817s] -- Searching for <ignition-sensors6> component [altimeter]
[0.817s] -- Looking for ignition-sensors6-altimeter -- found version 6.8.0
[0.817s] -- Searching for dependencies of ignition-sensors6-altimeter
[0.818s] -- Searching for <ignition-sensors6> component [imu]
[0.818s] -- Looking for ignition-sensors6-imu -- found version 6.8.0
[0.818s] -- Searching for dependencies of ignition-sensors6-imu
[0.818s] -- Searching for <ignition-sensors6> component [force_torque]
[0.819s] -- Looking for ignition-sensors6-force_torque -- found version 6.8.0
[0.819s] -- Searching for dependencies of ignition-sensors6-force_torque
[0.819s] -- Searching for <ignition-sensors6> component [logical_camera]
[0.820s] -- Looking for ignition-sensors6-logical_camera -- found version 6.8.0
[0.820s] -- Searching for dependencies of ignition-sensors6-logical_camera
[0.820s] -- Searching for <ignition-sensors6> component [magnetometer]
[0.821s] -- Looking for ignition-sensors6-magnetometer -- found version 6.8.0
[0.821s] -- Searching for dependencies of ignition-sensors6-magnetometer
[0.821s] -- Searching for <ignition-sensors6> component [navsat]
[0.821s] -- Looking for ignition-sensors6-navsat -- found version 6.8.0
[0.822s] -- Searching for dependencies of ignition-sensors6-navsat
[0.822s] -- Searching for <ignition-sensors6> component [rendering]
[0.822s] -- Looking for ignition-sensors6-rendering -- found version 6.8.0
[0.823s] -- Searching for dependencies of ignition-sensors6-rendering
[0.823s] -- Searching for <ignition-sensors6> component [lidar]
[0.823s] -- Looking for ignition-sensors6-lidar -- found version 6.8.0
[0.823s] -- Searching for dependencies of ignition-sensors6-lidar
[0.824s] -- Looking for ignition-sensors6 -- found version 6.8.0
[0.824s] -- Searching for <ignition-sensors6> component [gpu_lidar]
[0.824s] -- Looking for ignition-sensors6-gpu_lidar -- found version 6.8.0
[0.825s] -- Searching for dependencies of ignition-sensors6-gpu_lidar
[0.825s] -- Looking for ignition-sensors6 -- found version 6.8.0
[0.825s] -- Searching for <ignition-sensors6> component [camera]
[0.826s] -- Looking for ignition-sensors6-camera -- found version 6.8.0
[0.826s] -- Searching for dependencies of ignition-sensors6-camera
[0.826s] -- Looking for ignition-sensors6 -- found version 6.8.0
[0.827s] -- Searching for <ignition-sensors6> component [boundingbox_camera]
[0.827s] -- Looking for ignition-sensors6-boundingbox_camera -- found version 6.8.0
[0.827s] -- Searching for dependencies of ignition-sensors6-boundingbox_camera
[0.828s] -- Searching for <ignition-sensors6> component [segmentation_camera]
[0.828s] -- Looking for ignition-sensors6-segmentation_camera -- found version 6.8.0
[0.828s] -- Searching for dependencies of ignition-sensors6-segmentation_camera
[0.828s] -- Searching for <ignition-sensors6> component [depth_camera]
[0.829s] -- Looking for ignition-sensors6-depth_camera -- found version 6.8.0
[0.829s] -- Searching for dependencies of ignition-sensors6-depth_camera
[0.829s] -- Looking for ignition-sensors6 -- found version 6.8.0
[0.830s] -- Searching for <ignition-sensors6> component [rgbd_camera]
[0.830s] -- Looking for ignition-sensors6-rgbd_camera -- found version 6.8.0
[0.830s] -- Searching for dependencies of ignition-sensors6-rgbd_camera
[0.830s] -- Looking for ignition-sensors6 -- found version 6.8.0
[0.831s] -- Searching for <ignition-sensors6> component [thermal_camera]
[0.831s] -- Looking for ignition-sensors6-thermal_camera -- found version 6.8.0
[0.831s] -- Searching for dependencies of ignition-sensors6-thermal_camera
[0.832s] -- Looking for ignition-sensors6 -- found version 6.8.0
[0.832s] -- Looking for ignition-rendering6 -- found version 6.6.3
[0.833s] -- Looking for ignition-math6 -- found version 6.15.1
[0.833s] -- Looking for ignition-utils1 -- found version 1.5.1
[0.851s] -- Found ament_lint_auto: 0.12.11 (/opt/ros/humble/share/ament_lint_auto/cmake)
[0.905s] -- Configuring done
[0.907s] [31mCMake Error at CMakeLists.txt:24 (add_library):
[0.907s]   Cannot find source file:
[0.907s] 
[0.907s]     src/BasicSystem.cc
[0.908s] 
[0.908s]   Tried extensions .c .C .c++ .cc .cpp .cxx .cu .mpp .m .M .mm .ixx .cppm .h
[0.908s]   .hh .h++ .hm .hpp .hxx .in .txx .f .F .for .f77 .f90 .f95 .f03 .hip .ispc
[0.908s] 
[0.908s] [0m
[0.908s] [31mCMake Error at CMakeLists.txt:48 (add_library):
[0.908s]   Cannot find source file:
[0.908s] 
[0.908s]     src/FullSystem.cc
[0.908s] 
[0.908s]   Tried extensions .c .C .c++ .cc .cpp .cxx .cu .mpp .m .M .mm .ixx .cppm .h
[0.908s]   .hh .h++ .hm .hpp .hxx .in .txx .f .F .for .f77 .f90 .f95 .f03 .hip .ispc
[0.908s] 
[0.908s] [0m
[0.908s] [31mCMake Error at CMakeLists.txt:24 (add_library):
[0.908s]   No SOURCES given to target: BasicSystem
[0.908s] 
[0.908s] [0m
[0.909s] [31mCMake Error at CMakeLists.txt:48 (add_library):
[0.909s]   No SOURCES given to target: FullSystem
[0.909s] 
[0.909s] [0m
[0.909s] [0mCMake Generate step failed.  Build files cannot be regenerated correctly.[0m
[0.915s] Invoked command in '/home/v/cerberus_ws/build/cerberus_gazebo' returned '1': AMENT_PREFIX_PATH=/home/v/cerberus_ws/install/cerberus_description:${AMENT_PREFIX_PATH} CMAKE_PREFIX_PATH=/home/v/cerberus_ws/install/cerberus_description:/opt/ros/humble /usr/bin/cmake /home/v/cerberus_ws/src/cerberus_final/cerberus_gazebo -DCMAKE_INSTALL_PREFIX=/home/v/cerberus_ws/install/cerberus_gazebo
