[0.010s] Invoking command in '/home/v/cerberus_ws/build/cerberus_bringup': AMENT_PREFIX_PATH=/home/v/cerberus_ws/install/cerberus_description:${AMENT_PREFIX_PATH} CMAKE_PREFIX_PATH=/home/v/cerberus_ws/install/cerberus_description:/opt/ros/humble /usr/bin/cmake --build /home/v/cerberus_ws/build/cerberus_bringup -- -j12 -l12
[0.042s] Invoked command in '/home/v/cerberus_ws/build/cerberus_bringup' returned '0': AMENT_PREFIX_PATH=/home/v/cerberus_ws/install/cerberus_description:${AMENT_PREFIX_PATH} CMAKE_PREFIX_PATH=/home/v/cerberus_ws/install/cerberus_description:/opt/ros/humble /usr/bin/cmake --build /home/v/cerberus_ws/build/cerberus_bringup -- -j12 -l12
[0.043s] Invoking command in '/home/v/cerberus_ws/build/cerberus_bringup': AMENT_PREFIX_PATH=/home/v/cerberus_ws/install/cerberus_description:${AMENT_PREFIX_PATH} CMAKE_PREFIX_PATH=/home/v/cerberus_ws/install/cerberus_description:/opt/ros/humble /usr/bin/cmake --install /home/v/cerberus_ws/build/cerberus_bringup
[0.047s] -- Install configuration: ""
[0.047s] -- Up-to-date: /home/v/cerberus_ws/install/cerberus_bringup/share/cerberus_bringup/config
[0.047s] -- Up-to-date: /home/v/cerberus_ws/install/cerberus_bringup/share/cerberus_bringup/config/cerberus.yaml
[0.047s] -- Up-to-date: /home/v/cerberus_ws/install/cerberus_bringup/share/cerberus_bringup/config/cerberus.rviz
[0.047s] -- Up-to-date: /home/v/cerberus_ws/install/cerberus_bringup/share/cerberus_bringup/launch
[0.047s] -- Up-to-date: /home/v/cerberus_ws/install/cerberus_bringup/share/cerberus_bringup/launch/cerberus_odrive.launch.py
[0.047s] -- Up-to-date: /home/v/cerberus_ws/install/cerberus_bringup/share/cerberus_bringup/launch/cerberus_sim.launch.py
[0.047s] -- Up-to-date: /home/v/cerberus_ws/install/cerberus_bringup/share/cerberus_bringup/launch/visualize_odrive.launch.py
[0.047s] -- Up-to-date: /home/v/cerberus_ws/install/cerberus_bringup/share/ament_index/resource_index/package_run_dependencies/cerberus_bringup
[0.047s] -- Up-to-date: /home/v/cerberus_ws/install/cerberus_bringup/share/ament_index/resource_index/parent_prefix_path/cerberus_bringup
[0.048s] -- Up-to-date: /home/v/cerberus_ws/install/cerberus_bringup/share/cerberus_bringup/environment/ament_prefix_path.sh
[0.048s] -- Up-to-date: /home/v/cerberus_ws/install/cerberus_bringup/share/cerberus_bringup/environment/ament_prefix_path.dsv
[0.048s] -- Up-to-date: /home/v/cerberus_ws/install/cerberus_bringup/share/cerberus_bringup/environment/path.sh
[0.048s] -- Up-to-date: /home/v/cerberus_ws/install/cerberus_bringup/share/cerberus_bringup/environment/path.dsv
[0.048s] -- Up-to-date: /home/v/cerberus_ws/install/cerberus_bringup/share/cerberus_bringup/local_setup.bash
[0.048s] -- Up-to-date: /home/v/cerberus_ws/install/cerberus_bringup/share/cerberus_bringup/local_setup.sh
[0.048s] -- Up-to-date: /home/v/cerberus_ws/install/cerberus_bringup/share/cerberus_bringup/local_setup.zsh
[0.048s] -- Up-to-date: /home/v/cerberus_ws/install/cerberus_bringup/share/cerberus_bringup/local_setup.dsv
[0.048s] -- Installing: /home/v/cerberus_ws/install/cerberus_bringup/share/cerberus_bringup/package.dsv
[0.048s] -- Up-to-date: /home/v/cerberus_ws/install/cerberus_bringup/share/ament_index/resource_index/packages/cerberus_bringup
[0.048s] -- Up-to-date: /home/v/cerberus_ws/install/cerberus_bringup/share/cerberus_bringup/cmake/cerberus_bringupConfig.cmake
[0.048s] -- Up-to-date: /home/v/cerberus_ws/install/cerberus_bringup/share/cerberus_bringup/cmake/cerberus_bringupConfig-version.cmake
[0.048s] -- Up-to-date: /home/v/cerberus_ws/install/cerberus_bringup/share/cerberus_bringup/package.xml
[0.049s] Invoked command in '/home/v/cerberus_ws/build/cerberus_bringup' returned '0': AMENT_PREFIX_PATH=/home/v/cerberus_ws/install/cerberus_description:${AMENT_PREFIX_PATH} CMAKE_PREFIX_PATH=/home/v/cerberus_ws/install/cerberus_description:/opt/ros/humble /usr/bin/cmake --install /home/v/cerberus_ws/build/cerberus_bringup
