[0.010s] Invoking command in '/home/v/cerberus_ws/build/cerberus_gazebo': AMENT_PREFIX_PATH=/home/v/cerberus_ws/install/cerberus_description:${AMENT_PREFIX_PATH} CMAKE_PREFIX_PATH=/home/v/cerberus_ws/install/cerberus_description:/opt/ros/humble /usr/bin/cmake /home/v/cerberus_ws/src/cerberus_final/cerberus_gazebo -DCMAKE_INSTALL_PREFIX=/home/v/cerberus_ws/install/cerberus_gazebo
[0.018s] -- Found ament_cmake: 1.3.11 (/opt/ros/humble/share/ament_cmake/cmake)
[0.117s] -- Found cerberus_description: 0.1.0 (/home/v/cerberus_ws/install/cerberus_description/share/cerberus_description/cmake)
[0.122s] -- Looking for ignition-plugin1 -- found version 1.4.0
[0.123s] -- Searching for dependencies of ignition-plugin1
[0.123s] -- Searching for <ignition-plugin1> component [register]
[0.124s] -- Looking for ignition-plugin1-register -- found version 1.4.0
[0.124s] -- Searching for dependencies of ignition-plugin1-register
[0.125s] -- Looking for ignition-common4 -- found version 4.7.0
[0.126s] -- Searching for dependencies of ignition-common4
[0.126s] -- Looking for dlfcn.h - found
[0.126s] -- Looking for libdl - found
[0.133s] -- Checking for module 'uuid'
[0.145s] --   Found uuid, version 2.37.2
[0.173s] -- Searching for <ignition-common4> component [profiler]
[0.174s] -- Looking for ignition-common4-profiler -- found version 4.7.0
[0.174s] -- Searching for dependencies of ignition-common4-profiler
[0.175s] -- Looking for ignition-gazebo6 -- found version 6.16.0
[0.175s] -- Searching for dependencies of ignition-gazebo6
[0.176s] -- Looking for sdformat12 -- found version 12.7.2
[0.176s] -- Searching for dependencies of sdformat12
[0.180s] -- Checking for module 'tinyxml2'
[0.188s] --   Found tinyxml2, version 9.0.0
[0.212s] -- Looking for ignition-math6 -- found version 6.15.1
[0.212s] -- Searching for dependencies of ignition-math6
[0.213s] -- Looking for ignition-utils1 -- found version 1.5.1
[0.213s] -- Searching for dependencies of ignition-utils1
[0.214s] -- Looking for ignition-plugin1 -- found version 1.4.0
[0.214s] -- Searching for dependencies of ignition-plugin1
[0.214s] -- Searching for <ignition-plugin1> component [loader]
[0.214s] -- Looking for ignition-plugin1-loader -- found version 1.4.0
[0.215s] -- Searching for dependencies of ignition-plugin1-loader
[0.215s] -- Searching for <ignition-plugin1> component [register]
[0.216s] -- Looking for ignition-transport11 -- found version 11.4.1
[0.216s] -- Searching for dependencies of ignition-transport11
[0.243s] -- Config-file not installed for ZeroMQ -- checking for pkg-config
[0.247s] -- Checking for module 'libzmq >= 4'
[0.257s] --   Found libzmq , version 4.3.4
[0.297s] -- Looking for ignition-utils1 -- found version 1.5.1
[0.297s] -- Searching for dependencies of ignition-utils1
[0.297s] -- Searching for <ignition-utils1> component [cli]
[0.298s] -- Looking for ignition-utils1-cli -- found version 1.5.1
[0.298s] -- Searching for dependencies of ignition-utils1-cli
[0.299s] -- Looking for ignition-msgs8 -- found version 8.7.0
[0.299s] -- Searching for dependencies of ignition-msgs8
[0.316s] -- Found Protobuf: /usr/lib/x86_64-linux-gnu/libprotobuf.so (found suitable version "3.12.4", minimum required is "3") 
[0.316s] -- Looking for ignition-math6 -- found version 6.15.1
[0.323s] -- Searching for <ignition-transport11> component [log]
[0.324s] -- Looking for ignition-transport11-log -- found version 11.4.1
[0.324s] -- Searching for dependencies of ignition-transport11-log
[0.324s] -- Searching for <ignition-transport11> component [parameters]
[0.324s] -- Looking for ignition-transport11-parameters -- found version 11.4.1
[0.325s] -- Searching for dependencies of ignition-transport11-parameters
[0.325s] -- Looking for ignition-msgs8 -- found version 8.7.0
[0.326s] -- Looking for ignition-common4 -- found version 4.7.0
[0.326s] -- Searching for dependencies of ignition-common4
[0.326s] -- Looking for dlfcn.h - found
[0.326s] -- Looking for libdl - found
[0.335s] -- Searching for <ignition-common4> component [profiler]
[0.335s] -- Searching for <ignition-common4> component [events]
[0.335s] -- Looking for ignition-common4-events -- found version 4.7.0
[0.336s] -- Searching for dependencies of ignition-common4-events
[0.336s] -- Looking for ignition-math6 -- found version 6.15.1
[0.336s] -- Searching for <ignition-common4> component [av]
[0.336s] -- Looking for ignition-common4-av -- found version 4.7.0
[0.337s] -- Searching for dependencies of ignition-common4-av
[0.341s] -- Checking for module 'libswscale'
[0.350s] --   Found libswscale, version 5.9.100
[0.377s] -- Checking for module 'libavdevice >= 56.4.100'
[0.387s] --   Found libavdevice , version 58.13.100
[0.419s] -- Checking for module 'libavformat'
[0.430s] --   Found libavformat, version 58.76.100
[0.461s] -- Checking for module 'libavcodec'
[0.470s] --   Found libavcodec, version 58.134.100
[0.499s] -- Checking for module 'libavutil'
[0.509s] --   Found libavutil, version 56.70.100
[0.533s] -- Looking for ignition-fuel_tools7 -- found version 7.3.0
[0.534s] -- Searching for dependencies of ignition-fuel_tools7
[0.567s] -- Checking for module 'jsoncpp'
[0.577s] --   Found jsoncpp, version 1.9.5
[0.604s] -- Checking for module 'libzip'
[0.613s] --   Found libzip, version 1.7.3
[0.640s] -- Looking for ignition-common4 -- found version 4.7.0
[0.640s] -- Looking for ignition-math6 -- found version 6.15.1
[0.640s] -- Looking for ignition-msgs8 -- found version 8.7.0
[0.641s] -- Looking for ignition-gui6 -- found version 6.8.0
[0.641s] -- Searching for dependencies of ignition-gui6
[0.667s] -- Looking for ignition-math6 -- found version 6.15.1
[0.667s] -- Looking for ignition-common4 -- found version 4.7.0
[0.667s] -- Looking for ignition-plugin1 -- found version 1.4.0
[0.667s] -- Looking for ignition-transport11 -- found version 11.4.1
[0.668s] -- Looking for ignition-rendering6 -- found version 6.6.3
[0.668s] -- Searching for dependencies of ignition-rendering6
[0.668s] -- Looking for ignition-math6 -- found version 6.15.1
[0.669s] -- Searching for dependencies of ignition-math6
[0.669s] -- Searching for <ignition-math6> component [eigen3]
[0.669s] -- Looking for ignition-math6-eigen3 -- found version 6.15.1
[0.669s] -- Searching for dependencies of ignition-math6-eigen3
[0.670s] -- Looking for ignition-common4 -- found version 4.7.0
[0.671s] -- Searching for dependencies of ignition-common4
[0.671s] -- Looking for dlfcn.h - found
[0.671s] -- Looking for libdl - found
[0.680s] -- Searching for <ignition-common4> component [graphics]
[0.680s] -- Looking for ignition-common4-graphics -- found version 4.7.0
[0.680s] -- Searching for dependencies of ignition-common4-graphics
[0.681s] -- Looking for ignition-math6 -- found version 6.15.1
[0.681s] -- Looking for ignition-utils1 -- found version 1.5.1
[0.682s] -- Searching for <ignition-common4> component [events]
[0.682s] -- Looking for ignition-plugin1 -- found version 1.4.0
[0.683s] -- Searching for dependencies of ignition-plugin1
[0.683s] -- Searching for <ignition-plugin1> component [all]
[0.683s] -- Looking for all libraries of ignition-plugin1 -- found version 1.4.0
[0.684s] -- Looking for ignition-plugin1 -- found version 1.4.0
[0.686s] -- Looking for ignition-msgs8 -- found version 8.7.0
[0.698s] -- Looking for ignition-physics5 -- found version 5.3.2
[0.698s] -- Searching for dependencies of ignition-physics5
[0.698s] -- Looking for ignition-math6 -- found version 6.15.1
[0.699s] -- Looking for ignition-plugin1 -- found version 1.4.0
[0.699s] -- Looking for ignition-utils1 -- found version 1.5.1
[0.700s] -- Searching for <ignition-physics5> component [heightmap]
[0.700s] -- Looking for ignition-physics5-heightmap -- found version 5.3.2
[0.700s] -- Searching for dependencies of ignition-physics5-heightmap
[0.700s] -- Looking for ignition-common4 -- found version 4.7.0
[0.701s] -- Searching for <ignition-physics5> component [mesh]
[0.701s] -- Looking for ignition-physics5-mesh -- found version 5.3.2
[0.701s] -- Searching for dependencies of ignition-physics5-mesh
[0.702s] -- Looking for ignition-common4 -- found version 4.7.0
[0.702s] -- Searching for <ignition-physics5> component [sdf]
[0.702s] -- Looking for ignition-physics5-sdf -- found version 5.3.2
[0.702s] -- Searching for dependencies of ignition-physics5-sdf
[0.703s] -- Looking for sdformat12 -- found version 12.7.2
[0.703s] -- Looking for ignition-sensors6 -- found version 6.8.0
[0.704s] -- Searching for dependencies of ignition-sensors6
[0.721s] -- Found Protobuf: /usr/lib/x86_64-linux-gnu/libprotobuf.so (found version "3.12.4") 
[0.721s] -- Looking for ignition-math6 -- found version 6.15.1
[0.722s] -- Looking for ignition-common4 -- found version 4.7.0
[0.722s] -- Looking for ignition-transport11 -- found version 11.4.1
[0.722s] -- Looking for ignition-rendering6 -- found version 6.6.3
[0.723s] -- Looking for ignition-msgs8 -- found version 8.7.0
[0.723s] -- Looking for sdformat12 -- found version 12.7.2
[0.724s] -- Searching for <ignition-sensors6> component [air_pressure]
[0.724s] -- Looking for ignition-sensors6-air_pressure -- found version 6.8.0
[0.724s] -- Searching for dependencies of ignition-sensors6-air_pressure
[0.725s] -- Searching for <ignition-sensors6> component [altimeter]
[0.725s] -- Looking for ignition-sensors6-altimeter -- found version 6.8.0
[0.725s] -- Searching for dependencies of ignition-sensors6-altimeter
[0.725s] -- Searching for <ignition-sensors6> component [imu]
[0.726s] -- Looking for ignition-sensors6-imu -- found version 6.8.0
[0.726s] -- Searching for dependencies of ignition-sensors6-imu
[0.726s] -- Searching for <ignition-sensors6> component [force_torque]
[0.727s] -- Looking for ignition-sensors6-force_torque -- found version 6.8.0
[0.727s] -- Searching for dependencies of ignition-sensors6-force_torque
[0.727s] -- Searching for <ignition-sensors6> component [logical_camera]
[0.727s] -- Looking for ignition-sensors6-logical_camera -- found version 6.8.0
[0.728s] -- Searching for dependencies of ignition-sensors6-logical_camera
[0.728s] -- Searching for <ignition-sensors6> component [magnetometer]
[0.728s] -- Looking for ignition-sensors6-magnetometer -- found version 6.8.0
[0.729s] -- Searching for dependencies of ignition-sensors6-magnetometer
[0.729s] -- Searching for <ignition-sensors6> component [navsat]
[0.729s] -- Looking for ignition-sensors6-navsat -- found version 6.8.0
[0.729s] -- Searching for dependencies of ignition-sensors6-navsat
[0.730s] -- Searching for <ignition-sensors6> component [rendering]
[0.730s] -- Looking for ignition-sensors6-rendering -- found version 6.8.0
[0.730s] -- Searching for dependencies of ignition-sensors6-rendering
[0.731s] -- Searching for <ignition-sensors6> component [lidar]
[0.731s] -- Looking for ignition-sensors6-lidar -- found version 6.8.0
[0.731s] -- Searching for dependencies of ignition-sensors6-lidar
[0.731s] -- Looking for ignition-sensors6 -- found version 6.8.0
[0.732s] -- Searching for <ignition-sensors6> component [gpu_lidar]
[0.732s] -- Looking for ignition-sensors6-gpu_lidar -- found version 6.8.0
[0.732s] -- Searching for dependencies of ignition-sensors6-gpu_lidar
[0.733s] -- Looking for ignition-sensors6 -- found version 6.8.0
[0.733s] -- Searching for <ignition-sensors6> component [camera]
[0.733s] -- Looking for ignition-sensors6-camera -- found version 6.8.0
[0.734s] -- Searching for dependencies of ignition-sensors6-camera
[0.734s] -- Looking for ignition-sensors6 -- found version 6.8.0
[0.734s] -- Searching for <ignition-sensors6> component [boundingbox_camera]
[0.734s] -- Looking for ignition-sensors6-boundingbox_camera -- found version 6.8.0
[0.735s] -- Searching for dependencies of ignition-sensors6-boundingbox_camera
[0.735s] -- Searching for <ignition-sensors6> component [segmentation_camera]
[0.735s] -- Looking for ignition-sensors6-segmentation_camera -- found version 6.8.0
[0.736s] -- Searching for dependencies of ignition-sensors6-segmentation_camera
[0.736s] -- Searching for <ignition-sensors6> component [depth_camera]
[0.736s] -- Looking for ignition-sensors6-depth_camera -- found version 6.8.0
[0.737s] -- Searching for dependencies of ignition-sensors6-depth_camera
[0.737s] -- Looking for ignition-sensors6 -- found version 6.8.0
[0.737s] -- Searching for <ignition-sensors6> component [rgbd_camera]
[0.737s] -- Looking for ignition-sensors6-rgbd_camera -- found version 6.8.0
[0.738s] -- Searching for dependencies of ignition-sensors6-rgbd_camera
[0.738s] -- Looking for ignition-sensors6 -- found version 6.8.0
[0.738s] -- Searching for <ignition-sensors6> component [thermal_camera]
[0.739s] -- Looking for ignition-sensors6-thermal_camera -- found version 6.8.0
[0.739s] -- Searching for dependencies of ignition-sensors6-thermal_camera
[0.739s] -- Looking for ignition-sensors6 -- found version 6.8.0
[0.740s] -- Looking for ignition-rendering6 -- found version 6.6.3
[0.740s] -- Looking for ignition-math6 -- found version 6.15.1
[0.741s] -- Looking for ignition-utils1 -- found version 1.5.1
[0.759s] -- Found ament_lint_auto: 0.12.11 (/opt/ros/humble/share/ament_lint_auto/cmake)
[0.812s] -- Configuring done
[0.827s] -- Generating done
[0.830s] -- Build files have been written to: /home/v/cerberus_ws/build/cerberus_gazebo
[0.837s] Invoked command in '/home/v/cerberus_ws/build/cerberus_gazebo' returned '0': AMENT_PREFIX_PATH=/home/v/cerberus_ws/install/cerberus_description:${AMENT_PREFIX_PATH} CMAKE_PREFIX_PATH=/home/v/cerberus_ws/install/cerberus_description:/opt/ros/humble /usr/bin/cmake /home/v/cerberus_ws/src/cerberus_final/cerberus_gazebo -DCMAKE_INSTALL_PREFIX=/home/v/cerberus_ws/install/cerberus_gazebo
[0.839s] Invoking command in '/home/v/cerberus_ws/build/cerberus_gazebo': AMENT_PREFIX_PATH=/home/v/cerberus_ws/install/cerberus_description:${AMENT_PREFIX_PATH} CMAKE_PREFIX_PATH=/home/v/cerberus_ws/install/cerberus_description:/opt/ros/humble /usr/bin/cmake --build /home/v/cerberus_ws/build/cerberus_gazebo -- -j12 -l12
[0.863s] [ 50%] [32mBuilding CXX object CMakeFiles/BasicSystem.dir/src/BasicSystem.cc.o[0m
[0.863s] [ 50%] [32mBuilding CXX object CMakeFiles/FullSystem.dir/src/FullSystem.cc.o[0m
[3.402s] [ 75%] [32m[1mLinking CXX shared library libBasicSystem.so[0m
[3.508s] [100%] [32m[1mLinking CXX shared library libFullSystem.so[0m
[3.581s] [100%] Built target BasicSystem
[3.664s] [100%] Built target FullSystem
[3.669s] Invoked command in '/home/v/cerberus_ws/build/cerberus_gazebo' returned '0': AMENT_PREFIX_PATH=/home/v/cerberus_ws/install/cerberus_description:${AMENT_PREFIX_PATH} CMAKE_PREFIX_PATH=/home/v/cerberus_ws/install/cerberus_description:/opt/ros/humble /usr/bin/cmake --build /home/v/cerberus_ws/build/cerberus_gazebo -- -j12 -l12
[3.670s] Invoking command in '/home/v/cerberus_ws/build/cerberus_gazebo': AMENT_PREFIX_PATH=/home/v/cerberus_ws/install/cerberus_description:${AMENT_PREFIX_PATH} CMAKE_PREFIX_PATH=/home/v/cerberus_ws/install/cerberus_description:/opt/ros/humble /usr/bin/cmake --install /home/v/cerberus_ws/build/cerberus_gazebo
[3.673s] -- Install configuration: ""
[3.673s] -- Installing: /home/v/cerberus_ws/install/cerberus_gazebo/lib/cerberus_gazebo/libBasicSystem.so
[3.674s] -- Installing: /home/v/cerberus_ws/install/cerberus_gazebo/lib/cerberus_gazebo/libFullSystem.so
[3.675s] -- Installing: /home/v/cerberus_ws/install/cerberus_gazebo/share/cerberus_gazebo/worlds
[3.676s] -- Installing: /home/v/cerberus_ws/install/cerberus_gazebo/share/cerberus_gazebo/worlds/cerberus.sdf
[3.676s] -- Installing: /home/v/cerberus_ws/install/cerberus_gazebo/share/cerberus_gazebo/environment/cerberus_gazebo.dsv
[3.676s] -- Installing: /home/v/cerberus_ws/install/cerberus_gazebo/share/cerberus_gazebo/environment/cerberus_gazebo.sh
[3.676s] -- Installing: /home/v/cerberus_ws/install/cerberus_gazebo/share/ament_index/resource_index/package_run_dependencies/cerberus_gazebo
[3.676s] -- Installing: /home/v/cerberus_ws/install/cerberus_gazebo/share/ament_index/resource_index/parent_prefix_path/cerberus_gazebo
[3.676s] -- Installing: /home/v/cerberus_ws/install/cerberus_gazebo/share/cerberus_gazebo/environment/ament_prefix_path.sh
[3.676s] -- Installing: /home/v/cerberus_ws/install/cerberus_gazebo/share/cerberus_gazebo/environment/ament_prefix_path.dsv
[3.677s] -- Installing: /home/v/cerberus_ws/install/cerberus_gazebo/share/cerberus_gazebo/environment/path.sh
[3.677s] -- Installing: /home/v/cerberus_ws/install/cerberus_gazebo/share/cerberus_gazebo/environment/path.dsv
[3.677s] -- Installing: /home/v/cerberus_ws/install/cerberus_gazebo/share/cerberus_gazebo/local_setup.bash
[3.677s] -- Installing: /home/v/cerberus_ws/install/cerberus_gazebo/share/cerberus_gazebo/local_setup.sh
[3.677s] -- Installing: /home/v/cerberus_ws/install/cerberus_gazebo/share/cerberus_gazebo/local_setup.zsh
[3.677s] -- Installing: /home/v/cerberus_ws/install/cerberus_gazebo/share/cerberus_gazebo/local_setup.dsv
[3.677s] -- Installing: /home/v/cerberus_ws/install/cerberus_gazebo/share/cerberus_gazebo/package.dsv
[3.677s] -- Installing: /home/v/cerberus_ws/install/cerberus_gazebo/share/ament_index/resource_index/packages/cerberus_gazebo
[3.678s] -- Installing: /home/v/cerberus_ws/install/cerberus_gazebo/share/cerberus_gazebo/cmake/cerberus_gazeboConfig.cmake
[3.678s] -- Installing: /home/v/cerberus_ws/install/cerberus_gazebo/share/cerberus_gazebo/cmake/cerberus_gazeboConfig-version.cmake
[3.678s] -- Installing: /home/v/cerberus_ws/install/cerberus_gazebo/share/cerberus_gazebo/package.xml
[3.679s] Invoked command in '/home/v/cerberus_ws/build/cerberus_gazebo' returned '0': AMENT_PREFIX_PATH=/home/v/cerberus_ws/install/cerberus_description:${AMENT_PREFIX_PATH} CMAKE_PREFIX_PATH=/home/v/cerberus_ws/install/cerberus_description:/opt/ros/humble /usr/bin/cmake --install /home/v/cerberus_ws/build/cerberus_gazebo
