[0.017s] Invoking command in '/home/v/Dev/Github/Cerberus/Control/cerberus_ws/build/cerberus_training': CMAKE_PREFIX_PATH=/opt/ros/humble /usr/bin/cmake /home/v/Dev/Github/Cerberus/Control/cerberus_ws/src/cerberus_final/cerberus_training -DCMAKE_INSTALL_PREFIX=/home/v/Dev/Github/Cerberus/Control/cerberus_ws/install/cerberus_training
[0.027s] -- Found ament_cmake: 1.3.11 (/opt/ros/humble/share/ament_cmake/cmake)
[0.125s] -- Override CMake install command with custom implementation using symlinks instead of copying resources
[0.138s] -- Found ament_lint_auto: 0.12.11 (/opt/ros/humble/share/ament_lint_auto/cmake)
[0.216s] -- Added test 'lint_cmake' to check CMake code style
[0.218s] -- Added test 'xmllint' to check XML markup files
[0.219s] -- Configuring done
[0.223s] -- Generating done
[0.225s] -- Build files have been written to: /home/v/Dev/Github/Cerberus/Control/cerberus_ws/build/cerberus_training
[0.228s] Invoked command in '/home/v/Dev/Github/Cerberus/Control/cerberus_ws/build/cerberus_training' returned '0': CMAKE_PREFIX_PATH=/opt/ros/humble /usr/bin/cmake /home/v/Dev/Github/Cerberus/Control/cerberus_ws/src/cerberus_final/cerberus_training -DCMAKE_INSTALL_PREFIX=/home/v/Dev/Github/Cerberus/Control/cerberus_ws/install/cerberus_training
[0.229s] Invoking command in '/home/v/Dev/Github/Cerberus/Control/cerberus_ws/build/cerberus_training': CMAKE_PREFIX_PATH=/opt/ros/humble /usr/bin/cmake --build /home/v/Dev/Github/Cerberus/Control/cerberus_ws/build/cerberus_training -- -j12 -l12
[0.250s] Invoked command in '/home/v/Dev/Github/Cerberus/Control/cerberus_ws/build/cerberus_training' returned '0': CMAKE_PREFIX_PATH=/opt/ros/humble /usr/bin/cmake --build /home/v/Dev/Github/Cerberus/Control/cerberus_ws/build/cerberus_training -- -j12 -l12
[0.252s] Invoking command in '/home/v/Dev/Github/Cerberus/Control/cerberus_ws/build/cerberus_training': CMAKE_PREFIX_PATH=/opt/ros/humble /usr/bin/cmake --install /home/v/Dev/Github/Cerberus/Control/cerberus_ws/build/cerberus_training
[0.255s] -- Install configuration: ""
[0.256s] -- Execute custom install script
[0.256s] -- Up-to-date symlink: /home/v/Dev/Github/Cerberus/Control/cerberus_ws/install/cerberus_training/share/ament_index/resource_index/package_run_dependencies/cerberus_training
[0.256s] -- Up-to-date symlink: /home/v/Dev/Github/Cerberus/Control/cerberus_ws/install/cerberus_training/share/ament_index/resource_index/parent_prefix_path/cerberus_training
[0.257s] -- Up-to-date symlink: /home/v/Dev/Github/Cerberus/Control/cerberus_ws/install/cerberus_training/share/cerberus_training/environment/ament_prefix_path.sh
[0.257s] -- Up-to-date symlink: /home/v/Dev/Github/Cerberus/Control/cerberus_ws/install/cerberus_training/share/cerberus_training/environment/ament_prefix_path.dsv
[0.257s] -- Up-to-date symlink: /home/v/Dev/Github/Cerberus/Control/cerberus_ws/install/cerberus_training/share/cerberus_training/environment/path.sh
[0.258s] -- Up-to-date symlink: /home/v/Dev/Github/Cerberus/Control/cerberus_ws/install/cerberus_training/share/cerberus_training/environment/path.dsv
[0.258s] -- Up-to-date symlink: /home/v/Dev/Github/Cerberus/Control/cerberus_ws/install/cerberus_training/share/cerberus_training/local_setup.bash
[0.258s] -- Up-to-date symlink: /home/v/Dev/Github/Cerberus/Control/cerberus_ws/install/cerberus_training/share/cerberus_training/local_setup.sh
[0.258s] -- Up-to-date symlink: /home/v/Dev/Github/Cerberus/Control/cerberus_ws/install/cerberus_training/share/cerberus_training/local_setup.zsh
[0.258s] -- Up-to-date symlink: /home/v/Dev/Github/Cerberus/Control/cerberus_ws/install/cerberus_training/share/cerberus_training/local_setup.dsv
[0.258s] -- Symlinking: /home/v/Dev/Github/Cerberus/Control/cerberus_ws/install/cerberus_training/share/cerberus_training/package.dsv
[0.263s] -- Up-to-date symlink: /home/v/Dev/Github/Cerberus/Control/cerberus_ws/install/cerberus_training/share/ament_index/resource_index/packages/cerberus_training
[0.263s] -- Up-to-date symlink: /home/v/Dev/Github/Cerberus/Control/cerberus_ws/install/cerberus_training/share/cerberus_training/cmake/cerberus_trainingConfig.cmake
[0.263s] -- Up-to-date symlink: /home/v/Dev/Github/Cerberus/Control/cerberus_ws/install/cerberus_training/share/cerberus_training/cmake/cerberus_trainingConfig-version.cmake
[0.263s] -- Up-to-date symlink: /home/v/Dev/Github/Cerberus/Control/cerberus_ws/install/cerberus_training/share/cerberus_training/package.xml
[0.265s] Invoked command in '/home/v/Dev/Github/Cerberus/Control/cerberus_ws/build/cerberus_training' returned '0': CMAKE_PREFIX_PATH=/opt/ros/humble /usr/bin/cmake --install /home/v/Dev/Github/Cerberus/Control/cerberus_ws/build/cerberus_training
