[0.284s] Invoking command in '/home/v/Dev/Github/Cerberus/Control/cerberus_ws/build/odrive_hardware_interface': CMAKE_PREFIX_PATH=${CMAKE_PREFIX_PATH}:/home/v/Dev/Github/Cerberus/Control/cerberus_ws/install/cerberus_leg_loop:/opt/ros/humble /usr/bin/cmake /home/v/Dev/Github/Cerberus/Control/cerberus_ws/src/cerberus/odrive_hardware_interface -DAMENT_CMAKE_SYMLINK_INSTALL=1 -DCMAKE_INSTALL_PREFIX=/home/v/Dev/Github/Cerberus/Control/cerberus_ws/install/odrive_hardware_interface
[0.290s] -- Found ament_cmake_auto: 1.3.11 (/opt/ros/humble/share/ament_cmake_auto/cmake)
[0.354s] -- Override CMake install command with custom implementation using symlinks instead of copying resources
[0.426s] -- Found rosidl_generator_c: 3.1.6 (/opt/ros/humble/share/rosidl_generator_c/cmake)
[0.428s] -- Found rosidl_adapter: 3.1.6 (/opt/ros/humble/share/rosidl_adapter/cmake)
[0.432s] -- Found rosidl_generator_cpp: 3.1.6 (/opt/ros/humble/share/rosidl_generator_cpp/cmake)
[0.439s] -- Using all available rosidl_typesupport_c: rosidl_typesupport_fastrtps_c;rosidl_typesupport_introspection_c
[0.448s] -- Using all available rosidl_typesupport_cpp: rosidl_typesupport_fastrtps_cpp;rosidl_typesupport_introspection_cpp
[0.575s] -- Found rmw_implementation_cmake: 6.1.2 (/opt/ros/humble/share/rmw_implementation_cmake/cmake)
[0.576s] -- Found rmw_fastrtps_cpp: 6.2.7 (/opt/ros/humble/share/rmw_fastrtps_cpp/cmake)
[0.589s] -- Found TinyXML2 via Config file: TinyXML2_DIR-NOTFOUND
[0.596s] -- Found TinyXML2 via Config file: TinyXML2_DIR-NOTFOUND
[0.610s] -- Found TinyXML2 via Config file: TinyXML2_DIR-NOTFOUND
[0.616s] -- Found TinyXML2 via Config file: TinyXML2_DIR-NOTFOUND
[0.625s] -- Using RMW implementation 'rmw_fastrtps_cpp' as default
[0.669s] -- Found ament_lint_auto: 0.12.11 (/opt/ros/humble/share/ament_lint_auto/cmake)
[0.677s] -- Added test 'copyright' to check source files copyright and LICENSE
[0.678s] -- Added test 'cppcheck' to perform static code analysis on C / C++ code
[0.678s] -- Configured cppcheck include dirs: /home/v/Dev/Github/Cerberus/Control/cerberus_ws/src/cerberus/odrive_hardware_interface/include
[0.678s] -- Configured cppcheck exclude dirs and/or files: 
[0.679s] -- Added test 'cpplint' to check C / C++ code against the Google style
[0.679s] -- Configured cpplint exclude dirs and/or files: 
[0.680s] -- Added test 'lint_cmake' to check CMake code style
[0.680s] -- Added test 'uncrustify' to check C / C++ code style
[0.681s] -- Configured uncrustify additional arguments: 
[0.681s] -- Added test 'xmllint' to check XML markup files
[0.682s] -- Configuring done
[0.719s] -- Generating done
[0.725s] -- Build files have been written to: /home/v/Dev/Github/Cerberus/Control/cerberus_ws/build/odrive_hardware_interface
[0.732s] Invoked command in '/home/v/Dev/Github/Cerberus/Control/cerberus_ws/build/odrive_hardware_interface' returned '0': CMAKE_PREFIX_PATH=${CMAKE_PREFIX_PATH}:/home/v/Dev/Github/Cerberus/Control/cerberus_ws/install/cerberus_leg_loop:/opt/ros/humble /usr/bin/cmake /home/v/Dev/Github/Cerberus/Control/cerberus_ws/src/cerberus/odrive_hardware_interface -DAMENT_CMAKE_SYMLINK_INSTALL=1 -DCMAKE_INSTALL_PREFIX=/home/v/Dev/Github/Cerberus/Control/cerberus_ws/install/odrive_hardware_interface
[0.733s] Invoking command in '/home/v/Dev/Github/Cerberus/Control/cerberus_ws/build/odrive_hardware_interface': CMAKE_PREFIX_PATH=${CMAKE_PREFIX_PATH}:/home/v/Dev/Github/Cerberus/Control/cerberus_ws/install/cerberus_leg_loop:/opt/ros/humble /usr/bin/cmake --build /home/v/Dev/Github/Cerberus/Control/cerberus_ws/build/odrive_hardware_interface -- -j12 -l12
[0.762s] [ 25%] [32m[1mLinking CXX shared library libodrive_usb.so[0m
[0.873s] [ 50%] Built target odrive_usb
[0.892s] [ 75%] [32m[1mLinking CXX shared library libodrive_hardware_interface.so[0m
[1.024s] [100%] Built target odrive_hardware_interface
[1.029s] Invoked command in '/home/v/Dev/Github/Cerberus/Control/cerberus_ws/build/odrive_hardware_interface' returned '0': CMAKE_PREFIX_PATH=${CMAKE_PREFIX_PATH}:/home/v/Dev/Github/Cerberus/Control/cerberus_ws/install/cerberus_leg_loop:/opt/ros/humble /usr/bin/cmake --build /home/v/Dev/Github/Cerberus/Control/cerberus_ws/build/odrive_hardware_interface -- -j12 -l12
[1.030s] Invoking command in '/home/v/Dev/Github/Cerberus/Control/cerberus_ws/build/odrive_hardware_interface': CMAKE_PREFIX_PATH=${CMAKE_PREFIX_PATH}:/home/v/Dev/Github/Cerberus/Control/cerberus_ws/install/cerberus_leg_loop:/opt/ros/humble /usr/bin/cmake --install /home/v/Dev/Github/Cerberus/Control/cerberus_ws/build/odrive_hardware_interface
[1.032s] -- Install configuration: ""
[1.033s] -- Execute custom install script
[1.033s] -- Symlinking: /home/v/Dev/Github/Cerberus/Control/cerberus_ws/install/odrive_hardware_interface/share/odrive_hardware_interface//odrive_hardware_interface.xml
[1.037s] -- Symlinking: /home/v/Dev/Github/Cerberus/Control/cerberus_ws/install/odrive_hardware_interface/include/odrive_hardware_interface/odrive_endpoints.hpp
[1.040s] -- Symlinking: /home/v/Dev/Github/Cerberus/Control/cerberus_ws/install/odrive_hardware_interface/include/odrive_hardware_interface/odrive_hardware_interface.hpp
[1.042s] -- Symlinking: /home/v/Dev/Github/Cerberus/Control/cerberus_ws/install/odrive_hardware_interface/include/odrive_hardware_interface/odrive_usb.hpp
[1.045s] -- Symlinking: /home/v/Dev/Github/Cerberus/Control/cerberus_ws/install/odrive_hardware_interface/include/odrive_hardware_interface/visibility_control.hpp
[1.047s] -- Symlinking: /home/v/Dev/Github/Cerberus/Control/cerberus_ws/install/odrive_hardware_interface/share/odrive_hardware_interface/environment/library_path.sh
[1.051s] -- Symlinking: /home/v/Dev/Github/Cerberus/Control/cerberus_ws/install/odrive_hardware_interface/share/odrive_hardware_interface/environment/library_path.dsv
[1.053s] -- Symlinking: /home/v/Dev/Github/Cerberus/Control/cerberus_ws/install/odrive_hardware_interface/lib/libodrive_usb.so
[1.056s] -- Symlinking: /home/v/Dev/Github/Cerberus/Control/cerberus_ws/install/odrive_hardware_interface/lib/libodrive_hardware_interface.so
[1.059s] -- Symlinking: /home/v/Dev/Github/Cerberus/Control/cerberus_ws/install/odrive_hardware_interface/share/ament_index/resource_index/package_run_dependencies/odrive_hardware_interface
[1.061s] -- Symlinking: /home/v/Dev/Github/Cerberus/Control/cerberus_ws/install/odrive_hardware_interface/share/ament_index/resource_index/parent_prefix_path/odrive_hardware_interface
[1.065s] -- Symlinking: /home/v/Dev/Github/Cerberus/Control/cerberus_ws/install/odrive_hardware_interface/share/odrive_hardware_interface/environment/ament_prefix_path.sh
[1.068s] -- Symlinking: /home/v/Dev/Github/Cerberus/Control/cerberus_ws/install/odrive_hardware_interface/share/odrive_hardware_interface/environment/ament_prefix_path.dsv
[1.071s] -- Symlinking: /home/v/Dev/Github/Cerberus/Control/cerberus_ws/install/odrive_hardware_interface/share/odrive_hardware_interface/environment/path.sh
[1.074s] -- Symlinking: /home/v/Dev/Github/Cerberus/Control/cerberus_ws/install/odrive_hardware_interface/share/odrive_hardware_interface/environment/path.dsv
[1.076s] -- Symlinking: /home/v/Dev/Github/Cerberus/Control/cerberus_ws/install/odrive_hardware_interface/share/odrive_hardware_interface/local_setup.bash
[1.079s] -- Symlinking: /home/v/Dev/Github/Cerberus/Control/cerberus_ws/install/odrive_hardware_interface/share/odrive_hardware_interface/local_setup.sh
[1.082s] -- Symlinking: /home/v/Dev/Github/Cerberus/Control/cerberus_ws/install/odrive_hardware_interface/share/odrive_hardware_interface/local_setup.zsh
[1.085s] -- Symlinking: /home/v/Dev/Github/Cerberus/Control/cerberus_ws/install/odrive_hardware_interface/share/odrive_hardware_interface/local_setup.dsv
[1.088s] -- Symlinking: /home/v/Dev/Github/Cerberus/Control/cerberus_ws/install/odrive_hardware_interface/share/odrive_hardware_interface/package.dsv
[1.091s] -- Symlinking: /home/v/Dev/Github/Cerberus/Control/cerberus_ws/install/odrive_hardware_interface/share/ament_index/resource_index/packages/odrive_hardware_interface
[1.094s] -- Symlinking: /home/v/Dev/Github/Cerberus/Control/cerberus_ws/install/odrive_hardware_interface/share/ament_index/resource_index/hardware_interface__pluginlib__plugin/odrive_hardware_interface
[1.097s] -- Symlinking: /home/v/Dev/Github/Cerberus/Control/cerberus_ws/install/odrive_hardware_interface/share/odrive_hardware_interface/cmake/ament_cmake_export_dependencies-extras.cmake
[1.100s] -- Symlinking: /home/v/Dev/Github/Cerberus/Control/cerberus_ws/install/odrive_hardware_interface/share/odrive_hardware_interface/cmake/ament_cmake_export_include_directories-extras.cmake
[1.103s] -- Symlinking: /home/v/Dev/Github/Cerberus/Control/cerberus_ws/install/odrive_hardware_interface/share/odrive_hardware_interface/cmake/ament_cmake_export_libraries-extras.cmake
[1.106s] -- Symlinking: /home/v/Dev/Github/Cerberus/Control/cerberus_ws/install/odrive_hardware_interface/share/odrive_hardware_interface/cmake/odrive_hardware_interfaceConfig.cmake
[1.109s] -- Symlinking: /home/v/Dev/Github/Cerberus/Control/cerberus_ws/install/odrive_hardware_interface/share/odrive_hardware_interface/cmake/odrive_hardware_interfaceConfig-version.cmake
[1.112s] -- Symlinking: /home/v/Dev/Github/Cerberus/Control/cerberus_ws/install/odrive_hardware_interface/share/odrive_hardware_interface/package.xml
[1.117s] Invoked command in '/home/v/Dev/Github/Cerberus/Control/cerberus_ws/build/odrive_hardware_interface' returned '0': CMAKE_PREFIX_PATH=${CMAKE_PREFIX_PATH}:/home/v/Dev/Github/Cerberus/Control/cerberus_ws/install/cerberus_leg_loop:/opt/ros/humble /usr/bin/cmake --install /home/v/Dev/Github/Cerberus/Control/cerberus_ws/build/odrive_hardware_interface
