[0.008s] Invoking command in '/home/v/Dev/Github/Cerberus/Control/cerberus_ws/build/cerberus_gazebo': CMAKE_PREFIX_PATH=/home/v/Dev/Github/Cerberus/Control/cerberus_ws/install/cerberus_description:/home/v/Dev/Github/Cerberus/Control/cerberus_ws/install/odrive_hardware_interface:/home/v/Dev/Github/Cerberus/Control/cerberus_ws/install/cerberus_gazebo:/home/v/Dev/Github/Cerberus/Control/cerberus_ws/install/cerberus_bringup:/opt/ros/humble /usr/bin/cmake --build /home/v/Dev/Github/Cerberus/Control/cerberus_ws/build/cerberus_gazebo -- -j12 -l12
[0.033s] [ 50%] Built target BasicSystem
[0.033s] [100%] Built target FullSystem
[0.044s] Invoked command in '/home/v/Dev/Github/Cerberus/Control/cerberus_ws/build/cerberus_gazebo' returned '0': CMAKE_PREFIX_PATH=/home/v/Dev/Github/Cerberus/Control/cerberus_ws/install/cerberus_description:/home/v/Dev/Github/Cerberus/Control/cerberus_ws/install/odrive_hardware_interface:/home/v/Dev/Github/Cerberus/Control/cerberus_ws/install/cerberus_gazebo:/home/v/Dev/Github/Cerberus/Control/cerberus_ws/install/cerberus_bringup:/opt/ros/humble /usr/bin/cmake --build /home/v/Dev/Github/Cerberus/Control/cerberus_ws/build/cerberus_gazebo -- -j12 -l12
[0.045s] Invoking command in '/home/v/Dev/Github/Cerberus/Control/cerberus_ws/build/cerberus_gazebo': CMAKE_PREFIX_PATH=/home/v/Dev/Github/Cerberus/Control/cerberus_ws/install/cerberus_description:/home/v/Dev/Github/Cerberus/Control/cerberus_ws/install/odrive_hardware_interface:/home/v/Dev/Github/Cerberus/Control/cerberus_ws/install/cerberus_gazebo:/home/v/Dev/Github/Cerberus/Control/cerberus_ws/install/cerberus_bringup:/opt/ros/humble /usr/bin/cmake --install /home/v/Dev/Github/Cerberus/Control/cerberus_ws/build/cerberus_gazebo
[0.049s] -- Install configuration: ""
[0.049s] -- Up-to-date: /home/v/Dev/Github/Cerberus/Control/cerberus_ws/install/cerberus_gazebo/lib/cerberus_gazebo/libBasicSystem.so
[0.049s] -- Up-to-date: /home/v/Dev/Github/Cerberus/Control/cerberus_ws/install/cerberus_gazebo/lib/cerberus_gazebo/libFullSystem.so
[0.049s] -- Up-to-date: /home/v/Dev/Github/Cerberus/Control/cerberus_ws/install/cerberus_gazebo/share/cerberus_gazebo/worlds
[0.049s] -- Up-to-date: /home/v/Dev/Github/Cerberus/Control/cerberus_ws/install/cerberus_gazebo/share/cerberus_gazebo/worlds/cerberus.sdf
[0.049s] -- Up-to-date: /home/v/Dev/Github/Cerberus/Control/cerberus_ws/install/cerberus_gazebo/share/cerberus_gazebo/environment/cerberus_gazebo.dsv
[0.050s] -- Up-to-date: /home/v/Dev/Github/Cerberus/Control/cerberus_ws/install/cerberus_gazebo/share/cerberus_gazebo/environment/cerberus_gazebo.sh
[0.050s] -- Up-to-date: /home/v/Dev/Github/Cerberus/Control/cerberus_ws/install/cerberus_gazebo/share/ament_index/resource_index/package_run_dependencies/cerberus_gazebo
[0.050s] -- Up-to-date: /home/v/Dev/Github/Cerberus/Control/cerberus_ws/install/cerberus_gazebo/share/ament_index/resource_index/parent_prefix_path/cerberus_gazebo
[0.050s] -- Up-to-date: /home/v/Dev/Github/Cerberus/Control/cerberus_ws/install/cerberus_gazebo/share/cerberus_gazebo/environment/ament_prefix_path.sh
[0.050s] -- Up-to-date: /home/v/Dev/Github/Cerberus/Control/cerberus_ws/install/cerberus_gazebo/share/cerberus_gazebo/environment/ament_prefix_path.dsv
[0.050s] -- Up-to-date: /home/v/Dev/Github/Cerberus/Control/cerberus_ws/install/cerberus_gazebo/share/cerberus_gazebo/environment/path.sh
[0.050s] -- Up-to-date: /home/v/Dev/Github/Cerberus/Control/cerberus_ws/install/cerberus_gazebo/share/cerberus_gazebo/environment/path.dsv
[0.050s] -- Up-to-date: /home/v/Dev/Github/Cerberus/Control/cerberus_ws/install/cerberus_gazebo/share/cerberus_gazebo/local_setup.bash
[0.050s] -- Up-to-date: /home/v/Dev/Github/Cerberus/Control/cerberus_ws/install/cerberus_gazebo/share/cerberus_gazebo/local_setup.sh
[0.050s] -- Up-to-date: /home/v/Dev/Github/Cerberus/Control/cerberus_ws/install/cerberus_gazebo/share/cerberus_gazebo/local_setup.zsh
[0.050s] -- Up-to-date: /home/v/Dev/Github/Cerberus/Control/cerberus_ws/install/cerberus_gazebo/share/cerberus_gazebo/local_setup.dsv
[0.050s] -- Installing: /home/v/Dev/Github/Cerberus/Control/cerberus_ws/install/cerberus_gazebo/share/cerberus_gazebo/package.dsv
[0.050s] -- Up-to-date: /home/v/Dev/Github/Cerberus/Control/cerberus_ws/install/cerberus_gazebo/share/ament_index/resource_index/packages/cerberus_gazebo
[0.050s] -- Up-to-date: /home/v/Dev/Github/Cerberus/Control/cerberus_ws/install/cerberus_gazebo/share/cerberus_gazebo/cmake/cerberus_gazeboConfig.cmake
[0.050s] -- Up-to-date: /home/v/Dev/Github/Cerberus/Control/cerberus_ws/install/cerberus_gazebo/share/cerberus_gazebo/cmake/cerberus_gazeboConfig-version.cmake
[0.050s] -- Up-to-date: /home/v/Dev/Github/Cerberus/Control/cerberus_ws/install/cerberus_gazebo/share/cerberus_gazebo/package.xml
[0.051s] Invoked command in '/home/v/Dev/Github/Cerberus/Control/cerberus_ws/build/cerberus_gazebo' returned '0': CMAKE_PREFIX_PATH=/home/v/Dev/Github/Cerberus/Control/cerberus_ws/install/cerberus_description:/home/v/Dev/Github/Cerberus/Control/cerberus_ws/install/odrive_hardware_interface:/home/v/Dev/Github/Cerberus/Control/cerberus_ws/install/cerberus_gazebo:/home/v/Dev/Github/Cerberus/Control/cerberus_ws/install/cerberus_bringup:/opt/ros/humble /usr/bin/cmake --install /home/v/Dev/Github/Cerberus/Control/cerberus_ws/build/cerberus_gazebo
