[0.113s] DEBUG:colcon:Command line arguments: ['/usr/bin/colcon', 'build', '--symlink-install']
[0.113s] DEBUG:colcon:Parsed command line arguments: Namespace(log_base=None, log_level=None, verb_name='build', build_base='build', install_base='install', merge_install=False, symlink_install=True, test_result_base=None, continue_on_error=False, executor='parallel', parallel_workers=12, event_handlers=None, ignore_user_meta=False, metas=['./colcon.meta'], base_paths=['.'], packages_ignore=None, packages_ignore_regex=None, paths=None, packages_up_to=None, packages_up_to_regex=None, packages_above=None, packages_above_and_dependencies=None, packages_above_depth=None, packages_select_by_dep=None, packages_skip_by_dep=None, packages_skip_up_to=None, packages_select_build_failed=False, packages_skip_build_finished=False, packages_select_test_failures=False, packages_skip_test_passed=False, packages_select=None, packages_skip=None, packages_select_regex=None, packages_skip_regex=None, packages_start=None, packages_end=None, allow_overriding=[], cmake_args=None, cmake_target=None, cmake_target_skip_unavailable=False, cmake_clean_cache=False, cmake_clean_first=False, cmake_force_configure=False, ament_cmake_args=None, catkin_cmake_args=None, catkin_skip_building_tests=False, mixin_files=None, mixin=None, verb_parser=<colcon_mixin.mixin.mixin_argument.MixinArgumentDecorator object at 0x74ca7f761e70>, verb_extension=<colcon_core.verb.build.BuildVerb object at 0x74ca7f761600>, main=<bound method BuildVerb.main of <colcon_core.verb.build.BuildVerb object at 0x74ca7f761600>>, mixin_verb=('build',))
[0.301s] Level 1:colcon.colcon_core.package_discovery:discover_packages(colcon_meta) check parameters
[0.301s] Level 1:colcon.colcon_core.package_discovery:discover_packages(recursive) check parameters
[0.301s] Level 1:colcon.colcon_core.package_discovery:discover_packages(ignore) check parameters
[0.301s] Level 1:colcon.colcon_core.package_discovery:discover_packages(path) check parameters
[0.301s] Level 1:colcon.colcon_core.package_discovery:discover_packages(colcon_meta) discover
[0.301s] Level 1:colcon.colcon_core.package_discovery:discover_packages(recursive) discover
[0.301s] INFO:colcon.colcon_core.package_discovery:Crawling recursively for packages in '/home/v/Dev/Github/Cerberus/Control/cerberus_ws'
[0.301s] Level 1:colcon.colcon_core.package_identification:_identify(.) by extensions ['ignore', 'ignore_ament_install']
[0.302s] Level 1:colcon.colcon_core.package_identification:_identify(.) by extension 'ignore'
[0.302s] Level 1:colcon.colcon_core.package_identification:_identify(.) by extension 'ignore_ament_install'
[0.302s] Level 1:colcon.colcon_core.package_identification:_identify(.) by extensions ['colcon_pkg']
[0.302s] Level 1:colcon.colcon_core.package_identification:_identify(.) by extension 'colcon_pkg'
[0.302s] Level 1:colcon.colcon_core.package_identification:_identify(.) by extensions ['colcon_meta']
[0.302s] Level 1:colcon.colcon_core.package_identification:_identify(.) by extension 'colcon_meta'
[0.302s] Level 1:colcon.colcon_core.package_identification:_identify(.) by extensions ['ros']
[0.302s] Level 1:colcon.colcon_core.package_identification:_identify(.) by extension 'ros'
[0.313s] Level 1:colcon.colcon_core.package_identification:_identify(.) by extensions ['cmake', 'python']
[0.313s] Level 1:colcon.colcon_core.package_identification:_identify(.) by extension 'cmake'
[0.313s] Level 1:colcon.colcon_core.package_identification:_identify(.) by extension 'python'
[0.313s] Level 1:colcon.colcon_core.package_identification:_identify(.) by extensions ['python_setup_py']
[0.313s] Level 1:colcon.colcon_core.package_identification:_identify(.) by extension 'python_setup_py'
[0.313s] Level 1:colcon.colcon_core.package_identification:_identify(build) by extensions ['ignore', 'ignore_ament_install']
[0.313s] Level 1:colcon.colcon_core.package_identification:_identify(build) by extension 'ignore'
[0.313s] Level 1:colcon.colcon_core.package_identification:_identify(build) ignored
[0.313s] Level 1:colcon.colcon_core.package_identification:_identify(install) by extensions ['ignore', 'ignore_ament_install']
[0.313s] Level 1:colcon.colcon_core.package_identification:_identify(install) by extension 'ignore'
[0.313s] Level 1:colcon.colcon_core.package_identification:_identify(install) ignored
[0.313s] Level 1:colcon.colcon_core.package_identification:_identify(log) by extensions ['ignore', 'ignore_ament_install']
[0.314s] Level 1:colcon.colcon_core.package_identification:_identify(log) by extension 'ignore'
[0.314s] Level 1:colcon.colcon_core.package_identification:_identify(log) ignored
[0.314s] Level 1:colcon.colcon_core.package_identification:_identify(src) by extensions ['ignore', 'ignore_ament_install']
[0.314s] Level 1:colcon.colcon_core.package_identification:_identify(src) by extension 'ignore'
[0.314s] Level 1:colcon.colcon_core.package_identification:_identify(src) by extension 'ignore_ament_install'
[0.314s] Level 1:colcon.colcon_core.package_identification:_identify(src) by extensions ['colcon_pkg']
[0.314s] Level 1:colcon.colcon_core.package_identification:_identify(src) by extension 'colcon_pkg'
[0.314s] Level 1:colcon.colcon_core.package_identification:_identify(src) by extensions ['colcon_meta']
[0.314s] Level 1:colcon.colcon_core.package_identification:_identify(src) by extension 'colcon_meta'
[0.314s] Level 1:colcon.colcon_core.package_identification:_identify(src) by extensions ['ros']
[0.314s] Level 1:colcon.colcon_core.package_identification:_identify(src) by extension 'ros'
[0.314s] Level 1:colcon.colcon_core.package_identification:_identify(src) by extensions ['cmake', 'python']
[0.314s] Level 1:colcon.colcon_core.package_identification:_identify(src) by extension 'cmake'
[0.314s] Level 1:colcon.colcon_core.package_identification:_identify(src) by extension 'python'
[0.314s] Level 1:colcon.colcon_core.package_identification:_identify(src) by extensions ['python_setup_py']
[0.314s] Level 1:colcon.colcon_core.package_identification:_identify(src) by extension 'python_setup_py'
[0.314s] Level 1:colcon.colcon_core.package_identification:_identify(src/cerberus_final) by extensions ['ignore', 'ignore_ament_install']
[0.314s] Level 1:colcon.colcon_core.package_identification:_identify(src/cerberus_final) by extension 'ignore'
[0.315s] Level 1:colcon.colcon_core.package_identification:_identify(src/cerberus_final) by extension 'ignore_ament_install'
[0.315s] Level 1:colcon.colcon_core.package_identification:_identify(src/cerberus_final) by extensions ['colcon_pkg']
[0.315s] Level 1:colcon.colcon_core.package_identification:_identify(src/cerberus_final) by extension 'colcon_pkg'
[0.315s] Level 1:colcon.colcon_core.package_identification:_identify(src/cerberus_final) by extensions ['colcon_meta']
[0.315s] Level 1:colcon.colcon_core.package_identification:_identify(src/cerberus_final) by extension 'colcon_meta'
[0.315s] Level 1:colcon.colcon_core.package_identification:_identify(src/cerberus_final) by extensions ['ros']
[0.315s] Level 1:colcon.colcon_core.package_identification:_identify(src/cerberus_final) by extension 'ros'
[0.315s] Level 1:colcon.colcon_core.package_identification:_identify(src/cerberus_final) by extensions ['cmake', 'python']
[0.315s] Level 1:colcon.colcon_core.package_identification:_identify(src/cerberus_final) by extension 'cmake'
[0.315s] Level 1:colcon.colcon_core.package_identification:_identify(src/cerberus_final) by extension 'python'
[0.315s] Level 1:colcon.colcon_core.package_identification:_identify(src/cerberus_final) by extensions ['python_setup_py']
[0.315s] Level 1:colcon.colcon_core.package_identification:_identify(src/cerberus_final) by extension 'python_setup_py'
[0.315s] Level 1:colcon.colcon_core.package_identification:_identify(src/cerberus_final/cerberus_bringup) by extensions ['ignore', 'ignore_ament_install']
[0.315s] Level 1:colcon.colcon_core.package_identification:_identify(src/cerberus_final/cerberus_bringup) by extension 'ignore'
[0.315s] Level 1:colcon.colcon_core.package_identification:_identify(src/cerberus_final/cerberus_bringup) by extension 'ignore_ament_install'
[0.315s] Level 1:colcon.colcon_core.package_identification:_identify(src/cerberus_final/cerberus_bringup) by extensions ['colcon_pkg']
[0.315s] Level 1:colcon.colcon_core.package_identification:_identify(src/cerberus_final/cerberus_bringup) by extension 'colcon_pkg'
[0.315s] Level 1:colcon.colcon_core.package_identification:_identify(src/cerberus_final/cerberus_bringup) by extensions ['colcon_meta']
[0.315s] Level 1:colcon.colcon_core.package_identification:_identify(src/cerberus_final/cerberus_bringup) by extension 'colcon_meta'
[0.315s] Level 1:colcon.colcon_core.package_identification:_identify(src/cerberus_final/cerberus_bringup) by extensions ['ros']
[0.315s] Level 1:colcon.colcon_core.package_identification:_identify(src/cerberus_final/cerberus_bringup) by extension 'ros'
[0.318s] DEBUG:colcon.colcon_core.package_identification:Package 'src/cerberus_final/cerberus_bringup' with type 'ros.ament_cmake' and name 'cerberus_bringup'
[0.318s] Level 1:colcon.colcon_core.package_identification:_identify(src/cerberus_final/cerberus_description) by extensions ['ignore', 'ignore_ament_install']
[0.318s] Level 1:colcon.colcon_core.package_identification:_identify(src/cerberus_final/cerberus_description) by extension 'ignore'
[0.318s] Level 1:colcon.colcon_core.package_identification:_identify(src/cerberus_final/cerberus_description) by extension 'ignore_ament_install'
[0.318s] Level 1:colcon.colcon_core.package_identification:_identify(src/cerberus_final/cerberus_description) by extensions ['colcon_pkg']
[0.318s] Level 1:colcon.colcon_core.package_identification:_identify(src/cerberus_final/cerberus_description) by extension 'colcon_pkg'
[0.318s] Level 1:colcon.colcon_core.package_identification:_identify(src/cerberus_final/cerberus_description) by extensions ['colcon_meta']
[0.318s] Level 1:colcon.colcon_core.package_identification:_identify(src/cerberus_final/cerberus_description) by extension 'colcon_meta'
[0.318s] Level 1:colcon.colcon_core.package_identification:_identify(src/cerberus_final/cerberus_description) by extensions ['ros']
[0.318s] Level 1:colcon.colcon_core.package_identification:_identify(src/cerberus_final/cerberus_description) by extension 'ros'
[0.319s] DEBUG:colcon.colcon_core.package_identification:Package 'src/cerberus_final/cerberus_description' with type 'ros.ament_cmake' and name 'cerberus_description'
[0.319s] Level 1:colcon.colcon_core.package_identification:_identify(src/cerberus_final/cerberus_gazebo) by extensions ['ignore', 'ignore_ament_install']
[0.319s] Level 1:colcon.colcon_core.package_identification:_identify(src/cerberus_final/cerberus_gazebo) by extension 'ignore'
[0.319s] Level 1:colcon.colcon_core.package_identification:_identify(src/cerberus_final/cerberus_gazebo) by extension 'ignore_ament_install'
[0.319s] Level 1:colcon.colcon_core.package_identification:_identify(src/cerberus_final/cerberus_gazebo) by extensions ['colcon_pkg']
[0.319s] Level 1:colcon.colcon_core.package_identification:_identify(src/cerberus_final/cerberus_gazebo) by extension 'colcon_pkg'
[0.319s] Level 1:colcon.colcon_core.package_identification:_identify(src/cerberus_final/cerberus_gazebo) by extensions ['colcon_meta']
[0.319s] Level 1:colcon.colcon_core.package_identification:_identify(src/cerberus_final/cerberus_gazebo) by extension 'colcon_meta'
[0.319s] Level 1:colcon.colcon_core.package_identification:_identify(src/cerberus_final/cerberus_gazebo) by extensions ['ros']
[0.319s] Level 1:colcon.colcon_core.package_identification:_identify(src/cerberus_final/cerberus_gazebo) by extension 'ros'
[0.320s] DEBUG:colcon.colcon_core.package_identification:Package 'src/cerberus_final/cerberus_gazebo' with type 'ros.ament_cmake' and name 'cerberus_gazebo'
[0.320s] Level 1:colcon.colcon_core.package_identification:_identify(src/cerberus_final/odrive_hardware_interface) by extensions ['ignore', 'ignore_ament_install']
[0.320s] Level 1:colcon.colcon_core.package_identification:_identify(src/cerberus_final/odrive_hardware_interface) by extension 'ignore'
[0.320s] Level 1:colcon.colcon_core.package_identification:_identify(src/cerberus_final/odrive_hardware_interface) by extension 'ignore_ament_install'
[0.320s] Level 1:colcon.colcon_core.package_identification:_identify(src/cerberus_final/odrive_hardware_interface) by extensions ['colcon_pkg']
[0.320s] Level 1:colcon.colcon_core.package_identification:_identify(src/cerberus_final/odrive_hardware_interface) by extension 'colcon_pkg'
[0.320s] Level 1:colcon.colcon_core.package_identification:_identify(src/cerberus_final/odrive_hardware_interface) by extensions ['colcon_meta']
[0.320s] Level 1:colcon.colcon_core.package_identification:_identify(src/cerberus_final/odrive_hardware_interface) by extension 'colcon_meta'
[0.320s] Level 1:colcon.colcon_core.package_identification:_identify(src/cerberus_final/odrive_hardware_interface) by extensions ['ros']
[0.320s] Level 1:colcon.colcon_core.package_identification:_identify(src/cerberus_final/odrive_hardware_interface) by extension 'ros'
[0.321s] DEBUG:colcon.colcon_core.package_identification:Package 'src/cerberus_final/odrive_hardware_interface' with type 'ros.ament_cmake' and name 'odrive_hardware_interface'
[0.321s] Level 1:colcon.colcon_core.package_identification:_identify(src/python_scripts) by extensions ['ignore', 'ignore_ament_install']
[0.321s] Level 1:colcon.colcon_core.package_identification:_identify(src/python_scripts) by extension 'ignore'
[0.321s] Level 1:colcon.colcon_core.package_identification:_identify(src/python_scripts) by extension 'ignore_ament_install'
[0.321s] Level 1:colcon.colcon_core.package_identification:_identify(src/python_scripts) by extensions ['colcon_pkg']
[0.321s] Level 1:colcon.colcon_core.package_identification:_identify(src/python_scripts) by extension 'colcon_pkg'
[0.321s] Level 1:colcon.colcon_core.package_identification:_identify(src/python_scripts) by extensions ['colcon_meta']
[0.322s] Level 1:colcon.colcon_core.package_identification:_identify(src/python_scripts) by extension 'colcon_meta'
[0.322s] Level 1:colcon.colcon_core.package_identification:_identify(src/python_scripts) by extensions ['ros']
[0.322s] Level 1:colcon.colcon_core.package_identification:_identify(src/python_scripts) by extension 'ros'
[0.322s] Level 1:colcon.colcon_core.package_identification:_identify(src/python_scripts) by extensions ['cmake', 'python']
[0.322s] Level 1:colcon.colcon_core.package_identification:_identify(src/python_scripts) by extension 'cmake'
[0.322s] Level 1:colcon.colcon_core.package_identification:_identify(src/python_scripts) by extension 'python'
[0.322s] Level 1:colcon.colcon_core.package_identification:_identify(src/python_scripts) by extensions ['python_setup_py']
[0.322s] Level 1:colcon.colcon_core.package_identification:_identify(src/python_scripts) by extension 'python_setup_py'
[0.322s] Level 1:colcon.colcon_core.package_discovery:discover_packages(recursive) using defaults
[0.322s] Level 1:colcon.colcon_core.package_discovery:discover_packages(ignore) discover
[0.322s] Level 1:colcon.colcon_core.package_discovery:discover_packages(ignore) using defaults
[0.322s] Level 1:colcon.colcon_core.package_discovery:discover_packages(path) discover
[0.322s] Level 1:colcon.colcon_core.package_discovery:discover_packages(path) using defaults
[0.351s] Level 1:colcon.colcon_core.package_discovery:discover_packages(prefix_path) check parameters
[0.351s] Level 1:colcon.colcon_core.package_discovery:discover_packages(prefix_path) discover
[0.353s] DEBUG:colcon.colcon_installed_package_information.package_discovery:Found 4 installed packages in /home/v/Dev/Github/Cerberus/Control/cerberus_ws/install
[0.355s] DEBUG:colcon.colcon_installed_package_information.package_discovery:Found 347 installed packages in /opt/ros/humble
[0.357s] Level 1:colcon.colcon_core.package_discovery:discover_packages(prefix_path) using defaults
[0.403s] Level 5:colcon.colcon_core.verb:set package 'cerberus_description' build argument 'cmake_args' from command line to 'None'
[0.403s] Level 5:colcon.colcon_core.verb:set package 'cerberus_description' build argument 'cmake_target' from command line to 'None'
[0.403s] Level 5:colcon.colcon_core.verb:set package 'cerberus_description' build argument 'cmake_target_skip_unavailable' from command line to 'False'
[0.403s] Level 5:colcon.colcon_core.verb:set package 'cerberus_description' build argument 'cmake_clean_cache' from command line to 'False'
[0.404s] Level 5:colcon.colcon_core.verb:set package 'cerberus_description' build argument 'cmake_clean_first' from command line to 'False'
[0.404s] Level 5:colcon.colcon_core.verb:set package 'cerberus_description' build argument 'cmake_force_configure' from command line to 'False'
[0.404s] Level 5:colcon.colcon_core.verb:set package 'cerberus_description' build argument 'ament_cmake_args' from command line to 'None'
[0.404s] Level 5:colcon.colcon_core.verb:set package 'cerberus_description' build argument 'catkin_cmake_args' from command line to 'None'
[0.404s] Level 5:colcon.colcon_core.verb:set package 'cerberus_description' build argument 'catkin_skip_building_tests' from command line to 'False'
[0.404s] DEBUG:colcon.colcon_core.verb:Building package 'cerberus_description' with the following arguments: {'ament_cmake_args': None, 'build_base': '/home/v/Dev/Github/Cerberus/Control/cerberus_ws/build/cerberus_description', 'catkin_cmake_args': None, 'catkin_skip_building_tests': False, 'cmake_args': None, 'cmake_clean_cache': False, 'cmake_clean_first': False, 'cmake_force_configure': False, 'cmake_target': None, 'cmake_target_skip_unavailable': False, 'install_base': '/home/v/Dev/Github/Cerberus/Control/cerberus_ws/install/cerberus_description', 'merge_install': False, 'path': '/home/v/Dev/Github/Cerberus/Control/cerberus_ws/src/cerberus_final/cerberus_description', 'symlink_install': True, 'test_result_base': None}
[0.404s] Level 5:colcon.colcon_core.verb:set package 'odrive_hardware_interface' build argument 'cmake_args' from command line to 'None'
[0.404s] Level 5:colcon.colcon_core.verb:set package 'odrive_hardware_interface' build argument 'cmake_target' from command line to 'None'
[0.404s] Level 5:colcon.colcon_core.verb:set package 'odrive_hardware_interface' build argument 'cmake_target_skip_unavailable' from command line to 'False'
[0.404s] Level 5:colcon.colcon_core.verb:set package 'odrive_hardware_interface' build argument 'cmake_clean_cache' from command line to 'False'
[0.404s] Level 5:colcon.colcon_core.verb:set package 'odrive_hardware_interface' build argument 'cmake_clean_first' from command line to 'False'
[0.404s] Level 5:colcon.colcon_core.verb:set package 'odrive_hardware_interface' build argument 'cmake_force_configure' from command line to 'False'
[0.404s] Level 5:colcon.colcon_core.verb:set package 'odrive_hardware_interface' build argument 'ament_cmake_args' from command line to 'None'
[0.404s] Level 5:colcon.colcon_core.verb:set package 'odrive_hardware_interface' build argument 'catkin_cmake_args' from command line to 'None'
[0.404s] Level 5:colcon.colcon_core.verb:set package 'odrive_hardware_interface' build argument 'catkin_skip_building_tests' from command line to 'False'
[0.404s] DEBUG:colcon.colcon_core.verb:Building package 'odrive_hardware_interface' with the following arguments: {'ament_cmake_args': None, 'build_base': '/home/v/Dev/Github/Cerberus/Control/cerberus_ws/build/odrive_hardware_interface', 'catkin_cmake_args': None, 'catkin_skip_building_tests': False, 'cmake_args': None, 'cmake_clean_cache': False, 'cmake_clean_first': False, 'cmake_force_configure': False, 'cmake_target': None, 'cmake_target_skip_unavailable': False, 'install_base': '/home/v/Dev/Github/Cerberus/Control/cerberus_ws/install/odrive_hardware_interface', 'merge_install': False, 'path': '/home/v/Dev/Github/Cerberus/Control/cerberus_ws/src/cerberus_final/odrive_hardware_interface', 'symlink_install': True, 'test_result_base': None}
[0.405s] Level 5:colcon.colcon_core.verb:set package 'cerberus_bringup' build argument 'cmake_args' from command line to 'None'
[0.405s] Level 5:colcon.colcon_core.verb:set package 'cerberus_bringup' build argument 'cmake_target' from command line to 'None'
[0.405s] Level 5:colcon.colcon_core.verb:set package 'cerberus_bringup' build argument 'cmake_target_skip_unavailable' from command line to 'False'
[0.405s] Level 5:colcon.colcon_core.verb:set package 'cerberus_bringup' build argument 'cmake_clean_cache' from command line to 'False'
[0.405s] Level 5:colcon.colcon_core.verb:set package 'cerberus_bringup' build argument 'cmake_clean_first' from command line to 'False'
[0.405s] Level 5:colcon.colcon_core.verb:set package 'cerberus_bringup' build argument 'cmake_force_configure' from command line to 'False'
[0.405s] Level 5:colcon.colcon_core.verb:set package 'cerberus_bringup' build argument 'ament_cmake_args' from command line to 'None'
[0.405s] Level 5:colcon.colcon_core.verb:set package 'cerberus_bringup' build argument 'catkin_cmake_args' from command line to 'None'
[0.405s] Level 5:colcon.colcon_core.verb:set package 'cerberus_bringup' build argument 'catkin_skip_building_tests' from command line to 'False'
[0.405s] DEBUG:colcon.colcon_core.verb:Building package 'cerberus_bringup' with the following arguments: {'ament_cmake_args': None, 'build_base': '/home/v/Dev/Github/Cerberus/Control/cerberus_ws/build/cerberus_bringup', 'catkin_cmake_args': None, 'catkin_skip_building_tests': False, 'cmake_args': None, 'cmake_clean_cache': False, 'cmake_clean_first': False, 'cmake_force_configure': False, 'cmake_target': None, 'cmake_target_skip_unavailable': False, 'install_base': '/home/v/Dev/Github/Cerberus/Control/cerberus_ws/install/cerberus_bringup', 'merge_install': False, 'path': '/home/v/Dev/Github/Cerberus/Control/cerberus_ws/src/cerberus_final/cerberus_bringup', 'symlink_install': True, 'test_result_base': None}
[0.405s] Level 5:colcon.colcon_core.verb:set package 'cerberus_gazebo' build argument 'cmake_args' from command line to 'None'
[0.405s] Level 5:colcon.colcon_core.verb:set package 'cerberus_gazebo' build argument 'cmake_target' from command line to 'None'
[0.405s] Level 5:colcon.colcon_core.verb:set package 'cerberus_gazebo' build argument 'cmake_target_skip_unavailable' from command line to 'False'
[0.405s] Level 5:colcon.colcon_core.verb:set package 'cerberus_gazebo' build argument 'cmake_clean_cache' from command line to 'False'
[0.405s] Level 5:colcon.colcon_core.verb:set package 'cerberus_gazebo' build argument 'cmake_clean_first' from command line to 'False'
[0.405s] Level 5:colcon.colcon_core.verb:set package 'cerberus_gazebo' build argument 'cmake_force_configure' from command line to 'False'
[0.405s] Level 5:colcon.colcon_core.verb:set package 'cerberus_gazebo' build argument 'ament_cmake_args' from command line to 'None'
[0.405s] Level 5:colcon.colcon_core.verb:set package 'cerberus_gazebo' build argument 'catkin_cmake_args' from command line to 'None'
[0.405s] Level 5:colcon.colcon_core.verb:set package 'cerberus_gazebo' build argument 'catkin_skip_building_tests' from command line to 'False'
[0.405s] DEBUG:colcon.colcon_core.verb:Building package 'cerberus_gazebo' with the following arguments: {'ament_cmake_args': None, 'build_base': '/home/v/Dev/Github/Cerberus/Control/cerberus_ws/build/cerberus_gazebo', 'catkin_cmake_args': None, 'catkin_skip_building_tests': False, 'cmake_args': None, 'cmake_clean_cache': False, 'cmake_clean_first': False, 'cmake_force_configure': False, 'cmake_target': None, 'cmake_target_skip_unavailable': False, 'install_base': '/home/v/Dev/Github/Cerberus/Control/cerberus_ws/install/cerberus_gazebo', 'merge_install': False, 'path': '/home/v/Dev/Github/Cerberus/Control/cerberus_ws/src/cerberus_final/cerberus_gazebo', 'symlink_install': True, 'test_result_base': None}
[0.405s] INFO:colcon.colcon_core.executor:Executing jobs using 'parallel' executor
[0.407s] DEBUG:colcon.colcon_parallel_executor.executor.parallel:run_until_complete
[0.407s] INFO:colcon.colcon_ros.task.ament_cmake.build:Building ROS package in '/home/v/Dev/Github/Cerberus/Control/cerberus_ws/src/cerberus_final/cerberus_description' with build type 'ament_cmake'
[0.407s] INFO:colcon.colcon_cmake.task.cmake.build:Building CMake package in '/home/v/Dev/Github/Cerberus/Control/cerberus_ws/src/cerberus_final/cerberus_description'
[0.409s] INFO:colcon.colcon_core.plugin_system:Skipping extension 'colcon_core.shell.bat': Not used on non-Windows systems
[0.409s] INFO:colcon.colcon_core.shell:Skip shell extension 'powershell' for command environment: Not usable outside of PowerShell
[0.409s] DEBUG:colcon.colcon_core.shell:Skip shell extension 'dsv' for command environment
[0.413s] INFO:colcon.colcon_ros.task.ament_cmake.build:Building ROS package in '/home/v/Dev/Github/Cerberus/Control/cerberus_ws/src/cerberus_final/odrive_hardware_interface' with build type 'ament_cmake'
[0.414s] INFO:colcon.colcon_cmake.task.cmake.build:Building CMake package in '/home/v/Dev/Github/Cerberus/Control/cerberus_ws/src/cerberus_final/odrive_hardware_interface'
[0.414s] INFO:colcon.colcon_core.shell:Skip shell extension 'powershell' for command environment: Not usable outside of PowerShell
[0.414s] DEBUG:colcon.colcon_core.shell:Skip shell extension 'dsv' for command environment
[0.423s] DEBUG:colcon.colcon_core.event_handler.log_command:Invoking command in '/home/v/Dev/Github/Cerberus/Control/cerberus_ws/build/cerberus_description': CMAKE_PREFIX_PATH=${CMAKE_PREFIX_PATH}:/opt/ros/humble /usr/bin/cmake /home/v/Dev/Github/Cerberus/Control/cerberus_ws/src/cerberus_final/cerberus_description -DAMENT_CMAKE_SYMLINK_INSTALL=1 -DCMAKE_INSTALL_PREFIX=/home/v/Dev/Github/Cerberus/Control/cerberus_ws/install/cerberus_description
[0.427s] DEBUG:colcon.colcon_core.event_handler.log_command:Invoking command in '/home/v/Dev/Github/Cerberus/Control/cerberus_ws/build/odrive_hardware_interface': CMAKE_PREFIX_PATH=${CMAKE_PREFIX_PATH}:/opt/ros/humble /usr/bin/cmake /home/v/Dev/Github/Cerberus/Control/cerberus_ws/src/cerberus_final/odrive_hardware_interface -DAMENT_CMAKE_SYMLINK_INSTALL=1 -DCMAKE_INSTALL_PREFIX=/home/v/Dev/Github/Cerberus/Control/cerberus_ws/install/odrive_hardware_interface
[0.626s] DEBUG:colcon.colcon_core.event_handler.log_command:Invoked command in '/home/v/Dev/Github/Cerberus/Control/cerberus_ws/build/cerberus_description' returned '0': CMAKE_PREFIX_PATH=${CMAKE_PREFIX_PATH}:/opt/ros/humble /usr/bin/cmake /home/v/Dev/Github/Cerberus/Control/cerberus_ws/src/cerberus_final/cerberus_description -DAMENT_CMAKE_SYMLINK_INSTALL=1 -DCMAKE_INSTALL_PREFIX=/home/v/Dev/Github/Cerberus/Control/cerberus_ws/install/cerberus_description
[0.628s] DEBUG:colcon.colcon_core.event_handler.log_command:Invoking command in '/home/v/Dev/Github/Cerberus/Control/cerberus_ws/build/cerberus_description': CMAKE_PREFIX_PATH=${CMAKE_PREFIX_PATH}:/opt/ros/humble /usr/bin/cmake --build /home/v/Dev/Github/Cerberus/Control/cerberus_ws/build/cerberus_description -- -j12 -l12
[0.648s] DEBUG:colcon.colcon_core.event_handler.log_command:Invoked command in '/home/v/Dev/Github/Cerberus/Control/cerberus_ws/build/cerberus_description' returned '0': CMAKE_PREFIX_PATH=${CMAKE_PREFIX_PATH}:/opt/ros/humble /usr/bin/cmake --build /home/v/Dev/Github/Cerberus/Control/cerberus_ws/build/cerberus_description -- -j12 -l12
[0.654s] DEBUG:colcon.colcon_core.event_handler.log_command:Invoking command in '/home/v/Dev/Github/Cerberus/Control/cerberus_ws/build/cerberus_description': CMAKE_PREFIX_PATH=${CMAKE_PREFIX_PATH}:/opt/ros/humble /usr/bin/cmake --install /home/v/Dev/Github/Cerberus/Control/cerberus_ws/build/cerberus_description
[0.738s] Level 1:colcon.colcon_core.environment:create_environment_scripts_only(cerberus_description)
[0.739s] DEBUG:colcon.colcon_core.event_handler.log_command:Invoked command in '/home/v/Dev/Github/Cerberus/Control/cerberus_ws/build/cerberus_description' returned '0': CMAKE_PREFIX_PATH=${CMAKE_PREFIX_PATH}:/opt/ros/humble /usr/bin/cmake --install /home/v/Dev/Github/Cerberus/Control/cerberus_ws/build/cerberus_description
[0.740s] Level 1:colcon.colcon_core.environment:checking '/home/v/Dev/Github/Cerberus/Control/cerberus_ws/install/cerberus_description' for CMake module files
[0.741s] Level 1:colcon.colcon_core.environment:checking '/home/v/Dev/Github/Cerberus/Control/cerberus_ws/install/cerberus_description' for CMake config files
[0.741s] Level 1:colcon.colcon_core.shell:create_environment_hook('cerberus_description', 'cmake_prefix_path')
[0.741s] INFO:colcon.colcon_core.shell:Creating environment hook '/home/v/Dev/Github/Cerberus/Control/cerberus_ws/install/cerberus_description/share/cerberus_description/hook/cmake_prefix_path.ps1'
[0.742s] INFO:colcon.colcon_core.shell:Creating environment descriptor '/home/v/Dev/Github/Cerberus/Control/cerberus_ws/install/cerberus_description/share/cerberus_description/hook/cmake_prefix_path.dsv'
[0.742s] INFO:colcon.colcon_core.shell:Creating environment hook '/home/v/Dev/Github/Cerberus/Control/cerberus_ws/install/cerberus_description/share/cerberus_description/hook/cmake_prefix_path.sh'
[0.743s] Level 1:colcon.colcon_core.environment:checking '/home/v/Dev/Github/Cerberus/Control/cerberus_ws/install/cerberus_description/bin'
[0.743s] Level 1:colcon.colcon_core.environment:checking '/home/v/Dev/Github/Cerberus/Control/cerberus_ws/install/cerberus_description/lib/pkgconfig/cerberus_description.pc'
[0.743s] Level 1:colcon.colcon_core.environment:checking '/home/v/Dev/Github/Cerberus/Control/cerberus_ws/install/cerberus_description/lib/python3.10/site-packages'
[0.744s] Level 1:colcon.colcon_core.environment:checking '/home/v/Dev/Github/Cerberus/Control/cerberus_ws/install/cerberus_description/bin'
[0.744s] INFO:colcon.colcon_core.shell:Creating package script '/home/v/Dev/Github/Cerberus/Control/cerberus_ws/install/cerberus_description/share/cerberus_description/package.ps1'
[0.744s] INFO:colcon.colcon_core.shell:Creating package descriptor '/home/v/Dev/Github/Cerberus/Control/cerberus_ws/install/cerberus_description/share/cerberus_description/package.dsv'
[0.745s] INFO:colcon.colcon_core.shell:Creating package script '/home/v/Dev/Github/Cerberus/Control/cerberus_ws/install/cerberus_description/share/cerberus_description/package.sh'
[0.745s] INFO:colcon.colcon_core.shell:Creating package script '/home/v/Dev/Github/Cerberus/Control/cerberus_ws/install/cerberus_description/share/cerberus_description/package.bash'
[0.746s] INFO:colcon.colcon_core.shell:Creating package script '/home/v/Dev/Github/Cerberus/Control/cerberus_ws/install/cerberus_description/share/cerberus_description/package.zsh'
[0.747s] Level 1:colcon.colcon_core.environment:create_file_with_runtime_dependencies(/home/v/Dev/Github/Cerberus/Control/cerberus_ws/install/cerberus_description/share/colcon-core/packages/cerberus_description)
[0.747s] Level 1:colcon.colcon_core.environment:create_environment_scripts_only(cerberus_description)
[0.747s] Level 1:colcon.colcon_core.environment:checking '/home/v/Dev/Github/Cerberus/Control/cerberus_ws/install/cerberus_description' for CMake module files
[0.747s] Level 1:colcon.colcon_core.environment:checking '/home/v/Dev/Github/Cerberus/Control/cerberus_ws/install/cerberus_description' for CMake config files
[0.748s] Level 1:colcon.colcon_core.shell:create_environment_hook('cerberus_description', 'cmake_prefix_path')
[0.748s] INFO:colcon.colcon_core.shell:Creating environment hook '/home/v/Dev/Github/Cerberus/Control/cerberus_ws/install/cerberus_description/share/cerberus_description/hook/cmake_prefix_path.ps1'
[0.748s] INFO:colcon.colcon_core.shell:Creating environment descriptor '/home/v/Dev/Github/Cerberus/Control/cerberus_ws/install/cerberus_description/share/cerberus_description/hook/cmake_prefix_path.dsv'
[0.748s] INFO:colcon.colcon_core.shell:Creating environment hook '/home/v/Dev/Github/Cerberus/Control/cerberus_ws/install/cerberus_description/share/cerberus_description/hook/cmake_prefix_path.sh'
[0.749s] Level 1:colcon.colcon_core.environment:checking '/home/v/Dev/Github/Cerberus/Control/cerberus_ws/install/cerberus_description/bin'
[0.749s] Level 1:colcon.colcon_core.environment:checking '/home/v/Dev/Github/Cerberus/Control/cerberus_ws/install/cerberus_description/lib/pkgconfig/cerberus_description.pc'
[0.749s] Level 1:colcon.colcon_core.environment:checking '/home/v/Dev/Github/Cerberus/Control/cerberus_ws/install/cerberus_description/lib/python3.10/site-packages'
[0.749s] Level 1:colcon.colcon_core.environment:checking '/home/v/Dev/Github/Cerberus/Control/cerberus_ws/install/cerberus_description/bin'
[0.749s] INFO:colcon.colcon_core.shell:Creating package script '/home/v/Dev/Github/Cerberus/Control/cerberus_ws/install/cerberus_description/share/cerberus_description/package.ps1'
[0.750s] INFO:colcon.colcon_core.shell:Creating package descriptor '/home/v/Dev/Github/Cerberus/Control/cerberus_ws/install/cerberus_description/share/cerberus_description/package.dsv'
[0.750s] INFO:colcon.colcon_core.shell:Creating package script '/home/v/Dev/Github/Cerberus/Control/cerberus_ws/install/cerberus_description/share/cerberus_description/package.sh'
[0.750s] INFO:colcon.colcon_core.shell:Creating package script '/home/v/Dev/Github/Cerberus/Control/cerberus_ws/install/cerberus_description/share/cerberus_description/package.bash'
[0.751s] INFO:colcon.colcon_core.shell:Creating package script '/home/v/Dev/Github/Cerberus/Control/cerberus_ws/install/cerberus_description/share/cerberus_description/package.zsh'
[0.751s] Level 1:colcon.colcon_core.environment:create_file_with_runtime_dependencies(/home/v/Dev/Github/Cerberus/Control/cerberus_ws/install/cerberus_description/share/colcon-core/packages/cerberus_description)
[0.751s] INFO:colcon.colcon_ros.task.ament_cmake.build:Building ROS package in '/home/v/Dev/Github/Cerberus/Control/cerberus_ws/src/cerberus_final/cerberus_bringup' with build type 'ament_cmake'
[0.751s] INFO:colcon.colcon_cmake.task.cmake.build:Building CMake package in '/home/v/Dev/Github/Cerberus/Control/cerberus_ws/src/cerberus_final/cerberus_bringup'
[0.751s] INFO:colcon.colcon_core.shell:Skip shell extension 'powershell' for command environment: Not usable outside of PowerShell
[0.751s] DEBUG:colcon.colcon_core.shell:Skip shell extension 'dsv' for command environment
[0.755s] INFO:colcon.colcon_ros.task.ament_cmake.build:Building ROS package in '/home/v/Dev/Github/Cerberus/Control/cerberus_ws/src/cerberus_final/cerberus_gazebo' with build type 'ament_cmake'
[0.755s] INFO:colcon.colcon_cmake.task.cmake.build:Building CMake package in '/home/v/Dev/Github/Cerberus/Control/cerberus_ws/src/cerberus_final/cerberus_gazebo'
[0.755s] INFO:colcon.colcon_core.shell:Skip shell extension 'powershell' for command environment: Not usable outside of PowerShell
[0.755s] DEBUG:colcon.colcon_core.shell:Skip shell extension 'dsv' for command environment
[0.761s] DEBUG:colcon.colcon_core.event_handler.log_command:Invoking command in '/home/v/Dev/Github/Cerberus/Control/cerberus_ws/build/cerberus_bringup': CMAKE_PREFIX_PATH=/home/v/Dev/Github/Cerberus/Control/cerberus_ws/install/cerberus_description:/home/v/Dev/Github/Cerberus/Control/cerberus_ws/install/odrive_hardware_interface:/home/v/Dev/Github/Cerberus/Control/cerberus_ws/install/cerberus_gazebo:/home/v/Dev/Github/Cerberus/Control/cerberus_ws/install/cerberus_bringup:/opt/ros/humble /usr/bin/cmake /home/v/Dev/Github/Cerberus/Control/cerberus_ws/src/cerberus_final/cerberus_bringup -DAMENT_CMAKE_SYMLINK_INSTALL=1 -DCMAKE_INSTALL_PREFIX=/home/v/Dev/Github/Cerberus/Control/cerberus_ws/install/cerberus_bringup
[0.763s] DEBUG:colcon.colcon_core.event_handler.log_command:Invoking command in '/home/v/Dev/Github/Cerberus/Control/cerberus_ws/build/cerberus_gazebo': CMAKE_PREFIX_PATH=/home/v/Dev/Github/Cerberus/Control/cerberus_ws/install/cerberus_description:/home/v/Dev/Github/Cerberus/Control/cerberus_ws/install/odrive_hardware_interface:/home/v/Dev/Github/Cerberus/Control/cerberus_ws/install/cerberus_gazebo:/home/v/Dev/Github/Cerberus/Control/cerberus_ws/install/cerberus_bringup:/opt/ros/humble /usr/bin/cmake /home/v/Dev/Github/Cerberus/Control/cerberus_ws/src/cerberus_final/cerberus_gazebo -DAMENT_CMAKE_SYMLINK_INSTALL=1 -DCMAKE_INSTALL_PREFIX=/home/v/Dev/Github/Cerberus/Control/cerberus_ws/install/cerberus_gazebo
[0.889s] DEBUG:colcon.colcon_core.event_handler.log_command:Invoked command in '/home/v/Dev/Github/Cerberus/Control/cerberus_ws/build/cerberus_bringup' returned '0': CMAKE_PREFIX_PATH=/home/v/Dev/Github/Cerberus/Control/cerberus_ws/install/cerberus_description:/home/v/Dev/Github/Cerberus/Control/cerberus_ws/install/odrive_hardware_interface:/home/v/Dev/Github/Cerberus/Control/cerberus_ws/install/cerberus_gazebo:/home/v/Dev/Github/Cerberus/Control/cerberus_ws/install/cerberus_bringup:/opt/ros/humble /usr/bin/cmake /home/v/Dev/Github/Cerberus/Control/cerberus_ws/src/cerberus_final/cerberus_bringup -DAMENT_CMAKE_SYMLINK_INSTALL=1 -DCMAKE_INSTALL_PREFIX=/home/v/Dev/Github/Cerberus/Control/cerberus_ws/install/cerberus_bringup
[0.890s] DEBUG:colcon.colcon_core.event_handler.log_command:Invoking command in '/home/v/Dev/Github/Cerberus/Control/cerberus_ws/build/cerberus_bringup': CMAKE_PREFIX_PATH=/home/v/Dev/Github/Cerberus/Control/cerberus_ws/install/cerberus_description:/home/v/Dev/Github/Cerberus/Control/cerberus_ws/install/odrive_hardware_interface:/home/v/Dev/Github/Cerberus/Control/cerberus_ws/install/cerberus_gazebo:/home/v/Dev/Github/Cerberus/Control/cerberus_ws/install/cerberus_bringup:/opt/ros/humble /usr/bin/cmake --build /home/v/Dev/Github/Cerberus/Control/cerberus_ws/build/cerberus_bringup -- -j12 -l12
[0.904s] DEBUG:colcon.colcon_core.event_handler.log_command:Invoked command in '/home/v/Dev/Github/Cerberus/Control/cerberus_ws/build/cerberus_bringup' returned '0': CMAKE_PREFIX_PATH=/home/v/Dev/Github/Cerberus/Control/cerberus_ws/install/cerberus_description:/home/v/Dev/Github/Cerberus/Control/cerberus_ws/install/odrive_hardware_interface:/home/v/Dev/Github/Cerberus/Control/cerberus_ws/install/cerberus_gazebo:/home/v/Dev/Github/Cerberus/Control/cerberus_ws/install/cerberus_bringup:/opt/ros/humble /usr/bin/cmake --build /home/v/Dev/Github/Cerberus/Control/cerberus_ws/build/cerberus_bringup -- -j12 -l12
[0.905s] DEBUG:colcon.colcon_core.event_handler.log_command:Invoking command in '/home/v/Dev/Github/Cerberus/Control/cerberus_ws/build/cerberus_bringup': CMAKE_PREFIX_PATH=/home/v/Dev/Github/Cerberus/Control/cerberus_ws/install/cerberus_description:/home/v/Dev/Github/Cerberus/Control/cerberus_ws/install/odrive_hardware_interface:/home/v/Dev/Github/Cerberus/Control/cerberus_ws/install/cerberus_gazebo:/home/v/Dev/Github/Cerberus/Control/cerberus_ws/install/cerberus_bringup:/opt/ros/humble /usr/bin/cmake --install /home/v/Dev/Github/Cerberus/Control/cerberus_ws/build/cerberus_bringup
[0.976s] Level 1:colcon.colcon_core.environment:create_environment_scripts_only(cerberus_bringup)
[0.977s] Level 1:colcon.colcon_core.environment:checking '/home/v/Dev/Github/Cerberus/Control/cerberus_ws/install/cerberus_bringup' for CMake module files
[0.977s] DEBUG:colcon.colcon_core.event_handler.log_command:Invoked command in '/home/v/Dev/Github/Cerberus/Control/cerberus_ws/build/cerberus_bringup' returned '0': CMAKE_PREFIX_PATH=/home/v/Dev/Github/Cerberus/Control/cerberus_ws/install/cerberus_description:/home/v/Dev/Github/Cerberus/Control/cerberus_ws/install/odrive_hardware_interface:/home/v/Dev/Github/Cerberus/Control/cerberus_ws/install/cerberus_gazebo:/home/v/Dev/Github/Cerberus/Control/cerberus_ws/install/cerberus_bringup:/opt/ros/humble /usr/bin/cmake --install /home/v/Dev/Github/Cerberus/Control/cerberus_ws/build/cerberus_bringup
[0.977s] Level 1:colcon.colcon_core.environment:checking '/home/v/Dev/Github/Cerberus/Control/cerberus_ws/install/cerberus_bringup' for CMake config files
[0.978s] Level 1:colcon.colcon_core.shell:create_environment_hook('cerberus_bringup', 'cmake_prefix_path')
[0.978s] INFO:colcon.colcon_core.shell:Creating environment hook '/home/v/Dev/Github/Cerberus/Control/cerberus_ws/install/cerberus_bringup/share/cerberus_bringup/hook/cmake_prefix_path.ps1'
[0.978s] INFO:colcon.colcon_core.shell:Creating environment descriptor '/home/v/Dev/Github/Cerberus/Control/cerberus_ws/install/cerberus_bringup/share/cerberus_bringup/hook/cmake_prefix_path.dsv'
[0.978s] INFO:colcon.colcon_core.shell:Creating environment hook '/home/v/Dev/Github/Cerberus/Control/cerberus_ws/install/cerberus_bringup/share/cerberus_bringup/hook/cmake_prefix_path.sh'
[0.979s] Level 1:colcon.colcon_core.environment:checking '/home/v/Dev/Github/Cerberus/Control/cerberus_ws/install/cerberus_bringup/bin'
[0.979s] Level 1:colcon.colcon_core.environment:checking '/home/v/Dev/Github/Cerberus/Control/cerberus_ws/install/cerberus_bringup/lib/pkgconfig/cerberus_bringup.pc'
[0.979s] Level 1:colcon.colcon_core.environment:checking '/home/v/Dev/Github/Cerberus/Control/cerberus_ws/install/cerberus_bringup/lib/python3.10/site-packages'
[0.979s] Level 1:colcon.colcon_core.environment:checking '/home/v/Dev/Github/Cerberus/Control/cerberus_ws/install/cerberus_bringup/bin'
[0.979s] INFO:colcon.colcon_core.shell:Creating package script '/home/v/Dev/Github/Cerberus/Control/cerberus_ws/install/cerberus_bringup/share/cerberus_bringup/package.ps1'
[0.980s] INFO:colcon.colcon_core.shell:Creating package descriptor '/home/v/Dev/Github/Cerberus/Control/cerberus_ws/install/cerberus_bringup/share/cerberus_bringup/package.dsv'
[0.980s] INFO:colcon.colcon_core.shell:Creating package script '/home/v/Dev/Github/Cerberus/Control/cerberus_ws/install/cerberus_bringup/share/cerberus_bringup/package.sh'
[0.980s] INFO:colcon.colcon_core.shell:Creating package script '/home/v/Dev/Github/Cerberus/Control/cerberus_ws/install/cerberus_bringup/share/cerberus_bringup/package.bash'
[0.980s] INFO:colcon.colcon_core.shell:Creating package script '/home/v/Dev/Github/Cerberus/Control/cerberus_ws/install/cerberus_bringup/share/cerberus_bringup/package.zsh'
[0.980s] Level 1:colcon.colcon_core.environment:create_file_with_runtime_dependencies(/home/v/Dev/Github/Cerberus/Control/cerberus_ws/install/cerberus_bringup/share/colcon-core/packages/cerberus_bringup)
[0.981s] Level 1:colcon.colcon_core.environment:create_environment_scripts_only(cerberus_bringup)
[0.981s] Level 1:colcon.colcon_core.environment:checking '/home/v/Dev/Github/Cerberus/Control/cerberus_ws/install/cerberus_bringup' for CMake module files
[0.981s] Level 1:colcon.colcon_core.environment:checking '/home/v/Dev/Github/Cerberus/Control/cerberus_ws/install/cerberus_bringup' for CMake config files
[0.981s] Level 1:colcon.colcon_core.shell:create_environment_hook('cerberus_bringup', 'cmake_prefix_path')
[0.982s] INFO:colcon.colcon_core.shell:Creating environment hook '/home/v/Dev/Github/Cerberus/Control/cerberus_ws/install/cerberus_bringup/share/cerberus_bringup/hook/cmake_prefix_path.ps1'
[0.982s] INFO:colcon.colcon_core.shell:Creating environment descriptor '/home/v/Dev/Github/Cerberus/Control/cerberus_ws/install/cerberus_bringup/share/cerberus_bringup/hook/cmake_prefix_path.dsv'
[0.982s] INFO:colcon.colcon_core.shell:Creating environment hook '/home/v/Dev/Github/Cerberus/Control/cerberus_ws/install/cerberus_bringup/share/cerberus_bringup/hook/cmake_prefix_path.sh'
[0.982s] Level 1:colcon.colcon_core.environment:checking '/home/v/Dev/Github/Cerberus/Control/cerberus_ws/install/cerberus_bringup/bin'
[0.982s] Level 1:colcon.colcon_core.environment:checking '/home/v/Dev/Github/Cerberus/Control/cerberus_ws/install/cerberus_bringup/lib/pkgconfig/cerberus_bringup.pc'
[0.983s] Level 1:colcon.colcon_core.environment:checking '/home/v/Dev/Github/Cerberus/Control/cerberus_ws/install/cerberus_bringup/lib/python3.10/site-packages'
[0.983s] Level 1:colcon.colcon_core.environment:checking '/home/v/Dev/Github/Cerberus/Control/cerberus_ws/install/cerberus_bringup/bin'
[0.983s] INFO:colcon.colcon_core.shell:Creating package script '/home/v/Dev/Github/Cerberus/Control/cerberus_ws/install/cerberus_bringup/share/cerberus_bringup/package.ps1'
[0.983s] INFO:colcon.colcon_core.shell:Creating package descriptor '/home/v/Dev/Github/Cerberus/Control/cerberus_ws/install/cerberus_bringup/share/cerberus_bringup/package.dsv'
[0.984s] INFO:colcon.colcon_core.shell:Creating package script '/home/v/Dev/Github/Cerberus/Control/cerberus_ws/install/cerberus_bringup/share/cerberus_bringup/package.sh'
[0.984s] INFO:colcon.colcon_core.shell:Creating package script '/home/v/Dev/Github/Cerberus/Control/cerberus_ws/install/cerberus_bringup/share/cerberus_bringup/package.bash'
[0.985s] INFO:colcon.colcon_core.shell:Creating package script '/home/v/Dev/Github/Cerberus/Control/cerberus_ws/install/cerberus_bringup/share/cerberus_bringup/package.zsh'
[0.985s] Level 1:colcon.colcon_core.environment:create_file_with_runtime_dependencies(/home/v/Dev/Github/Cerberus/Control/cerberus_ws/install/cerberus_bringup/share/colcon-core/packages/cerberus_bringup)
[1.051s] DEBUG:colcon.colcon_core.event_handler.log_command:Invoked command in '/home/v/Dev/Github/Cerberus/Control/cerberus_ws/build/odrive_hardware_interface' returned '0': CMAKE_PREFIX_PATH=${CMAKE_PREFIX_PATH}:/opt/ros/humble /usr/bin/cmake /home/v/Dev/Github/Cerberus/Control/cerberus_ws/src/cerberus_final/odrive_hardware_interface -DAMENT_CMAKE_SYMLINK_INSTALL=1 -DCMAKE_INSTALL_PREFIX=/home/v/Dev/Github/Cerberus/Control/cerberus_ws/install/odrive_hardware_interface
[1.053s] DEBUG:colcon.colcon_core.event_handler.log_command:Invoking command in '/home/v/Dev/Github/Cerberus/Control/cerberus_ws/build/odrive_hardware_interface': CMAKE_PREFIX_PATH=${CMAKE_PREFIX_PATH}:/opt/ros/humble /usr/bin/cmake --build /home/v/Dev/Github/Cerberus/Control/cerberus_ws/build/odrive_hardware_interface -- -j12 -l12
[1.362s] DEBUG:colcon.colcon_core.event_handler.log_command:Invoked command in '/home/v/Dev/Github/Cerberus/Control/cerberus_ws/build/odrive_hardware_interface' returned '0': CMAKE_PREFIX_PATH=${CMAKE_PREFIX_PATH}:/opt/ros/humble /usr/bin/cmake --build /home/v/Dev/Github/Cerberus/Control/cerberus_ws/build/odrive_hardware_interface -- -j12 -l12
[1.363s] DEBUG:colcon.colcon_core.event_handler.log_command:Invoking command in '/home/v/Dev/Github/Cerberus/Control/cerberus_ws/build/odrive_hardware_interface': CMAKE_PREFIX_PATH=${CMAKE_PREFIX_PATH}:/opt/ros/humble /usr/bin/cmake --install /home/v/Dev/Github/Cerberus/Control/cerberus_ws/build/odrive_hardware_interface
[1.455s] Level 1:colcon.colcon_core.environment:create_environment_scripts_only(odrive_hardware_interface)
[1.456s] Level 1:colcon.colcon_core.environment:checking '/home/v/Dev/Github/Cerberus/Control/cerberus_ws/install/odrive_hardware_interface' for CMake module files
[1.456s] DEBUG:colcon.colcon_core.event_handler.log_command:Invoked command in '/home/v/Dev/Github/Cerberus/Control/cerberus_ws/build/odrive_hardware_interface' returned '0': CMAKE_PREFIX_PATH=${CMAKE_PREFIX_PATH}:/opt/ros/humble /usr/bin/cmake --install /home/v/Dev/Github/Cerberus/Control/cerberus_ws/build/odrive_hardware_interface
[1.456s] Level 1:colcon.colcon_core.environment:checking '/home/v/Dev/Github/Cerberus/Control/cerberus_ws/install/odrive_hardware_interface' for CMake config files
[1.457s] Level 1:colcon.colcon_core.shell:create_environment_hook('odrive_hardware_interface', 'cmake_prefix_path')
[1.457s] INFO:colcon.colcon_core.shell:Creating environment hook '/home/v/Dev/Github/Cerberus/Control/cerberus_ws/install/odrive_hardware_interface/share/odrive_hardware_interface/hook/cmake_prefix_path.ps1'
[1.457s] INFO:colcon.colcon_core.shell:Creating environment descriptor '/home/v/Dev/Github/Cerberus/Control/cerberus_ws/install/odrive_hardware_interface/share/odrive_hardware_interface/hook/cmake_prefix_path.dsv'
[1.457s] INFO:colcon.colcon_core.shell:Creating environment hook '/home/v/Dev/Github/Cerberus/Control/cerberus_ws/install/odrive_hardware_interface/share/odrive_hardware_interface/hook/cmake_prefix_path.sh'
[1.458s] Level 1:colcon.colcon_core.environment:checking '/home/v/Dev/Github/Cerberus/Control/cerberus_ws/install/odrive_hardware_interface/lib'
[1.458s] Level 1:colcon.colcon_core.shell:create_environment_hook('odrive_hardware_interface', 'ld_library_path_lib')
[1.458s] INFO:colcon.colcon_core.shell:Creating environment hook '/home/v/Dev/Github/Cerberus/Control/cerberus_ws/install/odrive_hardware_interface/share/odrive_hardware_interface/hook/ld_library_path_lib.ps1'
[1.458s] INFO:colcon.colcon_core.shell:Creating environment descriptor '/home/v/Dev/Github/Cerberus/Control/cerberus_ws/install/odrive_hardware_interface/share/odrive_hardware_interface/hook/ld_library_path_lib.dsv'
[1.458s] INFO:colcon.colcon_core.shell:Creating environment hook '/home/v/Dev/Github/Cerberus/Control/cerberus_ws/install/odrive_hardware_interface/share/odrive_hardware_interface/hook/ld_library_path_lib.sh'
[1.459s] Level 1:colcon.colcon_core.environment:checking '/home/v/Dev/Github/Cerberus/Control/cerberus_ws/install/odrive_hardware_interface/bin'
[1.459s] Level 1:colcon.colcon_core.environment:checking '/home/v/Dev/Github/Cerberus/Control/cerberus_ws/install/odrive_hardware_interface/lib/pkgconfig/odrive_hardware_interface.pc'
[1.459s] Level 1:colcon.colcon_core.environment:checking '/home/v/Dev/Github/Cerberus/Control/cerberus_ws/install/odrive_hardware_interface/lib/python3.10/site-packages'
[1.459s] Level 1:colcon.colcon_core.environment:checking '/home/v/Dev/Github/Cerberus/Control/cerberus_ws/install/odrive_hardware_interface/bin'
[1.459s] INFO:colcon.colcon_core.shell:Creating package script '/home/v/Dev/Github/Cerberus/Control/cerberus_ws/install/odrive_hardware_interface/share/odrive_hardware_interface/package.ps1'
[1.460s] INFO:colcon.colcon_core.shell:Creating package descriptor '/home/v/Dev/Github/Cerberus/Control/cerberus_ws/install/odrive_hardware_interface/share/odrive_hardware_interface/package.dsv'
[1.460s] INFO:colcon.colcon_core.shell:Creating package script '/home/v/Dev/Github/Cerberus/Control/cerberus_ws/install/odrive_hardware_interface/share/odrive_hardware_interface/package.sh'
[1.460s] INFO:colcon.colcon_core.shell:Creating package script '/home/v/Dev/Github/Cerberus/Control/cerberus_ws/install/odrive_hardware_interface/share/odrive_hardware_interface/package.bash'
[1.460s] INFO:colcon.colcon_core.shell:Creating package script '/home/v/Dev/Github/Cerberus/Control/cerberus_ws/install/odrive_hardware_interface/share/odrive_hardware_interface/package.zsh'
[1.461s] Level 1:colcon.colcon_core.environment:create_file_with_runtime_dependencies(/home/v/Dev/Github/Cerberus/Control/cerberus_ws/install/odrive_hardware_interface/share/colcon-core/packages/odrive_hardware_interface)
[1.461s] Level 1:colcon.colcon_core.environment:create_environment_scripts_only(odrive_hardware_interface)
[1.461s] Level 1:colcon.colcon_core.environment:checking '/home/v/Dev/Github/Cerberus/Control/cerberus_ws/install/odrive_hardware_interface' for CMake module files
[1.461s] Level 1:colcon.colcon_core.environment:checking '/home/v/Dev/Github/Cerberus/Control/cerberus_ws/install/odrive_hardware_interface' for CMake config files
[1.462s] Level 1:colcon.colcon_core.shell:create_environment_hook('odrive_hardware_interface', 'cmake_prefix_path')
[1.462s] INFO:colcon.colcon_core.shell:Creating environment hook '/home/v/Dev/Github/Cerberus/Control/cerberus_ws/install/odrive_hardware_interface/share/odrive_hardware_interface/hook/cmake_prefix_path.ps1'
[1.462s] INFO:colcon.colcon_core.shell:Creating environment descriptor '/home/v/Dev/Github/Cerberus/Control/cerberus_ws/install/odrive_hardware_interface/share/odrive_hardware_interface/hook/cmake_prefix_path.dsv'
[1.462s] INFO:colcon.colcon_core.shell:Creating environment hook '/home/v/Dev/Github/Cerberus/Control/cerberus_ws/install/odrive_hardware_interface/share/odrive_hardware_interface/hook/cmake_prefix_path.sh'
[1.463s] Level 1:colcon.colcon_core.environment:checking '/home/v/Dev/Github/Cerberus/Control/cerberus_ws/install/odrive_hardware_interface/lib'
[1.463s] Level 1:colcon.colcon_core.shell:create_environment_hook('odrive_hardware_interface', 'ld_library_path_lib')
[1.463s] INFO:colcon.colcon_core.shell:Creating environment hook '/home/v/Dev/Github/Cerberus/Control/cerberus_ws/install/odrive_hardware_interface/share/odrive_hardware_interface/hook/ld_library_path_lib.ps1'
[1.463s] INFO:colcon.colcon_core.shell:Creating environment descriptor '/home/v/Dev/Github/Cerberus/Control/cerberus_ws/install/odrive_hardware_interface/share/odrive_hardware_interface/hook/ld_library_path_lib.dsv'
[1.463s] INFO:colcon.colcon_core.shell:Creating environment hook '/home/v/Dev/Github/Cerberus/Control/cerberus_ws/install/odrive_hardware_interface/share/odrive_hardware_interface/hook/ld_library_path_lib.sh'
[1.464s] Level 1:colcon.colcon_core.environment:checking '/home/v/Dev/Github/Cerberus/Control/cerberus_ws/install/odrive_hardware_interface/bin'
[1.464s] Level 1:colcon.colcon_core.environment:checking '/home/v/Dev/Github/Cerberus/Control/cerberus_ws/install/odrive_hardware_interface/lib/pkgconfig/odrive_hardware_interface.pc'
[1.464s] Level 1:colcon.colcon_core.environment:checking '/home/v/Dev/Github/Cerberus/Control/cerberus_ws/install/odrive_hardware_interface/lib/python3.10/site-packages'
[1.464s] Level 1:colcon.colcon_core.environment:checking '/home/v/Dev/Github/Cerberus/Control/cerberus_ws/install/odrive_hardware_interface/bin'
[1.464s] INFO:colcon.colcon_core.shell:Creating package script '/home/v/Dev/Github/Cerberus/Control/cerberus_ws/install/odrive_hardware_interface/share/odrive_hardware_interface/package.ps1'
[1.465s] INFO:colcon.colcon_core.shell:Creating package descriptor '/home/v/Dev/Github/Cerberus/Control/cerberus_ws/install/odrive_hardware_interface/share/odrive_hardware_interface/package.dsv'
[1.465s] INFO:colcon.colcon_core.shell:Creating package script '/home/v/Dev/Github/Cerberus/Control/cerberus_ws/install/odrive_hardware_interface/share/odrive_hardware_interface/package.sh'
[1.465s] INFO:colcon.colcon_core.shell:Creating package script '/home/v/Dev/Github/Cerberus/Control/cerberus_ws/install/odrive_hardware_interface/share/odrive_hardware_interface/package.bash'
[1.466s] INFO:colcon.colcon_core.shell:Creating package script '/home/v/Dev/Github/Cerberus/Control/cerberus_ws/install/odrive_hardware_interface/share/odrive_hardware_interface/package.zsh'
[1.466s] Level 1:colcon.colcon_core.environment:create_file_with_runtime_dependencies(/home/v/Dev/Github/Cerberus/Control/cerberus_ws/install/odrive_hardware_interface/share/colcon-core/packages/odrive_hardware_interface)
[1.601s] DEBUG:colcon.colcon_core.event_handler.log_command:Invoked command in '/home/v/Dev/Github/Cerberus/Control/cerberus_ws/build/cerberus_gazebo' returned '0': CMAKE_PREFIX_PATH=/home/v/Dev/Github/Cerberus/Control/cerberus_ws/install/cerberus_description:/home/v/Dev/Github/Cerberus/Control/cerberus_ws/install/odrive_hardware_interface:/home/v/Dev/Github/Cerberus/Control/cerberus_ws/install/cerberus_gazebo:/home/v/Dev/Github/Cerberus/Control/cerberus_ws/install/cerberus_bringup:/opt/ros/humble /usr/bin/cmake /home/v/Dev/Github/Cerberus/Control/cerberus_ws/src/cerberus_final/cerberus_gazebo -DAMENT_CMAKE_SYMLINK_INSTALL=1 -DCMAKE_INSTALL_PREFIX=/home/v/Dev/Github/Cerberus/Control/cerberus_ws/install/cerberus_gazebo
[1.602s] DEBUG:colcon.colcon_core.event_handler.log_command:Invoking command in '/home/v/Dev/Github/Cerberus/Control/cerberus_ws/build/cerberus_gazebo': CMAKE_PREFIX_PATH=/home/v/Dev/Github/Cerberus/Control/cerberus_ws/install/cerberus_description:/home/v/Dev/Github/Cerberus/Control/cerberus_ws/install/odrive_hardware_interface:/home/v/Dev/Github/Cerberus/Control/cerberus_ws/install/cerberus_gazebo:/home/v/Dev/Github/Cerberus/Control/cerberus_ws/install/cerberus_bringup:/opt/ros/humble /usr/bin/cmake --build /home/v/Dev/Github/Cerberus/Control/cerberus_ws/build/cerberus_gazebo -- -j12 -l12
[1.637s] DEBUG:colcon.colcon_core.event_handler.log_command:Invoked command in '/home/v/Dev/Github/Cerberus/Control/cerberus_ws/build/cerberus_gazebo' returned '0': CMAKE_PREFIX_PATH=/home/v/Dev/Github/Cerberus/Control/cerberus_ws/install/cerberus_description:/home/v/Dev/Github/Cerberus/Control/cerberus_ws/install/odrive_hardware_interface:/home/v/Dev/Github/Cerberus/Control/cerberus_ws/install/cerberus_gazebo:/home/v/Dev/Github/Cerberus/Control/cerberus_ws/install/cerberus_bringup:/opt/ros/humble /usr/bin/cmake --build /home/v/Dev/Github/Cerberus/Control/cerberus_ws/build/cerberus_gazebo -- -j12 -l12
[1.639s] DEBUG:colcon.colcon_core.event_handler.log_command:Invoking command in '/home/v/Dev/Github/Cerberus/Control/cerberus_ws/build/cerberus_gazebo': CMAKE_PREFIX_PATH=/home/v/Dev/Github/Cerberus/Control/cerberus_ws/install/cerberus_description:/home/v/Dev/Github/Cerberus/Control/cerberus_ws/install/odrive_hardware_interface:/home/v/Dev/Github/Cerberus/Control/cerberus_ws/install/cerberus_gazebo:/home/v/Dev/Github/Cerberus/Control/cerberus_ws/install/cerberus_bringup:/opt/ros/humble /usr/bin/cmake --install /home/v/Dev/Github/Cerberus/Control/cerberus_ws/build/cerberus_gazebo
[1.707s] Level 1:colcon.colcon_core.environment:create_environment_scripts_only(cerberus_gazebo)
[1.708s] Level 1:colcon.colcon_core.environment:checking '/home/v/Dev/Github/Cerberus/Control/cerberus_ws/install/cerberus_gazebo' for CMake module files
[1.708s] DEBUG:colcon.colcon_core.event_handler.log_command:Invoked command in '/home/v/Dev/Github/Cerberus/Control/cerberus_ws/build/cerberus_gazebo' returned '0': CMAKE_PREFIX_PATH=/home/v/Dev/Github/Cerberus/Control/cerberus_ws/install/cerberus_description:/home/v/Dev/Github/Cerberus/Control/cerberus_ws/install/odrive_hardware_interface:/home/v/Dev/Github/Cerberus/Control/cerberus_ws/install/cerberus_gazebo:/home/v/Dev/Github/Cerberus/Control/cerberus_ws/install/cerberus_bringup:/opt/ros/humble /usr/bin/cmake --install /home/v/Dev/Github/Cerberus/Control/cerberus_ws/build/cerberus_gazebo
[1.709s] Level 1:colcon.colcon_core.environment:checking '/home/v/Dev/Github/Cerberus/Control/cerberus_ws/install/cerberus_gazebo' for CMake config files
[1.709s] Level 1:colcon.colcon_core.shell:create_environment_hook('cerberus_gazebo', 'cmake_prefix_path')
[1.709s] INFO:colcon.colcon_core.shell:Creating environment hook '/home/v/Dev/Github/Cerberus/Control/cerberus_ws/install/cerberus_gazebo/share/cerberus_gazebo/hook/cmake_prefix_path.ps1'
[1.709s] INFO:colcon.colcon_core.shell:Creating environment descriptor '/home/v/Dev/Github/Cerberus/Control/cerberus_ws/install/cerberus_gazebo/share/cerberus_gazebo/hook/cmake_prefix_path.dsv'
[1.709s] INFO:colcon.colcon_core.shell:Creating environment hook '/home/v/Dev/Github/Cerberus/Control/cerberus_ws/install/cerberus_gazebo/share/cerberus_gazebo/hook/cmake_prefix_path.sh'
[1.710s] Level 1:colcon.colcon_core.environment:checking '/home/v/Dev/Github/Cerberus/Control/cerberus_ws/install/cerberus_gazebo/lib'
[1.710s] Level 1:colcon.colcon_core.environment:checking '/home/v/Dev/Github/Cerberus/Control/cerberus_ws/install/cerberus_gazebo/bin'
[1.710s] Level 1:colcon.colcon_core.environment:checking '/home/v/Dev/Github/Cerberus/Control/cerberus_ws/install/cerberus_gazebo/lib/pkgconfig/cerberus_gazebo.pc'
[1.710s] Level 1:colcon.colcon_core.environment:checking '/home/v/Dev/Github/Cerberus/Control/cerberus_ws/install/cerberus_gazebo/lib/python3.10/site-packages'
[1.710s] Level 1:colcon.colcon_core.environment:checking '/home/v/Dev/Github/Cerberus/Control/cerberus_ws/install/cerberus_gazebo/bin'
[1.710s] INFO:colcon.colcon_core.shell:Creating package script '/home/v/Dev/Github/Cerberus/Control/cerberus_ws/install/cerberus_gazebo/share/cerberus_gazebo/package.ps1'
[1.711s] INFO:colcon.colcon_core.shell:Creating package descriptor '/home/v/Dev/Github/Cerberus/Control/cerberus_ws/install/cerberus_gazebo/share/cerberus_gazebo/package.dsv'
[1.711s] INFO:colcon.colcon_core.shell:Creating package script '/home/v/Dev/Github/Cerberus/Control/cerberus_ws/install/cerberus_gazebo/share/cerberus_gazebo/package.sh'
[1.711s] INFO:colcon.colcon_core.shell:Creating package script '/home/v/Dev/Github/Cerberus/Control/cerberus_ws/install/cerberus_gazebo/share/cerberus_gazebo/package.bash'
[1.711s] INFO:colcon.colcon_core.shell:Creating package script '/home/v/Dev/Github/Cerberus/Control/cerberus_ws/install/cerberus_gazebo/share/cerberus_gazebo/package.zsh'
[1.712s] Level 1:colcon.colcon_core.environment:create_file_with_runtime_dependencies(/home/v/Dev/Github/Cerberus/Control/cerberus_ws/install/cerberus_gazebo/share/colcon-core/packages/cerberus_gazebo)
[1.712s] Level 1:colcon.colcon_core.environment:create_environment_scripts_only(cerberus_gazebo)
[1.712s] Level 1:colcon.colcon_core.environment:checking '/home/v/Dev/Github/Cerberus/Control/cerberus_ws/install/cerberus_gazebo' for CMake module files
[1.712s] Level 1:colcon.colcon_core.environment:checking '/home/v/Dev/Github/Cerberus/Control/cerberus_ws/install/cerberus_gazebo' for CMake config files
[1.713s] Level 1:colcon.colcon_core.shell:create_environment_hook('cerberus_gazebo', 'cmake_prefix_path')
[1.713s] INFO:colcon.colcon_core.shell:Creating environment hook '/home/v/Dev/Github/Cerberus/Control/cerberus_ws/install/cerberus_gazebo/share/cerberus_gazebo/hook/cmake_prefix_path.ps1'
[1.713s] INFO:colcon.colcon_core.shell:Creating environment descriptor '/home/v/Dev/Github/Cerberus/Control/cerberus_ws/install/cerberus_gazebo/share/cerberus_gazebo/hook/cmake_prefix_path.dsv'
[1.713s] INFO:colcon.colcon_core.shell:Creating environment hook '/home/v/Dev/Github/Cerberus/Control/cerberus_ws/install/cerberus_gazebo/share/cerberus_gazebo/hook/cmake_prefix_path.sh'
[1.713s] Level 1:colcon.colcon_core.environment:checking '/home/v/Dev/Github/Cerberus/Control/cerberus_ws/install/cerberus_gazebo/lib'
[1.714s] Level 1:colcon.colcon_core.environment:checking '/home/v/Dev/Github/Cerberus/Control/cerberus_ws/install/cerberus_gazebo/bin'
[1.714s] Level 1:colcon.colcon_core.environment:checking '/home/v/Dev/Github/Cerberus/Control/cerberus_ws/install/cerberus_gazebo/lib/pkgconfig/cerberus_gazebo.pc'
[1.714s] Level 1:colcon.colcon_core.environment:checking '/home/v/Dev/Github/Cerberus/Control/cerberus_ws/install/cerberus_gazebo/lib/python3.10/site-packages'
[1.714s] Level 1:colcon.colcon_core.environment:checking '/home/v/Dev/Github/Cerberus/Control/cerberus_ws/install/cerberus_gazebo/bin'
[1.714s] INFO:colcon.colcon_core.shell:Creating package script '/home/v/Dev/Github/Cerberus/Control/cerberus_ws/install/cerberus_gazebo/share/cerberus_gazebo/package.ps1'
[1.714s] INFO:colcon.colcon_core.shell:Creating package descriptor '/home/v/Dev/Github/Cerberus/Control/cerberus_ws/install/cerberus_gazebo/share/cerberus_gazebo/package.dsv'
[1.715s] INFO:colcon.colcon_core.shell:Creating package script '/home/v/Dev/Github/Cerberus/Control/cerberus_ws/install/cerberus_gazebo/share/cerberus_gazebo/package.sh'
[1.715s] INFO:colcon.colcon_core.shell:Creating package script '/home/v/Dev/Github/Cerberus/Control/cerberus_ws/install/cerberus_gazebo/share/cerberus_gazebo/package.bash'
[1.715s] INFO:colcon.colcon_core.shell:Creating package script '/home/v/Dev/Github/Cerberus/Control/cerberus_ws/install/cerberus_gazebo/share/cerberus_gazebo/package.zsh'
[1.716s] Level 1:colcon.colcon_core.environment:create_file_with_runtime_dependencies(/home/v/Dev/Github/Cerberus/Control/cerberus_ws/install/cerberus_gazebo/share/colcon-core/packages/cerberus_gazebo)
[1.716s] DEBUG:colcon.colcon_parallel_executor.executor.parallel:closing loop
[1.716s] DEBUG:colcon.colcon_parallel_executor.executor.parallel:loop closed
[1.716s] DEBUG:colcon.colcon_parallel_executor.executor.parallel:run_until_complete finished with '0'
[1.716s] DEBUG:colcon.colcon_core.event_reactor:joining thread
[1.721s] INFO:colcon.colcon_core.plugin_system:Skipping extension 'colcon_notification.desktop_notification.terminal_notifier': Not used on non-Darwin systems
[1.721s] INFO:colcon.colcon_core.plugin_system:Skipping extension 'colcon_notification.desktop_notification.win32': Not used on non-Windows systems
[1.721s] INFO:colcon.colcon_notification.desktop_notification:Sending desktop notification using 'notify2'
[1.731s] DEBUG:colcon.colcon_core.event_reactor:joined thread
[1.732s] INFO:colcon.colcon_core.shell:Creating prefix script '/home/v/Dev/Github/Cerberus/Control/cerberus_ws/install/local_setup.ps1'
[1.732s] INFO:colcon.colcon_core.shell:Creating prefix util module '/home/v/Dev/Github/Cerberus/Control/cerberus_ws/install/_local_setup_util_ps1.py'
[1.733s] INFO:colcon.colcon_core.shell:Creating prefix chain script '/home/v/Dev/Github/Cerberus/Control/cerberus_ws/install/setup.ps1'
[1.734s] INFO:colcon.colcon_core.shell:Creating prefix script '/home/v/Dev/Github/Cerberus/Control/cerberus_ws/install/local_setup.sh'
[1.734s] INFO:colcon.colcon_core.shell:Creating prefix util module '/home/v/Dev/Github/Cerberus/Control/cerberus_ws/install/_local_setup_util_sh.py'
[1.735s] INFO:colcon.colcon_core.shell:Creating prefix chain script '/home/v/Dev/Github/Cerberus/Control/cerberus_ws/install/setup.sh'
[1.736s] INFO:colcon.colcon_core.shell:Creating prefix script '/home/v/Dev/Github/Cerberus/Control/cerberus_ws/install/local_setup.bash'
[1.736s] INFO:colcon.colcon_core.shell:Creating prefix chain script '/home/v/Dev/Github/Cerberus/Control/cerberus_ws/install/setup.bash'
[1.737s] INFO:colcon.colcon_core.shell:Creating prefix script '/home/v/Dev/Github/Cerberus/Control/cerberus_ws/install/local_setup.zsh'
[1.737s] INFO:colcon.colcon_core.shell:Creating prefix chain script '/home/v/Dev/Github/Cerberus/Control/cerberus_ws/install/setup.zsh'
