[0.117s] DEBUG:colcon:Command line arguments: ['/usr/bin/colcon', 'build', '--symlink-install']
[0.117s] DEBUG:colcon:Parsed command line arguments: Namespace(log_base=None, log_level=None, verb_name='build', build_base='build', install_base='install', merge_install=False, symlink_install=True, test_result_base=None, continue_on_error=False, executor='parallel', parallel_workers=12, event_handlers=None, ignore_user_meta=False, metas=['./colcon.meta'], base_paths=['.'], packages_ignore=None, packages_ignore_regex=None, paths=None, packages_up_to=None, packages_up_to_regex=None, packages_above=None, packages_above_and_dependencies=None, packages_above_depth=None, packages_select_by_dep=None, packages_skip_by_dep=None, packages_skip_up_to=None, packages_select_build_failed=False, packages_skip_build_finished=False, packages_select_test_failures=False, packages_skip_test_passed=False, packages_select=None, packages_skip=None, packages_select_regex=None, packages_skip_regex=None, packages_start=None, packages_end=None, allow_overriding=[], cmake_args=None, cmake_target=None, cmake_target_skip_unavailable=False, cmake_clean_cache=False, cmake_clean_first=False, cmake_force_configure=False, ament_cmake_args=None, catkin_cmake_args=None, catkin_skip_building_tests=False, mixin_files=None, mixin=None, verb_parser=<colcon_mixin.mixin.mixin_argument.MixinArgumentDecorator object at 0x728e1a566f80>, verb_extension=<colcon_core.verb.build.BuildVerb object at 0x728e1a566710>, main=<bound method BuildVerb.main of <colcon_core.verb.build.BuildVerb object at 0x728e1a566710>>, mixin_verb=('build',))
[0.307s] Level 1:colcon.colcon_core.package_discovery:discover_packages(colcon_meta) check parameters
[0.307s] Level 1:colcon.colcon_core.package_discovery:discover_packages(recursive) check parameters
[0.307s] Level 1:colcon.colcon_core.package_discovery:discover_packages(ignore) check parameters
[0.307s] Level 1:colcon.colcon_core.package_discovery:discover_packages(path) check parameters
[0.307s] Level 1:colcon.colcon_core.package_discovery:discover_packages(colcon_meta) discover
[0.308s] Level 1:colcon.colcon_core.package_discovery:discover_packages(recursive) discover
[0.308s] INFO:colcon.colcon_core.package_discovery:Crawling recursively for packages in '/home/v/Dev/Github/Cerberus/Control/cerberus_ws'
[0.308s] Level 1:colcon.colcon_core.package_identification:_identify(.) by extensions ['ignore', 'ignore_ament_install']
[0.308s] Level 1:colcon.colcon_core.package_identification:_identify(.) by extension 'ignore'
[0.308s] Level 1:colcon.colcon_core.package_identification:_identify(.) by extension 'ignore_ament_install'
[0.308s] Level 1:colcon.colcon_core.package_identification:_identify(.) by extensions ['colcon_pkg']
[0.308s] Level 1:colcon.colcon_core.package_identification:_identify(.) by extension 'colcon_pkg'
[0.308s] Level 1:colcon.colcon_core.package_identification:_identify(.) by extensions ['colcon_meta']
[0.308s] Level 1:colcon.colcon_core.package_identification:_identify(.) by extension 'colcon_meta'
[0.308s] Level 1:colcon.colcon_core.package_identification:_identify(.) by extensions ['ros']
[0.308s] Level 1:colcon.colcon_core.package_identification:_identify(.) by extension 'ros'
[0.319s] Level 1:colcon.colcon_core.package_identification:_identify(.) by extensions ['cmake', 'python']
[0.320s] Level 1:colcon.colcon_core.package_identification:_identify(.) by extension 'cmake'
[0.320s] Level 1:colcon.colcon_core.package_identification:_identify(.) by extension 'python'
[0.320s] Level 1:colcon.colcon_core.package_identification:_identify(.) by extensions ['python_setup_py']
[0.320s] Level 1:colcon.colcon_core.package_identification:_identify(.) by extension 'python_setup_py'
[0.320s] Level 1:colcon.colcon_core.package_identification:_identify(build) by extensions ['ignore', 'ignore_ament_install']
[0.320s] Level 1:colcon.colcon_core.package_identification:_identify(build) by extension 'ignore'
[0.320s] Level 1:colcon.colcon_core.package_identification:_identify(build) ignored
[0.320s] Level 1:colcon.colcon_core.package_identification:_identify(cerberus_isaac) by extensions ['ignore', 'ignore_ament_install']
[0.320s] Level 1:colcon.colcon_core.package_identification:_identify(cerberus_isaac) by extension 'ignore'
[0.320s] Level 1:colcon.colcon_core.package_identification:_identify(cerberus_isaac) by extension 'ignore_ament_install'
[0.320s] Level 1:colcon.colcon_core.package_identification:_identify(cerberus_isaac) by extensions ['colcon_pkg']
[0.320s] Level 1:colcon.colcon_core.package_identification:_identify(cerberus_isaac) by extension 'colcon_pkg'
[0.320s] Level 1:colcon.colcon_core.package_identification:_identify(cerberus_isaac) by extensions ['colcon_meta']
[0.320s] Level 1:colcon.colcon_core.package_identification:_identify(cerberus_isaac) by extension 'colcon_meta'
[0.320s] Level 1:colcon.colcon_core.package_identification:_identify(cerberus_isaac) by extensions ['ros']
[0.321s] Level 1:colcon.colcon_core.package_identification:_identify(cerberus_isaac) by extension 'ros'
[0.321s] Level 1:colcon.colcon_core.package_identification:_identify(cerberus_isaac) by extensions ['cmake', 'python']
[0.321s] Level 1:colcon.colcon_core.package_identification:_identify(cerberus_isaac) by extension 'cmake'
[0.321s] Level 1:colcon.colcon_core.package_identification:_identify(cerberus_isaac) by extension 'python'
[0.321s] Level 1:colcon.colcon_core.package_identification:_identify(cerberus_isaac) by extensions ['python_setup_py']
[0.321s] Level 1:colcon.colcon_core.package_identification:_identify(cerberus_isaac) by extension 'python_setup_py'
[0.321s] Level 1:colcon.colcon_core.package_identification:_identify(cerberus_isaac/cerberus) by extensions ['ignore', 'ignore_ament_install']
[0.321s] Level 1:colcon.colcon_core.package_identification:_identify(cerberus_isaac/cerberus) by extension 'ignore'
[0.321s] Level 1:colcon.colcon_core.package_identification:_identify(cerberus_isaac/cerberus) by extension 'ignore_ament_install'
[0.321s] Level 1:colcon.colcon_core.package_identification:_identify(cerberus_isaac/cerberus) by extensions ['colcon_pkg']
[0.321s] Level 1:colcon.colcon_core.package_identification:_identify(cerberus_isaac/cerberus) by extension 'colcon_pkg'
[0.321s] Level 1:colcon.colcon_core.package_identification:_identify(cerberus_isaac/cerberus) by extensions ['colcon_meta']
[0.321s] Level 1:colcon.colcon_core.package_identification:_identify(cerberus_isaac/cerberus) by extension 'colcon_meta'
[0.321s] Level 1:colcon.colcon_core.package_identification:_identify(cerberus_isaac/cerberus) by extensions ['ros']
[0.321s] Level 1:colcon.colcon_core.package_identification:_identify(cerberus_isaac/cerberus) by extension 'ros'
[0.321s] Level 1:colcon.colcon_core.package_identification:_identify(cerberus_isaac/cerberus) by extensions ['cmake', 'python']
[0.321s] Level 1:colcon.colcon_core.package_identification:_identify(cerberus_isaac/cerberus) by extension 'cmake'
[0.322s] Level 1:colcon.colcon_core.package_identification:_identify(cerberus_isaac/cerberus) by extension 'python'
[0.322s] Level 1:colcon.colcon_core.package_identification:_identify(cerberus_isaac/cerberus) by extensions ['python_setup_py']
[0.322s] Level 1:colcon.colcon_core.package_identification:_identify(cerberus_isaac/cerberus) by extension 'python_setup_py'
[0.322s] Level 1:colcon.colcon_core.package_identification:_identify(install) by extensions ['ignore', 'ignore_ament_install']
[0.322s] Level 1:colcon.colcon_core.package_identification:_identify(install) by extension 'ignore'
[0.322s] Level 1:colcon.colcon_core.package_identification:_identify(install) ignored
[0.322s] Level 1:colcon.colcon_core.package_identification:_identify(log) by extensions ['ignore', 'ignore_ament_install']
[0.322s] Level 1:colcon.colcon_core.package_identification:_identify(log) by extension 'ignore'
[0.322s] Level 1:colcon.colcon_core.package_identification:_identify(log) ignored
[0.322s] Level 1:colcon.colcon_core.package_identification:_identify(src) by extensions ['ignore', 'ignore_ament_install']
[0.322s] Level 1:colcon.colcon_core.package_identification:_identify(src) by extension 'ignore'
[0.322s] Level 1:colcon.colcon_core.package_identification:_identify(src) by extension 'ignore_ament_install'
[0.322s] Level 1:colcon.colcon_core.package_identification:_identify(src) by extensions ['colcon_pkg']
[0.322s] Level 1:colcon.colcon_core.package_identification:_identify(src) by extension 'colcon_pkg'
[0.322s] Level 1:colcon.colcon_core.package_identification:_identify(src) by extensions ['colcon_meta']
[0.322s] Level 1:colcon.colcon_core.package_identification:_identify(src) by extension 'colcon_meta'
[0.323s] Level 1:colcon.colcon_core.package_identification:_identify(src) by extensions ['ros']
[0.323s] Level 1:colcon.colcon_core.package_identification:_identify(src) by extension 'ros'
[0.323s] Level 1:colcon.colcon_core.package_identification:_identify(src) by extensions ['cmake', 'python']
[0.323s] Level 1:colcon.colcon_core.package_identification:_identify(src) by extension 'cmake'
[0.323s] Level 1:colcon.colcon_core.package_identification:_identify(src) by extension 'python'
[0.323s] Level 1:colcon.colcon_core.package_identification:_identify(src) by extensions ['python_setup_py']
[0.323s] Level 1:colcon.colcon_core.package_identification:_identify(src) by extension 'python_setup_py'
[0.323s] Level 1:colcon.colcon_core.package_identification:_identify(src/cerberus) by extensions ['ignore', 'ignore_ament_install']
[0.323s] Level 1:colcon.colcon_core.package_identification:_identify(src/cerberus) by extension 'ignore'
[0.323s] Level 1:colcon.colcon_core.package_identification:_identify(src/cerberus) by extension 'ignore_ament_install'
[0.323s] Level 1:colcon.colcon_core.package_identification:_identify(src/cerberus) by extensions ['colcon_pkg']
[0.323s] Level 1:colcon.colcon_core.package_identification:_identify(src/cerberus) by extension 'colcon_pkg'
[0.323s] Level 1:colcon.colcon_core.package_identification:_identify(src/cerberus) by extensions ['colcon_meta']
[0.323s] Level 1:colcon.colcon_core.package_identification:_identify(src/cerberus) by extension 'colcon_meta'
[0.323s] Level 1:colcon.colcon_core.package_identification:_identify(src/cerberus) by extensions ['ros']
[0.323s] Level 1:colcon.colcon_core.package_identification:_identify(src/cerberus) by extension 'ros'
[0.323s] Level 1:colcon.colcon_core.package_identification:_identify(src/cerberus) by extensions ['cmake', 'python']
[0.323s] Level 1:colcon.colcon_core.package_identification:_identify(src/cerberus) by extension 'cmake'
[0.323s] Level 1:colcon.colcon_core.package_identification:_identify(src/cerberus) by extension 'python'
[0.323s] Level 1:colcon.colcon_core.package_identification:_identify(src/cerberus) by extensions ['python_setup_py']
[0.324s] Level 1:colcon.colcon_core.package_identification:_identify(src/cerberus) by extension 'python_setup_py'
[0.324s] Level 1:colcon.colcon_core.package_identification:_identify(src/cerberus/cerberus_bringup) by extensions ['ignore', 'ignore_ament_install']
[0.324s] Level 1:colcon.colcon_core.package_identification:_identify(src/cerberus/cerberus_bringup) by extension 'ignore'
[0.324s] Level 1:colcon.colcon_core.package_identification:_identify(src/cerberus/cerberus_bringup) by extension 'ignore_ament_install'
[0.324s] Level 1:colcon.colcon_core.package_identification:_identify(src/cerberus/cerberus_bringup) by extensions ['colcon_pkg']
[0.324s] Level 1:colcon.colcon_core.package_identification:_identify(src/cerberus/cerberus_bringup) by extension 'colcon_pkg'
[0.324s] Level 1:colcon.colcon_core.package_identification:_identify(src/cerberus/cerberus_bringup) by extensions ['colcon_meta']
[0.324s] Level 1:colcon.colcon_core.package_identification:_identify(src/cerberus/cerberus_bringup) by extension 'colcon_meta'
[0.324s] Level 1:colcon.colcon_core.package_identification:_identify(src/cerberus/cerberus_bringup) by extensions ['ros']
[0.324s] Level 1:colcon.colcon_core.package_identification:_identify(src/cerberus/cerberus_bringup) by extension 'ros'
[0.326s] DEBUG:colcon.colcon_core.package_identification:Package 'src/cerberus/cerberus_bringup' with type 'ros.ament_cmake' and name 'cerberus_bringup'
[0.327s] Level 1:colcon.colcon_core.package_identification:_identify(src/cerberus/cerberus_description) by extensions ['ignore', 'ignore_ament_install']
[0.327s] Level 1:colcon.colcon_core.package_identification:_identify(src/cerberus/cerberus_description) by extension 'ignore'
[0.327s] Level 1:colcon.colcon_core.package_identification:_identify(src/cerberus/cerberus_description) by extension 'ignore_ament_install'
[0.327s] Level 1:colcon.colcon_core.package_identification:_identify(src/cerberus/cerberus_description) by extensions ['colcon_pkg']
[0.327s] Level 1:colcon.colcon_core.package_identification:_identify(src/cerberus/cerberus_description) by extension 'colcon_pkg'
[0.327s] Level 1:colcon.colcon_core.package_identification:_identify(src/cerberus/cerberus_description) by extensions ['colcon_meta']
[0.327s] Level 1:colcon.colcon_core.package_identification:_identify(src/cerberus/cerberus_description) by extension 'colcon_meta'
[0.327s] Level 1:colcon.colcon_core.package_identification:_identify(src/cerberus/cerberus_description) by extensions ['ros']
[0.327s] Level 1:colcon.colcon_core.package_identification:_identify(src/cerberus/cerberus_description) by extension 'ros'
[0.327s] DEBUG:colcon.colcon_core.package_identification:Package 'src/cerberus/cerberus_description' with type 'ros.ament_cmake' and name 'cerberus_description'
[0.328s] Level 1:colcon.colcon_core.package_identification:_identify(src/cerberus/cerberus_gazebo) by extensions ['ignore', 'ignore_ament_install']
[0.328s] Level 1:colcon.colcon_core.package_identification:_identify(src/cerberus/cerberus_gazebo) by extension 'ignore'
[0.328s] Level 1:colcon.colcon_core.package_identification:_identify(src/cerberus/cerberus_gazebo) by extension 'ignore_ament_install'
[0.328s] Level 1:colcon.colcon_core.package_identification:_identify(src/cerberus/cerberus_gazebo) by extensions ['colcon_pkg']
[0.328s] Level 1:colcon.colcon_core.package_identification:_identify(src/cerberus/cerberus_gazebo) by extension 'colcon_pkg'
[0.328s] Level 1:colcon.colcon_core.package_identification:_identify(src/cerberus/cerberus_gazebo) by extensions ['colcon_meta']
[0.328s] Level 1:colcon.colcon_core.package_identification:_identify(src/cerberus/cerberus_gazebo) by extension 'colcon_meta'
[0.328s] Level 1:colcon.colcon_core.package_identification:_identify(src/cerberus/cerberus_gazebo) by extensions ['ros']
[0.328s] Level 1:colcon.colcon_core.package_identification:_identify(src/cerberus/cerberus_gazebo) by extension 'ros'
[0.329s] DEBUG:colcon.colcon_core.package_identification:Package 'src/cerberus/cerberus_gazebo' with type 'ros.ament_cmake' and name 'cerberus_gazebo'
[0.329s] Level 1:colcon.colcon_core.package_identification:_identify(src/cerberus/cerberus_training) by extensions ['ignore', 'ignore_ament_install']
[0.329s] Level 1:colcon.colcon_core.package_identification:_identify(src/cerberus/cerberus_training) by extension 'ignore'
[0.329s] Level 1:colcon.colcon_core.package_identification:_identify(src/cerberus/cerberus_training) by extension 'ignore_ament_install'
[0.329s] Level 1:colcon.colcon_core.package_identification:_identify(src/cerberus/cerberus_training) by extensions ['colcon_pkg']
[0.329s] Level 1:colcon.colcon_core.package_identification:_identify(src/cerberus/cerberus_training) by extension 'colcon_pkg'
[0.329s] Level 1:colcon.colcon_core.package_identification:_identify(src/cerberus/cerberus_training) by extensions ['colcon_meta']
[0.329s] Level 1:colcon.colcon_core.package_identification:_identify(src/cerberus/cerberus_training) by extension 'colcon_meta'
[0.329s] Level 1:colcon.colcon_core.package_identification:_identify(src/cerberus/cerberus_training) by extensions ['ros']
[0.329s] Level 1:colcon.colcon_core.package_identification:_identify(src/cerberus/cerberus_training) by extension 'ros'
[0.330s] DEBUG:colcon.colcon_core.package_identification:Package 'src/cerberus/cerberus_training' with type 'ros.ament_cmake' and name 'cerberus_training'
[0.330s] Level 1:colcon.colcon_core.package_identification:_identify(src/cerberus/odrive_hardware_interface) by extensions ['ignore', 'ignore_ament_install']
[0.330s] Level 1:colcon.colcon_core.package_identification:_identify(src/cerberus/odrive_hardware_interface) by extension 'ignore'
[0.330s] Level 1:colcon.colcon_core.package_identification:_identify(src/cerberus/odrive_hardware_interface) by extension 'ignore_ament_install'
[0.330s] Level 1:colcon.colcon_core.package_identification:_identify(src/cerberus/odrive_hardware_interface) by extensions ['colcon_pkg']
[0.330s] Level 1:colcon.colcon_core.package_identification:_identify(src/cerberus/odrive_hardware_interface) by extension 'colcon_pkg'
[0.330s] Level 1:colcon.colcon_core.package_identification:_identify(src/cerberus/odrive_hardware_interface) by extensions ['colcon_meta']
[0.330s] Level 1:colcon.colcon_core.package_identification:_identify(src/cerberus/odrive_hardware_interface) by extension 'colcon_meta'
[0.330s] Level 1:colcon.colcon_core.package_identification:_identify(src/cerberus/odrive_hardware_interface) by extensions ['ros']
[0.330s] Level 1:colcon.colcon_core.package_identification:_identify(src/cerberus/odrive_hardware_interface) by extension 'ros'
[0.331s] DEBUG:colcon.colcon_core.package_identification:Package 'src/cerberus/odrive_hardware_interface' with type 'ros.ament_cmake' and name 'odrive_hardware_interface'
[0.331s] Level 1:colcon.colcon_core.package_identification:_identify(src/cerberus_leg_loop) by extensions ['ignore', 'ignore_ament_install']
[0.331s] Level 1:colcon.colcon_core.package_identification:_identify(src/cerberus_leg_loop) by extension 'ignore'
[0.331s] Level 1:colcon.colcon_core.package_identification:_identify(src/cerberus_leg_loop) by extension 'ignore_ament_install'
[0.331s] Level 1:colcon.colcon_core.package_identification:_identify(src/cerberus_leg_loop) by extensions ['colcon_pkg']
[0.331s] Level 1:colcon.colcon_core.package_identification:_identify(src/cerberus_leg_loop) by extension 'colcon_pkg'
[0.331s] Level 1:colcon.colcon_core.package_identification:_identify(src/cerberus_leg_loop) by extensions ['colcon_meta']
[0.331s] Level 1:colcon.colcon_core.package_identification:_identify(src/cerberus_leg_loop) by extension 'colcon_meta'
[0.331s] Level 1:colcon.colcon_core.package_identification:_identify(src/cerberus_leg_loop) by extensions ['ros']
[0.331s] Level 1:colcon.colcon_core.package_identification:_identify(src/cerberus_leg_loop) by extension 'ros'
[0.332s] DEBUG:colcon.colcon_core.package_identification:Package 'src/cerberus_leg_loop' with type 'ros.ament_python' and name 'cerberus_leg_loop'
[0.332s] Level 1:colcon.colcon_core.package_identification:_identify(src/python_scripts) by extensions ['ignore', 'ignore_ament_install']
[0.332s] Level 1:colcon.colcon_core.package_identification:_identify(src/python_scripts) by extension 'ignore'
[0.332s] Level 1:colcon.colcon_core.package_identification:_identify(src/python_scripts) by extension 'ignore_ament_install'
[0.332s] Level 1:colcon.colcon_core.package_identification:_identify(src/python_scripts) by extensions ['colcon_pkg']
[0.332s] Level 1:colcon.colcon_core.package_identification:_identify(src/python_scripts) by extension 'colcon_pkg'
[0.332s] Level 1:colcon.colcon_core.package_identification:_identify(src/python_scripts) by extensions ['colcon_meta']
[0.333s] Level 1:colcon.colcon_core.package_identification:_identify(src/python_scripts) by extension 'colcon_meta'
[0.333s] Level 1:colcon.colcon_core.package_identification:_identify(src/python_scripts) by extensions ['ros']
[0.333s] Level 1:colcon.colcon_core.package_identification:_identify(src/python_scripts) by extension 'ros'
[0.333s] Level 1:colcon.colcon_core.package_identification:_identify(src/python_scripts) by extensions ['cmake', 'python']
[0.333s] Level 1:colcon.colcon_core.package_identification:_identify(src/python_scripts) by extension 'cmake'
[0.333s] Level 1:colcon.colcon_core.package_identification:_identify(src/python_scripts) by extension 'python'
[0.333s] Level 1:colcon.colcon_core.package_identification:_identify(src/python_scripts) by extensions ['python_setup_py']
[0.333s] Level 1:colcon.colcon_core.package_identification:_identify(src/python_scripts) by extension 'python_setup_py'
[0.333s] Level 1:colcon.colcon_core.package_discovery:discover_packages(recursive) using defaults
[0.333s] Level 1:colcon.colcon_core.package_discovery:discover_packages(ignore) discover
[0.333s] Level 1:colcon.colcon_core.package_discovery:discover_packages(ignore) using defaults
[0.333s] Level 1:colcon.colcon_core.package_discovery:discover_packages(path) discover
[0.333s] Level 1:colcon.colcon_core.package_discovery:discover_packages(path) using defaults
[0.365s] Level 1:colcon.colcon_core.package_discovery:discover_packages(prefix_path) check parameters
[0.365s] Level 1:colcon.colcon_core.package_discovery:discover_packages(prefix_path) discover
[0.367s] DEBUG:colcon.colcon_installed_package_information.package_discovery:Found 6 installed packages in /home/v/Dev/Github/Cerberus/Control/cerberus_ws/install
[0.369s] DEBUG:colcon.colcon_installed_package_information.package_discovery:Found 347 installed packages in /opt/ros/humble
[0.371s] Level 1:colcon.colcon_core.package_discovery:discover_packages(prefix_path) using defaults
[0.416s] Level 5:colcon.colcon_core.verb:set package 'cerberus_description' build argument 'cmake_args' from command line to 'None'
[0.416s] Level 5:colcon.colcon_core.verb:set package 'cerberus_description' build argument 'cmake_target' from command line to 'None'
[0.416s] Level 5:colcon.colcon_core.verb:set package 'cerberus_description' build argument 'cmake_target_skip_unavailable' from command line to 'False'
[0.416s] Level 5:colcon.colcon_core.verb:set package 'cerberus_description' build argument 'cmake_clean_cache' from command line to 'False'
[0.416s] Level 5:colcon.colcon_core.verb:set package 'cerberus_description' build argument 'cmake_clean_first' from command line to 'False'
[0.416s] Level 5:colcon.colcon_core.verb:set package 'cerberus_description' build argument 'cmake_force_configure' from command line to 'False'
[0.416s] Level 5:colcon.colcon_core.verb:set package 'cerberus_description' build argument 'ament_cmake_args' from command line to 'None'
[0.417s] Level 5:colcon.colcon_core.verb:set package 'cerberus_description' build argument 'catkin_cmake_args' from command line to 'None'
[0.417s] Level 5:colcon.colcon_core.verb:set package 'cerberus_description' build argument 'catkin_skip_building_tests' from command line to 'False'
[0.417s] DEBUG:colcon.colcon_core.verb:Building package 'cerberus_description' with the following arguments: {'ament_cmake_args': None, 'build_base': '/home/v/Dev/Github/Cerberus/Control/cerberus_ws/build/cerberus_description', 'catkin_cmake_args': None, 'catkin_skip_building_tests': False, 'cmake_args': None, 'cmake_clean_cache': False, 'cmake_clean_first': False, 'cmake_force_configure': False, 'cmake_target': None, 'cmake_target_skip_unavailable': False, 'install_base': '/home/v/Dev/Github/Cerberus/Control/cerberus_ws/install/cerberus_description', 'merge_install': False, 'path': '/home/v/Dev/Github/Cerberus/Control/cerberus_ws/src/cerberus/cerberus_description', 'symlink_install': True, 'test_result_base': None}
[0.417s] Level 5:colcon.colcon_core.verb:set package 'cerberus_leg_loop' build argument 'cmake_args' from command line to 'None'
[0.417s] Level 5:colcon.colcon_core.verb:set package 'cerberus_leg_loop' build argument 'cmake_target' from command line to 'None'
[0.417s] Level 5:colcon.colcon_core.verb:set package 'cerberus_leg_loop' build argument 'cmake_target_skip_unavailable' from command line to 'False'
[0.417s] Level 5:colcon.colcon_core.verb:set package 'cerberus_leg_loop' build argument 'cmake_clean_cache' from command line to 'False'
[0.417s] Level 5:colcon.colcon_core.verb:set package 'cerberus_leg_loop' build argument 'cmake_clean_first' from command line to 'False'
[0.417s] Level 5:colcon.colcon_core.verb:set package 'cerberus_leg_loop' build argument 'cmake_force_configure' from command line to 'False'
[0.417s] Level 5:colcon.colcon_core.verb:set package 'cerberus_leg_loop' build argument 'ament_cmake_args' from command line to 'None'
[0.417s] Level 5:colcon.colcon_core.verb:set package 'cerberus_leg_loop' build argument 'catkin_cmake_args' from command line to 'None'
[0.417s] Level 5:colcon.colcon_core.verb:set package 'cerberus_leg_loop' build argument 'catkin_skip_building_tests' from command line to 'False'
[0.417s] DEBUG:colcon.colcon_core.verb:Building package 'cerberus_leg_loop' with the following arguments: {'ament_cmake_args': None, 'build_base': '/home/v/Dev/Github/Cerberus/Control/cerberus_ws/build/cerberus_leg_loop', 'catkin_cmake_args': None, 'catkin_skip_building_tests': False, 'cmake_args': None, 'cmake_clean_cache': False, 'cmake_clean_first': False, 'cmake_force_configure': False, 'cmake_target': None, 'cmake_target_skip_unavailable': False, 'install_base': '/home/v/Dev/Github/Cerberus/Control/cerberus_ws/install/cerberus_leg_loop', 'merge_install': False, 'path': '/home/v/Dev/Github/Cerberus/Control/cerberus_ws/src/cerberus_leg_loop', 'symlink_install': True, 'test_result_base': None}
[0.418s] Level 5:colcon.colcon_core.verb:set package 'cerberus_training' build argument 'cmake_args' from command line to 'None'
[0.418s] Level 5:colcon.colcon_core.verb:set package 'cerberus_training' build argument 'cmake_target' from command line to 'None'
[0.418s] Level 5:colcon.colcon_core.verb:set package 'cerberus_training' build argument 'cmake_target_skip_unavailable' from command line to 'False'
[0.418s] Level 5:colcon.colcon_core.verb:set package 'cerberus_training' build argument 'cmake_clean_cache' from command line to 'False'
[0.418s] Level 5:colcon.colcon_core.verb:set package 'cerberus_training' build argument 'cmake_clean_first' from command line to 'False'
[0.418s] Level 5:colcon.colcon_core.verb:set package 'cerberus_training' build argument 'cmake_force_configure' from command line to 'False'
[0.418s] Level 5:colcon.colcon_core.verb:set package 'cerberus_training' build argument 'ament_cmake_args' from command line to 'None'
[0.418s] Level 5:colcon.colcon_core.verb:set package 'cerberus_training' build argument 'catkin_cmake_args' from command line to 'None'
[0.418s] Level 5:colcon.colcon_core.verb:set package 'cerberus_training' build argument 'catkin_skip_building_tests' from command line to 'False'
[0.418s] DEBUG:colcon.colcon_core.verb:Building package 'cerberus_training' with the following arguments: {'ament_cmake_args': None, 'build_base': '/home/v/Dev/Github/Cerberus/Control/cerberus_ws/build/cerberus_training', 'catkin_cmake_args': None, 'catkin_skip_building_tests': False, 'cmake_args': None, 'cmake_clean_cache': False, 'cmake_clean_first': False, 'cmake_force_configure': False, 'cmake_target': None, 'cmake_target_skip_unavailable': False, 'install_base': '/home/v/Dev/Github/Cerberus/Control/cerberus_ws/install/cerberus_training', 'merge_install': False, 'path': '/home/v/Dev/Github/Cerberus/Control/cerberus_ws/src/cerberus/cerberus_training', 'symlink_install': True, 'test_result_base': None}
[0.418s] Level 5:colcon.colcon_core.verb:set package 'odrive_hardware_interface' build argument 'cmake_args' from command line to 'None'
[0.418s] Level 5:colcon.colcon_core.verb:set package 'odrive_hardware_interface' build argument 'cmake_target' from command line to 'None'
[0.418s] Level 5:colcon.colcon_core.verb:set package 'odrive_hardware_interface' build argument 'cmake_target_skip_unavailable' from command line to 'False'
[0.418s] Level 5:colcon.colcon_core.verb:set package 'odrive_hardware_interface' build argument 'cmake_clean_cache' from command line to 'False'
[0.418s] Level 5:colcon.colcon_core.verb:set package 'odrive_hardware_interface' build argument 'cmake_clean_first' from command line to 'False'
[0.418s] Level 5:colcon.colcon_core.verb:set package 'odrive_hardware_interface' build argument 'cmake_force_configure' from command line to 'False'
[0.418s] Level 5:colcon.colcon_core.verb:set package 'odrive_hardware_interface' build argument 'ament_cmake_args' from command line to 'None'
[0.418s] Level 5:colcon.colcon_core.verb:set package 'odrive_hardware_interface' build argument 'catkin_cmake_args' from command line to 'None'
[0.418s] Level 5:colcon.colcon_core.verb:set package 'odrive_hardware_interface' build argument 'catkin_skip_building_tests' from command line to 'False'
[0.419s] DEBUG:colcon.colcon_core.verb:Building package 'odrive_hardware_interface' with the following arguments: {'ament_cmake_args': None, 'build_base': '/home/v/Dev/Github/Cerberus/Control/cerberus_ws/build/odrive_hardware_interface', 'catkin_cmake_args': None, 'catkin_skip_building_tests': False, 'cmake_args': None, 'cmake_clean_cache': False, 'cmake_clean_first': False, 'cmake_force_configure': False, 'cmake_target': None, 'cmake_target_skip_unavailable': False, 'install_base': '/home/v/Dev/Github/Cerberus/Control/cerberus_ws/install/odrive_hardware_interface', 'merge_install': False, 'path': '/home/v/Dev/Github/Cerberus/Control/cerberus_ws/src/cerberus/odrive_hardware_interface', 'symlink_install': True, 'test_result_base': None}
[0.419s] Level 5:colcon.colcon_core.verb:set package 'cerberus_bringup' build argument 'cmake_args' from command line to 'None'
[0.419s] Level 5:colcon.colcon_core.verb:set package 'cerberus_bringup' build argument 'cmake_target' from command line to 'None'
[0.419s] Level 5:colcon.colcon_core.verb:set package 'cerberus_bringup' build argument 'cmake_target_skip_unavailable' from command line to 'False'
[0.419s] Level 5:colcon.colcon_core.verb:set package 'cerberus_bringup' build argument 'cmake_clean_cache' from command line to 'False'
[0.419s] Level 5:colcon.colcon_core.verb:set package 'cerberus_bringup' build argument 'cmake_clean_first' from command line to 'False'
[0.419s] Level 5:colcon.colcon_core.verb:set package 'cerberus_bringup' build argument 'cmake_force_configure' from command line to 'False'
[0.419s] Level 5:colcon.colcon_core.verb:set package 'cerberus_bringup' build argument 'ament_cmake_args' from command line to 'None'
[0.419s] Level 5:colcon.colcon_core.verb:set package 'cerberus_bringup' build argument 'catkin_cmake_args' from command line to 'None'
[0.419s] Level 5:colcon.colcon_core.verb:set package 'cerberus_bringup' build argument 'catkin_skip_building_tests' from command line to 'False'
[0.419s] DEBUG:colcon.colcon_core.verb:Building package 'cerberus_bringup' with the following arguments: {'ament_cmake_args': None, 'build_base': '/home/v/Dev/Github/Cerberus/Control/cerberus_ws/build/cerberus_bringup', 'catkin_cmake_args': None, 'catkin_skip_building_tests': False, 'cmake_args': None, 'cmake_clean_cache': False, 'cmake_clean_first': False, 'cmake_force_configure': False, 'cmake_target': None, 'cmake_target_skip_unavailable': False, 'install_base': '/home/v/Dev/Github/Cerberus/Control/cerberus_ws/install/cerberus_bringup', 'merge_install': False, 'path': '/home/v/Dev/Github/Cerberus/Control/cerberus_ws/src/cerberus/cerberus_bringup', 'symlink_install': True, 'test_result_base': None}
[0.420s] Level 5:colcon.colcon_core.verb:set package 'cerberus_gazebo' build argument 'cmake_args' from command line to 'None'
[0.420s] Level 5:colcon.colcon_core.verb:set package 'cerberus_gazebo' build argument 'cmake_target' from command line to 'None'
[0.420s] Level 5:colcon.colcon_core.verb:set package 'cerberus_gazebo' build argument 'cmake_target_skip_unavailable' from command line to 'False'
[0.420s] Level 5:colcon.colcon_core.verb:set package 'cerberus_gazebo' build argument 'cmake_clean_cache' from command line to 'False'
[0.420s] Level 5:colcon.colcon_core.verb:set package 'cerberus_gazebo' build argument 'cmake_clean_first' from command line to 'False'
[0.420s] Level 5:colcon.colcon_core.verb:set package 'cerberus_gazebo' build argument 'cmake_force_configure' from command line to 'False'
[0.420s] Level 5:colcon.colcon_core.verb:set package 'cerberus_gazebo' build argument 'ament_cmake_args' from command line to 'None'
[0.420s] Level 5:colcon.colcon_core.verb:set package 'cerberus_gazebo' build argument 'catkin_cmake_args' from command line to 'None'
[0.420s] Level 5:colcon.colcon_core.verb:set package 'cerberus_gazebo' build argument 'catkin_skip_building_tests' from command line to 'False'
[0.420s] DEBUG:colcon.colcon_core.verb:Building package 'cerberus_gazebo' with the following arguments: {'ament_cmake_args': None, 'build_base': '/home/v/Dev/Github/Cerberus/Control/cerberus_ws/build/cerberus_gazebo', 'catkin_cmake_args': None, 'catkin_skip_building_tests': False, 'cmake_args': None, 'cmake_clean_cache': False, 'cmake_clean_first': False, 'cmake_force_configure': False, 'cmake_target': None, 'cmake_target_skip_unavailable': False, 'install_base': '/home/v/Dev/Github/Cerberus/Control/cerberus_ws/install/cerberus_gazebo', 'merge_install': False, 'path': '/home/v/Dev/Github/Cerberus/Control/cerberus_ws/src/cerberus/cerberus_gazebo', 'symlink_install': True, 'test_result_base': None}
[0.420s] INFO:colcon.colcon_core.executor:Executing jobs using 'parallel' executor
[0.421s] DEBUG:colcon.colcon_parallel_executor.executor.parallel:run_until_complete
[0.421s] INFO:colcon.colcon_ros.task.ament_cmake.build:Building ROS package in '/home/v/Dev/Github/Cerberus/Control/cerberus_ws/src/cerberus/cerberus_description' with build type 'ament_cmake'
[0.422s] INFO:colcon.colcon_cmake.task.cmake.build:Building CMake package in '/home/v/Dev/Github/Cerberus/Control/cerberus_ws/src/cerberus/cerberus_description'
[0.424s] INFO:colcon.colcon_core.plugin_system:Skipping extension 'colcon_core.shell.bat': Not used on non-Windows systems
[0.424s] INFO:colcon.colcon_core.shell:Skip shell extension 'powershell' for command environment: Not usable outside of PowerShell
[0.425s] DEBUG:colcon.colcon_core.shell:Skip shell extension 'dsv' for command environment
[0.429s] INFO:colcon.colcon_ros.task.ament_python.build:Building ROS package in '/home/v/Dev/Github/Cerberus/Control/cerberus_ws/src/cerberus_leg_loop' with build type 'ament_python'
[0.429s] Level 1:colcon.colcon_core.shell:create_environment_hook('cerberus_leg_loop', 'ament_prefix_path')
[0.430s] INFO:colcon.colcon_core.shell:Creating environment hook '/home/v/Dev/Github/Cerberus/Control/cerberus_ws/install/cerberus_leg_loop/share/cerberus_leg_loop/hook/ament_prefix_path.ps1'
[0.431s] INFO:colcon.colcon_core.shell:Creating environment descriptor '/home/v/Dev/Github/Cerberus/Control/cerberus_ws/install/cerberus_leg_loop/share/cerberus_leg_loop/hook/ament_prefix_path.dsv'
[0.431s] INFO:colcon.colcon_core.shell:Creating environment hook '/home/v/Dev/Github/Cerberus/Control/cerberus_ws/install/cerberus_leg_loop/share/cerberus_leg_loop/hook/ament_prefix_path.sh'
[0.432s] INFO:colcon.colcon_core.shell:Skip shell extension 'powershell' for command environment: Not usable outside of PowerShell
[0.432s] DEBUG:colcon.colcon_core.shell:Skip shell extension 'dsv' for command environment
[0.437s] INFO:colcon.colcon_ros.task.ament_cmake.build:Building ROS package in '/home/v/Dev/Github/Cerberus/Control/cerberus_ws/src/cerberus/cerberus_training' with build type 'ament_cmake'
[0.437s] INFO:colcon.colcon_cmake.task.cmake.build:Building CMake package in '/home/v/Dev/Github/Cerberus/Control/cerberus_ws/src/cerberus/cerberus_training'
[0.438s] INFO:colcon.colcon_core.shell:Skip shell extension 'powershell' for command environment: Not usable outside of PowerShell
[0.438s] DEBUG:colcon.colcon_core.shell:Skip shell extension 'dsv' for command environment
[0.442s] INFO:colcon.colcon_ros.task.ament_cmake.build:Building ROS package in '/home/v/Dev/Github/Cerberus/Control/cerberus_ws/src/cerberus/odrive_hardware_interface' with build type 'ament_cmake'
[0.442s] INFO:colcon.colcon_cmake.task.cmake.build:Building CMake package in '/home/v/Dev/Github/Cerberus/Control/cerberus_ws/src/cerberus/odrive_hardware_interface'
[0.442s] INFO:colcon.colcon_core.shell:Skip shell extension 'powershell' for command environment: Not usable outside of PowerShell
[0.442s] DEBUG:colcon.colcon_core.shell:Skip shell extension 'dsv' for command environment
[0.452s] DEBUG:colcon.colcon_core.event_handler.log_command:Invoking command in '/home/v/Dev/Github/Cerberus/Control/cerberus_ws/build/cerberus_description': CMAKE_PREFIX_PATH=${CMAKE_PREFIX_PATH}:/home/v/Dev/Github/Cerberus/Control/cerberus_ws/install/cerberus_leg_loop:/opt/ros/humble /usr/bin/cmake /home/v/Dev/Github/Cerberus/Control/cerberus_ws/src/cerberus/cerberus_description -DAMENT_CMAKE_SYMLINK_INSTALL=1 -DCMAKE_INSTALL_PREFIX=/home/v/Dev/Github/Cerberus/Control/cerberus_ws/install/cerberus_description
[0.716s] INFO:colcon.colcon_core.task.python.build:Building Python package in '/home/v/Dev/Github/Cerberus/Control/cerberus_ws/src/cerberus_leg_loop'
[0.716s] INFO:colcon.colcon_core.shell:Skip shell extension 'powershell' for command environment: Not usable outside of PowerShell
[0.716s] DEBUG:colcon.colcon_core.shell:Skip shell extension 'dsv' for command environment
[0.722s] DEBUG:colcon.colcon_core.event_handler.log_command:Invoking command in '/home/v/Dev/Github/Cerberus/Control/cerberus_ws/build/cerberus_training': CMAKE_PREFIX_PATH=${CMAKE_PREFIX_PATH}:/home/v/Dev/Github/Cerberus/Control/cerberus_ws/install/cerberus_leg_loop:/opt/ros/humble /usr/bin/cmake /home/v/Dev/Github/Cerberus/Control/cerberus_ws/src/cerberus/cerberus_training -DAMENT_CMAKE_SYMLINK_INSTALL=1 -DCMAKE_INSTALL_PREFIX=/home/v/Dev/Github/Cerberus/Control/cerberus_ws/install/cerberus_training
[0.723s] DEBUG:colcon.colcon_core.event_handler.log_command:Invoked command in '/home/v/Dev/Github/Cerberus/Control/cerberus_ws/build/cerberus_description' returned '0': CMAKE_PREFIX_PATH=${CMAKE_PREFIX_PATH}:/home/v/Dev/Github/Cerberus/Control/cerberus_ws/install/cerberus_leg_loop:/opt/ros/humble /usr/bin/cmake /home/v/Dev/Github/Cerberus/Control/cerberus_ws/src/cerberus/cerberus_description -DAMENT_CMAKE_SYMLINK_INSTALL=1 -DCMAKE_INSTALL_PREFIX=/home/v/Dev/Github/Cerberus/Control/cerberus_ws/install/cerberus_description
[0.724s] DEBUG:colcon.colcon_core.event_handler.log_command:Invoking command in '/home/v/Dev/Github/Cerberus/Control/cerberus_ws/build/cerberus_description': CMAKE_PREFIX_PATH=${CMAKE_PREFIX_PATH}:/home/v/Dev/Github/Cerberus/Control/cerberus_ws/install/cerberus_leg_loop:/opt/ros/humble /usr/bin/cmake --build /home/v/Dev/Github/Cerberus/Control/cerberus_ws/build/cerberus_description -- -j12 -l12
[0.727s] DEBUG:colcon.colcon_core.event_handler.log_command:Invoking command in '/home/v/Dev/Github/Cerberus/Control/cerberus_ws/build/odrive_hardware_interface': CMAKE_PREFIX_PATH=${CMAKE_PREFIX_PATH}:/home/v/Dev/Github/Cerberus/Control/cerberus_ws/install/cerberus_leg_loop:/opt/ros/humble /usr/bin/cmake /home/v/Dev/Github/Cerberus/Control/cerberus_ws/src/cerberus/odrive_hardware_interface -DAMENT_CMAKE_SYMLINK_INSTALL=1 -DCMAKE_INSTALL_PREFIX=/home/v/Dev/Github/Cerberus/Control/cerberus_ws/install/odrive_hardware_interface
[0.739s] DEBUG:colcon.colcon_core.event_handler.log_command:Invoked command in '/home/v/Dev/Github/Cerberus/Control/cerberus_ws/build/cerberus_description' returned '0': CMAKE_PREFIX_PATH=${CMAKE_PREFIX_PATH}:/home/v/Dev/Github/Cerberus/Control/cerberus_ws/install/cerberus_leg_loop:/opt/ros/humble /usr/bin/cmake --build /home/v/Dev/Github/Cerberus/Control/cerberus_ws/build/cerberus_description -- -j12 -l12
[0.744s] DEBUG:colcon.colcon_core.event_handler.log_command:Invoking command in '/home/v/Dev/Github/Cerberus/Control/cerberus_ws/build/cerberus_description': CMAKE_PREFIX_PATH=${CMAKE_PREFIX_PATH}:/home/v/Dev/Github/Cerberus/Control/cerberus_ws/install/cerberus_leg_loop:/opt/ros/humble /usr/bin/cmake --install /home/v/Dev/Github/Cerberus/Control/cerberus_ws/build/cerberus_description
[0.816s] Level 1:colcon.colcon_core.environment:create_environment_scripts_only(cerberus_description)
[0.817s] DEBUG:colcon.colcon_core.event_handler.log_command:Invoked command in '/home/v/Dev/Github/Cerberus/Control/cerberus_ws/build/cerberus_description' returned '0': CMAKE_PREFIX_PATH=${CMAKE_PREFIX_PATH}:/home/v/Dev/Github/Cerberus/Control/cerberus_ws/install/cerberus_leg_loop:/opt/ros/humble /usr/bin/cmake --install /home/v/Dev/Github/Cerberus/Control/cerberus_ws/build/cerberus_description
[0.818s] Level 1:colcon.colcon_core.environment:checking '/home/v/Dev/Github/Cerberus/Control/cerberus_ws/install/cerberus_description' for CMake module files
[0.819s] Level 1:colcon.colcon_core.environment:checking '/home/v/Dev/Github/Cerberus/Control/cerberus_ws/install/cerberus_description' for CMake config files
[0.819s] Level 1:colcon.colcon_core.shell:create_environment_hook('cerberus_description', 'cmake_prefix_path')
[0.819s] INFO:colcon.colcon_core.shell:Creating environment hook '/home/v/Dev/Github/Cerberus/Control/cerberus_ws/install/cerberus_description/share/cerberus_description/hook/cmake_prefix_path.ps1'
[0.820s] INFO:colcon.colcon_core.shell:Creating environment descriptor '/home/v/Dev/Github/Cerberus/Control/cerberus_ws/install/cerberus_description/share/cerberus_description/hook/cmake_prefix_path.dsv'
[0.820s] INFO:colcon.colcon_core.shell:Creating environment hook '/home/v/Dev/Github/Cerberus/Control/cerberus_ws/install/cerberus_description/share/cerberus_description/hook/cmake_prefix_path.sh'
[0.820s] Level 1:colcon.colcon_core.environment:checking '/home/v/Dev/Github/Cerberus/Control/cerberus_ws/install/cerberus_description/bin'
[0.820s] Level 1:colcon.colcon_core.environment:checking '/home/v/Dev/Github/Cerberus/Control/cerberus_ws/install/cerberus_description/lib/pkgconfig/cerberus_description.pc'
[0.821s] Level 1:colcon.colcon_core.environment:checking '/home/v/Dev/Github/Cerberus/Control/cerberus_ws/install/cerberus_description/lib/python3.10/site-packages'
[0.821s] Level 1:colcon.colcon_core.environment:checking '/home/v/Dev/Github/Cerberus/Control/cerberus_ws/install/cerberus_description/bin'
[0.821s] INFO:colcon.colcon_core.shell:Creating package script '/home/v/Dev/Github/Cerberus/Control/cerberus_ws/install/cerberus_description/share/cerberus_description/package.ps1'
[0.822s] INFO:colcon.colcon_core.shell:Creating package descriptor '/home/v/Dev/Github/Cerberus/Control/cerberus_ws/install/cerberus_description/share/cerberus_description/package.dsv'
[0.822s] INFO:colcon.colcon_core.shell:Creating package script '/home/v/Dev/Github/Cerberus/Control/cerberus_ws/install/cerberus_description/share/cerberus_description/package.sh'
[0.823s] INFO:colcon.colcon_core.shell:Creating package script '/home/v/Dev/Github/Cerberus/Control/cerberus_ws/install/cerberus_description/share/cerberus_description/package.bash'
[0.823s] INFO:colcon.colcon_core.shell:Creating package script '/home/v/Dev/Github/Cerberus/Control/cerberus_ws/install/cerberus_description/share/cerberus_description/package.zsh'
[0.824s] Level 1:colcon.colcon_core.environment:create_file_with_runtime_dependencies(/home/v/Dev/Github/Cerberus/Control/cerberus_ws/install/cerberus_description/share/colcon-core/packages/cerberus_description)
[0.824s] Level 1:colcon.colcon_core.environment:create_environment_scripts_only(cerberus_description)
[0.824s] Level 1:colcon.colcon_core.environment:checking '/home/v/Dev/Github/Cerberus/Control/cerberus_ws/install/cerberus_description' for CMake module files
[0.824s] Level 1:colcon.colcon_core.environment:checking '/home/v/Dev/Github/Cerberus/Control/cerberus_ws/install/cerberus_description' for CMake config files
[0.825s] Level 1:colcon.colcon_core.shell:create_environment_hook('cerberus_description', 'cmake_prefix_path')
[0.825s] INFO:colcon.colcon_core.shell:Creating environment hook '/home/v/Dev/Github/Cerberus/Control/cerberus_ws/install/cerberus_description/share/cerberus_description/hook/cmake_prefix_path.ps1'
[0.825s] INFO:colcon.colcon_core.shell:Creating environment descriptor '/home/v/Dev/Github/Cerberus/Control/cerberus_ws/install/cerberus_description/share/cerberus_description/hook/cmake_prefix_path.dsv'
[0.825s] INFO:colcon.colcon_core.shell:Creating environment hook '/home/v/Dev/Github/Cerberus/Control/cerberus_ws/install/cerberus_description/share/cerberus_description/hook/cmake_prefix_path.sh'
[0.826s] Level 1:colcon.colcon_core.environment:checking '/home/v/Dev/Github/Cerberus/Control/cerberus_ws/install/cerberus_description/bin'
[0.826s] Level 1:colcon.colcon_core.environment:checking '/home/v/Dev/Github/Cerberus/Control/cerberus_ws/install/cerberus_description/lib/pkgconfig/cerberus_description.pc'
[0.826s] Level 1:colcon.colcon_core.environment:checking '/home/v/Dev/Github/Cerberus/Control/cerberus_ws/install/cerberus_description/lib/python3.10/site-packages'
[0.826s] Level 1:colcon.colcon_core.environment:checking '/home/v/Dev/Github/Cerberus/Control/cerberus_ws/install/cerberus_description/bin'
[0.826s] INFO:colcon.colcon_core.shell:Creating package script '/home/v/Dev/Github/Cerberus/Control/cerberus_ws/install/cerberus_description/share/cerberus_description/package.ps1'
[0.827s] INFO:colcon.colcon_core.shell:Creating package descriptor '/home/v/Dev/Github/Cerberus/Control/cerberus_ws/install/cerberus_description/share/cerberus_description/package.dsv'
[0.827s] INFO:colcon.colcon_core.shell:Creating package script '/home/v/Dev/Github/Cerberus/Control/cerberus_ws/install/cerberus_description/share/cerberus_description/package.sh'
[0.827s] INFO:colcon.colcon_core.shell:Creating package script '/home/v/Dev/Github/Cerberus/Control/cerberus_ws/install/cerberus_description/share/cerberus_description/package.bash'
[0.828s] INFO:colcon.colcon_core.shell:Creating package script '/home/v/Dev/Github/Cerberus/Control/cerberus_ws/install/cerberus_description/share/cerberus_description/package.zsh'
[0.828s] Level 1:colcon.colcon_core.environment:create_file_with_runtime_dependencies(/home/v/Dev/Github/Cerberus/Control/cerberus_ws/install/cerberus_description/share/colcon-core/packages/cerberus_description)
[0.828s] INFO:colcon.colcon_ros.task.ament_cmake.build:Building ROS package in '/home/v/Dev/Github/Cerberus/Control/cerberus_ws/src/cerberus/cerberus_bringup' with build type 'ament_cmake'
[0.828s] INFO:colcon.colcon_cmake.task.cmake.build:Building CMake package in '/home/v/Dev/Github/Cerberus/Control/cerberus_ws/src/cerberus/cerberus_bringup'
[0.829s] INFO:colcon.colcon_core.shell:Skip shell extension 'powershell' for command environment: Not usable outside of PowerShell
[0.829s] DEBUG:colcon.colcon_core.shell:Skip shell extension 'dsv' for command environment
[0.833s] INFO:colcon.colcon_ros.task.ament_cmake.build:Building ROS package in '/home/v/Dev/Github/Cerberus/Control/cerberus_ws/src/cerberus/cerberus_gazebo' with build type 'ament_cmake'
[0.833s] INFO:colcon.colcon_cmake.task.cmake.build:Building CMake package in '/home/v/Dev/Github/Cerberus/Control/cerberus_ws/src/cerberus/cerberus_gazebo'
[0.833s] INFO:colcon.colcon_core.shell:Skip shell extension 'powershell' for command environment: Not usable outside of PowerShell
[0.833s] DEBUG:colcon.colcon_core.shell:Skip shell extension 'dsv' for command environment
[0.840s] DEBUG:colcon.colcon_core.event_handler.log_command:Invoking command in '/home/v/Dev/Github/Cerberus/Control/cerberus_ws/build/cerberus_bringup': CMAKE_PREFIX_PATH=/home/v/Dev/Github/Cerberus/Control/cerberus_ws/install/cerberus_description:/home/v/Dev/Github/Cerberus/Control/cerberus_ws/install/odrive_hardware_interface:/home/v/Dev/Github/Cerberus/Control/cerberus_ws/install/cerberus_training:/home/v/Dev/Github/Cerberus/Control/cerberus_ws/install/cerberus_gazebo:/home/v/Dev/Github/Cerberus/Control/cerberus_ws/install/cerberus_bringup:/home/v/Dev/Github/Cerberus/Control/cerberus_ws/install/cerberus_leg_loop:/opt/ros/humble /usr/bin/cmake /home/v/Dev/Github/Cerberus/Control/cerberus_ws/src/cerberus/cerberus_bringup -DAMENT_CMAKE_SYMLINK_INSTALL=1 -DCMAKE_INSTALL_PREFIX=/home/v/Dev/Github/Cerberus/Control/cerberus_ws/install/cerberus_bringup
[0.843s] DEBUG:colcon.colcon_core.event_handler.log_command:Invoking command in '/home/v/Dev/Github/Cerberus/Control/cerberus_ws/build/cerberus_gazebo': CMAKE_PREFIX_PATH=/home/v/Dev/Github/Cerberus/Control/cerberus_ws/install/cerberus_description:/home/v/Dev/Github/Cerberus/Control/cerberus_ws/install/odrive_hardware_interface:/home/v/Dev/Github/Cerberus/Control/cerberus_ws/install/cerberus_training:/home/v/Dev/Github/Cerberus/Control/cerberus_ws/install/cerberus_gazebo:/home/v/Dev/Github/Cerberus/Control/cerberus_ws/install/cerberus_bringup:/home/v/Dev/Github/Cerberus/Control/cerberus_ws/install/cerberus_leg_loop:/opt/ros/humble /usr/bin/cmake /home/v/Dev/Github/Cerberus/Control/cerberus_ws/src/cerberus/cerberus_gazebo -DAMENT_CMAKE_SYMLINK_INSTALL=1 -DCMAKE_INSTALL_PREFIX=/home/v/Dev/Github/Cerberus/Control/cerberus_ws/install/cerberus_gazebo
[0.861s] DEBUG:colcon.colcon_core.event_handler.log_command:Invoked command in '/home/v/Dev/Github/Cerberus/Control/cerberus_ws/build/cerberus_training' returned '0': CMAKE_PREFIX_PATH=${CMAKE_PREFIX_PATH}:/home/v/Dev/Github/Cerberus/Control/cerberus_ws/install/cerberus_leg_loop:/opt/ros/humble /usr/bin/cmake /home/v/Dev/Github/Cerberus/Control/cerberus_ws/src/cerberus/cerberus_training -DAMENT_CMAKE_SYMLINK_INSTALL=1 -DCMAKE_INSTALL_PREFIX=/home/v/Dev/Github/Cerberus/Control/cerberus_ws/install/cerberus_training
[0.862s] DEBUG:colcon.colcon_core.event_handler.log_command:Invoking command in '/home/v/Dev/Github/Cerberus/Control/cerberus_ws/build/cerberus_training': CMAKE_PREFIX_PATH=${CMAKE_PREFIX_PATH}:/home/v/Dev/Github/Cerberus/Control/cerberus_ws/install/cerberus_leg_loop:/opt/ros/humble /usr/bin/cmake --build /home/v/Dev/Github/Cerberus/Control/cerberus_ws/build/cerberus_training -- -j12 -l12
[0.878s] DEBUG:colcon.colcon_core.event_handler.log_command:Invoked command in '/home/v/Dev/Github/Cerberus/Control/cerberus_ws/build/cerberus_training' returned '0': CMAKE_PREFIX_PATH=${CMAKE_PREFIX_PATH}:/home/v/Dev/Github/Cerberus/Control/cerberus_ws/install/cerberus_leg_loop:/opt/ros/humble /usr/bin/cmake --build /home/v/Dev/Github/Cerberus/Control/cerberus_ws/build/cerberus_training -- -j12 -l12
[0.880s] DEBUG:colcon.colcon_core.event_handler.log_command:Invoking command in '/home/v/Dev/Github/Cerberus/Control/cerberus_ws/build/cerberus_training': CMAKE_PREFIX_PATH=${CMAKE_PREFIX_PATH}:/home/v/Dev/Github/Cerberus/Control/cerberus_ws/install/cerberus_leg_loop:/opt/ros/humble /usr/bin/cmake --install /home/v/Dev/Github/Cerberus/Control/cerberus_ws/build/cerberus_training
[0.931s] Level 1:colcon.colcon_core.environment:create_environment_scripts_only(cerberus_training)
[0.931s] Level 1:colcon.colcon_core.environment:checking '/home/v/Dev/Github/Cerberus/Control/cerberus_ws/install/cerberus_training' for CMake module files
[0.932s] DEBUG:colcon.colcon_core.event_handler.log_command:Invoked command in '/home/v/Dev/Github/Cerberus/Control/cerberus_ws/build/cerberus_training' returned '0': CMAKE_PREFIX_PATH=${CMAKE_PREFIX_PATH}:/home/v/Dev/Github/Cerberus/Control/cerberus_ws/install/cerberus_leg_loop:/opt/ros/humble /usr/bin/cmake --install /home/v/Dev/Github/Cerberus/Control/cerberus_ws/build/cerberus_training
[0.932s] Level 1:colcon.colcon_core.environment:checking '/home/v/Dev/Github/Cerberus/Control/cerberus_ws/install/cerberus_training' for CMake config files
[0.933s] Level 1:colcon.colcon_core.shell:create_environment_hook('cerberus_training', 'cmake_prefix_path')
[0.933s] INFO:colcon.colcon_core.shell:Creating environment hook '/home/v/Dev/Github/Cerberus/Control/cerberus_ws/install/cerberus_training/share/cerberus_training/hook/cmake_prefix_path.ps1'
[0.933s] INFO:colcon.colcon_core.shell:Creating environment descriptor '/home/v/Dev/Github/Cerberus/Control/cerberus_ws/install/cerberus_training/share/cerberus_training/hook/cmake_prefix_path.dsv'
[0.933s] INFO:colcon.colcon_core.shell:Creating environment hook '/home/v/Dev/Github/Cerberus/Control/cerberus_ws/install/cerberus_training/share/cerberus_training/hook/cmake_prefix_path.sh'
[0.934s] Level 1:colcon.colcon_core.environment:checking '/home/v/Dev/Github/Cerberus/Control/cerberus_ws/install/cerberus_training/bin'
[0.934s] Level 1:colcon.colcon_core.environment:checking '/home/v/Dev/Github/Cerberus/Control/cerberus_ws/install/cerberus_training/lib/pkgconfig/cerberus_training.pc'
[0.934s] Level 1:colcon.colcon_core.environment:checking '/home/v/Dev/Github/Cerberus/Control/cerberus_ws/install/cerberus_training/lib/python3.10/site-packages'
[0.934s] Level 1:colcon.colcon_core.environment:checking '/home/v/Dev/Github/Cerberus/Control/cerberus_ws/install/cerberus_training/bin'
[0.935s] INFO:colcon.colcon_core.shell:Creating package script '/home/v/Dev/Github/Cerberus/Control/cerberus_ws/install/cerberus_training/share/cerberus_training/package.ps1'
[0.935s] INFO:colcon.colcon_core.shell:Creating package descriptor '/home/v/Dev/Github/Cerberus/Control/cerberus_ws/install/cerberus_training/share/cerberus_training/package.dsv'
[0.935s] INFO:colcon.colcon_core.shell:Creating package script '/home/v/Dev/Github/Cerberus/Control/cerberus_ws/install/cerberus_training/share/cerberus_training/package.sh'
[0.935s] INFO:colcon.colcon_core.shell:Creating package script '/home/v/Dev/Github/Cerberus/Control/cerberus_ws/install/cerberus_training/share/cerberus_training/package.bash'
[0.936s] INFO:colcon.colcon_core.shell:Creating package script '/home/v/Dev/Github/Cerberus/Control/cerberus_ws/install/cerberus_training/share/cerberus_training/package.zsh'
[0.936s] Level 1:colcon.colcon_core.environment:create_file_with_runtime_dependencies(/home/v/Dev/Github/Cerberus/Control/cerberus_ws/install/cerberus_training/share/colcon-core/packages/cerberus_training)
[0.936s] Level 1:colcon.colcon_core.environment:create_environment_scripts_only(cerberus_training)
[0.937s] Level 1:colcon.colcon_core.environment:checking '/home/v/Dev/Github/Cerberus/Control/cerberus_ws/install/cerberus_training' for CMake module files
[0.937s] Level 1:colcon.colcon_core.environment:checking '/home/v/Dev/Github/Cerberus/Control/cerberus_ws/install/cerberus_training' for CMake config files
[0.937s] Level 1:colcon.colcon_core.shell:create_environment_hook('cerberus_training', 'cmake_prefix_path')
[0.937s] INFO:colcon.colcon_core.shell:Creating environment hook '/home/v/Dev/Github/Cerberus/Control/cerberus_ws/install/cerberus_training/share/cerberus_training/hook/cmake_prefix_path.ps1'
[0.938s] INFO:colcon.colcon_core.shell:Creating environment descriptor '/home/v/Dev/Github/Cerberus/Control/cerberus_ws/install/cerberus_training/share/cerberus_training/hook/cmake_prefix_path.dsv'
[0.938s] INFO:colcon.colcon_core.shell:Creating environment hook '/home/v/Dev/Github/Cerberus/Control/cerberus_ws/install/cerberus_training/share/cerberus_training/hook/cmake_prefix_path.sh'
[0.938s] Level 1:colcon.colcon_core.environment:checking '/home/v/Dev/Github/Cerberus/Control/cerberus_ws/install/cerberus_training/bin'
[0.938s] Level 1:colcon.colcon_core.environment:checking '/home/v/Dev/Github/Cerberus/Control/cerberus_ws/install/cerberus_training/lib/pkgconfig/cerberus_training.pc'
[0.938s] Level 1:colcon.colcon_core.environment:checking '/home/v/Dev/Github/Cerberus/Control/cerberus_ws/install/cerberus_training/lib/python3.10/site-packages'
[0.939s] Level 1:colcon.colcon_core.environment:checking '/home/v/Dev/Github/Cerberus/Control/cerberus_ws/install/cerberus_training/bin'
[0.939s] INFO:colcon.colcon_core.shell:Creating package script '/home/v/Dev/Github/Cerberus/Control/cerberus_ws/install/cerberus_training/share/cerberus_training/package.ps1'
[0.939s] INFO:colcon.colcon_core.shell:Creating package descriptor '/home/v/Dev/Github/Cerberus/Control/cerberus_ws/install/cerberus_training/share/cerberus_training/package.dsv'
[0.939s] INFO:colcon.colcon_core.shell:Creating package script '/home/v/Dev/Github/Cerberus/Control/cerberus_ws/install/cerberus_training/share/cerberus_training/package.sh'
[0.940s] INFO:colcon.colcon_core.shell:Creating package script '/home/v/Dev/Github/Cerberus/Control/cerberus_ws/install/cerberus_training/share/cerberus_training/package.bash'
[0.940s] INFO:colcon.colcon_core.shell:Creating package script '/home/v/Dev/Github/Cerberus/Control/cerberus_ws/install/cerberus_training/share/cerberus_training/package.zsh'
[0.941s] Level 1:colcon.colcon_core.environment:create_file_with_runtime_dependencies(/home/v/Dev/Github/Cerberus/Control/cerberus_ws/install/cerberus_training/share/colcon-core/packages/cerberus_training)
[0.977s] DEBUG:colcon.colcon_core.event_handler.log_command:Invoked command in '/home/v/Dev/Github/Cerberus/Control/cerberus_ws/build/cerberus_bringup' returned '0': CMAKE_PREFIX_PATH=/home/v/Dev/Github/Cerberus/Control/cerberus_ws/install/cerberus_description:/home/v/Dev/Github/Cerberus/Control/cerberus_ws/install/odrive_hardware_interface:/home/v/Dev/Github/Cerberus/Control/cerberus_ws/install/cerberus_training:/home/v/Dev/Github/Cerberus/Control/cerberus_ws/install/cerberus_gazebo:/home/v/Dev/Github/Cerberus/Control/cerberus_ws/install/cerberus_bringup:/home/v/Dev/Github/Cerberus/Control/cerberus_ws/install/cerberus_leg_loop:/opt/ros/humble /usr/bin/cmake /home/v/Dev/Github/Cerberus/Control/cerberus_ws/src/cerberus/cerberus_bringup -DAMENT_CMAKE_SYMLINK_INSTALL=1 -DCMAKE_INSTALL_PREFIX=/home/v/Dev/Github/Cerberus/Control/cerberus_ws/install/cerberus_bringup
[0.978s] DEBUG:colcon.colcon_core.event_handler.log_command:Invoking command in '/home/v/Dev/Github/Cerberus/Control/cerberus_ws/build/cerberus_bringup': CMAKE_PREFIX_PATH=/home/v/Dev/Github/Cerberus/Control/cerberus_ws/install/cerberus_description:/home/v/Dev/Github/Cerberus/Control/cerberus_ws/install/odrive_hardware_interface:/home/v/Dev/Github/Cerberus/Control/cerberus_ws/install/cerberus_training:/home/v/Dev/Github/Cerberus/Control/cerberus_ws/install/cerberus_gazebo:/home/v/Dev/Github/Cerberus/Control/cerberus_ws/install/cerberus_bringup:/home/v/Dev/Github/Cerberus/Control/cerberus_ws/install/cerberus_leg_loop:/opt/ros/humble /usr/bin/cmake --build /home/v/Dev/Github/Cerberus/Control/cerberus_ws/build/cerberus_bringup -- -j12 -l12
[0.992s] DEBUG:colcon.colcon_core.event_handler.log_command:Invoked command in '/home/v/Dev/Github/Cerberus/Control/cerberus_ws/build/cerberus_bringup' returned '0': CMAKE_PREFIX_PATH=/home/v/Dev/Github/Cerberus/Control/cerberus_ws/install/cerberus_description:/home/v/Dev/Github/Cerberus/Control/cerberus_ws/install/odrive_hardware_interface:/home/v/Dev/Github/Cerberus/Control/cerberus_ws/install/cerberus_training:/home/v/Dev/Github/Cerberus/Control/cerberus_ws/install/cerberus_gazebo:/home/v/Dev/Github/Cerberus/Control/cerberus_ws/install/cerberus_bringup:/home/v/Dev/Github/Cerberus/Control/cerberus_ws/install/cerberus_leg_loop:/opt/ros/humble /usr/bin/cmake --build /home/v/Dev/Github/Cerberus/Control/cerberus_ws/build/cerberus_bringup -- -j12 -l12
[0.994s] DEBUG:colcon.colcon_core.event_handler.log_command:Invoking command in '/home/v/Dev/Github/Cerberus/Control/cerberus_ws/build/cerberus_bringup': CMAKE_PREFIX_PATH=/home/v/Dev/Github/Cerberus/Control/cerberus_ws/install/cerberus_description:/home/v/Dev/Github/Cerberus/Control/cerberus_ws/install/odrive_hardware_interface:/home/v/Dev/Github/Cerberus/Control/cerberus_ws/install/cerberus_training:/home/v/Dev/Github/Cerberus/Control/cerberus_ws/install/cerberus_gazebo:/home/v/Dev/Github/Cerberus/Control/cerberus_ws/install/cerberus_bringup:/home/v/Dev/Github/Cerberus/Control/cerberus_ws/install/cerberus_leg_loop:/opt/ros/humble /usr/bin/cmake --install /home/v/Dev/Github/Cerberus/Control/cerberus_ws/build/cerberus_bringup
[1.015s] DEBUG:colcon.colcon_core.task.python.build:While undoing a previous installation files outside the Python library path are being ignored: /home/v/Dev/Github/Cerberus/Control/cerberus_ws/install/cerberus_leg_loop/share/ament_index/resource_index/packages/cerberus_leg_loop
[1.015s] DEBUG:colcon.colcon_core.task.python.build:While undoing a previous installation files outside the Python library path are being ignored: /home/v/Dev/Github/Cerberus/Control/cerberus_ws/install/cerberus_leg_loop/share/cerberus_leg_loop/package.xml
[1.015s] DEBUG:colcon.colcon_core.task.python.build:While undoing a previous installation files outside the Python library path are being ignored: /home/v/Dev/Github/Cerberus/Control/cerberus_ws/install/cerberus_leg_loop/lib/cerberus_leg_loop/RepeatingTrajectoryNode
[1.017s] DEBUG:colcon.colcon_core.event_handler.log_command:Invoking command in '/home/v/Dev/Github/Cerberus/Control/cerberus_ws/build/cerberus_leg_loop': PYTHONPATH=/home/v/Dev/Github/Cerberus/Control/cerberus_ws/build/cerberus_leg_loop/prefix_override:/usr/lib/python3/dist-packages/colcon_core/task/python/colcon_distutils_commands:/home/v/Dev/Github/Cerberus/Control/cerberus_ws/install/cerberus_leg_loop/lib/python3.10/site-packages:${PYTHONPATH} /usr/bin/python3 -W ignore:setup.py install is deprecated -W ignore:easy_install command is deprecated setup.py develop --editable --build-directory /home/v/Dev/Github/Cerberus/Control/cerberus_ws/build/cerberus_leg_loop/build --no-deps symlink_data --force
[1.072s] Level 1:colcon.colcon_core.environment:create_environment_scripts_only(cerberus_bringup)
[1.073s] Level 1:colcon.colcon_core.environment:checking '/home/v/Dev/Github/Cerberus/Control/cerberus_ws/install/cerberus_bringup' for CMake module files
[1.073s] DEBUG:colcon.colcon_core.event_handler.log_command:Invoked command in '/home/v/Dev/Github/Cerberus/Control/cerberus_ws/build/cerberus_bringup' returned '0': CMAKE_PREFIX_PATH=/home/v/Dev/Github/Cerberus/Control/cerberus_ws/install/cerberus_description:/home/v/Dev/Github/Cerberus/Control/cerberus_ws/install/odrive_hardware_interface:/home/v/Dev/Github/Cerberus/Control/cerberus_ws/install/cerberus_training:/home/v/Dev/Github/Cerberus/Control/cerberus_ws/install/cerberus_gazebo:/home/v/Dev/Github/Cerberus/Control/cerberus_ws/install/cerberus_bringup:/home/v/Dev/Github/Cerberus/Control/cerberus_ws/install/cerberus_leg_loop:/opt/ros/humble /usr/bin/cmake --install /home/v/Dev/Github/Cerberus/Control/cerberus_ws/build/cerberus_bringup
[1.074s] Level 1:colcon.colcon_core.environment:checking '/home/v/Dev/Github/Cerberus/Control/cerberus_ws/install/cerberus_bringup' for CMake config files
[1.074s] Level 1:colcon.colcon_core.shell:create_environment_hook('cerberus_bringup', 'cmake_prefix_path')
[1.074s] INFO:colcon.colcon_core.shell:Creating environment hook '/home/v/Dev/Github/Cerberus/Control/cerberus_ws/install/cerberus_bringup/share/cerberus_bringup/hook/cmake_prefix_path.ps1'
[1.074s] INFO:colcon.colcon_core.shell:Creating environment descriptor '/home/v/Dev/Github/Cerberus/Control/cerberus_ws/install/cerberus_bringup/share/cerberus_bringup/hook/cmake_prefix_path.dsv'
[1.075s] INFO:colcon.colcon_core.shell:Creating environment hook '/home/v/Dev/Github/Cerberus/Control/cerberus_ws/install/cerberus_bringup/share/cerberus_bringup/hook/cmake_prefix_path.sh'
[1.075s] Level 1:colcon.colcon_core.environment:checking '/home/v/Dev/Github/Cerberus/Control/cerberus_ws/install/cerberus_bringup/bin'
[1.075s] Level 1:colcon.colcon_core.environment:checking '/home/v/Dev/Github/Cerberus/Control/cerberus_ws/install/cerberus_bringup/lib/pkgconfig/cerberus_bringup.pc'
[1.075s] Level 1:colcon.colcon_core.environment:checking '/home/v/Dev/Github/Cerberus/Control/cerberus_ws/install/cerberus_bringup/lib/python3.10/site-packages'
[1.075s] Level 1:colcon.colcon_core.environment:checking '/home/v/Dev/Github/Cerberus/Control/cerberus_ws/install/cerberus_bringup/bin'
[1.076s] INFO:colcon.colcon_core.shell:Creating package script '/home/v/Dev/Github/Cerberus/Control/cerberus_ws/install/cerberus_bringup/share/cerberus_bringup/package.ps1'
[1.076s] INFO:colcon.colcon_core.shell:Creating package descriptor '/home/v/Dev/Github/Cerberus/Control/cerberus_ws/install/cerberus_bringup/share/cerberus_bringup/package.dsv'
[1.076s] INFO:colcon.colcon_core.shell:Creating package script '/home/v/Dev/Github/Cerberus/Control/cerberus_ws/install/cerberus_bringup/share/cerberus_bringup/package.sh'
[1.076s] INFO:colcon.colcon_core.shell:Creating package script '/home/v/Dev/Github/Cerberus/Control/cerberus_ws/install/cerberus_bringup/share/cerberus_bringup/package.bash'
[1.077s] INFO:colcon.colcon_core.shell:Creating package script '/home/v/Dev/Github/Cerberus/Control/cerberus_ws/install/cerberus_bringup/share/cerberus_bringup/package.zsh'
[1.077s] Level 1:colcon.colcon_core.environment:create_file_with_runtime_dependencies(/home/v/Dev/Github/Cerberus/Control/cerberus_ws/install/cerberus_bringup/share/colcon-core/packages/cerberus_bringup)
[1.077s] Level 1:colcon.colcon_core.environment:create_environment_scripts_only(cerberus_bringup)
[1.077s] Level 1:colcon.colcon_core.environment:checking '/home/v/Dev/Github/Cerberus/Control/cerberus_ws/install/cerberus_bringup' for CMake module files
[1.078s] Level 1:colcon.colcon_core.environment:checking '/home/v/Dev/Github/Cerberus/Control/cerberus_ws/install/cerberus_bringup' for CMake config files
[1.078s] Level 1:colcon.colcon_core.shell:create_environment_hook('cerberus_bringup', 'cmake_prefix_path')
[1.078s] INFO:colcon.colcon_core.shell:Creating environment hook '/home/v/Dev/Github/Cerberus/Control/cerberus_ws/install/cerberus_bringup/share/cerberus_bringup/hook/cmake_prefix_path.ps1'
[1.078s] INFO:colcon.colcon_core.shell:Creating environment descriptor '/home/v/Dev/Github/Cerberus/Control/cerberus_ws/install/cerberus_bringup/share/cerberus_bringup/hook/cmake_prefix_path.dsv'
[1.079s] INFO:colcon.colcon_core.shell:Creating environment hook '/home/v/Dev/Github/Cerberus/Control/cerberus_ws/install/cerberus_bringup/share/cerberus_bringup/hook/cmake_prefix_path.sh'
[1.079s] Level 1:colcon.colcon_core.environment:checking '/home/v/Dev/Github/Cerberus/Control/cerberus_ws/install/cerberus_bringup/bin'
[1.079s] Level 1:colcon.colcon_core.environment:checking '/home/v/Dev/Github/Cerberus/Control/cerberus_ws/install/cerberus_bringup/lib/pkgconfig/cerberus_bringup.pc'
[1.079s] Level 1:colcon.colcon_core.environment:checking '/home/v/Dev/Github/Cerberus/Control/cerberus_ws/install/cerberus_bringup/lib/python3.10/site-packages'
[1.079s] Level 1:colcon.colcon_core.environment:checking '/home/v/Dev/Github/Cerberus/Control/cerberus_ws/install/cerberus_bringup/bin'
[1.080s] INFO:colcon.colcon_core.shell:Creating package script '/home/v/Dev/Github/Cerberus/Control/cerberus_ws/install/cerberus_bringup/share/cerberus_bringup/package.ps1'
[1.080s] INFO:colcon.colcon_core.shell:Creating package descriptor '/home/v/Dev/Github/Cerberus/Control/cerberus_ws/install/cerberus_bringup/share/cerberus_bringup/package.dsv'
[1.081s] INFO:colcon.colcon_core.shell:Creating package script '/home/v/Dev/Github/Cerberus/Control/cerberus_ws/install/cerberus_bringup/share/cerberus_bringup/package.sh'
[1.081s] INFO:colcon.colcon_core.shell:Creating package script '/home/v/Dev/Github/Cerberus/Control/cerberus_ws/install/cerberus_bringup/share/cerberus_bringup/package.bash'
[1.082s] INFO:colcon.colcon_core.shell:Creating package script '/home/v/Dev/Github/Cerberus/Control/cerberus_ws/install/cerberus_bringup/share/cerberus_bringup/package.zsh'
[1.082s] Level 1:colcon.colcon_core.environment:create_file_with_runtime_dependencies(/home/v/Dev/Github/Cerberus/Control/cerberus_ws/install/cerberus_bringup/share/colcon-core/packages/cerberus_bringup)
[1.175s] DEBUG:colcon.colcon_core.event_handler.log_command:Invoked command in '/home/v/Dev/Github/Cerberus/Control/cerberus_ws/build/odrive_hardware_interface' returned '0': CMAKE_PREFIX_PATH=${CMAKE_PREFIX_PATH}:/home/v/Dev/Github/Cerberus/Control/cerberus_ws/install/cerberus_leg_loop:/opt/ros/humble /usr/bin/cmake /home/v/Dev/Github/Cerberus/Control/cerberus_ws/src/cerberus/odrive_hardware_interface -DAMENT_CMAKE_SYMLINK_INSTALL=1 -DCMAKE_INSTALL_PREFIX=/home/v/Dev/Github/Cerberus/Control/cerberus_ws/install/odrive_hardware_interface
[1.176s] DEBUG:colcon.colcon_core.event_handler.log_command:Invoking command in '/home/v/Dev/Github/Cerberus/Control/cerberus_ws/build/odrive_hardware_interface': CMAKE_PREFIX_PATH=${CMAKE_PREFIX_PATH}:/home/v/Dev/Github/Cerberus/Control/cerberus_ws/install/cerberus_leg_loop:/opt/ros/humble /usr/bin/cmake --build /home/v/Dev/Github/Cerberus/Control/cerberus_ws/build/odrive_hardware_interface -- -j12 -l12
[1.372s] Level 1:colcon.colcon_core.shell:create_environment_hook('cerberus_leg_loop', 'pythonpath_develop')
[1.372s] INFO:colcon.colcon_core.shell:Creating environment hook '/home/v/Dev/Github/Cerberus/Control/cerberus_ws/build/cerberus_leg_loop/share/cerberus_leg_loop/hook/pythonpath_develop.ps1'
[1.373s] DEBUG:colcon.colcon_core.event_handler.log_command:Invoked command in '/home/v/Dev/Github/Cerberus/Control/cerberus_ws/build/cerberus_leg_loop' returned '0': PYTHONPATH=/home/v/Dev/Github/Cerberus/Control/cerberus_ws/build/cerberus_leg_loop/prefix_override:/usr/lib/python3/dist-packages/colcon_core/task/python/colcon_distutils_commands:/home/v/Dev/Github/Cerberus/Control/cerberus_ws/install/cerberus_leg_loop/lib/python3.10/site-packages:${PYTHONPATH} /usr/bin/python3 -W ignore:setup.py install is deprecated -W ignore:easy_install command is deprecated setup.py develop --editable --build-directory /home/v/Dev/Github/Cerberus/Control/cerberus_ws/build/cerberus_leg_loop/build --no-deps symlink_data --force
[1.373s] INFO:colcon.colcon_core.shell:Creating environment descriptor '/home/v/Dev/Github/Cerberus/Control/cerberus_ws/build/cerberus_leg_loop/share/cerberus_leg_loop/hook/pythonpath_develop.dsv'
[1.373s] INFO:colcon.colcon_core.shell:Creating environment hook '/home/v/Dev/Github/Cerberus/Control/cerberus_ws/build/cerberus_leg_loop/share/cerberus_leg_loop/hook/pythonpath_develop.sh'
[1.374s] Level 1:colcon.colcon_core.environment:checking '/home/v/Dev/Github/Cerberus/Control/cerberus_ws/install/cerberus_leg_loop' for CMake module files
[1.374s] Level 1:colcon.colcon_core.environment:checking '/home/v/Dev/Github/Cerberus/Control/cerberus_ws/install/cerberus_leg_loop' for CMake config files
[1.375s] Level 1:colcon.colcon_core.environment:checking '/home/v/Dev/Github/Cerberus/Control/cerberus_ws/install/cerberus_leg_loop/lib'
[1.375s] Level 1:colcon.colcon_core.environment:checking '/home/v/Dev/Github/Cerberus/Control/cerberus_ws/install/cerberus_leg_loop/bin'
[1.375s] Level 1:colcon.colcon_core.environment:checking '/home/v/Dev/Github/Cerberus/Control/cerberus_ws/install/cerberus_leg_loop/lib/pkgconfig/cerberus_leg_loop.pc'
[1.375s] Level 1:colcon.colcon_core.environment:checking '/home/v/Dev/Github/Cerberus/Control/cerberus_ws/install/cerberus_leg_loop/lib/python3.10/site-packages'
[1.375s] Level 1:colcon.colcon_core.shell:create_environment_hook('cerberus_leg_loop', 'pythonpath')
[1.375s] INFO:colcon.colcon_core.shell:Creating environment hook '/home/v/Dev/Github/Cerberus/Control/cerberus_ws/install/cerberus_leg_loop/share/cerberus_leg_loop/hook/pythonpath.ps1'
[1.376s] INFO:colcon.colcon_core.shell:Creating environment descriptor '/home/v/Dev/Github/Cerberus/Control/cerberus_ws/install/cerberus_leg_loop/share/cerberus_leg_loop/hook/pythonpath.dsv'
[1.376s] INFO:colcon.colcon_core.shell:Creating environment hook '/home/v/Dev/Github/Cerberus/Control/cerberus_ws/install/cerberus_leg_loop/share/cerberus_leg_loop/hook/pythonpath.sh'
[1.376s] Level 1:colcon.colcon_core.environment:checking '/home/v/Dev/Github/Cerberus/Control/cerberus_ws/install/cerberus_leg_loop/bin'
[1.376s] Level 1:colcon.colcon_core.environment:create_environment_scripts_only(cerberus_leg_loop)
[1.376s] INFO:colcon.colcon_core.shell:Creating package script '/home/v/Dev/Github/Cerberus/Control/cerberus_ws/install/cerberus_leg_loop/share/cerberus_leg_loop/package.ps1'
[1.377s] INFO:colcon.colcon_core.shell:Creating package descriptor '/home/v/Dev/Github/Cerberus/Control/cerberus_ws/install/cerberus_leg_loop/share/cerberus_leg_loop/package.dsv'
[1.377s] INFO:colcon.colcon_core.shell:Creating package script '/home/v/Dev/Github/Cerberus/Control/cerberus_ws/install/cerberus_leg_loop/share/cerberus_leg_loop/package.sh'
[1.377s] INFO:colcon.colcon_core.shell:Creating package script '/home/v/Dev/Github/Cerberus/Control/cerberus_ws/install/cerberus_leg_loop/share/cerberus_leg_loop/package.bash'
[1.378s] INFO:colcon.colcon_core.shell:Creating package script '/home/v/Dev/Github/Cerberus/Control/cerberus_ws/install/cerberus_leg_loop/share/cerberus_leg_loop/package.zsh'
[1.378s] Level 1:colcon.colcon_core.environment:create_file_with_runtime_dependencies(/home/v/Dev/Github/Cerberus/Control/cerberus_ws/install/cerberus_leg_loop/share/colcon-core/packages/cerberus_leg_loop)
[1.472s] DEBUG:colcon.colcon_core.event_handler.log_command:Invoked command in '/home/v/Dev/Github/Cerberus/Control/cerberus_ws/build/odrive_hardware_interface' returned '0': CMAKE_PREFIX_PATH=${CMAKE_PREFIX_PATH}:/home/v/Dev/Github/Cerberus/Control/cerberus_ws/install/cerberus_leg_loop:/opt/ros/humble /usr/bin/cmake --build /home/v/Dev/Github/Cerberus/Control/cerberus_ws/build/odrive_hardware_interface -- -j12 -l12
[1.473s] DEBUG:colcon.colcon_core.event_handler.log_command:Invoking command in '/home/v/Dev/Github/Cerberus/Control/cerberus_ws/build/odrive_hardware_interface': CMAKE_PREFIX_PATH=${CMAKE_PREFIX_PATH}:/home/v/Dev/Github/Cerberus/Control/cerberus_ws/install/cerberus_leg_loop:/opt/ros/humble /usr/bin/cmake --install /home/v/Dev/Github/Cerberus/Control/cerberus_ws/build/odrive_hardware_interface
[1.559s] Level 1:colcon.colcon_core.environment:create_environment_scripts_only(odrive_hardware_interface)
[1.559s] Level 1:colcon.colcon_core.environment:checking '/home/v/Dev/Github/Cerberus/Control/cerberus_ws/install/odrive_hardware_interface' for CMake module files
[1.559s] DEBUG:colcon.colcon_core.event_handler.log_command:Invoked command in '/home/v/Dev/Github/Cerberus/Control/cerberus_ws/build/odrive_hardware_interface' returned '0': CMAKE_PREFIX_PATH=${CMAKE_PREFIX_PATH}:/home/v/Dev/Github/Cerberus/Control/cerberus_ws/install/cerberus_leg_loop:/opt/ros/humble /usr/bin/cmake --install /home/v/Dev/Github/Cerberus/Control/cerberus_ws/build/odrive_hardware_interface
[1.560s] Level 1:colcon.colcon_core.environment:checking '/home/v/Dev/Github/Cerberus/Control/cerberus_ws/install/odrive_hardware_interface' for CMake config files
[1.560s] Level 1:colcon.colcon_core.shell:create_environment_hook('odrive_hardware_interface', 'cmake_prefix_path')
[1.560s] INFO:colcon.colcon_core.shell:Creating environment hook '/home/v/Dev/Github/Cerberus/Control/cerberus_ws/install/odrive_hardware_interface/share/odrive_hardware_interface/hook/cmake_prefix_path.ps1'
[1.560s] INFO:colcon.colcon_core.shell:Creating environment descriptor '/home/v/Dev/Github/Cerberus/Control/cerberus_ws/install/odrive_hardware_interface/share/odrive_hardware_interface/hook/cmake_prefix_path.dsv'
[1.561s] INFO:colcon.colcon_core.shell:Creating environment hook '/home/v/Dev/Github/Cerberus/Control/cerberus_ws/install/odrive_hardware_interface/share/odrive_hardware_interface/hook/cmake_prefix_path.sh'
[1.561s] Level 1:colcon.colcon_core.environment:checking '/home/v/Dev/Github/Cerberus/Control/cerberus_ws/install/odrive_hardware_interface/lib'
[1.561s] Level 1:colcon.colcon_core.shell:create_environment_hook('odrive_hardware_interface', 'ld_library_path_lib')
[1.561s] INFO:colcon.colcon_core.shell:Creating environment hook '/home/v/Dev/Github/Cerberus/Control/cerberus_ws/install/odrive_hardware_interface/share/odrive_hardware_interface/hook/ld_library_path_lib.ps1'
[1.562s] INFO:colcon.colcon_core.shell:Creating environment descriptor '/home/v/Dev/Github/Cerberus/Control/cerberus_ws/install/odrive_hardware_interface/share/odrive_hardware_interface/hook/ld_library_path_lib.dsv'
[1.562s] INFO:colcon.colcon_core.shell:Creating environment hook '/home/v/Dev/Github/Cerberus/Control/cerberus_ws/install/odrive_hardware_interface/share/odrive_hardware_interface/hook/ld_library_path_lib.sh'
[1.562s] Level 1:colcon.colcon_core.environment:checking '/home/v/Dev/Github/Cerberus/Control/cerberus_ws/install/odrive_hardware_interface/bin'
[1.562s] Level 1:colcon.colcon_core.environment:checking '/home/v/Dev/Github/Cerberus/Control/cerberus_ws/install/odrive_hardware_interface/lib/pkgconfig/odrive_hardware_interface.pc'
[1.562s] Level 1:colcon.colcon_core.environment:checking '/home/v/Dev/Github/Cerberus/Control/cerberus_ws/install/odrive_hardware_interface/lib/python3.10/site-packages'
[1.562s] Level 1:colcon.colcon_core.environment:checking '/home/v/Dev/Github/Cerberus/Control/cerberus_ws/install/odrive_hardware_interface/bin'
[1.563s] INFO:colcon.colcon_core.shell:Creating package script '/home/v/Dev/Github/Cerberus/Control/cerberus_ws/install/odrive_hardware_interface/share/odrive_hardware_interface/package.ps1'
[1.563s] INFO:colcon.colcon_core.shell:Creating package descriptor '/home/v/Dev/Github/Cerberus/Control/cerberus_ws/install/odrive_hardware_interface/share/odrive_hardware_interface/package.dsv'
[1.563s] INFO:colcon.colcon_core.shell:Creating package script '/home/v/Dev/Github/Cerberus/Control/cerberus_ws/install/odrive_hardware_interface/share/odrive_hardware_interface/package.sh'
[1.563s] INFO:colcon.colcon_core.shell:Creating package script '/home/v/Dev/Github/Cerberus/Control/cerberus_ws/install/odrive_hardware_interface/share/odrive_hardware_interface/package.bash'
[1.564s] INFO:colcon.colcon_core.shell:Creating package script '/home/v/Dev/Github/Cerberus/Control/cerberus_ws/install/odrive_hardware_interface/share/odrive_hardware_interface/package.zsh'
[1.564s] Level 1:colcon.colcon_core.environment:create_file_with_runtime_dependencies(/home/v/Dev/Github/Cerberus/Control/cerberus_ws/install/odrive_hardware_interface/share/colcon-core/packages/odrive_hardware_interface)
[1.564s] Level 1:colcon.colcon_core.environment:create_environment_scripts_only(odrive_hardware_interface)
[1.565s] Level 1:colcon.colcon_core.environment:checking '/home/v/Dev/Github/Cerberus/Control/cerberus_ws/install/odrive_hardware_interface' for CMake module files
[1.565s] Level 1:colcon.colcon_core.environment:checking '/home/v/Dev/Github/Cerberus/Control/cerberus_ws/install/odrive_hardware_interface' for CMake config files
[1.565s] Level 1:colcon.colcon_core.shell:create_environment_hook('odrive_hardware_interface', 'cmake_prefix_path')
[1.566s] INFO:colcon.colcon_core.shell:Creating environment hook '/home/v/Dev/Github/Cerberus/Control/cerberus_ws/install/odrive_hardware_interface/share/odrive_hardware_interface/hook/cmake_prefix_path.ps1'
[1.566s] INFO:colcon.colcon_core.shell:Creating environment descriptor '/home/v/Dev/Github/Cerberus/Control/cerberus_ws/install/odrive_hardware_interface/share/odrive_hardware_interface/hook/cmake_prefix_path.dsv'
[1.566s] INFO:colcon.colcon_core.shell:Creating environment hook '/home/v/Dev/Github/Cerberus/Control/cerberus_ws/install/odrive_hardware_interface/share/odrive_hardware_interface/hook/cmake_prefix_path.sh'
[1.567s] Level 1:colcon.colcon_core.environment:checking '/home/v/Dev/Github/Cerberus/Control/cerberus_ws/install/odrive_hardware_interface/lib'
[1.567s] Level 1:colcon.colcon_core.shell:create_environment_hook('odrive_hardware_interface', 'ld_library_path_lib')
[1.567s] INFO:colcon.colcon_core.shell:Creating environment hook '/home/v/Dev/Github/Cerberus/Control/cerberus_ws/install/odrive_hardware_interface/share/odrive_hardware_interface/hook/ld_library_path_lib.ps1'
[1.567s] INFO:colcon.colcon_core.shell:Creating environment descriptor '/home/v/Dev/Github/Cerberus/Control/cerberus_ws/install/odrive_hardware_interface/share/odrive_hardware_interface/hook/ld_library_path_lib.dsv'
[1.567s] INFO:colcon.colcon_core.shell:Creating environment hook '/home/v/Dev/Github/Cerberus/Control/cerberus_ws/install/odrive_hardware_interface/share/odrive_hardware_interface/hook/ld_library_path_lib.sh'
[1.568s] Level 1:colcon.colcon_core.environment:checking '/home/v/Dev/Github/Cerberus/Control/cerberus_ws/install/odrive_hardware_interface/bin'
[1.568s] Level 1:colcon.colcon_core.environment:checking '/home/v/Dev/Github/Cerberus/Control/cerberus_ws/install/odrive_hardware_interface/lib/pkgconfig/odrive_hardware_interface.pc'
[1.568s] Level 1:colcon.colcon_core.environment:checking '/home/v/Dev/Github/Cerberus/Control/cerberus_ws/install/odrive_hardware_interface/lib/python3.10/site-packages'
[1.568s] Level 1:colcon.colcon_core.environment:checking '/home/v/Dev/Github/Cerberus/Control/cerberus_ws/install/odrive_hardware_interface/bin'
[1.568s] INFO:colcon.colcon_core.shell:Creating package script '/home/v/Dev/Github/Cerberus/Control/cerberus_ws/install/odrive_hardware_interface/share/odrive_hardware_interface/package.ps1'
[1.569s] INFO:colcon.colcon_core.shell:Creating package descriptor '/home/v/Dev/Github/Cerberus/Control/cerberus_ws/install/odrive_hardware_interface/share/odrive_hardware_interface/package.dsv'
[1.569s] INFO:colcon.colcon_core.shell:Creating package script '/home/v/Dev/Github/Cerberus/Control/cerberus_ws/install/odrive_hardware_interface/share/odrive_hardware_interface/package.sh'
[1.569s] INFO:colcon.colcon_core.shell:Creating package script '/home/v/Dev/Github/Cerberus/Control/cerberus_ws/install/odrive_hardware_interface/share/odrive_hardware_interface/package.bash'
[1.569s] INFO:colcon.colcon_core.shell:Creating package script '/home/v/Dev/Github/Cerberus/Control/cerberus_ws/install/odrive_hardware_interface/share/odrive_hardware_interface/package.zsh'
[1.570s] Level 1:colcon.colcon_core.environment:create_file_with_runtime_dependencies(/home/v/Dev/Github/Cerberus/Control/cerberus_ws/install/odrive_hardware_interface/share/colcon-core/packages/odrive_hardware_interface)
[1.630s] DEBUG:colcon.colcon_core.event_handler.log_command:Invoked command in '/home/v/Dev/Github/Cerberus/Control/cerberus_ws/build/cerberus_gazebo' returned '0': CMAKE_PREFIX_PATH=/home/v/Dev/Github/Cerberus/Control/cerberus_ws/install/cerberus_description:/home/v/Dev/Github/Cerberus/Control/cerberus_ws/install/odrive_hardware_interface:/home/v/Dev/Github/Cerberus/Control/cerberus_ws/install/cerberus_training:/home/v/Dev/Github/Cerberus/Control/cerberus_ws/install/cerberus_gazebo:/home/v/Dev/Github/Cerberus/Control/cerberus_ws/install/cerberus_bringup:/home/v/Dev/Github/Cerberus/Control/cerberus_ws/install/cerberus_leg_loop:/opt/ros/humble /usr/bin/cmake /home/v/Dev/Github/Cerberus/Control/cerberus_ws/src/cerberus/cerberus_gazebo -DAMENT_CMAKE_SYMLINK_INSTALL=1 -DCMAKE_INSTALL_PREFIX=/home/v/Dev/Github/Cerberus/Control/cerberus_ws/install/cerberus_gazebo
[1.631s] DEBUG:colcon.colcon_core.event_handler.log_command:Invoking command in '/home/v/Dev/Github/Cerberus/Control/cerberus_ws/build/cerberus_gazebo': CMAKE_PREFIX_PATH=/home/v/Dev/Github/Cerberus/Control/cerberus_ws/install/cerberus_description:/home/v/Dev/Github/Cerberus/Control/cerberus_ws/install/odrive_hardware_interface:/home/v/Dev/Github/Cerberus/Control/cerberus_ws/install/cerberus_training:/home/v/Dev/Github/Cerberus/Control/cerberus_ws/install/cerberus_gazebo:/home/v/Dev/Github/Cerberus/Control/cerberus_ws/install/cerberus_bringup:/home/v/Dev/Github/Cerberus/Control/cerberus_ws/install/cerberus_leg_loop:/opt/ros/humble /usr/bin/cmake --build /home/v/Dev/Github/Cerberus/Control/cerberus_ws/build/cerberus_gazebo -- -j12 -l12
[1.666s] DEBUG:colcon.colcon_core.event_handler.log_command:Invoked command in '/home/v/Dev/Github/Cerberus/Control/cerberus_ws/build/cerberus_gazebo' returned '0': CMAKE_PREFIX_PATH=/home/v/Dev/Github/Cerberus/Control/cerberus_ws/install/cerberus_description:/home/v/Dev/Github/Cerberus/Control/cerberus_ws/install/odrive_hardware_interface:/home/v/Dev/Github/Cerberus/Control/cerberus_ws/install/cerberus_training:/home/v/Dev/Github/Cerberus/Control/cerberus_ws/install/cerberus_gazebo:/home/v/Dev/Github/Cerberus/Control/cerberus_ws/install/cerberus_bringup:/home/v/Dev/Github/Cerberus/Control/cerberus_ws/install/cerberus_leg_loop:/opt/ros/humble /usr/bin/cmake --build /home/v/Dev/Github/Cerberus/Control/cerberus_ws/build/cerberus_gazebo -- -j12 -l12
[1.668s] DEBUG:colcon.colcon_core.event_handler.log_command:Invoking command in '/home/v/Dev/Github/Cerberus/Control/cerberus_ws/build/cerberus_gazebo': CMAKE_PREFIX_PATH=/home/v/Dev/Github/Cerberus/Control/cerberus_ws/install/cerberus_description:/home/v/Dev/Github/Cerberus/Control/cerberus_ws/install/odrive_hardware_interface:/home/v/Dev/Github/Cerberus/Control/cerberus_ws/install/cerberus_training:/home/v/Dev/Github/Cerberus/Control/cerberus_ws/install/cerberus_gazebo:/home/v/Dev/Github/Cerberus/Control/cerberus_ws/install/cerberus_bringup:/home/v/Dev/Github/Cerberus/Control/cerberus_ws/install/cerberus_leg_loop:/opt/ros/humble /usr/bin/cmake --install /home/v/Dev/Github/Cerberus/Control/cerberus_ws/build/cerberus_gazebo
[1.735s] Level 1:colcon.colcon_core.environment:create_environment_scripts_only(cerberus_gazebo)
[1.735s] Level 1:colcon.colcon_core.environment:checking '/home/v/Dev/Github/Cerberus/Control/cerberus_ws/install/cerberus_gazebo' for CMake module files
[1.736s] DEBUG:colcon.colcon_core.event_handler.log_command:Invoked command in '/home/v/Dev/Github/Cerberus/Control/cerberus_ws/build/cerberus_gazebo' returned '0': CMAKE_PREFIX_PATH=/home/v/Dev/Github/Cerberus/Control/cerberus_ws/install/cerberus_description:/home/v/Dev/Github/Cerberus/Control/cerberus_ws/install/odrive_hardware_interface:/home/v/Dev/Github/Cerberus/Control/cerberus_ws/install/cerberus_training:/home/v/Dev/Github/Cerberus/Control/cerberus_ws/install/cerberus_gazebo:/home/v/Dev/Github/Cerberus/Control/cerberus_ws/install/cerberus_bringup:/home/v/Dev/Github/Cerberus/Control/cerberus_ws/install/cerberus_leg_loop:/opt/ros/humble /usr/bin/cmake --install /home/v/Dev/Github/Cerberus/Control/cerberus_ws/build/cerberus_gazebo
[1.736s] Level 1:colcon.colcon_core.environment:checking '/home/v/Dev/Github/Cerberus/Control/cerberus_ws/install/cerberus_gazebo' for CMake config files
[1.736s] Level 1:colcon.colcon_core.shell:create_environment_hook('cerberus_gazebo', 'cmake_prefix_path')
[1.736s] INFO:colcon.colcon_core.shell:Creating environment hook '/home/v/Dev/Github/Cerberus/Control/cerberus_ws/install/cerberus_gazebo/share/cerberus_gazebo/hook/cmake_prefix_path.ps1'
[1.737s] INFO:colcon.colcon_core.shell:Creating environment descriptor '/home/v/Dev/Github/Cerberus/Control/cerberus_ws/install/cerberus_gazebo/share/cerberus_gazebo/hook/cmake_prefix_path.dsv'
[1.737s] INFO:colcon.colcon_core.shell:Creating environment hook '/home/v/Dev/Github/Cerberus/Control/cerberus_ws/install/cerberus_gazebo/share/cerberus_gazebo/hook/cmake_prefix_path.sh'
[1.738s] Level 1:colcon.colcon_core.environment:checking '/home/v/Dev/Github/Cerberus/Control/cerberus_ws/install/cerberus_gazebo/lib'
[1.738s] Level 1:colcon.colcon_core.environment:checking '/home/v/Dev/Github/Cerberus/Control/cerberus_ws/install/cerberus_gazebo/bin'
[1.738s] Level 1:colcon.colcon_core.environment:checking '/home/v/Dev/Github/Cerberus/Control/cerberus_ws/install/cerberus_gazebo/lib/pkgconfig/cerberus_gazebo.pc'
[1.738s] Level 1:colcon.colcon_core.environment:checking '/home/v/Dev/Github/Cerberus/Control/cerberus_ws/install/cerberus_gazebo/lib/python3.10/site-packages'
[1.738s] Level 1:colcon.colcon_core.environment:checking '/home/v/Dev/Github/Cerberus/Control/cerberus_ws/install/cerberus_gazebo/bin'
[1.738s] INFO:colcon.colcon_core.shell:Creating package script '/home/v/Dev/Github/Cerberus/Control/cerberus_ws/install/cerberus_gazebo/share/cerberus_gazebo/package.ps1'
[1.739s] INFO:colcon.colcon_core.shell:Creating package descriptor '/home/v/Dev/Github/Cerberus/Control/cerberus_ws/install/cerberus_gazebo/share/cerberus_gazebo/package.dsv'
[1.739s] INFO:colcon.colcon_core.shell:Creating package script '/home/v/Dev/Github/Cerberus/Control/cerberus_ws/install/cerberus_gazebo/share/cerberus_gazebo/package.sh'
[1.739s] INFO:colcon.colcon_core.shell:Creating package script '/home/v/Dev/Github/Cerberus/Control/cerberus_ws/install/cerberus_gazebo/share/cerberus_gazebo/package.bash'
[1.739s] INFO:colcon.colcon_core.shell:Creating package script '/home/v/Dev/Github/Cerberus/Control/cerberus_ws/install/cerberus_gazebo/share/cerberus_gazebo/package.zsh'
[1.740s] Level 1:colcon.colcon_core.environment:create_file_with_runtime_dependencies(/home/v/Dev/Github/Cerberus/Control/cerberus_ws/install/cerberus_gazebo/share/colcon-core/packages/cerberus_gazebo)
[1.740s] Level 1:colcon.colcon_core.environment:create_environment_scripts_only(cerberus_gazebo)
[1.740s] Level 1:colcon.colcon_core.environment:checking '/home/v/Dev/Github/Cerberus/Control/cerberus_ws/install/cerberus_gazebo' for CMake module files
[1.741s] Level 1:colcon.colcon_core.environment:checking '/home/v/Dev/Github/Cerberus/Control/cerberus_ws/install/cerberus_gazebo' for CMake config files
[1.741s] Level 1:colcon.colcon_core.shell:create_environment_hook('cerberus_gazebo', 'cmake_prefix_path')
[1.741s] INFO:colcon.colcon_core.shell:Creating environment hook '/home/v/Dev/Github/Cerberus/Control/cerberus_ws/install/cerberus_gazebo/share/cerberus_gazebo/hook/cmake_prefix_path.ps1'
[1.741s] INFO:colcon.colcon_core.shell:Creating environment descriptor '/home/v/Dev/Github/Cerberus/Control/cerberus_ws/install/cerberus_gazebo/share/cerberus_gazebo/hook/cmake_prefix_path.dsv'
[1.741s] INFO:colcon.colcon_core.shell:Creating environment hook '/home/v/Dev/Github/Cerberus/Control/cerberus_ws/install/cerberus_gazebo/share/cerberus_gazebo/hook/cmake_prefix_path.sh'
[1.742s] Level 1:colcon.colcon_core.environment:checking '/home/v/Dev/Github/Cerberus/Control/cerberus_ws/install/cerberus_gazebo/lib'
[1.742s] Level 1:colcon.colcon_core.environment:checking '/home/v/Dev/Github/Cerberus/Control/cerberus_ws/install/cerberus_gazebo/bin'
[1.742s] Level 1:colcon.colcon_core.environment:checking '/home/v/Dev/Github/Cerberus/Control/cerberus_ws/install/cerberus_gazebo/lib/pkgconfig/cerberus_gazebo.pc'
[1.742s] Level 1:colcon.colcon_core.environment:checking '/home/v/Dev/Github/Cerberus/Control/cerberus_ws/install/cerberus_gazebo/lib/python3.10/site-packages'
[1.742s] Level 1:colcon.colcon_core.environment:checking '/home/v/Dev/Github/Cerberus/Control/cerberus_ws/install/cerberus_gazebo/bin'
[1.742s] INFO:colcon.colcon_core.shell:Creating package script '/home/v/Dev/Github/Cerberus/Control/cerberus_ws/install/cerberus_gazebo/share/cerberus_gazebo/package.ps1'
[1.743s] INFO:colcon.colcon_core.shell:Creating package descriptor '/home/v/Dev/Github/Cerberus/Control/cerberus_ws/install/cerberus_gazebo/share/cerberus_gazebo/package.dsv'
[1.743s] INFO:colcon.colcon_core.shell:Creating package script '/home/v/Dev/Github/Cerberus/Control/cerberus_ws/install/cerberus_gazebo/share/cerberus_gazebo/package.sh'
[1.743s] INFO:colcon.colcon_core.shell:Creating package script '/home/v/Dev/Github/Cerberus/Control/cerberus_ws/install/cerberus_gazebo/share/cerberus_gazebo/package.bash'
[1.743s] INFO:colcon.colcon_core.shell:Creating package script '/home/v/Dev/Github/Cerberus/Control/cerberus_ws/install/cerberus_gazebo/share/cerberus_gazebo/package.zsh'
[1.744s] Level 1:colcon.colcon_core.environment:create_file_with_runtime_dependencies(/home/v/Dev/Github/Cerberus/Control/cerberus_ws/install/cerberus_gazebo/share/colcon-core/packages/cerberus_gazebo)
[1.744s] DEBUG:colcon.colcon_parallel_executor.executor.parallel:closing loop
[1.744s] DEBUG:colcon.colcon_parallel_executor.executor.parallel:loop closed
[1.744s] DEBUG:colcon.colcon_parallel_executor.executor.parallel:run_until_complete finished with '0'
[1.744s] DEBUG:colcon.colcon_core.event_reactor:joining thread
[1.749s] INFO:colcon.colcon_core.plugin_system:Skipping extension 'colcon_notification.desktop_notification.terminal_notifier': Not used on non-Darwin systems
[1.749s] INFO:colcon.colcon_core.plugin_system:Skipping extension 'colcon_notification.desktop_notification.win32': Not used on non-Windows systems
[1.749s] INFO:colcon.colcon_notification.desktop_notification:Sending desktop notification using 'notify2'
[1.760s] DEBUG:colcon.colcon_core.event_reactor:joined thread
[1.760s] INFO:colcon.colcon_core.shell:Creating prefix script '/home/v/Dev/Github/Cerberus/Control/cerberus_ws/install/local_setup.ps1'
[1.761s] INFO:colcon.colcon_core.shell:Creating prefix util module '/home/v/Dev/Github/Cerberus/Control/cerberus_ws/install/_local_setup_util_ps1.py'
[1.762s] INFO:colcon.colcon_core.shell:Creating prefix chain script '/home/v/Dev/Github/Cerberus/Control/cerberus_ws/install/setup.ps1'
[1.763s] INFO:colcon.colcon_core.shell:Creating prefix script '/home/v/Dev/Github/Cerberus/Control/cerberus_ws/install/local_setup.sh'
[1.763s] INFO:colcon.colcon_core.shell:Creating prefix util module '/home/v/Dev/Github/Cerberus/Control/cerberus_ws/install/_local_setup_util_sh.py'
[1.764s] INFO:colcon.colcon_core.shell:Creating prefix chain script '/home/v/Dev/Github/Cerberus/Control/cerberus_ws/install/setup.sh'
[1.764s] INFO:colcon.colcon_core.shell:Creating prefix script '/home/v/Dev/Github/Cerberus/Control/cerberus_ws/install/local_setup.bash'
[1.765s] INFO:colcon.colcon_core.shell:Creating prefix chain script '/home/v/Dev/Github/Cerberus/Control/cerberus_ws/install/setup.bash'
[1.766s] INFO:colcon.colcon_core.shell:Creating prefix script '/home/v/Dev/Github/Cerberus/Control/cerberus_ws/install/local_setup.zsh'
[1.766s] INFO:colcon.colcon_core.shell:Creating prefix chain script '/home/v/Dev/Github/Cerberus/Control/cerberus_ws/install/setup.zsh'
