[0.007s] Invoking command in '/home/v/Dev/Github/Cerberus/Control/cerberus_ws/build/cerberus_gazebo': CMAKE_PREFIX_PATH=/home/v/Dev/Github/Cerberus/Control/cerberus_ws/install/cerberus_description:/home/v/Dev/Github/Cerberus/Control/cerberus_ws/install/odrive_hardware_interface:/home/v/Dev/Github/Cerberus/Control/cerberus_ws/install/cerberus_gazebo:/home/v/Dev/Github/Cerberus/Control/cerberus_ws/install/cerberus_bringup:/opt/ros/humble /usr/bin/cmake /home/v/Dev/Github/Cerberus/Control/cerberus_ws/src/cerberus_final/cerberus_gazebo -DAMENT_CMAKE_SYMLINK_INSTALL=1 -DCMAKE_INSTALL_PREFIX=/home/v/Dev/Github/Cerberus/Control/cerberus_ws/install/cerberus_gazebo
[0.014s] -- Found ament_cmake: 1.3.11 (/opt/ros/humble/share/ament_cmake/cmake)
[0.076s] -- Override CMake install command with custom implementation using symlinks instead of copying resources
[0.082s] -- Found cerberus_description: 0.1.0 (/home/v/Dev/Github/Cerberus/Control/cerberus_ws/install/cerberus_description/share/cerberus_description/cmake)
[0.088s] -- Looking for ignition-plugin1 -- found version 1.4.0
[0.089s] -- Searching for dependencies of ignition-plugin1
[0.089s] -- Searching for <ignition-plugin1> component [register]
[0.090s] -- Looking for ignition-plugin1-register -- found version 1.4.0
[0.090s] -- Searching for dependencies of ignition-plugin1-register
[0.091s] -- Looking for ignition-common4 -- found version 4.7.0
[0.091s] -- Searching for dependencies of ignition-common4
[0.091s] -- Looking for dlfcn.h - found
[0.091s] -- Looking for libdl - found
[0.097s] -- Checking for module 'uuid'
[0.107s] --   Found uuid, version 2.37.2
[0.131s] -- Searching for <ignition-common4> component [profiler]
[0.132s] -- Looking for ignition-common4-profiler -- found version 4.7.0
[0.133s] -- Searching for dependencies of ignition-common4-profiler
[0.135s] -- Looking for ignition-gazebo6 -- found version 6.16.0
[0.135s] -- Searching for dependencies of ignition-gazebo6
[0.136s] -- Looking for sdformat12 -- found version 12.7.2
[0.136s] -- Searching for dependencies of sdformat12
[0.139s] -- Checking for module 'tinyxml2'
[0.148s] --   Found tinyxml2, version 9.0.0
[0.168s] -- Looking for ignition-math6 -- found version 6.15.1
[0.168s] -- Searching for dependencies of ignition-math6
[0.169s] -- Looking for ignition-utils1 -- found version 1.5.1
[0.169s] -- Searching for dependencies of ignition-utils1
[0.170s] -- Looking for ignition-plugin1 -- found version 1.4.0
[0.171s] -- Searching for dependencies of ignition-plugin1
[0.171s] -- Searching for <ignition-plugin1> component [loader]
[0.171s] -- Looking for ignition-plugin1-loader -- found version 1.4.0
[0.171s] -- Searching for dependencies of ignition-plugin1-loader
[0.172s] -- Searching for <ignition-plugin1> component [register]
[0.173s] -- Looking for ignition-transport11 -- found version 11.4.1
[0.173s] -- Searching for dependencies of ignition-transport11
[0.206s] -- Config-file not installed for ZeroMQ -- checking for pkg-config
[0.209s] -- Checking for module 'libzmq >= 4'
[0.221s] --   Found libzmq , version 4.3.4
[0.265s] -- Looking for ignition-utils1 -- found version 1.5.1
[0.265s] -- Searching for dependencies of ignition-utils1
[0.265s] -- Searching for <ignition-utils1> component [cli]
[0.266s] -- Looking for ignition-utils1-cli -- found version 1.5.1
[0.266s] -- Searching for dependencies of ignition-utils1-cli
[0.267s] -- Looking for ignition-msgs8 -- found version 8.7.0
[0.267s] -- Searching for dependencies of ignition-msgs8
[0.283s] -- Found Protobuf: /usr/lib/x86_64-linux-gnu/libprotobuf.so (found suitable version "3.12.4", minimum required is "3") 
[0.284s] -- Looking for ignition-math6 -- found version 6.15.1
[0.291s] -- Searching for <ignition-transport11> component [log]
[0.292s] -- Looking for ignition-transport11-log -- found version 11.4.1
[0.292s] -- Searching for dependencies of ignition-transport11-log
[0.292s] -- Searching for <ignition-transport11> component [parameters]
[0.293s] -- Looking for ignition-transport11-parameters -- found version 11.4.1
[0.293s] -- Searching for dependencies of ignition-transport11-parameters
[0.294s] -- Looking for ignition-msgs8 -- found version 8.7.0
[0.294s] -- Looking for ignition-common4 -- found version 4.7.0
[0.295s] -- Searching for dependencies of ignition-common4
[0.295s] -- Looking for dlfcn.h - found
[0.295s] -- Looking for libdl - found
[0.302s] -- Searching for <ignition-common4> component [profiler]
[0.302s] -- Searching for <ignition-common4> component [events]
[0.303s] -- Looking for ignition-common4-events -- found version 4.7.0
[0.303s] -- Searching for dependencies of ignition-common4-events
[0.303s] -- Looking for ignition-math6 -- found version 6.15.1
[0.304s] -- Searching for <ignition-common4> component [av]
[0.304s] -- Looking for ignition-common4-av -- found version 4.7.0
[0.304s] -- Searching for dependencies of ignition-common4-av
[0.309s] -- Checking for module 'libswscale'
[0.320s] --   Found libswscale, version 5.9.100
[0.349s] -- Checking for module 'libavdevice >= 56.4.100'
[0.360s] --   Found libavdevice , version 58.13.100
[0.393s] -- Checking for module 'libavformat'
[0.403s] --   Found libavformat, version 58.76.100
[0.435s] -- Checking for module 'libavcodec'
[0.446s] --   Found libavcodec, version 58.134.100
[0.476s] -- Checking for module 'libavutil'
[0.486s] --   Found libavutil, version 56.70.100
[0.513s] -- Looking for ignition-fuel_tools7 -- found version 7.3.0
[0.513s] -- Searching for dependencies of ignition-fuel_tools7
[0.552s] -- Checking for module 'jsoncpp'
[0.561s] --   Found jsoncpp, version 1.9.5
[0.590s] -- Checking for module 'libzip'
[0.602s] --   Found libzip, version 1.7.3
[0.625s] -- Looking for ignition-common4 -- found version 4.7.0
[0.625s] -- Looking for ignition-math6 -- found version 6.15.1
[0.625s] -- Looking for ignition-msgs8 -- found version 8.7.0
[0.627s] -- Looking for ignition-gui6 -- found version 6.8.0
[0.627s] -- Searching for dependencies of ignition-gui6
[0.650s] -- Looking for ignition-math6 -- found version 6.15.1
[0.651s] -- Looking for ignition-common4 -- found version 4.7.0
[0.651s] -- Looking for ignition-plugin1 -- found version 1.4.0
[0.651s] -- Looking for ignition-transport11 -- found version 11.4.1
[0.652s] -- Looking for ignition-rendering6 -- found version 6.6.3
[0.652s] -- Searching for dependencies of ignition-rendering6
[0.652s] -- Looking for ignition-math6 -- found version 6.15.1
[0.653s] -- Searching for dependencies of ignition-math6
[0.653s] -- Searching for <ignition-math6> component [eigen3]
[0.653s] -- Looking for ignition-math6-eigen3 -- found version 6.15.1
[0.653s] -- Searching for dependencies of ignition-math6-eigen3
[0.655s] -- Looking for ignition-common4 -- found version 4.7.0
[0.655s] -- Searching for dependencies of ignition-common4
[0.655s] -- Looking for dlfcn.h - found
[0.655s] -- Looking for libdl - found
[0.662s] -- Searching for <ignition-common4> component [graphics]
[0.663s] -- Looking for ignition-common4-graphics -- found version 4.7.0
[0.663s] -- Searching for dependencies of ignition-common4-graphics
[0.663s] -- Looking for ignition-math6 -- found version 6.15.1
[0.664s] -- Looking for ignition-utils1 -- found version 1.5.1
[0.664s] -- Searching for <ignition-common4> component [events]
[0.665s] -- Looking for ignition-plugin1 -- found version 1.4.0
[0.665s] -- Searching for dependencies of ignition-plugin1
[0.665s] -- Searching for <ignition-plugin1> component [all]
[0.665s] -- Looking for all libraries of ignition-plugin1 -- found version 1.4.0
[0.666s] -- Looking for ignition-plugin1 -- found version 1.4.0
[0.667s] -- Looking for ignition-msgs8 -- found version 8.7.0
[0.691s] -- Looking for ignition-physics5 -- found version 5.3.2
[0.692s] -- Searching for dependencies of ignition-physics5
[0.692s] -- Looking for ignition-math6 -- found version 6.15.1
[0.692s] -- Looking for ignition-plugin1 -- found version 1.4.0
[0.693s] -- Looking for ignition-utils1 -- found version 1.5.1
[0.694s] -- Searching for <ignition-physics5> component [heightmap]
[0.694s] -- Looking for ignition-physics5-heightmap -- found version 5.3.2
[0.695s] -- Searching for dependencies of ignition-physics5-heightmap
[0.695s] -- Looking for ignition-common4 -- found version 4.7.0
[0.695s] -- Searching for <ignition-physics5> component [mesh]
[0.696s] -- Looking for ignition-physics5-mesh -- found version 5.3.2
[0.696s] -- Searching for dependencies of ignition-physics5-mesh
[0.696s] -- Looking for ignition-common4 -- found version 4.7.0
[0.697s] -- Searching for <ignition-physics5> component [sdf]
[0.698s] -- Looking for ignition-physics5-sdf -- found version 5.3.2
[0.698s] -- Searching for dependencies of ignition-physics5-sdf
[0.698s] -- Looking for sdformat12 -- found version 12.7.2
[0.699s] -- Looking for ignition-sensors6 -- found version 6.8.0
[0.700s] -- Searching for dependencies of ignition-sensors6
[0.719s] -- Found Protobuf: /usr/lib/x86_64-linux-gnu/libprotobuf.so (found version "3.12.4") 
[0.720s] -- Looking for ignition-math6 -- found version 6.15.1
[0.720s] -- Looking for ignition-common4 -- found version 4.7.0
[0.721s] -- Looking for ignition-transport11 -- found version 11.4.1
[0.721s] -- Looking for ignition-rendering6 -- found version 6.6.3
[0.721s] -- Looking for ignition-msgs8 -- found version 8.7.0
[0.722s] -- Looking for sdformat12 -- found version 12.7.2
[0.723s] -- Searching for <ignition-sensors6> component [air_pressure]
[0.723s] -- Looking for ignition-sensors6-air_pressure -- found version 6.8.0
[0.724s] -- Searching for dependencies of ignition-sensors6-air_pressure
[0.724s] -- Searching for <ignition-sensors6> component [altimeter]
[0.725s] -- Looking for ignition-sensors6-altimeter -- found version 6.8.0
[0.725s] -- Searching for dependencies of ignition-sensors6-altimeter
[0.726s] -- Searching for <ignition-sensors6> component [imu]
[0.726s] -- Looking for ignition-sensors6-imu -- found version 6.8.0
[0.726s] -- Searching for dependencies of ignition-sensors6-imu
[0.727s] -- Searching for <ignition-sensors6> component [force_torque]
[0.728s] -- Looking for ignition-sensors6-force_torque -- found version 6.8.0
[0.728s] -- Searching for dependencies of ignition-sensors6-force_torque
[0.729s] -- Searching for <ignition-sensors6> component [logical_camera]
[0.729s] -- Looking for ignition-sensors6-logical_camera -- found version 6.8.0
[0.730s] -- Searching for dependencies of ignition-sensors6-logical_camera
[0.730s] -- Searching for <ignition-sensors6> component [magnetometer]
[0.731s] -- Looking for ignition-sensors6-magnetometer -- found version 6.8.0
[0.731s] -- Searching for dependencies of ignition-sensors6-magnetometer
[0.732s] -- Searching for <ignition-sensors6> component [navsat]
[0.732s] -- Looking for ignition-sensors6-navsat -- found version 6.8.0
[0.732s] -- Searching for dependencies of ignition-sensors6-navsat
[0.733s] -- Searching for <ignition-sensors6> component [rendering]
[0.734s] -- Looking for ignition-sensors6-rendering -- found version 6.8.0
[0.734s] -- Searching for dependencies of ignition-sensors6-rendering
[0.734s] -- Searching for <ignition-sensors6> component [lidar]
[0.735s] -- Looking for ignition-sensors6-lidar -- found version 6.8.0
[0.736s] -- Searching for dependencies of ignition-sensors6-lidar
[0.736s] -- Looking for ignition-sensors6 -- found version 6.8.0
[0.737s] -- Searching for <ignition-sensors6> component [gpu_lidar]
[0.737s] -- Looking for ignition-sensors6-gpu_lidar -- found version 6.8.0
[0.737s] -- Searching for dependencies of ignition-sensors6-gpu_lidar
[0.738s] -- Looking for ignition-sensors6 -- found version 6.8.0
[0.738s] -- Searching for <ignition-sensors6> component [camera]
[0.739s] -- Looking for ignition-sensors6-camera -- found version 6.8.0
[0.739s] -- Searching for dependencies of ignition-sensors6-camera
[0.740s] -- Looking for ignition-sensors6 -- found version 6.8.0
[0.740s] -- Searching for <ignition-sensors6> component [boundingbox_camera]
[0.741s] -- Looking for ignition-sensors6-boundingbox_camera -- found version 6.8.0
[0.741s] -- Searching for dependencies of ignition-sensors6-boundingbox_camera
[0.742s] -- Searching for <ignition-sensors6> component [segmentation_camera]
[0.742s] -- Looking for ignition-sensors6-segmentation_camera -- found version 6.8.0
[0.743s] -- Searching for dependencies of ignition-sensors6-segmentation_camera
[0.743s] -- Searching for <ignition-sensors6> component [depth_camera]
[0.744s] -- Looking for ignition-sensors6-depth_camera -- found version 6.8.0
[0.744s] -- Searching for dependencies of ignition-sensors6-depth_camera
[0.745s] -- Looking for ignition-sensors6 -- found version 6.8.0
[0.745s] -- Searching for <ignition-sensors6> component [rgbd_camera]
[0.746s] -- Looking for ignition-sensors6-rgbd_camera -- found version 6.8.0
[0.746s] -- Searching for dependencies of ignition-sensors6-rgbd_camera
[0.746s] -- Looking for ignition-sensors6 -- found version 6.8.0
[0.747s] -- Searching for <ignition-sensors6> component [thermal_camera]
[0.748s] -- Looking for ignition-sensors6-thermal_camera -- found version 6.8.0
[0.748s] -- Searching for dependencies of ignition-sensors6-thermal_camera
[0.748s] -- Looking for ignition-sensors6 -- found version 6.8.0
[0.749s] -- Looking for ignition-rendering6 -- found version 6.6.3
[0.750s] -- Looking for ignition-math6 -- found version 6.15.1
[0.750s] -- Looking for ignition-utils1 -- found version 1.5.1
[0.773s] -- Found ament_lint_auto: 0.12.11 (/opt/ros/humble/share/ament_lint_auto/cmake)
[0.821s] -- Configuring done
[0.836s] -- Generating done
[0.840s] -- Build files have been written to: /home/v/Dev/Github/Cerberus/Control/cerberus_ws/build/cerberus_gazebo
[0.846s] Invoked command in '/home/v/Dev/Github/Cerberus/Control/cerberus_ws/build/cerberus_gazebo' returned '0': CMAKE_PREFIX_PATH=/home/v/Dev/Github/Cerberus/Control/cerberus_ws/install/cerberus_description:/home/v/Dev/Github/Cerberus/Control/cerberus_ws/install/odrive_hardware_interface:/home/v/Dev/Github/Cerberus/Control/cerberus_ws/install/cerberus_gazebo:/home/v/Dev/Github/Cerberus/Control/cerberus_ws/install/cerberus_bringup:/opt/ros/humble /usr/bin/cmake /home/v/Dev/Github/Cerberus/Control/cerberus_ws/src/cerberus_final/cerberus_gazebo -DAMENT_CMAKE_SYMLINK_INSTALL=1 -DCMAKE_INSTALL_PREFIX=/home/v/Dev/Github/Cerberus/Control/cerberus_ws/install/cerberus_gazebo
[0.847s] Invoking command in '/home/v/Dev/Github/Cerberus/Control/cerberus_ws/build/cerberus_gazebo': CMAKE_PREFIX_PATH=/home/v/Dev/Github/Cerberus/Control/cerberus_ws/install/cerberus_description:/home/v/Dev/Github/Cerberus/Control/cerberus_ws/install/odrive_hardware_interface:/home/v/Dev/Github/Cerberus/Control/cerberus_ws/install/cerberus_gazebo:/home/v/Dev/Github/Cerberus/Control/cerberus_ws/install/cerberus_bringup:/opt/ros/humble /usr/bin/cmake --build /home/v/Dev/Github/Cerberus/Control/cerberus_ws/build/cerberus_gazebo -- -j12 -l12
[0.875s] [ 50%] Built target BasicSystem
[0.876s] [100%] Built target FullSystem
[0.882s] Invoked command in '/home/v/Dev/Github/Cerberus/Control/cerberus_ws/build/cerberus_gazebo' returned '0': CMAKE_PREFIX_PATH=/home/v/Dev/Github/Cerberus/Control/cerberus_ws/install/cerberus_description:/home/v/Dev/Github/Cerberus/Control/cerberus_ws/install/odrive_hardware_interface:/home/v/Dev/Github/Cerberus/Control/cerberus_ws/install/cerberus_gazebo:/home/v/Dev/Github/Cerberus/Control/cerberus_ws/install/cerberus_bringup:/opt/ros/humble /usr/bin/cmake --build /home/v/Dev/Github/Cerberus/Control/cerberus_ws/build/cerberus_gazebo -- -j12 -l12
[0.883s] Invoking command in '/home/v/Dev/Github/Cerberus/Control/cerberus_ws/build/cerberus_gazebo': CMAKE_PREFIX_PATH=/home/v/Dev/Github/Cerberus/Control/cerberus_ws/install/cerberus_description:/home/v/Dev/Github/Cerberus/Control/cerberus_ws/install/odrive_hardware_interface:/home/v/Dev/Github/Cerberus/Control/cerberus_ws/install/cerberus_gazebo:/home/v/Dev/Github/Cerberus/Control/cerberus_ws/install/cerberus_bringup:/opt/ros/humble /usr/bin/cmake --install /home/v/Dev/Github/Cerberus/Control/cerberus_ws/build/cerberus_gazebo
[0.886s] -- Install configuration: ""
[0.887s] -- Execute custom install script
[0.887s] -- Symlinking: /home/v/Dev/Github/Cerberus/Control/cerberus_ws/install/cerberus_gazebo/lib/cerberus_gazebo/libBasicSystem.so
[0.891s] -- Symlinking: /home/v/Dev/Github/Cerberus/Control/cerberus_ws/install/cerberus_gazebo/lib/cerberus_gazebo/libFullSystem.so
[0.895s] -- Symlinking: /home/v/Dev/Github/Cerberus/Control/cerberus_ws/install/cerberus_gazebo/share/cerberus_gazebo/worlds/cerberus.sdf
[0.899s] -- Symlinking: /home/v/Dev/Github/Cerberus/Control/cerberus_ws/install/cerberus_gazebo/share/cerberus_gazebo/environment/cerberus_gazebo.dsv
[0.902s] -- Symlinking: /home/v/Dev/Github/Cerberus/Control/cerberus_ws/install/cerberus_gazebo/share/cerberus_gazebo/environment/cerberus_gazebo.sh
[0.906s] -- Symlinking: /home/v/Dev/Github/Cerberus/Control/cerberus_ws/install/cerberus_gazebo/share/ament_index/resource_index/package_run_dependencies/cerberus_gazebo
[0.909s] -- Symlinking: /home/v/Dev/Github/Cerberus/Control/cerberus_ws/install/cerberus_gazebo/share/ament_index/resource_index/parent_prefix_path/cerberus_gazebo
[0.913s] -- Symlinking: /home/v/Dev/Github/Cerberus/Control/cerberus_ws/install/cerberus_gazebo/share/cerberus_gazebo/environment/ament_prefix_path.sh
[0.916s] -- Symlinking: /home/v/Dev/Github/Cerberus/Control/cerberus_ws/install/cerberus_gazebo/share/cerberus_gazebo/environment/ament_prefix_path.dsv
[0.919s] -- Symlinking: /home/v/Dev/Github/Cerberus/Control/cerberus_ws/install/cerberus_gazebo/share/cerberus_gazebo/environment/path.sh
[0.923s] -- Symlinking: /home/v/Dev/Github/Cerberus/Control/cerberus_ws/install/cerberus_gazebo/share/cerberus_gazebo/environment/path.dsv
[0.926s] -- Symlinking: /home/v/Dev/Github/Cerberus/Control/cerberus_ws/install/cerberus_gazebo/share/cerberus_gazebo/local_setup.bash
[0.929s] -- Symlinking: /home/v/Dev/Github/Cerberus/Control/cerberus_ws/install/cerberus_gazebo/share/cerberus_gazebo/local_setup.sh
[0.931s] -- Symlinking: /home/v/Dev/Github/Cerberus/Control/cerberus_ws/install/cerberus_gazebo/share/cerberus_gazebo/local_setup.zsh
[0.933s] -- Symlinking: /home/v/Dev/Github/Cerberus/Control/cerberus_ws/install/cerberus_gazebo/share/cerberus_gazebo/local_setup.dsv
[0.936s] -- Symlinking: /home/v/Dev/Github/Cerberus/Control/cerberus_ws/install/cerberus_gazebo/share/cerberus_gazebo/package.dsv
[0.939s] -- Symlinking: /home/v/Dev/Github/Cerberus/Control/cerberus_ws/install/cerberus_gazebo/share/ament_index/resource_index/packages/cerberus_gazebo
[0.942s] -- Symlinking: /home/v/Dev/Github/Cerberus/Control/cerberus_ws/install/cerberus_gazebo/share/cerberus_gazebo/cmake/cerberus_gazeboConfig.cmake
[0.945s] -- Symlinking: /home/v/Dev/Github/Cerberus/Control/cerberus_ws/install/cerberus_gazebo/share/cerberus_gazebo/cmake/cerberus_gazeboConfig-version.cmake
[0.948s] -- Symlinking: /home/v/Dev/Github/Cerberus/Control/cerberus_ws/install/cerberus_gazebo/share/cerberus_gazebo/package.xml
[0.953s] Invoked command in '/home/v/Dev/Github/Cerberus/Control/cerberus_ws/build/cerberus_gazebo' returned '0': CMAKE_PREFIX_PATH=/home/v/Dev/Github/Cerberus/Control/cerberus_ws/install/cerberus_description:/home/v/Dev/Github/Cerberus/Control/cerberus_ws/install/odrive_hardware_interface:/home/v/Dev/Github/Cerberus/Control/cerberus_ws/install/cerberus_gazebo:/home/v/Dev/Github/Cerberus/Control/cerberus_ws/install/cerberus_bringup:/opt/ros/humble /usr/bin/cmake --install /home/v/Dev/Github/Cerberus/Control/cerberus_ws/build/cerberus_gazebo
