-- Install configuration: ""
-- Up-to-date: /home/v/cerberus_ws/install/cerberus_description/share/cerberus_description/urdf
-- Up-to-date: /home/v/cerberus_ws/install/cerberus_description/share/cerberus_description/urdf/cerberus.urdf.xacro
-- Installing: /home/v/cerberus_ws/install/cerberus_description/share/cerberus_description/urdf/cerbiboi.urdf.xacro
-- Installing: /home/v/cerberus_ws/install/cerberus_description/share/cerberus_description/urdf/articulated_leg_macro.xacro
-- Up-to-date: /home/v/cerberus_ws/install/cerberus_description/share/cerberus_description/urdf/odrive.ros2_control.xacro
-- Up-to-date: /home/v/cerberus_ws/install/cerberus_description/share/ament_index/resource_index/package_run_dependencies/cerberus_description
-- Up-to-date: /home/v/cerberus_ws/install/cerberus_description/share/ament_index/resource_index/parent_prefix_path/cerberus_description
-- Up-to-date: /home/v/cerberus_ws/install/cerberus_description/share/cerberus_description/environment/ament_prefix_path.sh
-- Up-to-date: /home/v/cerberus_ws/install/cerberus_description/share/cerberus_description/environment/ament_prefix_path.dsv
-- Up-to-date: /home/v/cerberus_ws/install/cerberus_description/share/cerberus_description/environment/path.sh
-- Up-to-date: /home/v/cerberus_ws/install/cerberus_description/share/cerberus_description/environment/path.dsv
-- Up-to-date: /home/v/cerberus_ws/install/cerberus_description/share/cerberus_description/local_setup.bash
-- Up-to-date: /home/v/cerberus_ws/install/cerberus_description/share/cerberus_description/local_setup.sh
-- Up-to-date: /home/v/cerberus_ws/install/cerberus_description/share/cerberus_description/local_setup.zsh
-- Up-to-date: /home/v/cerberus_ws/install/cerberus_description/share/cerberus_description/local_setup.dsv
-- Installing: /home/v/cerberus_ws/install/cerberus_description/share/cerberus_description/package.dsv
-- Up-to-date: /home/v/cerberus_ws/install/cerberus_description/share/ament_index/resource_index/packages/cerberus_description
-- Up-to-date: /home/v/cerberus_ws/install/cerberus_description/share/cerberus_description/cmake/cerberus_descriptionConfig.cmake
-- Up-to-date: /home/v/cerberus_ws/install/cerberus_description/share/cerberus_description/cmake/cerberus_descriptionConfig-version.cmake
-- Up-to-date: /home/v/cerberus_ws/install/cerberus_description/share/cerberus_description/package.xml
