-- The C compiler identification is GNU 11.4.0
-- The CXX compiler identification is GNU 11.4.0
-- Detecting C compiler ABI info
-- Detecting C compiler ABI info - done
-- Check for working C compiler: /usr/bin/cc - skipped
-- Detecting C compile features
-- Detecting C compile features - done
-- Detecting CXX compiler ABI info
-- Detecting CXX compiler ABI info - done
-- Check for working CXX compiler: /usr/bin/c++ - skipped
-- Detecting CXX compile features
-- Detecting CXX compile features - done
-- Found ament_cmake_auto: 1.3.11 (/opt/ros/humble/share/ament_cmake_auto/cmake)
-- Found Python3: /usr/bin/python3 (found version "3.10.12") found components: Interpreter 
-- Found rosidl_generator_c: 3.1.6 (/opt/ros/humble/share/rosidl_generator_c/cmake)
-- Found rosidl_adapter: 3.1.6 (/opt/ros/humble/share/rosidl_adapter/cmake)
-- Found rosidl_generator_cpp: 3.1.6 (/opt/ros/humble/share/rosidl_generator_cpp/cmake)
-- Using all available rosidl_typesupport_c: rosidl_typesupport_fastrtps_c;rosidl_typesupport_introspection_c
-- Using all available rosidl_typesupport_cpp: rosidl_typesupport_fastrtps_cpp;rosidl_typesupport_introspection_cpp
-- Found rmw_implementation_cmake: 6.1.2 (/opt/ros/humble/share/rmw_implementation_cmake/cmake)
-- Found rmw_fastrtps_cpp: 6.2.7 (/opt/ros/humble/share/rmw_fastrtps_cpp/cmake)
-- Found TinyXML2 via Config file: TinyXML2_DIR-NOTFOUND
-- Found OpenSSL: /usr/lib/x86_64-linux-gnu/libcrypto.so (found version "3.0.2")  
-- Found TinyXML2 via Config file: TinyXML2_DIR-NOTFOUND
-- Found FastRTPS: /opt/ros/humble/include  
-- Found TinyXML2 via Config file: TinyXML2_DIR-NOTFOUND
-- Found TinyXML2 via Config file: TinyXML2_DIR-NOTFOUND
-- Using RMW implementation 'rmw_fastrtps_cpp' as default
-- Performing Test CMAKE_HAVE_LIBC_PTHREAD
-- Performing Test CMAKE_HAVE_LIBC_PTHREAD - Success
-- Found Threads: TRUE  
-- Found PkgConfig: /usr/bin/pkg-config (found version "0.29.2") 
-- Checking for one of the modules 'libusb-1.0'
-- Found ament_lint_auto: 0.12.11 (/opt/ros/humble/share/ament_lint_auto/cmake)
-- Added test 'copyright' to check source files copyright and LICENSE
-- Added test 'cppcheck' to perform static code analysis on C / C++ code
-- Configured cppcheck include dirs: /home/v/cerberus_ws/src/cerberus_final/odrive_hardware_interface/include
-- Configured cppcheck exclude dirs and/or files: 
-- Added test 'cpplint' to check C / C++ code against the Google style
-- Configured cpplint exclude dirs and/or files: 
-- Added test 'lint_cmake' to check CMake code style
-- Added test 'uncrustify' to check C / C++ code style
-- Configured uncrustify additional arguments: 
-- Added test 'xmllint' to check XML markup files
-- Configuring done
-- Generating done
-- Build files have been written to: /home/v/cerberus_ws/build/odrive_hardware_interface
[ 25%] [32mBuilding CXX object CMakeFiles/odrive_usb.dir/src/odrive_usb.cpp.o[0m
In file included from [01m[K/opt/ros/humble/include/rclcpp/rclcpp/logging.hpp:24[m[K,
                 from [01m[K/opt/ros/humble/include/rclcpp/rclcpp/client.hpp:40[m[K,
                 from [01m[K/opt/ros/humble/include/rclcpp/rclcpp/callback_group.hpp:24[m[K,
                 from [01m[K/opt/ros/humble/include/rclcpp/rclcpp/any_executable.hpp:20[m[K,
                 from [01m[K/opt/ros/humble/include/rclcpp/rclcpp/memory_strategy.hpp:25[m[K,
                 from [01m[K/opt/ros/humble/include/rclcpp/rclcpp/memory_strategies.hpp:18[m[K,
                 from [01m[K/opt/ros/humble/include/rclcpp/rclcpp/executor_options.hpp:20[m[K,
                 from [01m[K/opt/ros/humble/include/rclcpp/rclcpp/executor.hpp:37[m[K,
                 from [01m[K/opt/ros/humble/include/rclcpp/rclcpp/executors/multi_threaded_executor.hpp:25[m[K,
                 from [01m[K/opt/ros/humble/include/rclcpp/rclcpp/executors.hpp:21[m[K,
                 from [01m[K/opt/ros/humble/include/rclcpp/rclcpp/rclcpp.hpp:155[m[K,
                 from [01m[K/home/v/cerberus_ws/src/cerberus_final/odrive_hardware_interface/include/odrive_hardware_interface/odrive_usb.hpp:25[m[K,
                 from [01m[K/home/v/cerberus_ws/src/cerberus_final/odrive_hardware_interface/src/odrive_usb.cpp:15[m[K:
[01m[K/home/v/cerberus_ws/src/cerberus_final/odrive_hardware_interface/src/odrive_usb.cpp:[m[K In member function ‘[01m[Kint odrive::ODriveUSB::init(const std::vector<std::vector<long int, std::allocator<long int> > >&)[m[K’:
[01m[K/home/v/cerberus_ws/src/cerberus_final/odrive_hardware_interface/src/odrive_usb.cpp:58:47:[m[K [01;35m[Kwarning: [m[Kformat ‘[01m[K%d[m[K’ expects argument of type ‘[01m[Kint[m[K’, but argument 5 has type ‘[01m[Kssize_t[m[K’ {aka ‘[01m[Klong int[m[K’} [[01;35m[K]8;;https://gcc.gnu.org/onlinedocs/gcc/Warning-Options.html#index-Wformat=-Wformat=]8;;[m[K]
   58 |     RCLCPP_INFO(rclcpp::get_logger("ODrive"), [01;35m[K"Device count: %d/%d"[m[K, [32m[Ki[m[K, device_count);
      |                                               [01;35m[K^~~~~~~~~~~~~~~~~~~~~[m[K  [32m[K~[m[K
      |                                                                      [32m[K|[m[K
      |                                                                      [32m[Kssize_t {aka long int}[m[K
[01m[K/home/v/cerberus_ws/src/cerberus_final/odrive_hardware_interface/src/odrive_usb.cpp:58:63:[m[K [01;36m[Knote: [m[Kformat string is defined here
   58 |   RCLCPP_INFO(rclcpp::get_logger("ODrive"), "Device count: [01;36m[K%d[m[K/%d", i, device_count);
      |                                                            [01;36m[K~^[m[K
      |                                                             [01;36m[K|[m[K
      |                                                             [01;36m[Kint[m[K
      |                                                            [32m[K%ld[m[K
In file included from [01m[K/opt/ros/humble/include/rclcpp/rclcpp/logging.hpp:24[m[K,
                 from [01m[K/opt/ros/humble/include/rclcpp/rclcpp/client.hpp:40[m[K,
                 from [01m[K/opt/ros/humble/include/rclcpp/rclcpp/callback_group.hpp:24[m[K,
                 from [01m[K/opt/ros/humble/include/rclcpp/rclcpp/any_executable.hpp:20[m[K,
                 from [01m[K/opt/ros/humble/include/rclcpp/rclcpp/memory_strategy.hpp:25[m[K,
                 from [01m[K/opt/ros/humble/include/rclcpp/rclcpp/memory_strategies.hpp:18[m[K,
                 from [01m[K/opt/ros/humble/include/rclcpp/rclcpp/executor_options.hpp:20[m[K,
                 from [01m[K/opt/ros/humble/include/rclcpp/rclcpp/executor.hpp:37[m[K,
                 from [01m[K/opt/ros/humble/include/rclcpp/rclcpp/executors/multi_threaded_executor.hpp:25[m[K,
                 from [01m[K/opt/ros/humble/include/rclcpp/rclcpp/executors.hpp:21[m[K,
                 from [01m[K/opt/ros/humble/include/rclcpp/rclcpp/rclcpp.hpp:155[m[K,
                 from [01m[K/home/v/cerberus_ws/src/cerberus_final/odrive_hardware_interface/include/odrive_hardware_interface/odrive_usb.hpp:25[m[K,
                 from [01m[K/home/v/cerberus_ws/src/cerberus_final/odrive_hardware_interface/src/odrive_usb.cpp:15[m[K:
[01m[K/home/v/cerberus_ws/src/cerberus_final/odrive_hardware_interface/src/odrive_usb.cpp:58:47:[m[K [01;35m[Kwarning: [m[Kformat ‘[01m[K%d[m[K’ expects argument of type ‘[01m[Kint[m[K’, but argument 6 has type ‘[01m[Kssize_t[m[K’ {aka ‘[01m[Klong int[m[K’} [[01;35m[K]8;;https://gcc.gnu.org/onlinedocs/gcc/Warning-Options.html#index-Wformat=-Wformat=]8;;[m[K]
   58 |     RCLCPP_INFO(rclcpp::get_logger("ODrive"), [01;35m[K"Device count: %d/%d"[m[K, i, [32m[Kdevice_count[m[K);
      |                                               [01;35m[K^~~~~~~~~~~~~~~~~~~~~[m[K     [32m[K~~~~~~~~~~~~[m[K
      |                                                                         [32m[K|[m[K
      |                                                                         [32m[Kssize_t {aka long int}[m[K
[01m[K/home/v/cerberus_ws/src/cerberus_final/odrive_hardware_interface/src/odrive_usb.cpp:58:66:[m[K [01;36m[Knote: [m[Kformat string is defined here
   58 | CLCPP_INFO(rclcpp::get_logger("ODrive"), "Device count: %d/[01;36m[K%d[m[K", i, device_count);
      |                                                            [01;36m[K~^[m[K
      |                                                             [01;36m[K|[m[K
      |                                                             [01;36m[Kint[m[K
      |                                                            [32m[K%ld[m[K
[ 50%] [32m[1mLinking CXX shared library libodrive_usb.so[0m
[ 50%] Built target odrive_usb
[ 75%] [32mBuilding CXX object CMakeFiles/odrive_hardware_interface.dir/src/odrive_hardware_interface.cpp.o[0m
[100%] [32m[1mLinking CXX shared library libodrive_hardware_interface.so[0m
[100%] Built target odrive_hardware_interface
-- Install configuration: ""
-- Installing: /home/v/cerberus_ws/install/odrive_hardware_interface/share/odrive_hardware_interface/odrive_hardware_interface.xml
-- Installing: /home/v/cerberus_ws/install/odrive_hardware_interface/include
-- Installing: /home/v/cerberus_ws/install/odrive_hardware_interface/include/odrive_hardware_interface
-- Installing: /home/v/cerberus_ws/install/odrive_hardware_interface/include/odrive_hardware_interface/visibility_control.hpp
-- Installing: /home/v/cerberus_ws/install/odrive_hardware_interface/include/odrive_hardware_interface/odrive_hardware_interface.hpp
-- Installing: /home/v/cerberus_ws/install/odrive_hardware_interface/include/odrive_hardware_interface/odrive_endpoints.hpp
-- Installing: /home/v/cerberus_ws/install/odrive_hardware_interface/include/odrive_hardware_interface/odrive_usb.hpp
-- Installing: /home/v/cerberus_ws/install/odrive_hardware_interface/share/odrive_hardware_interface/environment/library_path.sh
-- Installing: /home/v/cerberus_ws/install/odrive_hardware_interface/share/odrive_hardware_interface/environment/library_path.dsv
-- Installing: /home/v/cerberus_ws/install/odrive_hardware_interface/lib/libodrive_usb.so
-- Set runtime path of "/home/v/cerberus_ws/install/odrive_hardware_interface/lib/libodrive_usb.so" to ""
-- Installing: /home/v/cerberus_ws/install/odrive_hardware_interface/lib/libodrive_hardware_interface.so
-- Set runtime path of "/home/v/cerberus_ws/install/odrive_hardware_interface/lib/libodrive_hardware_interface.so" to ""
-- Installing: /home/v/cerberus_ws/install/odrive_hardware_interface/share/ament_index/resource_index/package_run_dependencies/odrive_hardware_interface
-- Installing: /home/v/cerberus_ws/install/odrive_hardware_interface/share/ament_index/resource_index/parent_prefix_path/odrive_hardware_interface
-- Installing: /home/v/cerberus_ws/install/odrive_hardware_interface/share/odrive_hardware_interface/environment/ament_prefix_path.sh
-- Installing: /home/v/cerberus_ws/install/odrive_hardware_interface/share/odrive_hardware_interface/environment/ament_prefix_path.dsv
-- Installing: /home/v/cerberus_ws/install/odrive_hardware_interface/share/odrive_hardware_interface/environment/path.sh
-- Installing: /home/v/cerberus_ws/install/odrive_hardware_interface/share/odrive_hardware_interface/environment/path.dsv
-- Installing: /home/v/cerberus_ws/install/odrive_hardware_interface/share/odrive_hardware_interface/local_setup.bash
-- Installing: /home/v/cerberus_ws/install/odrive_hardware_interface/share/odrive_hardware_interface/local_setup.sh
-- Installing: /home/v/cerberus_ws/install/odrive_hardware_interface/share/odrive_hardware_interface/local_setup.zsh
-- Installing: /home/v/cerberus_ws/install/odrive_hardware_interface/share/odrive_hardware_interface/local_setup.dsv
-- Installing: /home/v/cerberus_ws/install/odrive_hardware_interface/share/odrive_hardware_interface/package.dsv
-- Installing: /home/v/cerberus_ws/install/odrive_hardware_interface/share/ament_index/resource_index/packages/odrive_hardware_interface
-- Installing: /home/v/cerberus_ws/install/odrive_hardware_interface/share/ament_index/resource_index/hardware_interface__pluginlib__plugin/odrive_hardware_interface
-- Installing: /home/v/cerberus_ws/install/odrive_hardware_interface/share/odrive_hardware_interface/cmake/ament_cmake_export_dependencies-extras.cmake
-- Installing: /home/v/cerberus_ws/install/odrive_hardware_interface/share/odrive_hardware_interface/cmake/ament_cmake_export_include_directories-extras.cmake
-- Installing: /home/v/cerberus_ws/install/odrive_hardware_interface/share/odrive_hardware_interface/cmake/ament_cmake_export_libraries-extras.cmake
-- Installing: /home/v/cerberus_ws/install/odrive_hardware_interface/share/odrive_hardware_interface/cmake/odrive_hardware_interfaceConfig.cmake
-- Installing: /home/v/cerberus_ws/install/odrive_hardware_interface/share/odrive_hardware_interface/cmake/odrive_hardware_interfaceConfig-version.cmake
-- Installing: /home/v/cerberus_ws/install/odrive_hardware_interface/share/odrive_hardware_interface/package.xml
