[0.011s] Invoking command in '/home/v/cerberus_ws/build/odrive_hardware_interface': CMAKE_PREFIX_PATH=/opt/ros/humble /usr/bin/cmake /home/v/cerberus_ws/src/cerberus_final/odrive_hardware_interface -DCMAKE_INSTALL_PREFIX=/home/v/cerberus_ws/install/odrive_hardware_interface
[0.062s] -- The C compiler identification is GNU 11.4.0
[0.123s] -- The CXX compiler identification is GNU 11.4.0
[0.133s] -- Detecting C compiler ABI info
[0.193s] -- Detecting C compiler ABI info - done
[0.201s] -- Check for working C compiler: /usr/bin/cc - skipped
[0.202s] -- Detecting C compile features
[0.202s] -- Detecting C compile features - done
[0.205s] -- Detecting CXX compiler ABI info
[0.279s] -- Detecting CXX compiler ABI info - done
[0.288s] -- Check for working CXX compiler: /usr/bin/c++ - skipped
[0.288s] -- Detecting CXX compile features
[0.289s] -- Detecting CXX compile features - done
[0.291s] -- Found ament_cmake_auto: 1.3.11 (/opt/ros/humble/share/ament_cmake_auto/cmake)
[0.417s] -- Found Python3: /usr/bin/python3 (found version "3.10.12") found components: Interpreter 
[0.605s] -- Found rosidl_generator_c: 3.1.6 (/opt/ros/humble/share/rosidl_generator_c/cmake)
[0.608s] -- Found rosidl_adapter: 3.1.6 (/opt/ros/humble/share/rosidl_adapter/cmake)
[0.614s] -- Found rosidl_generator_cpp: 3.1.6 (/opt/ros/humble/share/rosidl_generator_cpp/cmake)
[0.623s] -- Using all available rosidl_typesupport_c: rosidl_typesupport_fastrtps_c;rosidl_typesupport_introspection_c
[0.634s] -- Using all available rosidl_typesupport_cpp: rosidl_typesupport_fastrtps_cpp;rosidl_typesupport_introspection_cpp
[0.779s] -- Found rmw_implementation_cmake: 6.1.2 (/opt/ros/humble/share/rmw_implementation_cmake/cmake)
[0.781s] -- Found rmw_fastrtps_cpp: 6.2.7 (/opt/ros/humble/share/rmw_fastrtps_cpp/cmake)
[0.798s] -- Found TinyXML2 via Config file: TinyXML2_DIR-NOTFOUND
[0.839s] -- Found OpenSSL: /usr/lib/x86_64-linux-gnu/libcrypto.so (found version "3.0.2")  
[0.841s] -- Found TinyXML2 via Config file: TinyXML2_DIR-NOTFOUND
[0.852s] -- Found FastRTPS: /opt/ros/humble/include  
[0.855s] -- Found TinyXML2 via Config file: TinyXML2_DIR-NOTFOUND
[0.861s] -- Found TinyXML2 via Config file: TinyXML2_DIR-NOTFOUND
[0.868s] -- Using RMW implementation 'rmw_fastrtps_cpp' as default
[0.875s] -- Performing Test CMAKE_HAVE_LIBC_PTHREAD
[0.928s] -- Performing Test CMAKE_HAVE_LIBC_PTHREAD - Success
[0.929s] -- Found Threads: TRUE  
[0.966s] -- Found PkgConfig: /usr/bin/pkg-config (found version "0.29.2") 
[0.967s] -- Checking for one of the modules 'libusb-1.0'
[1.015s] -- Found ament_lint_auto: 0.12.11 (/opt/ros/humble/share/ament_lint_auto/cmake)
[1.030s] -- Added test 'copyright' to check source files copyright and LICENSE
[1.031s] -- Added test 'cppcheck' to perform static code analysis on C / C++ code
[1.031s] -- Configured cppcheck include dirs: /home/v/cerberus_ws/src/cerberus_final/odrive_hardware_interface/include
[1.031s] -- Configured cppcheck exclude dirs and/or files: 
[1.032s] -- Added test 'cpplint' to check C / C++ code against the Google style
[1.032s] -- Configured cpplint exclude dirs and/or files: 
[1.032s] -- Added test 'lint_cmake' to check CMake code style
[1.033s] -- Added test 'uncrustify' to check C / C++ code style
[1.033s] -- Configured uncrustify additional arguments: 
[1.034s] -- Added test 'xmllint' to check XML markup files
[1.036s] -- Configuring done
[1.071s] -- Generating done
[1.077s] -- Build files have been written to: /home/v/cerberus_ws/build/odrive_hardware_interface
[1.087s] Invoked command in '/home/v/cerberus_ws/build/odrive_hardware_interface' returned '0': CMAKE_PREFIX_PATH=/opt/ros/humble /usr/bin/cmake /home/v/cerberus_ws/src/cerberus_final/odrive_hardware_interface -DCMAKE_INSTALL_PREFIX=/home/v/cerberus_ws/install/odrive_hardware_interface
[1.088s] Invoking command in '/home/v/cerberus_ws/build/odrive_hardware_interface': CMAKE_PREFIX_PATH=/opt/ros/humble /usr/bin/cmake --build /home/v/cerberus_ws/build/odrive_hardware_interface -- -j12 -l12
[1.113s] [ 25%] [32mBuilding CXX object CMakeFiles/odrive_usb.dir/src/odrive_usb.cpp.o[0m
[2.777s] In file included from [01m[K/opt/ros/humble/include/rclcpp/rclcpp/logging.hpp:24[m[K,
[2.777s]                  from [01m[K/opt/ros/humble/include/rclcpp/rclcpp/client.hpp:40[m[K,
[2.777s]                  from [01m[K/opt/ros/humble/include/rclcpp/rclcpp/callback_group.hpp:24[m[K,
[2.777s]                  from [01m[K/opt/ros/humble/include/rclcpp/rclcpp/any_executable.hpp:20[m[K,
[2.777s]                  from [01m[K/opt/ros/humble/include/rclcpp/rclcpp/memory_strategy.hpp:25[m[K,
[2.778s]                  from [01m[K/opt/ros/humble/include/rclcpp/rclcpp/memory_strategies.hpp:18[m[K,
[2.778s]                  from [01m[K/opt/ros/humble/include/rclcpp/rclcpp/executor_options.hpp:20[m[K,
[2.778s]                  from [01m[K/opt/ros/humble/include/rclcpp/rclcpp/executor.hpp:37[m[K,
[2.778s]                  from [01m[K/opt/ros/humble/include/rclcpp/rclcpp/executors/multi_threaded_executor.hpp:25[m[K,
[2.778s]                  from [01m[K/opt/ros/humble/include/rclcpp/rclcpp/executors.hpp:21[m[K,
[2.778s]                  from [01m[K/opt/ros/humble/include/rclcpp/rclcpp/rclcpp.hpp:155[m[K,
[2.778s]                  from [01m[K/home/v/cerberus_ws/src/cerberus_final/odrive_hardware_interface/include/odrive_hardware_interface/odrive_usb.hpp:25[m[K,
[2.778s]                  from [01m[K/home/v/cerberus_ws/src/cerberus_final/odrive_hardware_interface/src/odrive_usb.cpp:15[m[K:
[2.778s] [01m[K/home/v/cerberus_ws/src/cerberus_final/odrive_hardware_interface/src/odrive_usb.cpp:[m[K In member function ‘[01m[Kint odrive::ODriveUSB::init(const std::vector<std::vector<long int, std::allocator<long int> > >&)[m[K’:
[2.778s] [01m[K/home/v/cerberus_ws/src/cerberus_final/odrive_hardware_interface/src/odrive_usb.cpp:58:47:[m[K [01;35m[Kwarning: [m[Kformat ‘[01m[K%d[m[K’ expects argument of type ‘[01m[Kint[m[K’, but argument 5 has type ‘[01m[Kssize_t[m[K’ {aka ‘[01m[Klong int[m[K’} [[01;35m[K]8;;https://gcc.gnu.org/onlinedocs/gcc/Warning-Options.html#index-Wformat=-Wformat=]8;;[m[K]
[2.778s]    58 |     RCLCPP_INFO(rclcpp::get_logger("ODrive"), [01;35m[K"Device count: %d/%d"[m[K, [32m[Ki[m[K, device_count);
[2.778s]       |                                               [01;35m[K^~~~~~~~~~~~~~~~~~~~~[m[K  [32m[K~[m[K
[2.778s]       |                                                                      [32m[K|[m[K
[2.778s]       |                                                                      [32m[Kssize_t {aka long int}[m[K
[2.778s] [01m[K/home/v/cerberus_ws/src/cerberus_final/odrive_hardware_interface/src/odrive_usb.cpp:58:63:[m[K [01;36m[Knote: [m[Kformat string is defined here
[2.778s]    58 |   RCLCPP_INFO(rclcpp::get_logger("ODrive"), "Device count: [01;36m[K%d[m[K/%d", i, device_count);
[2.779s]       |                                                            [01;36m[K~^[m[K
[2.779s]       |                                                             [01;36m[K|[m[K
[2.779s]       |                                                             [01;36m[Kint[m[K
[2.779s]       |                                                            [32m[K%ld[m[K
[2.779s] In file included from [01m[K/opt/ros/humble/include/rclcpp/rclcpp/logging.hpp:24[m[K,
[2.779s]                  from [01m[K/opt/ros/humble/include/rclcpp/rclcpp/client.hpp:40[m[K,
[2.779s]                  from [01m[K/opt/ros/humble/include/rclcpp/rclcpp/callback_group.hpp:24[m[K,
[2.779s]                  from [01m[K/opt/ros/humble/include/rclcpp/rclcpp/any_executable.hpp:20[m[K,
[2.779s]                  from [01m[K/opt/ros/humble/include/rclcpp/rclcpp/memory_strategy.hpp:25[m[K,
[2.779s]                  from [01m[K/opt/ros/humble/include/rclcpp/rclcpp/memory_strategies.hpp:18[m[K,
[2.779s]                  from [01m[K/opt/ros/humble/include/rclcpp/rclcpp/executor_options.hpp:20[m[K,
[2.779s]                  from [01m[K/opt/ros/humble/include/rclcpp/rclcpp/executor.hpp:37[m[K,
[2.779s]                  from [01m[K/opt/ros/humble/include/rclcpp/rclcpp/executors/multi_threaded_executor.hpp:25[m[K,
[2.779s]                  from [01m[K/opt/ros/humble/include/rclcpp/rclcpp/executors.hpp:21[m[K,
[2.779s]                  from [01m[K/opt/ros/humble/include/rclcpp/rclcpp/rclcpp.hpp:155[m[K,
[2.779s]                  from [01m[K/home/v/cerberus_ws/src/cerberus_final/odrive_hardware_interface/include/odrive_hardware_interface/odrive_usb.hpp:25[m[K,
[2.779s]                  from [01m[K/home/v/cerberus_ws/src/cerberus_final/odrive_hardware_interface/src/odrive_usb.cpp:15[m[K:
[2.779s] [01m[K/home/v/cerberus_ws/src/cerberus_final/odrive_hardware_interface/src/odrive_usb.cpp:58:47:[m[K [01;35m[Kwarning: [m[Kformat ‘[01m[K%d[m[K’ expects argument of type ‘[01m[Kint[m[K’, but argument 6 has type ‘[01m[Kssize_t[m[K’ {aka ‘[01m[Klong int[m[K’} [[01;35m[K]8;;https://gcc.gnu.org/onlinedocs/gcc/Warning-Options.html#index-Wformat=-Wformat=]8;;[m[K]
[2.779s]    58 |     RCLCPP_INFO(rclcpp::get_logger("ODrive"), [01;35m[K"Device count: %d/%d"[m[K, i, [32m[Kdevice_count[m[K);
[2.779s]       |                                               [01;35m[K^~~~~~~~~~~~~~~~~~~~~[m[K     [32m[K~~~~~~~~~~~~[m[K
[2.779s]       |                                                                         [32m[K|[m[K
[2.779s]       |                                                                         [32m[Kssize_t {aka long int}[m[K
[2.779s] [01m[K/home/v/cerberus_ws/src/cerberus_final/odrive_hardware_interface/src/odrive_usb.cpp:58:66:[m[K [01;36m[Knote: [m[Kformat string is defined here
[2.779s]    58 | CLCPP_INFO(rclcpp::get_logger("ODrive"), "Device count: %d/[01;36m[K%d[m[K", i, device_count);
[2.779s]       |                                                            [01;36m[K~^[m[K
[2.779s]       |                                                             [01;36m[K|[m[K
[2.779s]       |                                                             [01;36m[Kint[m[K
[2.779s]       |                                                            [32m[K%ld[m[K
[3.273s] [ 50%] [32m[1mLinking CXX shared library libodrive_usb.so[0m
[3.380s] [ 50%] Built target odrive_usb
[3.391s] [ 75%] [32mBuilding CXX object CMakeFiles/odrive_hardware_interface.dir/src/odrive_hardware_interface.cpp.o[0m
[6.032s] [100%] [32m[1mLinking CXX shared library libodrive_hardware_interface.so[0m
[6.153s] [100%] Built target odrive_hardware_interface
[6.158s] Invoked command in '/home/v/cerberus_ws/build/odrive_hardware_interface' returned '0': CMAKE_PREFIX_PATH=/opt/ros/humble /usr/bin/cmake --build /home/v/cerberus_ws/build/odrive_hardware_interface -- -j12 -l12
[6.159s] Invoking command in '/home/v/cerberus_ws/build/odrive_hardware_interface': CMAKE_PREFIX_PATH=/opt/ros/humble /usr/bin/cmake --install /home/v/cerberus_ws/build/odrive_hardware_interface
[6.161s] -- Install configuration: ""
[6.161s] -- Installing: /home/v/cerberus_ws/install/odrive_hardware_interface/share/odrive_hardware_interface/odrive_hardware_interface.xml
[6.162s] -- Installing: /home/v/cerberus_ws/install/odrive_hardware_interface/include
[6.162s] -- Installing: /home/v/cerberus_ws/install/odrive_hardware_interface/include/odrive_hardware_interface
[6.162s] -- Installing: /home/v/cerberus_ws/install/odrive_hardware_interface/include/odrive_hardware_interface/visibility_control.hpp
[6.162s] -- Installing: /home/v/cerberus_ws/install/odrive_hardware_interface/include/odrive_hardware_interface/odrive_hardware_interface.hpp
[6.162s] -- Installing: /home/v/cerberus_ws/install/odrive_hardware_interface/include/odrive_hardware_interface/odrive_endpoints.hpp
[6.162s] -- Installing: /home/v/cerberus_ws/install/odrive_hardware_interface/include/odrive_hardware_interface/odrive_usb.hpp
[6.162s] -- Installing: /home/v/cerberus_ws/install/odrive_hardware_interface/share/odrive_hardware_interface/environment/library_path.sh
[6.162s] -- Installing: /home/v/cerberus_ws/install/odrive_hardware_interface/share/odrive_hardware_interface/environment/library_path.dsv
[6.162s] -- Installing: /home/v/cerberus_ws/install/odrive_hardware_interface/lib/libodrive_usb.so
[6.163s] -- Set runtime path of "/home/v/cerberus_ws/install/odrive_hardware_interface/lib/libodrive_usb.so" to ""
[6.163s] -- Installing: /home/v/cerberus_ws/install/odrive_hardware_interface/lib/libodrive_hardware_interface.so
[6.165s] -- Set runtime path of "/home/v/cerberus_ws/install/odrive_hardware_interface/lib/libodrive_hardware_interface.so" to ""
[6.165s] -- Installing: /home/v/cerberus_ws/install/odrive_hardware_interface/share/ament_index/resource_index/package_run_dependencies/odrive_hardware_interface
[6.165s] -- Installing: /home/v/cerberus_ws/install/odrive_hardware_interface/share/ament_index/resource_index/parent_prefix_path/odrive_hardware_interface
[6.165s] -- Installing: /home/v/cerberus_ws/install/odrive_hardware_interface/share/odrive_hardware_interface/environment/ament_prefix_path.sh
[6.166s] -- Installing: /home/v/cerberus_ws/install/odrive_hardware_interface/share/odrive_hardware_interface/environment/ament_prefix_path.dsv
[6.166s] -- Installing: /home/v/cerberus_ws/install/odrive_hardware_interface/share/odrive_hardware_interface/environment/path.sh
[6.166s] -- Installing: /home/v/cerberus_ws/install/odrive_hardware_interface/share/odrive_hardware_interface/environment/path.dsv
[6.166s] -- Installing: /home/v/cerberus_ws/install/odrive_hardware_interface/share/odrive_hardware_interface/local_setup.bash
[6.166s] -- Installing: /home/v/cerberus_ws/install/odrive_hardware_interface/share/odrive_hardware_interface/local_setup.sh
[6.166s] -- Installing: /home/v/cerberus_ws/install/odrive_hardware_interface/share/odrive_hardware_interface/local_setup.zsh
[6.166s] -- Installing: /home/v/cerberus_ws/install/odrive_hardware_interface/share/odrive_hardware_interface/local_setup.dsv
[6.166s] -- Installing: /home/v/cerberus_ws/install/odrive_hardware_interface/share/odrive_hardware_interface/package.dsv
[6.167s] -- Installing: /home/v/cerberus_ws/install/odrive_hardware_interface/share/ament_index/resource_index/packages/odrive_hardware_interface
[6.167s] -- Installing: /home/v/cerberus_ws/install/odrive_hardware_interface/share/ament_index/resource_index/hardware_interface__pluginlib__plugin/odrive_hardware_interface
[6.167s] -- Installing: /home/v/cerberus_ws/install/odrive_hardware_interface/share/odrive_hardware_interface/cmake/ament_cmake_export_dependencies-extras.cmake
[6.167s] -- Installing: /home/v/cerberus_ws/install/odrive_hardware_interface/share/odrive_hardware_interface/cmake/ament_cmake_export_include_directories-extras.cmake
[6.167s] -- Installing: /home/v/cerberus_ws/install/odrive_hardware_interface/share/odrive_hardware_interface/cmake/ament_cmake_export_libraries-extras.cmake
[6.167s] -- Installing: /home/v/cerberus_ws/install/odrive_hardware_interface/share/odrive_hardware_interface/cmake/odrive_hardware_interfaceConfig.cmake
[6.167s] -- Installing: /home/v/cerberus_ws/install/odrive_hardware_interface/share/odrive_hardware_interface/cmake/odrive_hardware_interfaceConfig-version.cmake
[6.168s] -- Installing: /home/v/cerberus_ws/install/odrive_hardware_interface/share/odrive_hardware_interface/package.xml
[6.169s] Invoked command in '/home/v/cerberus_ws/build/odrive_hardware_interface' returned '0': CMAKE_PREFIX_PATH=/opt/ros/humble /usr/bin/cmake --install /home/v/cerberus_ws/build/odrive_hardware_interface
