running egg_info
creating ../../build/cerberus_leg_loop/cerberus_leg_loop.egg-info
writing ../../build/cerberus_leg_loop/cerberus_leg_loop.egg-info/PKG-INFO
writing dependency_links to ../../build/cerberus_leg_loop/cerberus_leg_loop.egg-info/dependency_links.txt
writing entry points to ../../build/cerberus_leg_loop/cerberus_leg_loop.egg-info/entry_points.txt
writing requirements to ../../build/cerberus_leg_loop/cerberus_leg_loop.egg-info/requires.txt
writing top-level names to ../../build/cerberus_leg_loop/cerberus_leg_loop.egg-info/top_level.txt
writing manifest file '../../build/cerberus_leg_loop/cerberus_leg_loop.egg-info/SOURCES.txt'
reading manifest file '../../build/cerberus_leg_loop/cerberus_leg_loop.egg-info/SOURCES.txt'
writing manifest file '../../build/cerberus_leg_loop/cerberus_leg_loop.egg-info/SOURCES.txt'
running build
running build_py
creating /home/v/Dev/Github/Cerberus/Control/cerberus_ws/build/cerberus_leg_loop/build
creating /home/v/Dev/Github/Cerberus/Control/cerberus_ws/build/cerberus_leg_loop/build/lib
creating /home/v/Dev/Github/Cerberus/Control/cerberus_ws/build/cerberus_leg_loop/build/lib/cerberus_leg_loop
copying cerberus_leg_loop/__init__.py -> /home/v/Dev/Github/Cerberus/Control/cerberus_ws/build/cerberus_leg_loop/build/lib/cerberus_leg_loop
copying cerberus_leg_loop/RepeatingTrajectoryNode.py -> /home/v/Dev/Github/Cerberus/Control/cerberus_ws/build/cerberus_leg_loop/build/lib/cerberus_leg_loop
running install
running install_lib
creating /home/v/Dev/Github/Cerberus/Control/cerberus_ws/install/cerberus_leg_loop/lib/python3.10/site-packages/cerberus_leg_loop
copying /home/v/Dev/Github/Cerberus/Control/cerberus_ws/build/cerberus_leg_loop/build/lib/cerberus_leg_loop/__init__.py -> /home/v/Dev/Github/Cerberus/Control/cerberus_ws/install/cerberus_leg_loop/lib/python3.10/site-packages/cerberus_leg_loop
copying /home/v/Dev/Github/Cerberus/Control/cerberus_ws/build/cerberus_leg_loop/build/lib/cerberus_leg_loop/RepeatingTrajectoryNode.py -> /home/v/Dev/Github/Cerberus/Control/cerberus_ws/install/cerberus_leg_loop/lib/python3.10/site-packages/cerberus_leg_loop
byte-compiling /home/v/Dev/Github/Cerberus/Control/cerberus_ws/install/cerberus_leg_loop/lib/python3.10/site-packages/cerberus_leg_loop/__init__.py to __init__.cpython-310.pyc
byte-compiling /home/v/Dev/Github/Cerberus/Control/cerberus_ws/install/cerberus_leg_loop/lib/python3.10/site-packages/cerberus_leg_loop/RepeatingTrajectoryNode.py to RepeatingTrajectoryNode.cpython-310.pyc
running install_data
creating /home/v/Dev/Github/Cerberus/Control/cerberus_ws/install/cerberus_leg_loop/share/ament_index
creating /home/v/Dev/Github/Cerberus/Control/cerberus_ws/install/cerberus_leg_loop/share/ament_index/resource_index
creating /home/v/Dev/Github/Cerberus/Control/cerberus_ws/install/cerberus_leg_loop/share/ament_index/resource_index/packages
copying resource/cerberus_leg_loop -> /home/v/Dev/Github/Cerberus/Control/cerberus_ws/install/cerberus_leg_loop/share/ament_index/resource_index/packages
copying package.xml -> /home/v/Dev/Github/Cerberus/Control/cerberus_ws/install/cerberus_leg_loop/share/cerberus_leg_loop
running install_egg_info
Copying ../../build/cerberus_leg_loop/cerberus_leg_loop.egg-info to /home/v/Dev/Github/Cerberus/Control/cerberus_ws/install/cerberus_leg_loop/lib/python3.10/site-packages/cerberus_leg_loop-0.0.0-py3.10.egg-info
running install_scripts
Installing RepeatingTrajectoryNode script to /home/v/Dev/Github/Cerberus/Control/cerberus_ws/install/cerberus_leg_loop/lib/cerberus_leg_loop
writing list of installed files to '/home/v/Dev/Github/Cerberus/Control/cerberus_ws/build/cerberus_leg_loop/install.log'
