[0.006s] Invoking command in '/home/v/Dev/Github/Cerberus/Control/cerberus_ws/build/cerberus_gazebo': AMENT_PREFIX_PATH=/home/v/Dev/Github/Cerberus/Control/cerberus_ws/install/cerberus_description:${AMENT_PREFIX_PATH} CMAKE_PREFIX_PATH=/home/v/Dev/Github/Cerberus/Control/cerberus_ws/install/cerberus_description:/opt/ros/humble /usr/bin/cmake /home/v/Dev/Github/Cerberus/Control/cerberus_ws/src/cerberus_final/cerberus_gazebo -DCMAKE_INSTALL_PREFIX=/home/v/Dev/Github/Cerberus/Control/cerberus_ws/install/cerberus_gazebo
[0.040s] -- The C compiler identification is GNU 11.4.0
[0.082s] -- The CXX compiler identification is GNU 11.4.0
[0.089s] -- Detecting C compiler ABI info
[0.132s] -- Detecting C compiler ABI info - done
[0.137s] -- Check for working C compiler: /usr/bin/cc - skipped
[0.137s] -- Detecting C compile features
[0.137s] -- Detecting C compile features - done
[0.139s] -- Detecting CXX compiler ABI info
[0.190s] -- Detecting CXX compiler ABI info - done
[0.196s] -- Check for working CXX compiler: /usr/bin/c++ - skipped
[0.196s] -- Detecting CXX compile features
[0.196s] -- Detecting CXX compile features - done
[0.199s] -- Found ament_cmake: 1.3.11 (/opt/ros/humble/share/ament_cmake/cmake)
[0.281s] -- Found Python3: /usr/bin/python3 (found version "3.10.12") found components: Interpreter 
[0.344s] -- Found cerberus_description: 0.1.0 (/home/v/Dev/Github/Cerberus/Control/cerberus_ws/install/cerberus_description/share/cerberus_description/cmake)
[0.350s] -- Looking for ignition-plugin1 -- found version 1.4.0
[0.351s] -- Searching for dependencies of ignition-plugin1
[0.351s] -- Searching for <ignition-plugin1> component [register]
[0.353s] -- Looking for ignition-plugin1-register -- found version 1.4.0
[0.353s] -- Searching for dependencies of ignition-plugin1-register
[0.355s] -- Looking for ignition-common4 -- found version 4.7.0
[0.355s] -- Searching for dependencies of ignition-common4
[0.355s] -- Looking for dlfcn.h - found
[0.362s] -- Looking for libdl - found
[0.363s] -- Found DL: TRUE  
[0.367s] -- Checking for module 'uuid'
[0.374s] --   Found uuid, version 2.37.2
[0.398s] -- Found UUID: TRUE  
[0.399s] -- Searching for <ignition-common4> component [profiler]
[0.400s] -- Looking for ignition-common4-profiler -- found version 4.7.0
[0.400s] -- Searching for dependencies of ignition-common4-profiler
[0.402s] -- Looking for ignition-gazebo6 -- found version 6.16.0
[0.403s] -- Searching for dependencies of ignition-gazebo6
[0.404s] -- Looking for sdformat12 -- found version 12.7.2
[0.405s] -- Searching for dependencies of sdformat12
[0.408s] -- Checking for module 'tinyxml2'
[0.416s] --   Found tinyxml2, version 9.0.0
[0.441s] -- Looking for ignition-math6 -- found version 6.15.1
[0.441s] -- Searching for dependencies of ignition-math6
[0.443s] -- Looking for ignition-utils1 -- found version 1.5.1
[0.443s] -- Searching for dependencies of ignition-utils1
[0.444s] -- Looking for ignition-plugin1 -- found version 1.4.0
[0.445s] -- Searching for dependencies of ignition-plugin1
[0.445s] -- Searching for <ignition-plugin1> component [loader]
[0.446s] -- Looking for ignition-plugin1-loader -- found version 1.4.0
[0.447s] -- Searching for dependencies of ignition-plugin1-loader
[0.447s] -- Searching for <ignition-plugin1> component [register]
[0.449s] -- Looking for ignition-transport11 -- found version 11.4.1
[0.449s] -- Searching for dependencies of ignition-transport11
[0.518s] -- Found Protobuf: /usr/lib/x86_64-linux-gnu/libprotobuf.so (found version "3.12.4") 
[0.529s] -- Config-file not installed for ZeroMQ -- checking for pkg-config
[0.532s] -- Checking for module 'libzmq >= 4'
[0.541s] --   Found libzmq , version 4.3.4
[0.569s] -- Found ZeroMQ: TRUE (Required is at least version "4") 
[0.578s] -- Looking for ignition-utils1 -- found version 1.5.1
[0.578s] -- Searching for dependencies of ignition-utils1
[0.578s] -- Searching for <ignition-utils1> component [cli]
[0.580s] -- Looking for ignition-utils1-cli -- found version 1.5.1
[0.580s] -- Searching for dependencies of ignition-utils1-cli
[0.582s] -- Looking for ignition-msgs8 -- found version 8.7.0
[0.582s] -- Searching for dependencies of ignition-msgs8
[0.598s] -- Found Protobuf: /usr/lib/x86_64-linux-gnu/libprotobuf.so (found suitable version "3.12.4", minimum required is "3") 
[0.599s] -- Looking for ignition-math6 -- found version 6.15.1
[0.606s] -- Searching for <ignition-transport11> component [log]
[0.608s] -- Looking for ignition-transport11-log -- found version 11.4.1
[0.608s] -- Searching for dependencies of ignition-transport11-log
[0.608s] -- Searching for <ignition-transport11> component [parameters]
[0.610s] -- Looking for ignition-transport11-parameters -- found version 11.4.1
[0.610s] -- Searching for dependencies of ignition-transport11-parameters
[0.611s] -- Looking for ignition-msgs8 -- found version 8.7.0
[0.611s] -- Looking for ignition-common4 -- found version 4.7.0
[0.612s] -- Searching for dependencies of ignition-common4
[0.612s] -- Looking for dlfcn.h - found
[0.612s] -- Looking for libdl - found
[0.619s] -- Searching for <ignition-common4> component [profiler]
[0.619s] -- Searching for <ignition-common4> component [events]
[0.621s] -- Looking for ignition-common4-events -- found version 4.7.0
[0.621s] -- Searching for dependencies of ignition-common4-events
[0.621s] -- Looking for ignition-math6 -- found version 6.15.1
[0.622s] -- Searching for <ignition-common4> component [av]
[0.623s] -- Looking for ignition-common4-av -- found version 4.7.0
[0.624s] -- Searching for dependencies of ignition-common4-av
[0.627s] -- Checking for module 'libswscale'
[0.637s] --   Found libswscale, version 5.9.100
[0.662s] -- Found SWSCALE: TRUE  
[0.666s] -- Checking for module 'libavdevice >= 56.4.100'
[0.676s] --   Found libavdevice , version 58.13.100
[0.704s] -- Found AVDEVICE: TRUE (Required is at least version "56.4.100") 
[0.708s] -- Checking for module 'libavformat'
[0.718s] --   Found libavformat, version 58.76.100
[0.747s] -- Found AVFORMAT: TRUE  
[0.751s] -- Checking for module 'libavcodec'
[0.762s] --   Found libavcodec, version 58.134.100
[0.791s] -- Found AVCODEC: TRUE  
[0.795s] -- Checking for module 'libavutil'
[0.805s] --   Found libavutil, version 56.70.100
[0.834s] -- Found AVUTIL: TRUE  
[0.836s] -- Looking for ignition-fuel_tools7 -- found version 7.3.0
[0.836s] -- Searching for dependencies of ignition-fuel_tools7
[0.905s] -- Found CURL: /usr/lib/x86_64-linux-gnu/libcurl.so (found version "7.81.0")  
[0.911s] -- Checking for module 'jsoncpp'
[0.922s] --   Found jsoncpp, version 1.9.5
[0.950s] -- Found JSONCPP: TRUE  
[0.955s] -- Checking for module 'libzip'
[0.966s] --   Found libzip, version 1.7.3
[0.995s] -- Found ZIP: TRUE  
[0.996s] -- Looking for ignition-common4 -- found version 4.7.0
[0.996s] -- Looking for ignition-math6 -- found version 6.15.1
[0.996s] -- Looking for ignition-msgs8 -- found version 8.7.0
[0.998s] -- Looking for ignition-gui6 -- found version 6.8.0
[0.999s] -- Searching for dependencies of ignition-gui6
[1.023s] -- Looking for ignition-math6 -- found version 6.15.1
[1.023s] -- Looking for ignition-common4 -- found version 4.7.0
[1.024s] -- Looking for ignition-plugin1 -- found version 1.4.0
[1.024s] -- Looking for ignition-transport11 -- found version 11.4.1
[1.026s] -- Looking for ignition-rendering6 -- found version 6.6.3
[1.026s] -- Searching for dependencies of ignition-rendering6
[1.026s] -- Looking for ignition-math6 -- found version 6.15.1
[1.027s] -- Searching for dependencies of ignition-math6
[1.027s] -- Searching for <ignition-math6> component [eigen3]
[1.028s] -- Looking for ignition-math6-eigen3 -- found version 6.15.1
[1.029s] -- Searching for dependencies of ignition-math6-eigen3
[1.036s] -- Looking for ignition-common4 -- found version 4.7.0
[1.036s] -- Searching for dependencies of ignition-common4
[1.036s] -- Looking for dlfcn.h - found
[1.036s] -- Looking for libdl - found
[1.045s] -- Searching for <ignition-common4> component [graphics]
[1.047s] -- Looking for ignition-common4-graphics -- found version 4.7.0
[1.047s] -- Searching for dependencies of ignition-common4-graphics
[1.047s] -- Looking for ignition-math6 -- found version 6.15.1
[1.048s] -- Looking for ignition-utils1 -- found version 1.5.1
[1.048s] -- Searching for <ignition-common4> component [events]
[1.049s] -- Looking for ignition-plugin1 -- found version 1.4.0
[1.049s] -- Searching for dependencies of ignition-plugin1
[1.049s] -- Searching for <ignition-plugin1> component [all]
[1.051s] -- Looking for all libraries of ignition-plugin1 -- found version 1.4.0
[1.051s] -- Looking for ignition-plugin1 -- found version 1.4.0
[1.052s] -- Looking for ignition-msgs8 -- found version 8.7.0
[1.069s] -- Looking for ignition-physics5 -- found version 5.3.2
[1.070s] -- Searching for dependencies of ignition-physics5
[1.070s] -- Looking for ignition-math6 -- found version 6.15.1
[1.070s] -- Looking for ignition-plugin1 -- found version 1.4.0
[1.071s] -- Looking for ignition-utils1 -- found version 1.5.1
[1.071s] -- Searching for <ignition-physics5> component [heightmap]
[1.073s] -- Looking for ignition-physics5-heightmap -- found version 5.3.2
[1.073s] -- Searching for dependencies of ignition-physics5-heightmap
[1.074s] -- Looking for ignition-common4 -- found version 4.7.0
[1.074s] -- Searching for <ignition-physics5> component [mesh]
[1.075s] -- Looking for ignition-physics5-mesh -- found version 5.3.2
[1.076s] -- Searching for dependencies of ignition-physics5-mesh
[1.076s] -- Looking for ignition-common4 -- found version 4.7.0
[1.076s] -- Searching for <ignition-physics5> component [sdf]
[1.078s] -- Looking for ignition-physics5-sdf -- found version 5.3.2
[1.078s] -- Searching for dependencies of ignition-physics5-sdf
[1.078s] -- Looking for sdformat12 -- found version 12.7.2
[1.080s] -- Looking for ignition-sensors6 -- found version 6.8.0
[1.081s] -- Searching for dependencies of ignition-sensors6
[1.099s] -- Found Protobuf: /usr/lib/x86_64-linux-gnu/libprotobuf.so (found version "3.12.4") 
[1.100s] -- Looking for ignition-math6 -- found version 6.15.1
[1.100s] -- Looking for ignition-common4 -- found version 4.7.0
[1.100s] -- Looking for ignition-transport11 -- found version 11.4.1
[1.100s] -- Looking for ignition-rendering6 -- found version 6.6.3
[1.101s] -- Looking for ignition-msgs8 -- found version 8.7.0
[1.101s] -- Looking for sdformat12 -- found version 12.7.2
[1.101s] -- Searching for <ignition-sensors6> component [air_pressure]
[1.103s] -- Looking for ignition-sensors6-air_pressure -- found version 6.8.0
[1.104s] -- Searching for dependencies of ignition-sensors6-air_pressure
[1.104s] -- Searching for <ignition-sensors6> component [altimeter]
[1.105s] -- Looking for ignition-sensors6-altimeter -- found version 6.8.0
[1.106s] -- Searching for dependencies of ignition-sensors6-altimeter
[1.106s] -- Searching for <ignition-sensors6> component [imu]
[1.108s] -- Looking for ignition-sensors6-imu -- found version 6.8.0
[1.108s] -- Searching for dependencies of ignition-sensors6-imu
[1.108s] -- Searching for <ignition-sensors6> component [force_torque]
[1.110s] -- Looking for ignition-sensors6-force_torque -- found version 6.8.0
[1.110s] -- Searching for dependencies of ignition-sensors6-force_torque
[1.111s] -- Searching for <ignition-sensors6> component [logical_camera]
[1.112s] -- Looking for ignition-sensors6-logical_camera -- found version 6.8.0
[1.112s] -- Searching for dependencies of ignition-sensors6-logical_camera
[1.113s] -- Searching for <ignition-sensors6> component [magnetometer]
[1.114s] -- Looking for ignition-sensors6-magnetometer -- found version 6.8.0
[1.115s] -- Searching for dependencies of ignition-sensors6-magnetometer
[1.115s] -- Searching for <ignition-sensors6> component [navsat]
[1.117s] -- Looking for ignition-sensors6-navsat -- found version 6.8.0
[1.117s] -- Searching for dependencies of ignition-sensors6-navsat
[1.117s] -- Searching for <ignition-sensors6> component [rendering]
[1.119s] -- Looking for ignition-sensors6-rendering -- found version 6.8.0
[1.119s] -- Searching for dependencies of ignition-sensors6-rendering
[1.120s] -- Searching for <ignition-sensors6> component [lidar]
[1.121s] -- Looking for ignition-sensors6-lidar -- found version 6.8.0
[1.121s] -- Searching for dependencies of ignition-sensors6-lidar
[1.122s] -- Looking for ignition-sensors6 -- found version 6.8.0
[1.122s] -- Searching for <ignition-sensors6> component [gpu_lidar]
[1.124s] -- Looking for ignition-sensors6-gpu_lidar -- found version 6.8.0
[1.124s] -- Searching for dependencies of ignition-sensors6-gpu_lidar
[1.124s] -- Looking for ignition-sensors6 -- found version 6.8.0
[1.125s] -- Searching for <ignition-sensors6> component [camera]
[1.126s] -- Looking for ignition-sensors6-camera -- found version 6.8.0
[1.127s] -- Searching for dependencies of ignition-sensors6-camera
[1.127s] -- Looking for ignition-sensors6 -- found version 6.8.0
[1.127s] -- Searching for <ignition-sensors6> component [boundingbox_camera]
[1.129s] -- Looking for ignition-sensors6-boundingbox_camera -- found version 6.8.0
[1.129s] -- Searching for dependencies of ignition-sensors6-boundingbox_camera
[1.129s] -- Searching for <ignition-sensors6> component [segmentation_camera]
[1.131s] -- Looking for ignition-sensors6-segmentation_camera -- found version 6.8.0
[1.131s] -- Searching for dependencies of ignition-sensors6-segmentation_camera
[1.132s] -- Searching for <ignition-sensors6> component [depth_camera]
[1.133s] -- Looking for ignition-sensors6-depth_camera -- found version 6.8.0
[1.134s] -- Searching for dependencies of ignition-sensors6-depth_camera
[1.134s] -- Looking for ignition-sensors6 -- found version 6.8.0
[1.134s] -- Searching for <ignition-sensors6> component [rgbd_camera]
[1.136s] -- Looking for ignition-sensors6-rgbd_camera -- found version 6.8.0
[1.136s] -- Searching for dependencies of ignition-sensors6-rgbd_camera
[1.136s] -- Looking for ignition-sensors6 -- found version 6.8.0
[1.137s] -- Searching for <ignition-sensors6> component [thermal_camera]
[1.138s] -- Looking for ignition-sensors6-thermal_camera -- found version 6.8.0
[1.139s] -- Searching for dependencies of ignition-sensors6-thermal_camera
[1.139s] -- Looking for ignition-sensors6 -- found version 6.8.0
[1.140s] -- Looking for ignition-rendering6 -- found version 6.6.3
[1.140s] -- Looking for ignition-math6 -- found version 6.15.1
[1.142s] -- Looking for ignition-utils1 -- found version 1.5.1
[1.162s] -- Found ament_lint_auto: 0.12.11 (/opt/ros/humble/share/ament_lint_auto/cmake)
[1.211s] -- Configuring done
[1.222s] -- Generating done
[1.226s] -- Build files have been written to: /home/v/Dev/Github/Cerberus/Control/cerberus_ws/build/cerberus_gazebo
[1.235s] Invoked command in '/home/v/Dev/Github/Cerberus/Control/cerberus_ws/build/cerberus_gazebo' returned '0': AMENT_PREFIX_PATH=/home/v/Dev/Github/Cerberus/Control/cerberus_ws/install/cerberus_description:${AMENT_PREFIX_PATH} CMAKE_PREFIX_PATH=/home/v/Dev/Github/Cerberus/Control/cerberus_ws/install/cerberus_description:/opt/ros/humble /usr/bin/cmake /home/v/Dev/Github/Cerberus/Control/cerberus_ws/src/cerberus_final/cerberus_gazebo -DCMAKE_INSTALL_PREFIX=/home/v/Dev/Github/Cerberus/Control/cerberus_ws/install/cerberus_gazebo
[1.236s] Invoking command in '/home/v/Dev/Github/Cerberus/Control/cerberus_ws/build/cerberus_gazebo': AMENT_PREFIX_PATH=/home/v/Dev/Github/Cerberus/Control/cerberus_ws/install/cerberus_description:${AMENT_PREFIX_PATH} CMAKE_PREFIX_PATH=/home/v/Dev/Github/Cerberus/Control/cerberus_ws/install/cerberus_description:/opt/ros/humble /usr/bin/cmake --build /home/v/Dev/Github/Cerberus/Control/cerberus_ws/build/cerberus_gazebo -- -j12 -l12
[1.260s] [ 25%] [32mBuilding CXX object CMakeFiles/BasicSystem.dir/src/BasicSystem.cc.o[0m
[1.261s] [ 50%] [32mBuilding CXX object CMakeFiles/FullSystem.dir/src/FullSystem.cc.o[0m
[3.908s] [ 75%] [32m[1mLinking CXX shared library libBasicSystem.so[0m
[3.975s] [100%] [32m[1mLinking CXX shared library libFullSystem.so[0m
[4.070s] [100%] Built target BasicSystem
[4.141s] [100%] Built target FullSystem
[4.147s] Invoked command in '/home/v/Dev/Github/Cerberus/Control/cerberus_ws/build/cerberus_gazebo' returned '0': AMENT_PREFIX_PATH=/home/v/Dev/Github/Cerberus/Control/cerberus_ws/install/cerberus_description:${AMENT_PREFIX_PATH} CMAKE_PREFIX_PATH=/home/v/Dev/Github/Cerberus/Control/cerberus_ws/install/cerberus_description:/opt/ros/humble /usr/bin/cmake --build /home/v/Dev/Github/Cerberus/Control/cerberus_ws/build/cerberus_gazebo -- -j12 -l12
[4.148s] Invoking command in '/home/v/Dev/Github/Cerberus/Control/cerberus_ws/build/cerberus_gazebo': AMENT_PREFIX_PATH=/home/v/Dev/Github/Cerberus/Control/cerberus_ws/install/cerberus_description:${AMENT_PREFIX_PATH} CMAKE_PREFIX_PATH=/home/v/Dev/Github/Cerberus/Control/cerberus_ws/install/cerberus_description:/opt/ros/humble /usr/bin/cmake --install /home/v/Dev/Github/Cerberus/Control/cerberus_ws/build/cerberus_gazebo
[4.151s] -- Install configuration: ""
[4.151s] -- Installing: /home/v/Dev/Github/Cerberus/Control/cerberus_ws/install/cerberus_gazebo/lib/cerberus_gazebo/libBasicSystem.so
[4.152s] -- Installing: /home/v/Dev/Github/Cerberus/Control/cerberus_ws/install/cerberus_gazebo/lib/cerberus_gazebo/libFullSystem.so
[4.154s] -- Installing: /home/v/Dev/Github/Cerberus/Control/cerberus_ws/install/cerberus_gazebo/share/cerberus_gazebo/worlds
[4.154s] -- Installing: /home/v/Dev/Github/Cerberus/Control/cerberus_ws/install/cerberus_gazebo/share/cerberus_gazebo/worlds/cerberus.sdf
[4.154s] -- Installing: /home/v/Dev/Github/Cerberus/Control/cerberus_ws/install/cerberus_gazebo/share/cerberus_gazebo/environment/cerberus_gazebo.dsv
[4.154s] -- Installing: /home/v/Dev/Github/Cerberus/Control/cerberus_ws/install/cerberus_gazebo/share/cerberus_gazebo/environment/cerberus_gazebo.sh
[4.154s] -- Installing: /home/v/Dev/Github/Cerberus/Control/cerberus_ws/install/cerberus_gazebo/share/ament_index/resource_index/package_run_dependencies/cerberus_gazebo
[4.155s] -- Installing: /home/v/Dev/Github/Cerberus/Control/cerberus_ws/install/cerberus_gazebo/share/ament_index/resource_index/parent_prefix_path/cerberus_gazebo
[4.155s] -- Installing: /home/v/Dev/Github/Cerberus/Control/cerberus_ws/install/cerberus_gazebo/share/cerberus_gazebo/environment/ament_prefix_path.sh
[4.155s] -- Installing: /home/v/Dev/Github/Cerberus/Control/cerberus_ws/install/cerberus_gazebo/share/cerberus_gazebo/environment/ament_prefix_path.dsv
[4.155s] -- Installing: /home/v/Dev/Github/Cerberus/Control/cerberus_ws/install/cerberus_gazebo/share/cerberus_gazebo/environment/path.sh
[4.155s] -- Installing: /home/v/Dev/Github/Cerberus/Control/cerberus_ws/install/cerberus_gazebo/share/cerberus_gazebo/environment/path.dsv
[4.155s] -- Installing: /home/v/Dev/Github/Cerberus/Control/cerberus_ws/install/cerberus_gazebo/share/cerberus_gazebo/local_setup.bash
[4.155s] -- Installing: /home/v/Dev/Github/Cerberus/Control/cerberus_ws/install/cerberus_gazebo/share/cerberus_gazebo/local_setup.sh
[4.155s] -- Installing: /home/v/Dev/Github/Cerberus/Control/cerberus_ws/install/cerberus_gazebo/share/cerberus_gazebo/local_setup.zsh
[4.155s] -- Installing: /home/v/Dev/Github/Cerberus/Control/cerberus_ws/install/cerberus_gazebo/share/cerberus_gazebo/local_setup.dsv
[4.156s] -- Installing: /home/v/Dev/Github/Cerberus/Control/cerberus_ws/install/cerberus_gazebo/share/cerberus_gazebo/package.dsv
[4.156s] -- Installing: /home/v/Dev/Github/Cerberus/Control/cerberus_ws/install/cerberus_gazebo/share/ament_index/resource_index/packages/cerberus_gazebo
[4.156s] -- Installing: /home/v/Dev/Github/Cerberus/Control/cerberus_ws/install/cerberus_gazebo/share/cerberus_gazebo/cmake/cerberus_gazeboConfig.cmake
[4.156s] -- Installing: /home/v/Dev/Github/Cerberus/Control/cerberus_ws/install/cerberus_gazebo/share/cerberus_gazebo/cmake/cerberus_gazeboConfig-version.cmake
[4.157s] -- Installing: /home/v/Dev/Github/Cerberus/Control/cerberus_ws/install/cerberus_gazebo/share/cerberus_gazebo/package.xml
[4.158s] Invoked command in '/home/v/Dev/Github/Cerberus/Control/cerberus_ws/build/cerberus_gazebo' returned '0': AMENT_PREFIX_PATH=/home/v/Dev/Github/Cerberus/Control/cerberus_ws/install/cerberus_description:${AMENT_PREFIX_PATH} CMAKE_PREFIX_PATH=/home/v/Dev/Github/Cerberus/Control/cerberus_ws/install/cerberus_description:/opt/ros/humble /usr/bin/cmake --install /home/v/Dev/Github/Cerberus/Control/cerberus_ws/build/cerberus_gazebo
