[0.013s] Invoking command in '/home/v/Dev/Github/Cerberus/Control/cerberus_ws/build/odrive_hardware_interface': CMAKE_PREFIX_PATH=${CMAKE_PREFIX_PATH}:/opt/ros/humble /usr/bin/cmake /home/v/Dev/Github/Cerberus/Control/cerberus_ws/src/cerberus_final/odrive_hardware_interface -DAMENT_CMAKE_SYMLINK_INSTALL=1 -DCMAKE_INSTALL_PREFIX=/home/v/Dev/Github/Cerberus/Control/cerberus_ws/install/odrive_hardware_interface
[0.022s] -- Found ament_cmake_auto: 1.3.11 (/opt/ros/humble/share/ament_cmake_auto/cmake)
[0.119s] -- Override CMake install command with custom implementation using symlinks instead of copying resources
[0.240s] -- Found rosidl_generator_c: 3.1.6 (/opt/ros/humble/share/rosidl_generator_c/cmake)
[0.242s] -- Found rosidl_adapter: 3.1.6 (/opt/ros/humble/share/rosidl_adapter/cmake)
[0.250s] -- Found rosidl_generator_cpp: 3.1.6 (/opt/ros/humble/share/rosidl_generator_cpp/cmake)
[0.262s] -- Using all available rosidl_typesupport_c: rosidl_typesupport_fastrtps_c;rosidl_typesupport_introspection_c
[0.278s] -- Using all available rosidl_typesupport_cpp: rosidl_typesupport_fastrtps_cpp;rosidl_typesupport_introspection_cpp
[0.449s] -- Found rmw_implementation_cmake: 6.1.2 (/opt/ros/humble/share/rmw_implementation_cmake/cmake)
[0.451s] -- Found rmw_fastrtps_cpp: 6.2.7 (/opt/ros/humble/share/rmw_fastrtps_cpp/cmake)
[0.468s] -- Found TinyXML2 via Config file: TinyXML2_DIR-NOTFOUND
[0.477s] -- Found TinyXML2 via Config file: TinyXML2_DIR-NOTFOUND
[0.491s] -- Found TinyXML2 via Config file: TinyXML2_DIR-NOTFOUND
[0.497s] -- Found TinyXML2 via Config file: TinyXML2_DIR-NOTFOUND
[0.505s] -- Using RMW implementation 'rmw_fastrtps_cpp' as default
[0.556s] -- Found ament_lint_auto: 0.12.11 (/opt/ros/humble/share/ament_lint_auto/cmake)
[0.569s] -- Added test 'copyright' to check source files copyright and LICENSE
[0.570s] -- Added test 'cppcheck' to perform static code analysis on C / C++ code
[0.570s] -- Configured cppcheck include dirs: /home/v/Dev/Github/Cerberus/Control/cerberus_ws/src/cerberus_final/odrive_hardware_interface/include
[0.570s] -- Configured cppcheck exclude dirs and/or files: 
[0.571s] -- Added test 'cpplint' to check C / C++ code against the Google style
[0.571s] -- Configured cpplint exclude dirs and/or files: 
[0.572s] -- Added test 'lint_cmake' to check CMake code style
[0.573s] -- Added test 'uncrustify' to check C / C++ code style
[0.573s] -- Configured uncrustify additional arguments: 
[0.573s] -- Added test 'xmllint' to check XML markup files
[0.576s] -- Configuring done
[0.624s] -- Generating done
[0.629s] -- Build files have been written to: /home/v/Dev/Github/Cerberus/Control/cerberus_ws/build/odrive_hardware_interface
[0.637s] Invoked command in '/home/v/Dev/Github/Cerberus/Control/cerberus_ws/build/odrive_hardware_interface' returned '0': CMAKE_PREFIX_PATH=${CMAKE_PREFIX_PATH}:/opt/ros/humble /usr/bin/cmake /home/v/Dev/Github/Cerberus/Control/cerberus_ws/src/cerberus_final/odrive_hardware_interface -DAMENT_CMAKE_SYMLINK_INSTALL=1 -DCMAKE_INSTALL_PREFIX=/home/v/Dev/Github/Cerberus/Control/cerberus_ws/install/odrive_hardware_interface
[0.639s] Invoking command in '/home/v/Dev/Github/Cerberus/Control/cerberus_ws/build/odrive_hardware_interface': CMAKE_PREFIX_PATH=${CMAKE_PREFIX_PATH}:/opt/ros/humble /usr/bin/cmake --build /home/v/Dev/Github/Cerberus/Control/cerberus_ws/build/odrive_hardware_interface -- -j12 -l12
[0.668s] [ 25%] [32m[1mLinking CXX shared library libodrive_usb.so[0m
[0.790s] [ 50%] Built target odrive_usb
[0.807s] [ 75%] [32m[1mLinking CXX shared library libodrive_hardware_interface.so[0m
[0.943s] [100%] Built target odrive_hardware_interface
[0.948s] Invoked command in '/home/v/Dev/Github/Cerberus/Control/cerberus_ws/build/odrive_hardware_interface' returned '0': CMAKE_PREFIX_PATH=${CMAKE_PREFIX_PATH}:/opt/ros/humble /usr/bin/cmake --build /home/v/Dev/Github/Cerberus/Control/cerberus_ws/build/odrive_hardware_interface -- -j12 -l12
[0.949s] Invoking command in '/home/v/Dev/Github/Cerberus/Control/cerberus_ws/build/odrive_hardware_interface': CMAKE_PREFIX_PATH=${CMAKE_PREFIX_PATH}:/opt/ros/humble /usr/bin/cmake --install /home/v/Dev/Github/Cerberus/Control/cerberus_ws/build/odrive_hardware_interface
[0.951s] -- Install configuration: ""
[0.951s] -- Execute custom install script
[0.951s] -- Symlinking: /home/v/Dev/Github/Cerberus/Control/cerberus_ws/install/odrive_hardware_interface/share/odrive_hardware_interface//odrive_hardware_interface.xml
[0.955s] -- Symlinking: /home/v/Dev/Github/Cerberus/Control/cerberus_ws/install/odrive_hardware_interface/include/odrive_hardware_interface/odrive_endpoints.hpp
[0.957s] -- Symlinking: /home/v/Dev/Github/Cerberus/Control/cerberus_ws/install/odrive_hardware_interface/include/odrive_hardware_interface/odrive_hardware_interface.hpp
[0.960s] -- Symlinking: /home/v/Dev/Github/Cerberus/Control/cerberus_ws/install/odrive_hardware_interface/include/odrive_hardware_interface/odrive_usb.hpp
[0.963s] -- Symlinking: /home/v/Dev/Github/Cerberus/Control/cerberus_ws/install/odrive_hardware_interface/include/odrive_hardware_interface/visibility_control.hpp
[0.966s] -- Symlinking: /home/v/Dev/Github/Cerberus/Control/cerberus_ws/install/odrive_hardware_interface/share/odrive_hardware_interface/environment/library_path.sh
[0.969s] -- Symlinking: /home/v/Dev/Github/Cerberus/Control/cerberus_ws/install/odrive_hardware_interface/share/odrive_hardware_interface/environment/library_path.dsv
[0.972s] -- Symlinking: /home/v/Dev/Github/Cerberus/Control/cerberus_ws/install/odrive_hardware_interface/lib/libodrive_usb.so
[0.975s] -- Symlinking: /home/v/Dev/Github/Cerberus/Control/cerberus_ws/install/odrive_hardware_interface/lib/libodrive_hardware_interface.so
[0.979s] -- Symlinking: /home/v/Dev/Github/Cerberus/Control/cerberus_ws/install/odrive_hardware_interface/share/ament_index/resource_index/package_run_dependencies/odrive_hardware_interface
[0.983s] -- Symlinking: /home/v/Dev/Github/Cerberus/Control/cerberus_ws/install/odrive_hardware_interface/share/ament_index/resource_index/parent_prefix_path/odrive_hardware_interface
[0.986s] -- Symlinking: /home/v/Dev/Github/Cerberus/Control/cerberus_ws/install/odrive_hardware_interface/share/odrive_hardware_interface/environment/ament_prefix_path.sh
[0.990s] -- Symlinking: /home/v/Dev/Github/Cerberus/Control/cerberus_ws/install/odrive_hardware_interface/share/odrive_hardware_interface/environment/ament_prefix_path.dsv
[0.993s] -- Symlinking: /home/v/Dev/Github/Cerberus/Control/cerberus_ws/install/odrive_hardware_interface/share/odrive_hardware_interface/environment/path.sh
[0.996s] -- Symlinking: /home/v/Dev/Github/Cerberus/Control/cerberus_ws/install/odrive_hardware_interface/share/odrive_hardware_interface/environment/path.dsv
[0.998s] -- Symlinking: /home/v/Dev/Github/Cerberus/Control/cerberus_ws/install/odrive_hardware_interface/share/odrive_hardware_interface/local_setup.bash
[1.002s] -- Symlinking: /home/v/Dev/Github/Cerberus/Control/cerberus_ws/install/odrive_hardware_interface/share/odrive_hardware_interface/local_setup.sh
[1.004s] -- Symlinking: /home/v/Dev/Github/Cerberus/Control/cerberus_ws/install/odrive_hardware_interface/share/odrive_hardware_interface/local_setup.zsh
[1.007s] -- Symlinking: /home/v/Dev/Github/Cerberus/Control/cerberus_ws/install/odrive_hardware_interface/share/odrive_hardware_interface/local_setup.dsv
[1.010s] -- Symlinking: /home/v/Dev/Github/Cerberus/Control/cerberus_ws/install/odrive_hardware_interface/share/odrive_hardware_interface/package.dsv
[1.012s] -- Symlinking: /home/v/Dev/Github/Cerberus/Control/cerberus_ws/install/odrive_hardware_interface/share/ament_index/resource_index/packages/odrive_hardware_interface
[1.016s] -- Symlinking: /home/v/Dev/Github/Cerberus/Control/cerberus_ws/install/odrive_hardware_interface/share/ament_index/resource_index/hardware_interface__pluginlib__plugin/odrive_hardware_interface
[1.020s] -- Symlinking: /home/v/Dev/Github/Cerberus/Control/cerberus_ws/install/odrive_hardware_interface/share/odrive_hardware_interface/cmake/ament_cmake_export_dependencies-extras.cmake
[1.023s] -- Symlinking: /home/v/Dev/Github/Cerberus/Control/cerberus_ws/install/odrive_hardware_interface/share/odrive_hardware_interface/cmake/ament_cmake_export_include_directories-extras.cmake
[1.027s] -- Symlinking: /home/v/Dev/Github/Cerberus/Control/cerberus_ws/install/odrive_hardware_interface/share/odrive_hardware_interface/cmake/ament_cmake_export_libraries-extras.cmake
[1.030s] -- Symlinking: /home/v/Dev/Github/Cerberus/Control/cerberus_ws/install/odrive_hardware_interface/share/odrive_hardware_interface/cmake/odrive_hardware_interfaceConfig.cmake
[1.033s] -- Symlinking: /home/v/Dev/Github/Cerberus/Control/cerberus_ws/install/odrive_hardware_interface/share/odrive_hardware_interface/cmake/odrive_hardware_interfaceConfig-version.cmake
[1.036s] -- Symlinking: /home/v/Dev/Github/Cerberus/Control/cerberus_ws/install/odrive_hardware_interface/share/odrive_hardware_interface/package.xml
[1.042s] Invoked command in '/home/v/Dev/Github/Cerberus/Control/cerberus_ws/build/odrive_hardware_interface' returned '0': CMAKE_PREFIX_PATH=${CMAKE_PREFIX_PATH}:/opt/ros/humble /usr/bin/cmake --install /home/v/Dev/Github/Cerberus/Control/cerberus_ws/build/odrive_hardware_interface
