[0.016s] Invoking command in '/home/v/cerberus_ws/build/cerberus_description': CMAKE_PREFIX_PATH=${CMAKE_PREFIX_PATH}:/opt/ros/humble /usr/bin/cmake --build /home/v/cerberus_ws/build/cerberus_description -- -j12 -l12
[0.035s] Invoked command in '/home/v/cerberus_ws/build/cerberus_description' returned '0': CMAKE_PREFIX_PATH=${CMAKE_PREFIX_PATH}:/opt/ros/humble /usr/bin/cmake --build /home/v/cerberus_ws/build/cerberus_description -- -j12 -l12
[0.040s] Invoking command in '/home/v/cerberus_ws/build/cerberus_description': CMAKE_PREFIX_PATH=${CMAKE_PREFIX_PATH}:/opt/ros/humble /usr/bin/cmake --install /home/v/cerberus_ws/build/cerberus_description
[0.043s] -- Install configuration: ""
[0.043s] -- Up-to-date: /home/v/cerberus_ws/install/cerberus_description/share/cerberus_description/urdf
[0.043s] -- Up-to-date: /home/v/cerberus_ws/install/cerberus_description/share/cerberus_description/urdf/cerberus.urdf.xacro
[0.043s] -- Up-to-date: /home/v/cerberus_ws/install/cerberus_description/share/cerberus_description/urdf/cerbiboi.urdf.xacro
[0.044s] -- Installing: /home/v/cerberus_ws/install/cerberus_description/share/cerberus_description/urdf/leg_macro.xacro
[0.044s] -- Up-to-date: /home/v/cerberus_ws/install/cerberus_description/share/cerberus_description/urdf/odrive.ros2_control.xacro
[0.044s] -- Up-to-date: /home/v/cerberus_ws/install/cerberus_description/share/ament_index/resource_index/package_run_dependencies/cerberus_description
[0.044s] -- Up-to-date: /home/v/cerberus_ws/install/cerberus_description/share/ament_index/resource_index/parent_prefix_path/cerberus_description
[0.044s] -- Up-to-date: /home/v/cerberus_ws/install/cerberus_description/share/cerberus_description/environment/ament_prefix_path.sh
[0.044s] -- Up-to-date: /home/v/cerberus_ws/install/cerberus_description/share/cerberus_description/environment/ament_prefix_path.dsv
[0.044s] -- Up-to-date: /home/v/cerberus_ws/install/cerberus_description/share/cerberus_description/environment/path.sh
[0.044s] -- Up-to-date: /home/v/cerberus_ws/install/cerberus_description/share/cerberus_description/environment/path.dsv
[0.044s] -- Up-to-date: /home/v/cerberus_ws/install/cerberus_description/share/cerberus_description/local_setup.bash
[0.044s] -- Up-to-date: /home/v/cerberus_ws/install/cerberus_description/share/cerberus_description/local_setup.sh
[0.044s] -- Up-to-date: /home/v/cerberus_ws/install/cerberus_description/share/cerberus_description/local_setup.zsh
[0.044s] -- Up-to-date: /home/v/cerberus_ws/install/cerberus_description/share/cerberus_description/local_setup.dsv
[0.044s] -- Installing: /home/v/cerberus_ws/install/cerberus_description/share/cerberus_description/package.dsv
[0.045s] -- Up-to-date: /home/v/cerberus_ws/install/cerberus_description/share/ament_index/resource_index/packages/cerberus_description
[0.045s] -- Up-to-date: /home/v/cerberus_ws/install/cerberus_description/share/cerberus_description/cmake/cerberus_descriptionConfig.cmake
[0.045s] -- Up-to-date: /home/v/cerberus_ws/install/cerberus_description/share/cerberus_description/cmake/cerberus_descriptionConfig-version.cmake
[0.045s] -- Up-to-date: /home/v/cerberus_ws/install/cerberus_description/share/cerberus_description/package.xml
[0.046s] Invoked command in '/home/v/cerberus_ws/build/cerberus_description' returned '0': CMAKE_PREFIX_PATH=${CMAKE_PREFIX_PATH}:/opt/ros/humble /usr/bin/cmake --install /home/v/cerberus_ws/build/cerberus_description
