[0.122s] DEBUG:colcon:Command line arguments: ['/usr/bin/colcon', 'build']
[0.122s] DEBUG:colcon:Parsed command line arguments: Namespace(log_base=None, log_level=None, verb_name='build', build_base='build', install_base='install', merge_install=False, symlink_install=False, test_result_base=None, continue_on_error=False, executor='parallel', parallel_workers=12, event_handlers=None, ignore_user_meta=False, metas=['./colcon.meta'], base_paths=['.'], packages_ignore=None, packages_ignore_regex=None, paths=None, packages_up_to=None, packages_up_to_regex=None, packages_above=None, packages_above_and_dependencies=None, packages_above_depth=None, packages_select_by_dep=None, packages_skip_by_dep=None, packages_skip_up_to=None, packages_select_build_failed=False, packages_skip_build_finished=False, packages_select_test_failures=False, packages_skip_test_passed=False, packages_select=None, packages_skip=None, packages_select_regex=None, packages_skip_regex=None, packages_start=None, packages_end=None, allow_overriding=[], cmake_args=None, cmake_target=None, cmake_target_skip_unavailable=False, cmake_clean_cache=False, cmake_clean_first=False, cmake_force_configure=False, ament_cmake_args=None, catkin_cmake_args=None, catkin_skip_building_tests=False, mixin_files=None, mixin=None, verb_parser=<colcon_mixin.mixin.mixin_argument.MixinArgumentDecorator object at 0x7ff09a661cc0>, verb_extension=<colcon_core.verb.build.BuildVerb object at 0x7ff09a661450>, main=<bound method BuildVerb.main of <colcon_core.verb.build.BuildVerb object at 0x7ff09a661450>>, mixin_verb=('build',))
[0.252s] Level 1:colcon.colcon_core.package_discovery:discover_packages(colcon_meta) check parameters
[0.252s] Level 1:colcon.colcon_core.package_discovery:discover_packages(recursive) check parameters
[0.252s] Level 1:colcon.colcon_core.package_discovery:discover_packages(ignore) check parameters
[0.252s] Level 1:colcon.colcon_core.package_discovery:discover_packages(path) check parameters
[0.252s] Level 1:colcon.colcon_core.package_discovery:discover_packages(colcon_meta) discover
[0.252s] Level 1:colcon.colcon_core.package_discovery:discover_packages(recursive) discover
[0.252s] INFO:colcon.colcon_core.package_discovery:Crawling recursively for packages in '/home/v/cerberus_ws'
[0.252s] Level 1:colcon.colcon_core.package_identification:_identify(.) by extensions ['ignore', 'ignore_ament_install']
[0.252s] Level 1:colcon.colcon_core.package_identification:_identify(.) by extension 'ignore'
[0.252s] Level 1:colcon.colcon_core.package_identification:_identify(.) by extension 'ignore_ament_install'
[0.252s] Level 1:colcon.colcon_core.package_identification:_identify(.) by extensions ['colcon_pkg']
[0.253s] Level 1:colcon.colcon_core.package_identification:_identify(.) by extension 'colcon_pkg'
[0.253s] Level 1:colcon.colcon_core.package_identification:_identify(.) by extensions ['colcon_meta']
[0.253s] Level 1:colcon.colcon_core.package_identification:_identify(.) by extension 'colcon_meta'
[0.253s] Level 1:colcon.colcon_core.package_identification:_identify(.) by extensions ['ros']
[0.253s] Level 1:colcon.colcon_core.package_identification:_identify(.) by extension 'ros'
[0.261s] Level 1:colcon.colcon_core.package_identification:_identify(.) by extensions ['cmake', 'python']
[0.261s] Level 1:colcon.colcon_core.package_identification:_identify(.) by extension 'cmake'
[0.261s] Level 1:colcon.colcon_core.package_identification:_identify(.) by extension 'python'
[0.261s] Level 1:colcon.colcon_core.package_identification:_identify(.) by extensions ['python_setup_py']
[0.261s] Level 1:colcon.colcon_core.package_identification:_identify(.) by extension 'python_setup_py'
[0.261s] Level 1:colcon.colcon_core.package_identification:_identify(build) by extensions ['ignore', 'ignore_ament_install']
[0.261s] Level 1:colcon.colcon_core.package_identification:_identify(build) by extension 'ignore'
[0.261s] Level 1:colcon.colcon_core.package_identification:_identify(build) ignored
[0.261s] Level 1:colcon.colcon_core.package_identification:_identify(install) by extensions ['ignore', 'ignore_ament_install']
[0.261s] Level 1:colcon.colcon_core.package_identification:_identify(install) by extension 'ignore'
[0.261s] Level 1:colcon.colcon_core.package_identification:_identify(install) ignored
[0.261s] Level 1:colcon.colcon_core.package_identification:_identify(log) by extensions ['ignore', 'ignore_ament_install']
[0.261s] Level 1:colcon.colcon_core.package_identification:_identify(log) by extension 'ignore'
[0.261s] Level 1:colcon.colcon_core.package_identification:_identify(log) ignored
[0.261s] Level 1:colcon.colcon_core.package_identification:_identify(src) by extensions ['ignore', 'ignore_ament_install']
[0.261s] Level 1:colcon.colcon_core.package_identification:_identify(src) by extension 'ignore'
[0.261s] Level 1:colcon.colcon_core.package_identification:_identify(src) by extension 'ignore_ament_install'
[0.261s] Level 1:colcon.colcon_core.package_identification:_identify(src) by extensions ['colcon_pkg']
[0.262s] Level 1:colcon.colcon_core.package_identification:_identify(src) by extension 'colcon_pkg'
[0.262s] Level 1:colcon.colcon_core.package_identification:_identify(src) by extensions ['colcon_meta']
[0.262s] Level 1:colcon.colcon_core.package_identification:_identify(src) by extension 'colcon_meta'
[0.262s] Level 1:colcon.colcon_core.package_identification:_identify(src) by extensions ['ros']
[0.262s] Level 1:colcon.colcon_core.package_identification:_identify(src) by extension 'ros'
[0.262s] Level 1:colcon.colcon_core.package_identification:_identify(src) by extensions ['cmake', 'python']
[0.262s] Level 1:colcon.colcon_core.package_identification:_identify(src) by extension 'cmake'
[0.262s] Level 1:colcon.colcon_core.package_identification:_identify(src) by extension 'python'
[0.262s] Level 1:colcon.colcon_core.package_identification:_identify(src) by extensions ['python_setup_py']
[0.262s] Level 1:colcon.colcon_core.package_identification:_identify(src) by extension 'python_setup_py'
[0.262s] Level 1:colcon.colcon_core.package_identification:_identify(src/cerberus_final) by extensions ['ignore', 'ignore_ament_install']
[0.262s] Level 1:colcon.colcon_core.package_identification:_identify(src/cerberus_final) by extension 'ignore'
[0.262s] Level 1:colcon.colcon_core.package_identification:_identify(src/cerberus_final) by extension 'ignore_ament_install'
[0.262s] Level 1:colcon.colcon_core.package_identification:_identify(src/cerberus_final) by extensions ['colcon_pkg']
[0.262s] Level 1:colcon.colcon_core.package_identification:_identify(src/cerberus_final) by extension 'colcon_pkg'
[0.262s] Level 1:colcon.colcon_core.package_identification:_identify(src/cerberus_final) by extensions ['colcon_meta']
[0.262s] Level 1:colcon.colcon_core.package_identification:_identify(src/cerberus_final) by extension 'colcon_meta'
[0.262s] Level 1:colcon.colcon_core.package_identification:_identify(src/cerberus_final) by extensions ['ros']
[0.262s] Level 1:colcon.colcon_core.package_identification:_identify(src/cerberus_final) by extension 'ros'
[0.262s] Level 1:colcon.colcon_core.package_identification:_identify(src/cerberus_final) by extensions ['cmake', 'python']
[0.262s] Level 1:colcon.colcon_core.package_identification:_identify(src/cerberus_final) by extension 'cmake'
[0.262s] Level 1:colcon.colcon_core.package_identification:_identify(src/cerberus_final) by extension 'python'
[0.262s] Level 1:colcon.colcon_core.package_identification:_identify(src/cerberus_final) by extensions ['python_setup_py']
[0.262s] Level 1:colcon.colcon_core.package_identification:_identify(src/cerberus_final) by extension 'python_setup_py'
[0.262s] Level 1:colcon.colcon_core.package_identification:_identify(src/cerberus_final/cerberus_bringup) by extensions ['ignore', 'ignore_ament_install']
[0.262s] Level 1:colcon.colcon_core.package_identification:_identify(src/cerberus_final/cerberus_bringup) by extension 'ignore'
[0.262s] Level 1:colcon.colcon_core.package_identification:_identify(src/cerberus_final/cerberus_bringup) by extension 'ignore_ament_install'
[0.262s] Level 1:colcon.colcon_core.package_identification:_identify(src/cerberus_final/cerberus_bringup) by extensions ['colcon_pkg']
[0.262s] Level 1:colcon.colcon_core.package_identification:_identify(src/cerberus_final/cerberus_bringup) by extension 'colcon_pkg'
[0.262s] Level 1:colcon.colcon_core.package_identification:_identify(src/cerberus_final/cerberus_bringup) by extensions ['colcon_meta']
[0.263s] Level 1:colcon.colcon_core.package_identification:_identify(src/cerberus_final/cerberus_bringup) by extension 'colcon_meta'
[0.263s] Level 1:colcon.colcon_core.package_identification:_identify(src/cerberus_final/cerberus_bringup) by extensions ['ros']
[0.263s] Level 1:colcon.colcon_core.package_identification:_identify(src/cerberus_final/cerberus_bringup) by extension 'ros'
[0.265s] DEBUG:colcon.colcon_core.package_identification:Package 'src/cerberus_final/cerberus_bringup' with type 'ros.ament_cmake' and name 'cerberus_bringup'
[0.265s] Level 1:colcon.colcon_core.package_identification:_identify(src/cerberus_final/cerberus_description) by extensions ['ignore', 'ignore_ament_install']
[0.265s] Level 1:colcon.colcon_core.package_identification:_identify(src/cerberus_final/cerberus_description) by extension 'ignore'
[0.265s] Level 1:colcon.colcon_core.package_identification:_identify(src/cerberus_final/cerberus_description) by extension 'ignore_ament_install'
[0.265s] Level 1:colcon.colcon_core.package_identification:_identify(src/cerberus_final/cerberus_description) by extensions ['colcon_pkg']
[0.265s] Level 1:colcon.colcon_core.package_identification:_identify(src/cerberus_final/cerberus_description) by extension 'colcon_pkg'
[0.265s] Level 1:colcon.colcon_core.package_identification:_identify(src/cerberus_final/cerberus_description) by extensions ['colcon_meta']
[0.265s] Level 1:colcon.colcon_core.package_identification:_identify(src/cerberus_final/cerberus_description) by extension 'colcon_meta'
[0.265s] Level 1:colcon.colcon_core.package_identification:_identify(src/cerberus_final/cerberus_description) by extensions ['ros']
[0.265s] Level 1:colcon.colcon_core.package_identification:_identify(src/cerberus_final/cerberus_description) by extension 'ros'
[0.265s] DEBUG:colcon.colcon_core.package_identification:Package 'src/cerberus_final/cerberus_description' with type 'ros.ament_cmake' and name 'cerberus_description'
[0.265s] Level 1:colcon.colcon_core.package_identification:_identify(src/cerberus_final/odrive_hardware_interface) by extensions ['ignore', 'ignore_ament_install']
[0.266s] Level 1:colcon.colcon_core.package_identification:_identify(src/cerberus_final/odrive_hardware_interface) by extension 'ignore'
[0.266s] Level 1:colcon.colcon_core.package_identification:_identify(src/cerberus_final/odrive_hardware_interface) by extension 'ignore_ament_install'
[0.266s] Level 1:colcon.colcon_core.package_identification:_identify(src/cerberus_final/odrive_hardware_interface) by extensions ['colcon_pkg']
[0.266s] Level 1:colcon.colcon_core.package_identification:_identify(src/cerberus_final/odrive_hardware_interface) by extension 'colcon_pkg'
[0.266s] Level 1:colcon.colcon_core.package_identification:_identify(src/cerberus_final/odrive_hardware_interface) by extensions ['colcon_meta']
[0.266s] Level 1:colcon.colcon_core.package_identification:_identify(src/cerberus_final/odrive_hardware_interface) by extension 'colcon_meta'
[0.266s] Level 1:colcon.colcon_core.package_identification:_identify(src/cerberus_final/odrive_hardware_interface) by extensions ['ros']
[0.266s] Level 1:colcon.colcon_core.package_identification:_identify(src/cerberus_final/odrive_hardware_interface) by extension 'ros'
[0.266s] DEBUG:colcon.colcon_core.package_identification:Package 'src/cerberus_final/odrive_hardware_interface' with type 'ros.ament_cmake' and name 'odrive_hardware_interface'
[0.266s] Level 1:colcon.colcon_core.package_discovery:discover_packages(recursive) using defaults
[0.266s] Level 1:colcon.colcon_core.package_discovery:discover_packages(ignore) discover
[0.266s] Level 1:colcon.colcon_core.package_discovery:discover_packages(ignore) using defaults
[0.266s] Level 1:colcon.colcon_core.package_discovery:discover_packages(path) discover
[0.266s] Level 1:colcon.colcon_core.package_discovery:discover_packages(path) using defaults
[0.294s] Level 1:colcon.colcon_core.package_discovery:discover_packages(prefix_path) check parameters
[0.294s] Level 1:colcon.colcon_core.package_discovery:discover_packages(prefix_path) discover
[0.295s] DEBUG:colcon.colcon_installed_package_information.package_discovery:Found 3 installed packages in /home/v/cerberus_ws/install
[0.296s] DEBUG:colcon.colcon_installed_package_information.package_discovery:Found 341 installed packages in /opt/ros/humble
[0.297s] Level 1:colcon.colcon_core.package_discovery:discover_packages(prefix_path) using defaults
[0.328s] Level 5:colcon.colcon_core.verb:set package 'cerberus_description' build argument 'cmake_args' from command line to 'None'
[0.328s] Level 5:colcon.colcon_core.verb:set package 'cerberus_description' build argument 'cmake_target' from command line to 'None'
[0.328s] Level 5:colcon.colcon_core.verb:set package 'cerberus_description' build argument 'cmake_target_skip_unavailable' from command line to 'False'
[0.328s] Level 5:colcon.colcon_core.verb:set package 'cerberus_description' build argument 'cmake_clean_cache' from command line to 'False'
[0.328s] Level 5:colcon.colcon_core.verb:set package 'cerberus_description' build argument 'cmake_clean_first' from command line to 'False'
[0.328s] Level 5:colcon.colcon_core.verb:set package 'cerberus_description' build argument 'cmake_force_configure' from command line to 'False'
[0.328s] Level 5:colcon.colcon_core.verb:set package 'cerberus_description' build argument 'ament_cmake_args' from command line to 'None'
[0.328s] Level 5:colcon.colcon_core.verb:set package 'cerberus_description' build argument 'catkin_cmake_args' from command line to 'None'
[0.328s] Level 5:colcon.colcon_core.verb:set package 'cerberus_description' build argument 'catkin_skip_building_tests' from command line to 'False'
[0.328s] DEBUG:colcon.colcon_core.verb:Building package 'cerberus_description' with the following arguments: {'ament_cmake_args': None, 'build_base': '/home/v/cerberus_ws/build/cerberus_description', 'catkin_cmake_args': None, 'catkin_skip_building_tests': False, 'cmake_args': None, 'cmake_clean_cache': False, 'cmake_clean_first': False, 'cmake_force_configure': False, 'cmake_target': None, 'cmake_target_skip_unavailable': False, 'install_base': '/home/v/cerberus_ws/install/cerberus_description', 'merge_install': False, 'path': '/home/v/cerberus_ws/src/cerberus_final/cerberus_description', 'symlink_install': False, 'test_result_base': None}
[0.328s] Level 5:colcon.colcon_core.verb:set package 'odrive_hardware_interface' build argument 'cmake_args' from command line to 'None'
[0.328s] Level 5:colcon.colcon_core.verb:set package 'odrive_hardware_interface' build argument 'cmake_target' from command line to 'None'
[0.328s] Level 5:colcon.colcon_core.verb:set package 'odrive_hardware_interface' build argument 'cmake_target_skip_unavailable' from command line to 'False'
[0.329s] Level 5:colcon.colcon_core.verb:set package 'odrive_hardware_interface' build argument 'cmake_clean_cache' from command line to 'False'
[0.329s] Level 5:colcon.colcon_core.verb:set package 'odrive_hardware_interface' build argument 'cmake_clean_first' from command line to 'False'
[0.329s] Level 5:colcon.colcon_core.verb:set package 'odrive_hardware_interface' build argument 'cmake_force_configure' from command line to 'False'
[0.329s] Level 5:colcon.colcon_core.verb:set package 'odrive_hardware_interface' build argument 'ament_cmake_args' from command line to 'None'
[0.329s] Level 5:colcon.colcon_core.verb:set package 'odrive_hardware_interface' build argument 'catkin_cmake_args' from command line to 'None'
[0.329s] Level 5:colcon.colcon_core.verb:set package 'odrive_hardware_interface' build argument 'catkin_skip_building_tests' from command line to 'False'
[0.329s] DEBUG:colcon.colcon_core.verb:Building package 'odrive_hardware_interface' with the following arguments: {'ament_cmake_args': None, 'build_base': '/home/v/cerberus_ws/build/odrive_hardware_interface', 'catkin_cmake_args': None, 'catkin_skip_building_tests': False, 'cmake_args': None, 'cmake_clean_cache': False, 'cmake_clean_first': False, 'cmake_force_configure': False, 'cmake_target': None, 'cmake_target_skip_unavailable': False, 'install_base': '/home/v/cerberus_ws/install/odrive_hardware_interface', 'merge_install': False, 'path': '/home/v/cerberus_ws/src/cerberus_final/odrive_hardware_interface', 'symlink_install': False, 'test_result_base': None}
[0.329s] Level 5:colcon.colcon_core.verb:set package 'cerberus_bringup' build argument 'cmake_args' from command line to 'None'
[0.329s] Level 5:colcon.colcon_core.verb:set package 'cerberus_bringup' build argument 'cmake_target' from command line to 'None'
[0.329s] Level 5:colcon.colcon_core.verb:set package 'cerberus_bringup' build argument 'cmake_target_skip_unavailable' from command line to 'False'
[0.329s] Level 5:colcon.colcon_core.verb:set package 'cerberus_bringup' build argument 'cmake_clean_cache' from command line to 'False'
[0.329s] Level 5:colcon.colcon_core.verb:set package 'cerberus_bringup' build argument 'cmake_clean_first' from command line to 'False'
[0.329s] Level 5:colcon.colcon_core.verb:set package 'cerberus_bringup' build argument 'cmake_force_configure' from command line to 'False'
[0.329s] Level 5:colcon.colcon_core.verb:set package 'cerberus_bringup' build argument 'ament_cmake_args' from command line to 'None'
[0.329s] Level 5:colcon.colcon_core.verb:set package 'cerberus_bringup' build argument 'catkin_cmake_args' from command line to 'None'
[0.329s] Level 5:colcon.colcon_core.verb:set package 'cerberus_bringup' build argument 'catkin_skip_building_tests' from command line to 'False'
[0.329s] DEBUG:colcon.colcon_core.verb:Building package 'cerberus_bringup' with the following arguments: {'ament_cmake_args': None, 'build_base': '/home/v/cerberus_ws/build/cerberus_bringup', 'catkin_cmake_args': None, 'catkin_skip_building_tests': False, 'cmake_args': None, 'cmake_clean_cache': False, 'cmake_clean_first': False, 'cmake_force_configure': False, 'cmake_target': None, 'cmake_target_skip_unavailable': False, 'install_base': '/home/v/cerberus_ws/install/cerberus_bringup', 'merge_install': False, 'path': '/home/v/cerberus_ws/src/cerberus_final/cerberus_bringup', 'symlink_install': False, 'test_result_base': None}
[0.329s] INFO:colcon.colcon_core.executor:Executing jobs using 'parallel' executor
[0.330s] DEBUG:colcon.colcon_parallel_executor.executor.parallel:run_until_complete
[0.330s] INFO:colcon.colcon_ros.task.ament_cmake.build:Building ROS package in '/home/v/cerberus_ws/src/cerberus_final/cerberus_description' with build type 'ament_cmake'
[0.330s] INFO:colcon.colcon_cmake.task.cmake.build:Building CMake package in '/home/v/cerberus_ws/src/cerberus_final/cerberus_description'
[0.332s] INFO:colcon.colcon_core.plugin_system:Skipping extension 'colcon_core.shell.bat': Not used on non-Windows systems
[0.332s] INFO:colcon.colcon_core.shell:Skip shell extension 'powershell' for command environment: Not usable outside of PowerShell
[0.332s] DEBUG:colcon.colcon_core.shell:Skip shell extension 'dsv' for command environment
[0.335s] INFO:colcon.colcon_ros.task.ament_cmake.build:Building ROS package in '/home/v/cerberus_ws/src/cerberus_final/odrive_hardware_interface' with build type 'ament_cmake'
[0.335s] INFO:colcon.colcon_cmake.task.cmake.build:Building CMake package in '/home/v/cerberus_ws/src/cerberus_final/odrive_hardware_interface'
[0.335s] INFO:colcon.colcon_core.shell:Skip shell extension 'powershell' for command environment: Not usable outside of PowerShell
[0.336s] DEBUG:colcon.colcon_core.shell:Skip shell extension 'dsv' for command environment
[0.342s] DEBUG:colcon.colcon_core.event_handler.log_command:Invoking command in '/home/v/cerberus_ws/build/cerberus_description': CMAKE_PREFIX_PATH=${CMAKE_PREFIX_PATH}:/opt/ros/humble /usr/bin/cmake --build /home/v/cerberus_ws/build/cerberus_description -- -j12 -l12
[0.346s] DEBUG:colcon.colcon_core.event_handler.log_command:Invoking command in '/home/v/cerberus_ws/build/odrive_hardware_interface': CMAKE_PREFIX_PATH=${CMAKE_PREFIX_PATH}:/opt/ros/humble /usr/bin/cmake --build /home/v/cerberus_ws/build/odrive_hardware_interface -- -j12 -l12
[0.358s] DEBUG:colcon.colcon_core.event_handler.log_command:Invoked command in '/home/v/cerberus_ws/build/cerberus_description' returned '0': CMAKE_PREFIX_PATH=${CMAKE_PREFIX_PATH}:/opt/ros/humble /usr/bin/cmake --build /home/v/cerberus_ws/build/cerberus_description -- -j12 -l12
[0.364s] DEBUG:colcon.colcon_core.event_handler.log_command:Invoking command in '/home/v/cerberus_ws/build/cerberus_description': CMAKE_PREFIX_PATH=${CMAKE_PREFIX_PATH}:/opt/ros/humble /usr/bin/cmake --install /home/v/cerberus_ws/build/cerberus_description
[0.368s] Level 1:colcon.colcon_core.environment:create_environment_scripts_only(cerberus_description)
[0.369s] DEBUG:colcon.colcon_core.event_handler.log_command:Invoked command in '/home/v/cerberus_ws/build/cerberus_description' returned '0': CMAKE_PREFIX_PATH=${CMAKE_PREFIX_PATH}:/opt/ros/humble /usr/bin/cmake --install /home/v/cerberus_ws/build/cerberus_description
[0.370s] Level 1:colcon.colcon_core.environment:checking '/home/v/cerberus_ws/install/cerberus_description' for CMake module files
[0.370s] Level 1:colcon.colcon_core.environment:checking '/home/v/cerberus_ws/install/cerberus_description' for CMake config files
[0.371s] Level 1:colcon.colcon_core.shell:create_environment_hook('cerberus_description', 'cmake_prefix_path')
[0.371s] INFO:colcon.colcon_core.shell:Creating environment hook '/home/v/cerberus_ws/install/cerberus_description/share/cerberus_description/hook/cmake_prefix_path.ps1'
[0.371s] INFO:colcon.colcon_core.shell:Creating environment descriptor '/home/v/cerberus_ws/install/cerberus_description/share/cerberus_description/hook/cmake_prefix_path.dsv'
[0.372s] INFO:colcon.colcon_core.shell:Creating environment hook '/home/v/cerberus_ws/install/cerberus_description/share/cerberus_description/hook/cmake_prefix_path.sh'
[0.372s] Level 1:colcon.colcon_core.environment:checking '/home/v/cerberus_ws/install/cerberus_description/bin'
[0.372s] Level 1:colcon.colcon_core.environment:checking '/home/v/cerberus_ws/install/cerberus_description/lib/pkgconfig/cerberus_description.pc'
[0.373s] Level 1:colcon.colcon_core.environment:checking '/home/v/cerberus_ws/install/cerberus_description/lib/python3.10/site-packages'
[0.373s] Level 1:colcon.colcon_core.environment:checking '/home/v/cerberus_ws/install/cerberus_description/bin'
[0.373s] INFO:colcon.colcon_core.shell:Creating package script '/home/v/cerberus_ws/install/cerberus_description/share/cerberus_description/package.ps1'
[0.373s] INFO:colcon.colcon_core.shell:Creating package descriptor '/home/v/cerberus_ws/install/cerberus_description/share/cerberus_description/package.dsv'
[0.374s] INFO:colcon.colcon_core.shell:Creating package script '/home/v/cerberus_ws/install/cerberus_description/share/cerberus_description/package.sh'
[0.374s] INFO:colcon.colcon_core.shell:Creating package script '/home/v/cerberus_ws/install/cerberus_description/share/cerberus_description/package.bash'
[0.375s] INFO:colcon.colcon_core.shell:Creating package script '/home/v/cerberus_ws/install/cerberus_description/share/cerberus_description/package.zsh'
[0.375s] Level 1:colcon.colcon_core.environment:create_file_with_runtime_dependencies(/home/v/cerberus_ws/install/cerberus_description/share/colcon-core/packages/cerberus_description)
[0.376s] Level 1:colcon.colcon_core.environment:create_environment_scripts_only(cerberus_description)
[0.376s] Level 1:colcon.colcon_core.environment:checking '/home/v/cerberus_ws/install/cerberus_description' for CMake module files
[0.376s] Level 1:colcon.colcon_core.environment:checking '/home/v/cerberus_ws/install/cerberus_description' for CMake config files
[0.377s] Level 1:colcon.colcon_core.shell:create_environment_hook('cerberus_description', 'cmake_prefix_path')
[0.377s] INFO:colcon.colcon_core.shell:Creating environment hook '/home/v/cerberus_ws/install/cerberus_description/share/cerberus_description/hook/cmake_prefix_path.ps1'
[0.377s] INFO:colcon.colcon_core.shell:Creating environment descriptor '/home/v/cerberus_ws/install/cerberus_description/share/cerberus_description/hook/cmake_prefix_path.dsv'
[0.377s] INFO:colcon.colcon_core.shell:Creating environment hook '/home/v/cerberus_ws/install/cerberus_description/share/cerberus_description/hook/cmake_prefix_path.sh'
[0.378s] Level 1:colcon.colcon_core.environment:checking '/home/v/cerberus_ws/install/cerberus_description/bin'
[0.378s] Level 1:colcon.colcon_core.environment:checking '/home/v/cerberus_ws/install/cerberus_description/lib/pkgconfig/cerberus_description.pc'
[0.378s] Level 1:colcon.colcon_core.environment:checking '/home/v/cerberus_ws/install/cerberus_description/lib/python3.10/site-packages'
[0.378s] Level 1:colcon.colcon_core.environment:checking '/home/v/cerberus_ws/install/cerberus_description/bin'
[0.378s] INFO:colcon.colcon_core.shell:Creating package script '/home/v/cerberus_ws/install/cerberus_description/share/cerberus_description/package.ps1'
[0.379s] INFO:colcon.colcon_core.shell:Creating package descriptor '/home/v/cerberus_ws/install/cerberus_description/share/cerberus_description/package.dsv'
[0.379s] INFO:colcon.colcon_core.shell:Creating package script '/home/v/cerberus_ws/install/cerberus_description/share/cerberus_description/package.sh'
[0.379s] INFO:colcon.colcon_core.shell:Creating package script '/home/v/cerberus_ws/install/cerberus_description/share/cerberus_description/package.bash'
[0.379s] INFO:colcon.colcon_core.shell:Creating package script '/home/v/cerberus_ws/install/cerberus_description/share/cerberus_description/package.zsh'
[0.380s] Level 1:colcon.colcon_core.environment:create_file_with_runtime_dependencies(/home/v/cerberus_ws/install/cerberus_description/share/colcon-core/packages/cerberus_description)
[0.380s] INFO:colcon.colcon_ros.task.ament_cmake.build:Building ROS package in '/home/v/cerberus_ws/src/cerberus_final/cerberus_bringup' with build type 'ament_cmake'
[0.380s] INFO:colcon.colcon_cmake.task.cmake.build:Building CMake package in '/home/v/cerberus_ws/src/cerberus_final/cerberus_bringup'
[0.380s] INFO:colcon.colcon_core.shell:Skip shell extension 'powershell' for command environment: Not usable outside of PowerShell
[0.380s] DEBUG:colcon.colcon_core.shell:Skip shell extension 'dsv' for command environment
[0.389s] DEBUG:colcon.colcon_core.event_handler.log_command:Invoking command in '/home/v/cerberus_ws/build/cerberus_bringup': CMAKE_PREFIX_PATH=/home/v/cerberus_ws/install/cerberus_description:/home/v/cerberus_ws/install/odrive_hardware_interface:/home/v/cerberus_ws/install/cerberus_bringup:/opt/ros/humble /usr/bin/cmake --build /home/v/cerberus_ws/build/cerberus_bringup -- -j12 -l12
[0.398s] DEBUG:colcon.colcon_core.event_handler.log_command:Invoked command in '/home/v/cerberus_ws/build/odrive_hardware_interface' returned '0': CMAKE_PREFIX_PATH=${CMAKE_PREFIX_PATH}:/opt/ros/humble /usr/bin/cmake --build /home/v/cerberus_ws/build/odrive_hardware_interface -- -j12 -l12
[0.399s] DEBUG:colcon.colcon_core.event_handler.log_command:Invoking command in '/home/v/cerberus_ws/build/odrive_hardware_interface': CMAKE_PREFIX_PATH=${CMAKE_PREFIX_PATH}:/opt/ros/humble /usr/bin/cmake --install /home/v/cerberus_ws/build/odrive_hardware_interface
[0.404s] DEBUG:colcon.colcon_core.event_handler.log_command:Invoked command in '/home/v/cerberus_ws/build/cerberus_bringup' returned '0': CMAKE_PREFIX_PATH=/home/v/cerberus_ws/install/cerberus_description:/home/v/cerberus_ws/install/odrive_hardware_interface:/home/v/cerberus_ws/install/cerberus_bringup:/opt/ros/humble /usr/bin/cmake --build /home/v/cerberus_ws/build/cerberus_bringup -- -j12 -l12
[0.405s] DEBUG:colcon.colcon_core.event_handler.log_command:Invoking command in '/home/v/cerberus_ws/build/cerberus_bringup': CMAKE_PREFIX_PATH=/home/v/cerberus_ws/install/cerberus_description:/home/v/cerberus_ws/install/odrive_hardware_interface:/home/v/cerberus_ws/install/cerberus_bringup:/opt/ros/humble /usr/bin/cmake --install /home/v/cerberus_ws/build/cerberus_bringup
[0.405s] Level 1:colcon.colcon_core.environment:create_environment_scripts_only(odrive_hardware_interface)
[0.406s] DEBUG:colcon.colcon_core.event_handler.log_command:Invoked command in '/home/v/cerberus_ws/build/odrive_hardware_interface' returned '0': CMAKE_PREFIX_PATH=${CMAKE_PREFIX_PATH}:/opt/ros/humble /usr/bin/cmake --install /home/v/cerberus_ws/build/odrive_hardware_interface
[0.406s] Level 1:colcon.colcon_core.environment:checking '/home/v/cerberus_ws/install/odrive_hardware_interface' for CMake module files
[0.406s] Level 1:colcon.colcon_core.environment:checking '/home/v/cerberus_ws/install/odrive_hardware_interface' for CMake config files
[0.406s] Level 1:colcon.colcon_core.shell:create_environment_hook('odrive_hardware_interface', 'cmake_prefix_path')
[0.407s] INFO:colcon.colcon_core.shell:Creating environment hook '/home/v/cerberus_ws/install/odrive_hardware_interface/share/odrive_hardware_interface/hook/cmake_prefix_path.ps1'
[0.407s] INFO:colcon.colcon_core.shell:Creating environment descriptor '/home/v/cerberus_ws/install/odrive_hardware_interface/share/odrive_hardware_interface/hook/cmake_prefix_path.dsv'
[0.407s] INFO:colcon.colcon_core.shell:Creating environment hook '/home/v/cerberus_ws/install/odrive_hardware_interface/share/odrive_hardware_interface/hook/cmake_prefix_path.sh'
[0.408s] Level 1:colcon.colcon_core.environment:checking '/home/v/cerberus_ws/install/odrive_hardware_interface/lib'
[0.408s] Level 1:colcon.colcon_core.shell:create_environment_hook('odrive_hardware_interface', 'ld_library_path_lib')
[0.409s] INFO:colcon.colcon_core.shell:Creating environment hook '/home/v/cerberus_ws/install/odrive_hardware_interface/share/odrive_hardware_interface/hook/ld_library_path_lib.ps1'
[0.409s] INFO:colcon.colcon_core.shell:Creating environment descriptor '/home/v/cerberus_ws/install/odrive_hardware_interface/share/odrive_hardware_interface/hook/ld_library_path_lib.dsv'
[0.410s] INFO:colcon.colcon_core.shell:Creating environment hook '/home/v/cerberus_ws/install/odrive_hardware_interface/share/odrive_hardware_interface/hook/ld_library_path_lib.sh'
[0.410s] Level 1:colcon.colcon_core.environment:checking '/home/v/cerberus_ws/install/odrive_hardware_interface/bin'
[0.411s] Level 1:colcon.colcon_core.environment:checking '/home/v/cerberus_ws/install/odrive_hardware_interface/lib/pkgconfig/odrive_hardware_interface.pc'
[0.411s] Level 1:colcon.colcon_core.environment:checking '/home/v/cerberus_ws/install/odrive_hardware_interface/lib/python3.10/site-packages'
[0.411s] Level 1:colcon.colcon_core.environment:checking '/home/v/cerberus_ws/install/odrive_hardware_interface/bin'
[0.411s] INFO:colcon.colcon_core.shell:Creating package script '/home/v/cerberus_ws/install/odrive_hardware_interface/share/odrive_hardware_interface/package.ps1'
[0.412s] INFO:colcon.colcon_core.shell:Creating package descriptor '/home/v/cerberus_ws/install/odrive_hardware_interface/share/odrive_hardware_interface/package.dsv'
[0.412s] INFO:colcon.colcon_core.shell:Creating package script '/home/v/cerberus_ws/install/odrive_hardware_interface/share/odrive_hardware_interface/package.sh'
[0.412s] INFO:colcon.colcon_core.shell:Creating package script '/home/v/cerberus_ws/install/odrive_hardware_interface/share/odrive_hardware_interface/package.bash'
[0.413s] INFO:colcon.colcon_core.shell:Creating package script '/home/v/cerberus_ws/install/odrive_hardware_interface/share/odrive_hardware_interface/package.zsh'
[0.413s] Level 1:colcon.colcon_core.environment:create_file_with_runtime_dependencies(/home/v/cerberus_ws/install/odrive_hardware_interface/share/colcon-core/packages/odrive_hardware_interface)
[0.413s] Level 1:colcon.colcon_core.environment:create_environment_scripts_only(odrive_hardware_interface)
[0.413s] Level 1:colcon.colcon_core.environment:checking '/home/v/cerberus_ws/install/odrive_hardware_interface' for CMake module files
[0.414s] Level 1:colcon.colcon_core.environment:checking '/home/v/cerberus_ws/install/odrive_hardware_interface' for CMake config files
[0.414s] Level 1:colcon.colcon_core.shell:create_environment_hook('odrive_hardware_interface', 'cmake_prefix_path')
[0.414s] INFO:colcon.colcon_core.shell:Creating environment hook '/home/v/cerberus_ws/install/odrive_hardware_interface/share/odrive_hardware_interface/hook/cmake_prefix_path.ps1'
[0.414s] INFO:colcon.colcon_core.shell:Creating environment descriptor '/home/v/cerberus_ws/install/odrive_hardware_interface/share/odrive_hardware_interface/hook/cmake_prefix_path.dsv'
[0.415s] INFO:colcon.colcon_core.shell:Creating environment hook '/home/v/cerberus_ws/install/odrive_hardware_interface/share/odrive_hardware_interface/hook/cmake_prefix_path.sh'
[0.415s] Level 1:colcon.colcon_core.environment:checking '/home/v/cerberus_ws/install/odrive_hardware_interface/lib'
[0.415s] Level 1:colcon.colcon_core.shell:create_environment_hook('odrive_hardware_interface', 'ld_library_path_lib')
[0.415s] INFO:colcon.colcon_core.shell:Creating environment hook '/home/v/cerberus_ws/install/odrive_hardware_interface/share/odrive_hardware_interface/hook/ld_library_path_lib.ps1'
[0.416s] INFO:colcon.colcon_core.shell:Creating environment descriptor '/home/v/cerberus_ws/install/odrive_hardware_interface/share/odrive_hardware_interface/hook/ld_library_path_lib.dsv'
[0.416s] INFO:colcon.colcon_core.shell:Creating environment hook '/home/v/cerberus_ws/install/odrive_hardware_interface/share/odrive_hardware_interface/hook/ld_library_path_lib.sh'
[0.416s] Level 1:colcon.colcon_core.environment:checking '/home/v/cerberus_ws/install/odrive_hardware_interface/bin'
[0.416s] Level 1:colcon.colcon_core.environment:checking '/home/v/cerberus_ws/install/odrive_hardware_interface/lib/pkgconfig/odrive_hardware_interface.pc'
[0.416s] Level 1:colcon.colcon_core.environment:checking '/home/v/cerberus_ws/install/odrive_hardware_interface/lib/python3.10/site-packages'
[0.416s] Level 1:colcon.colcon_core.environment:checking '/home/v/cerberus_ws/install/odrive_hardware_interface/bin'
[0.417s] INFO:colcon.colcon_core.shell:Creating package script '/home/v/cerberus_ws/install/odrive_hardware_interface/share/odrive_hardware_interface/package.ps1'
[0.417s] INFO:colcon.colcon_core.shell:Creating package descriptor '/home/v/cerberus_ws/install/odrive_hardware_interface/share/odrive_hardware_interface/package.dsv'
[0.417s] INFO:colcon.colcon_core.shell:Creating package script '/home/v/cerberus_ws/install/odrive_hardware_interface/share/odrive_hardware_interface/package.sh'
[0.417s] INFO:colcon.colcon_core.shell:Creating package script '/home/v/cerberus_ws/install/odrive_hardware_interface/share/odrive_hardware_interface/package.bash'
[0.418s] INFO:colcon.colcon_core.shell:Creating package script '/home/v/cerberus_ws/install/odrive_hardware_interface/share/odrive_hardware_interface/package.zsh'
[0.418s] Level 1:colcon.colcon_core.environment:create_file_with_runtime_dependencies(/home/v/cerberus_ws/install/odrive_hardware_interface/share/colcon-core/packages/odrive_hardware_interface)
[0.419s] Level 1:colcon.colcon_core.environment:create_environment_scripts_only(cerberus_bringup)
[0.419s] Level 1:colcon.colcon_core.environment:checking '/home/v/cerberus_ws/install/cerberus_bringup' for CMake module files
[0.419s] DEBUG:colcon.colcon_core.event_handler.log_command:Invoked command in '/home/v/cerberus_ws/build/cerberus_bringup' returned '0': CMAKE_PREFIX_PATH=/home/v/cerberus_ws/install/cerberus_description:/home/v/cerberus_ws/install/odrive_hardware_interface:/home/v/cerberus_ws/install/cerberus_bringup:/opt/ros/humble /usr/bin/cmake --install /home/v/cerberus_ws/build/cerberus_bringup
[0.419s] Level 1:colcon.colcon_core.environment:checking '/home/v/cerberus_ws/install/cerberus_bringup' for CMake config files
[0.420s] Level 1:colcon.colcon_core.shell:create_environment_hook('cerberus_bringup', 'cmake_prefix_path')
[0.420s] INFO:colcon.colcon_core.shell:Creating environment hook '/home/v/cerberus_ws/install/cerberus_bringup/share/cerberus_bringup/hook/cmake_prefix_path.ps1'
[0.420s] INFO:colcon.colcon_core.shell:Creating environment descriptor '/home/v/cerberus_ws/install/cerberus_bringup/share/cerberus_bringup/hook/cmake_prefix_path.dsv'
[0.420s] INFO:colcon.colcon_core.shell:Creating environment hook '/home/v/cerberus_ws/install/cerberus_bringup/share/cerberus_bringup/hook/cmake_prefix_path.sh'
[0.421s] Level 1:colcon.colcon_core.environment:checking '/home/v/cerberus_ws/install/cerberus_bringup/bin'
[0.421s] Level 1:colcon.colcon_core.environment:checking '/home/v/cerberus_ws/install/cerberus_bringup/lib/pkgconfig/cerberus_bringup.pc'
[0.421s] Level 1:colcon.colcon_core.environment:checking '/home/v/cerberus_ws/install/cerberus_bringup/lib/python3.10/site-packages'
[0.421s] Level 1:colcon.colcon_core.environment:checking '/home/v/cerberus_ws/install/cerberus_bringup/bin'
[0.421s] INFO:colcon.colcon_core.shell:Creating package script '/home/v/cerberus_ws/install/cerberus_bringup/share/cerberus_bringup/package.ps1'
[0.422s] INFO:colcon.colcon_core.shell:Creating package descriptor '/home/v/cerberus_ws/install/cerberus_bringup/share/cerberus_bringup/package.dsv'
[0.422s] INFO:colcon.colcon_core.shell:Creating package script '/home/v/cerberus_ws/install/cerberus_bringup/share/cerberus_bringup/package.sh'
[0.423s] INFO:colcon.colcon_core.shell:Creating package script '/home/v/cerberus_ws/install/cerberus_bringup/share/cerberus_bringup/package.bash'
[0.423s] INFO:colcon.colcon_core.shell:Creating package script '/home/v/cerberus_ws/install/cerberus_bringup/share/cerberus_bringup/package.zsh'
[0.423s] Level 1:colcon.colcon_core.environment:create_file_with_runtime_dependencies(/home/v/cerberus_ws/install/cerberus_bringup/share/colcon-core/packages/cerberus_bringup)
[0.423s] Level 1:colcon.colcon_core.environment:create_environment_scripts_only(cerberus_bringup)
[0.424s] Level 1:colcon.colcon_core.environment:checking '/home/v/cerberus_ws/install/cerberus_bringup' for CMake module files
[0.424s] Level 1:colcon.colcon_core.environment:checking '/home/v/cerberus_ws/install/cerberus_bringup' for CMake config files
[0.424s] Level 1:colcon.colcon_core.shell:create_environment_hook('cerberus_bringup', 'cmake_prefix_path')
[0.424s] INFO:colcon.colcon_core.shell:Creating environment hook '/home/v/cerberus_ws/install/cerberus_bringup/share/cerberus_bringup/hook/cmake_prefix_path.ps1'
[0.424s] INFO:colcon.colcon_core.shell:Creating environment descriptor '/home/v/cerberus_ws/install/cerberus_bringup/share/cerberus_bringup/hook/cmake_prefix_path.dsv'
[0.425s] INFO:colcon.colcon_core.shell:Creating environment hook '/home/v/cerberus_ws/install/cerberus_bringup/share/cerberus_bringup/hook/cmake_prefix_path.sh'
[0.425s] Level 1:colcon.colcon_core.environment:checking '/home/v/cerberus_ws/install/cerberus_bringup/bin'
[0.425s] Level 1:colcon.colcon_core.environment:checking '/home/v/cerberus_ws/install/cerberus_bringup/lib/pkgconfig/cerberus_bringup.pc'
[0.425s] Level 1:colcon.colcon_core.environment:checking '/home/v/cerberus_ws/install/cerberus_bringup/lib/python3.10/site-packages'
[0.425s] Level 1:colcon.colcon_core.environment:checking '/home/v/cerberus_ws/install/cerberus_bringup/bin'
[0.425s] INFO:colcon.colcon_core.shell:Creating package script '/home/v/cerberus_ws/install/cerberus_bringup/share/cerberus_bringup/package.ps1'
[0.426s] INFO:colcon.colcon_core.shell:Creating package descriptor '/home/v/cerberus_ws/install/cerberus_bringup/share/cerberus_bringup/package.dsv'
[0.426s] INFO:colcon.colcon_core.shell:Creating package script '/home/v/cerberus_ws/install/cerberus_bringup/share/cerberus_bringup/package.sh'
[0.426s] INFO:colcon.colcon_core.shell:Creating package script '/home/v/cerberus_ws/install/cerberus_bringup/share/cerberus_bringup/package.bash'
[0.427s] INFO:colcon.colcon_core.shell:Creating package script '/home/v/cerberus_ws/install/cerberus_bringup/share/cerberus_bringup/package.zsh'
[0.427s] Level 1:colcon.colcon_core.environment:create_file_with_runtime_dependencies(/home/v/cerberus_ws/install/cerberus_bringup/share/colcon-core/packages/cerberus_bringup)
[0.427s] DEBUG:colcon.colcon_parallel_executor.executor.parallel:closing loop
[0.427s] DEBUG:colcon.colcon_parallel_executor.executor.parallel:loop closed
[0.427s] DEBUG:colcon.colcon_parallel_executor.executor.parallel:run_until_complete finished with '0'
[0.427s] DEBUG:colcon.colcon_core.event_reactor:joining thread
[0.431s] INFO:colcon.colcon_core.plugin_system:Skipping extension 'colcon_notification.desktop_notification.terminal_notifier': Not used on non-Darwin systems
[0.431s] INFO:colcon.colcon_core.plugin_system:Skipping extension 'colcon_notification.desktop_notification.win32': Not used on non-Windows systems
[0.432s] INFO:colcon.colcon_notification.desktop_notification:Sending desktop notification using 'notify2'
[0.440s] DEBUG:colcon.colcon_core.event_reactor:joined thread
[0.441s] INFO:colcon.colcon_core.shell:Creating prefix script '/home/v/cerberus_ws/install/local_setup.ps1'
[0.442s] INFO:colcon.colcon_core.shell:Creating prefix util module '/home/v/cerberus_ws/install/_local_setup_util_ps1.py'
[0.443s] INFO:colcon.colcon_core.shell:Creating prefix chain script '/home/v/cerberus_ws/install/setup.ps1'
[0.444s] INFO:colcon.colcon_core.shell:Creating prefix script '/home/v/cerberus_ws/install/local_setup.sh'
[0.445s] INFO:colcon.colcon_core.shell:Creating prefix util module '/home/v/cerberus_ws/install/_local_setup_util_sh.py'
[0.445s] INFO:colcon.colcon_core.shell:Creating prefix chain script '/home/v/cerberus_ws/install/setup.sh'
[0.447s] INFO:colcon.colcon_core.shell:Creating prefix script '/home/v/cerberus_ws/install/local_setup.bash'
[0.447s] INFO:colcon.colcon_core.shell:Creating prefix chain script '/home/v/cerberus_ws/install/setup.bash'
[0.448s] INFO:colcon.colcon_core.shell:Creating prefix script '/home/v/cerberus_ws/install/local_setup.zsh'
[0.448s] INFO:colcon.colcon_core.shell:Creating prefix chain script '/home/v/cerberus_ws/install/setup.zsh'
