[0.144s] DEBUG:colcon:Command line arguments: ['/usr/bin/colcon', 'build']
[0.144s] DEBUG:colcon:Parsed command line arguments: Namespace(log_base=None, log_level=None, verb_name='build', build_base='build', install_base='install', merge_install=False, symlink_install=False, test_result_base=None, continue_on_error=False, executor='parallel', parallel_workers=12, event_handlers=None, ignore_user_meta=False, metas=['./colcon.meta'], base_paths=['.'], packages_ignore=None, packages_ignore_regex=None, paths=None, packages_up_to=None, packages_up_to_regex=None, packages_above=None, packages_above_and_dependencies=None, packages_above_depth=None, packages_select_by_dep=None, packages_skip_by_dep=None, packages_skip_up_to=None, packages_select_build_failed=False, packages_skip_build_finished=False, packages_select_test_failures=False, packages_skip_test_passed=False, packages_select=None, packages_skip=None, packages_select_regex=None, packages_skip_regex=None, packages_start=None, packages_end=None, allow_overriding=[], cmake_args=None, cmake_target=None, cmake_target_skip_unavailable=False, cmake_clean_cache=False, cmake_clean_first=False, cmake_force_configure=False, ament_cmake_args=None, catkin_cmake_args=None, catkin_skip_building_tests=False, mixin_files=None, mixin=None, verb_parser=<colcon_mixin.mixin.mixin_argument.MixinArgumentDecorator object at 0x793c69b5dcf0>, verb_extension=<colcon_core.verb.build.BuildVerb object at 0x793c69b5d480>, main=<bound method BuildVerb.main of <colcon_core.verb.build.BuildVerb object at 0x793c69b5d480>>, mixin_verb=('build',))
[0.382s] Level 1:colcon.colcon_core.package_discovery:discover_packages(colcon_meta) check parameters
[0.382s] Level 1:colcon.colcon_core.package_discovery:discover_packages(recursive) check parameters
[0.382s] Level 1:colcon.colcon_core.package_discovery:discover_packages(ignore) check parameters
[0.382s] Level 1:colcon.colcon_core.package_discovery:discover_packages(path) check parameters
[0.382s] Level 1:colcon.colcon_core.package_discovery:discover_packages(colcon_meta) discover
[0.382s] Level 1:colcon.colcon_core.package_discovery:discover_packages(recursive) discover
[0.382s] INFO:colcon.colcon_core.package_discovery:Crawling recursively for packages in '/home/v/cerberus_ws'
[0.382s] Level 1:colcon.colcon_core.package_identification:_identify(.) by extensions ['ignore', 'ignore_ament_install']
[0.382s] Level 1:colcon.colcon_core.package_identification:_identify(.) by extension 'ignore'
[0.383s] Level 1:colcon.colcon_core.package_identification:_identify(.) by extension 'ignore_ament_install'
[0.383s] Level 1:colcon.colcon_core.package_identification:_identify(.) by extensions ['colcon_pkg']
[0.383s] Level 1:colcon.colcon_core.package_identification:_identify(.) by extension 'colcon_pkg'
[0.383s] Level 1:colcon.colcon_core.package_identification:_identify(.) by extensions ['colcon_meta']
[0.383s] Level 1:colcon.colcon_core.package_identification:_identify(.) by extension 'colcon_meta'
[0.383s] Level 1:colcon.colcon_core.package_identification:_identify(.) by extensions ['ros']
[0.383s] Level 1:colcon.colcon_core.package_identification:_identify(.) by extension 'ros'
[0.395s] Level 1:colcon.colcon_core.package_identification:_identify(.) by extensions ['cmake', 'python']
[0.395s] Level 1:colcon.colcon_core.package_identification:_identify(.) by extension 'cmake'
[0.395s] Level 1:colcon.colcon_core.package_identification:_identify(.) by extension 'python'
[0.395s] Level 1:colcon.colcon_core.package_identification:_identify(.) by extensions ['python_setup_py']
[0.395s] Level 1:colcon.colcon_core.package_identification:_identify(.) by extension 'python_setup_py'
[0.395s] Level 1:colcon.colcon_core.package_identification:_identify(build) by extensions ['ignore', 'ignore_ament_install']
[0.395s] Level 1:colcon.colcon_core.package_identification:_identify(build) by extension 'ignore'
[0.395s] Level 1:colcon.colcon_core.package_identification:_identify(build) ignored
[0.396s] Level 1:colcon.colcon_core.package_identification:_identify(install) by extensions ['ignore', 'ignore_ament_install']
[0.396s] Level 1:colcon.colcon_core.package_identification:_identify(install) by extension 'ignore'
[0.396s] Level 1:colcon.colcon_core.package_identification:_identify(install) ignored
[0.396s] Level 1:colcon.colcon_core.package_identification:_identify(log) by extensions ['ignore', 'ignore_ament_install']
[0.396s] Level 1:colcon.colcon_core.package_identification:_identify(log) by extension 'ignore'
[0.396s] Level 1:colcon.colcon_core.package_identification:_identify(log) ignored
[0.396s] Level 1:colcon.colcon_core.package_identification:_identify(src) by extensions ['ignore', 'ignore_ament_install']
[0.396s] Level 1:colcon.colcon_core.package_identification:_identify(src) by extension 'ignore'
[0.396s] Level 1:colcon.colcon_core.package_identification:_identify(src) by extension 'ignore_ament_install'
[0.396s] Level 1:colcon.colcon_core.package_identification:_identify(src) by extensions ['colcon_pkg']
[0.396s] Level 1:colcon.colcon_core.package_identification:_identify(src) by extension 'colcon_pkg'
[0.396s] Level 1:colcon.colcon_core.package_identification:_identify(src) by extensions ['colcon_meta']
[0.397s] Level 1:colcon.colcon_core.package_identification:_identify(src) by extension 'colcon_meta'
[0.397s] Level 1:colcon.colcon_core.package_identification:_identify(src) by extensions ['ros']
[0.397s] Level 1:colcon.colcon_core.package_identification:_identify(src) by extension 'ros'
[0.397s] Level 1:colcon.colcon_core.package_identification:_identify(src) by extensions ['cmake', 'python']
[0.397s] Level 1:colcon.colcon_core.package_identification:_identify(src) by extension 'cmake'
[0.397s] Level 1:colcon.colcon_core.package_identification:_identify(src) by extension 'python'
[0.397s] Level 1:colcon.colcon_core.package_identification:_identify(src) by extensions ['python_setup_py']
[0.397s] Level 1:colcon.colcon_core.package_identification:_identify(src) by extension 'python_setup_py'
[0.397s] Level 1:colcon.colcon_core.package_identification:_identify(src/cerberus_final) by extensions ['ignore', 'ignore_ament_install']
[0.397s] Level 1:colcon.colcon_core.package_identification:_identify(src/cerberus_final) by extension 'ignore'
[0.397s] Level 1:colcon.colcon_core.package_identification:_identify(src/cerberus_final) by extension 'ignore_ament_install'
[0.397s] Level 1:colcon.colcon_core.package_identification:_identify(src/cerberus_final) by extensions ['colcon_pkg']
[0.397s] Level 1:colcon.colcon_core.package_identification:_identify(src/cerberus_final) by extension 'colcon_pkg'
[0.397s] Level 1:colcon.colcon_core.package_identification:_identify(src/cerberus_final) by extensions ['colcon_meta']
[0.397s] Level 1:colcon.colcon_core.package_identification:_identify(src/cerberus_final) by extension 'colcon_meta'
[0.397s] Level 1:colcon.colcon_core.package_identification:_identify(src/cerberus_final) by extensions ['ros']
[0.397s] Level 1:colcon.colcon_core.package_identification:_identify(src/cerberus_final) by extension 'ros'
[0.397s] Level 1:colcon.colcon_core.package_identification:_identify(src/cerberus_final) by extensions ['cmake', 'python']
[0.397s] Level 1:colcon.colcon_core.package_identification:_identify(src/cerberus_final) by extension 'cmake'
[0.398s] Level 1:colcon.colcon_core.package_identification:_identify(src/cerberus_final) by extension 'python'
[0.398s] Level 1:colcon.colcon_core.package_identification:_identify(src/cerberus_final) by extensions ['python_setup_py']
[0.398s] Level 1:colcon.colcon_core.package_identification:_identify(src/cerberus_final) by extension 'python_setup_py'
[0.398s] Level 1:colcon.colcon_core.package_identification:_identify(src/cerberus_final/cerberus_bringup) by extensions ['ignore', 'ignore_ament_install']
[0.398s] Level 1:colcon.colcon_core.package_identification:_identify(src/cerberus_final/cerberus_bringup) by extension 'ignore'
[0.398s] Level 1:colcon.colcon_core.package_identification:_identify(src/cerberus_final/cerberus_bringup) by extension 'ignore_ament_install'
[0.398s] Level 1:colcon.colcon_core.package_identification:_identify(src/cerberus_final/cerberus_bringup) by extensions ['colcon_pkg']
[0.398s] Level 1:colcon.colcon_core.package_identification:_identify(src/cerberus_final/cerberus_bringup) by extension 'colcon_pkg'
[0.398s] Level 1:colcon.colcon_core.package_identification:_identify(src/cerberus_final/cerberus_bringup) by extensions ['colcon_meta']
[0.398s] Level 1:colcon.colcon_core.package_identification:_identify(src/cerberus_final/cerberus_bringup) by extension 'colcon_meta'
[0.398s] Level 1:colcon.colcon_core.package_identification:_identify(src/cerberus_final/cerberus_bringup) by extensions ['ros']
[0.398s] Level 1:colcon.colcon_core.package_identification:_identify(src/cerberus_final/cerberus_bringup) by extension 'ros'
[0.401s] DEBUG:colcon.colcon_core.package_identification:Package 'src/cerberus_final/cerberus_bringup' with type 'ros.ament_cmake' and name 'cerberus_bringup'
[0.401s] Level 1:colcon.colcon_core.package_identification:_identify(src/cerberus_final/cerberus_description) by extensions ['ignore', 'ignore_ament_install']
[0.401s] Level 1:colcon.colcon_core.package_identification:_identify(src/cerberus_final/cerberus_description) by extension 'ignore'
[0.401s] Level 1:colcon.colcon_core.package_identification:_identify(src/cerberus_final/cerberus_description) by extension 'ignore_ament_install'
[0.401s] Level 1:colcon.colcon_core.package_identification:_identify(src/cerberus_final/cerberus_description) by extensions ['colcon_pkg']
[0.401s] Level 1:colcon.colcon_core.package_identification:_identify(src/cerberus_final/cerberus_description) by extension 'colcon_pkg'
[0.401s] Level 1:colcon.colcon_core.package_identification:_identify(src/cerberus_final/cerberus_description) by extensions ['colcon_meta']
[0.401s] Level 1:colcon.colcon_core.package_identification:_identify(src/cerberus_final/cerberus_description) by extension 'colcon_meta'
[0.401s] Level 1:colcon.colcon_core.package_identification:_identify(src/cerberus_final/cerberus_description) by extensions ['ros']
[0.401s] Level 1:colcon.colcon_core.package_identification:_identify(src/cerberus_final/cerberus_description) by extension 'ros'
[0.402s] DEBUG:colcon.colcon_core.package_identification:Package 'src/cerberus_final/cerberus_description' with type 'ros.ament_cmake' and name 'cerberus_description'
[0.402s] Level 1:colcon.colcon_core.package_identification:_identify(src/cerberus_final/odrive_hardware_interface) by extensions ['ignore', 'ignore_ament_install']
[0.402s] Level 1:colcon.colcon_core.package_identification:_identify(src/cerberus_final/odrive_hardware_interface) by extension 'ignore'
[0.402s] Level 1:colcon.colcon_core.package_identification:_identify(src/cerberus_final/odrive_hardware_interface) by extension 'ignore_ament_install'
[0.402s] Level 1:colcon.colcon_core.package_identification:_identify(src/cerberus_final/odrive_hardware_interface) by extensions ['colcon_pkg']
[0.402s] Level 1:colcon.colcon_core.package_identification:_identify(src/cerberus_final/odrive_hardware_interface) by extension 'colcon_pkg'
[0.402s] Level 1:colcon.colcon_core.package_identification:_identify(src/cerberus_final/odrive_hardware_interface) by extensions ['colcon_meta']
[0.402s] Level 1:colcon.colcon_core.package_identification:_identify(src/cerberus_final/odrive_hardware_interface) by extension 'colcon_meta'
[0.402s] Level 1:colcon.colcon_core.package_identification:_identify(src/cerberus_final/odrive_hardware_interface) by extensions ['ros']
[0.402s] Level 1:colcon.colcon_core.package_identification:_identify(src/cerberus_final/odrive_hardware_interface) by extension 'ros'
[0.403s] DEBUG:colcon.colcon_core.package_identification:Package 'src/cerberus_final/odrive_hardware_interface' with type 'ros.ament_cmake' and name 'odrive_hardware_interface'
[0.403s] Level 1:colcon.colcon_core.package_discovery:discover_packages(recursive) using defaults
[0.403s] Level 1:colcon.colcon_core.package_discovery:discover_packages(ignore) discover
[0.403s] Level 1:colcon.colcon_core.package_discovery:discover_packages(ignore) using defaults
[0.403s] Level 1:colcon.colcon_core.package_discovery:discover_packages(path) discover
[0.403s] Level 1:colcon.colcon_core.package_discovery:discover_packages(path) using defaults
[0.436s] Level 1:colcon.colcon_core.package_discovery:discover_packages(prefix_path) check parameters
[0.436s] Level 1:colcon.colcon_core.package_discovery:discover_packages(prefix_path) discover
[0.439s] DEBUG:colcon.colcon_installed_package_information.package_discovery:Found 341 installed packages in /opt/ros/humble
[0.441s] Level 1:colcon.colcon_core.package_discovery:discover_packages(prefix_path) using defaults
[0.485s] Level 5:colcon.colcon_core.verb:set package 'cerberus_description' build argument 'cmake_args' from command line to 'None'
[0.485s] Level 5:colcon.colcon_core.verb:set package 'cerberus_description' build argument 'cmake_target' from command line to 'None'
[0.485s] Level 5:colcon.colcon_core.verb:set package 'cerberus_description' build argument 'cmake_target_skip_unavailable' from command line to 'False'
[0.485s] Level 5:colcon.colcon_core.verb:set package 'cerberus_description' build argument 'cmake_clean_cache' from command line to 'False'
[0.485s] Level 5:colcon.colcon_core.verb:set package 'cerberus_description' build argument 'cmake_clean_first' from command line to 'False'
[0.485s] Level 5:colcon.colcon_core.verb:set package 'cerberus_description' build argument 'cmake_force_configure' from command line to 'False'
[0.485s] Level 5:colcon.colcon_core.verb:set package 'cerberus_description' build argument 'ament_cmake_args' from command line to 'None'
[0.485s] Level 5:colcon.colcon_core.verb:set package 'cerberus_description' build argument 'catkin_cmake_args' from command line to 'None'
[0.485s] Level 5:colcon.colcon_core.verb:set package 'cerberus_description' build argument 'catkin_skip_building_tests' from command line to 'False'
[0.485s] DEBUG:colcon.colcon_core.verb:Building package 'cerberus_description' with the following arguments: {'ament_cmake_args': None, 'build_base': '/home/v/cerberus_ws/build/cerberus_description', 'catkin_cmake_args': None, 'catkin_skip_building_tests': False, 'cmake_args': None, 'cmake_clean_cache': False, 'cmake_clean_first': False, 'cmake_force_configure': False, 'cmake_target': None, 'cmake_target_skip_unavailable': False, 'install_base': '/home/v/cerberus_ws/install/cerberus_description', 'merge_install': False, 'path': '/home/v/cerberus_ws/src/cerberus_final/cerberus_description', 'symlink_install': False, 'test_result_base': None}
[0.486s] Level 5:colcon.colcon_core.verb:set package 'odrive_hardware_interface' build argument 'cmake_args' from command line to 'None'
[0.486s] Level 5:colcon.colcon_core.verb:set package 'odrive_hardware_interface' build argument 'cmake_target' from command line to 'None'
[0.486s] Level 5:colcon.colcon_core.verb:set package 'odrive_hardware_interface' build argument 'cmake_target_skip_unavailable' from command line to 'False'
[0.486s] Level 5:colcon.colcon_core.verb:set package 'odrive_hardware_interface' build argument 'cmake_clean_cache' from command line to 'False'
[0.486s] Level 5:colcon.colcon_core.verb:set package 'odrive_hardware_interface' build argument 'cmake_clean_first' from command line to 'False'
[0.486s] Level 5:colcon.colcon_core.verb:set package 'odrive_hardware_interface' build argument 'cmake_force_configure' from command line to 'False'
[0.486s] Level 5:colcon.colcon_core.verb:set package 'odrive_hardware_interface' build argument 'ament_cmake_args' from command line to 'None'
[0.486s] Level 5:colcon.colcon_core.verb:set package 'odrive_hardware_interface' build argument 'catkin_cmake_args' from command line to 'None'
[0.486s] Level 5:colcon.colcon_core.verb:set package 'odrive_hardware_interface' build argument 'catkin_skip_building_tests' from command line to 'False'
[0.486s] DEBUG:colcon.colcon_core.verb:Building package 'odrive_hardware_interface' with the following arguments: {'ament_cmake_args': None, 'build_base': '/home/v/cerberus_ws/build/odrive_hardware_interface', 'catkin_cmake_args': None, 'catkin_skip_building_tests': False, 'cmake_args': None, 'cmake_clean_cache': False, 'cmake_clean_first': False, 'cmake_force_configure': False, 'cmake_target': None, 'cmake_target_skip_unavailable': False, 'install_base': '/home/v/cerberus_ws/install/odrive_hardware_interface', 'merge_install': False, 'path': '/home/v/cerberus_ws/src/cerberus_final/odrive_hardware_interface', 'symlink_install': False, 'test_result_base': None}
[0.486s] Level 5:colcon.colcon_core.verb:set package 'cerberus_bringup' build argument 'cmake_args' from command line to 'None'
[0.486s] Level 5:colcon.colcon_core.verb:set package 'cerberus_bringup' build argument 'cmake_target' from command line to 'None'
[0.486s] Level 5:colcon.colcon_core.verb:set package 'cerberus_bringup' build argument 'cmake_target_skip_unavailable' from command line to 'False'
[0.486s] Level 5:colcon.colcon_core.verb:set package 'cerberus_bringup' build argument 'cmake_clean_cache' from command line to 'False'
[0.486s] Level 5:colcon.colcon_core.verb:set package 'cerberus_bringup' build argument 'cmake_clean_first' from command line to 'False'
[0.486s] Level 5:colcon.colcon_core.verb:set package 'cerberus_bringup' build argument 'cmake_force_configure' from command line to 'False'
[0.486s] Level 5:colcon.colcon_core.verb:set package 'cerberus_bringup' build argument 'ament_cmake_args' from command line to 'None'
[0.486s] Level 5:colcon.colcon_core.verb:set package 'cerberus_bringup' build argument 'catkin_cmake_args' from command line to 'None'
[0.486s] Level 5:colcon.colcon_core.verb:set package 'cerberus_bringup' build argument 'catkin_skip_building_tests' from command line to 'False'
[0.486s] DEBUG:colcon.colcon_core.verb:Building package 'cerberus_bringup' with the following arguments: {'ament_cmake_args': None, 'build_base': '/home/v/cerberus_ws/build/cerberus_bringup', 'catkin_cmake_args': None, 'catkin_skip_building_tests': False, 'cmake_args': None, 'cmake_clean_cache': False, 'cmake_clean_first': False, 'cmake_force_configure': False, 'cmake_target': None, 'cmake_target_skip_unavailable': False, 'install_base': '/home/v/cerberus_ws/install/cerberus_bringup', 'merge_install': False, 'path': '/home/v/cerberus_ws/src/cerberus_final/cerberus_bringup', 'symlink_install': False, 'test_result_base': None}
[0.487s] INFO:colcon.colcon_core.executor:Executing jobs using 'parallel' executor
[0.488s] DEBUG:colcon.colcon_parallel_executor.executor.parallel:run_until_complete
[0.488s] INFO:colcon.colcon_ros.task.ament_cmake.build:Building ROS package in '/home/v/cerberus_ws/src/cerberus_final/cerberus_description' with build type 'ament_cmake'
[0.488s] INFO:colcon.colcon_cmake.task.cmake.build:Building CMake package in '/home/v/cerberus_ws/src/cerberus_final/cerberus_description'
[0.491s] INFO:colcon.colcon_core.plugin_system:Skipping extension 'colcon_core.shell.bat': Not used on non-Windows systems
[0.491s] INFO:colcon.colcon_core.shell:Skip shell extension 'powershell' for command environment: Not usable outside of PowerShell
[0.491s] DEBUG:colcon.colcon_core.shell:Skip shell extension 'dsv' for command environment
[0.495s] INFO:colcon.colcon_ros.task.ament_cmake.build:Building ROS package in '/home/v/cerberus_ws/src/cerberus_final/odrive_hardware_interface' with build type 'ament_cmake'
[0.495s] INFO:colcon.colcon_cmake.task.cmake.build:Building CMake package in '/home/v/cerberus_ws/src/cerberus_final/odrive_hardware_interface'
[0.495s] INFO:colcon.colcon_core.shell:Skip shell extension 'powershell' for command environment: Not usable outside of PowerShell
[0.495s] DEBUG:colcon.colcon_core.shell:Skip shell extension 'dsv' for command environment
[0.503s] DEBUG:colcon.colcon_core.event_handler.log_command:Invoking command in '/home/v/cerberus_ws/build/cerberus_description': CMAKE_PREFIX_PATH=/opt/ros/humble /usr/bin/cmake --build /home/v/cerberus_ws/build/cerberus_description -- -j12 -l12
[0.508s] DEBUG:colcon.colcon_core.event_handler.log_command:Invoking command in '/home/v/cerberus_ws/build/odrive_hardware_interface': CMAKE_PREFIX_PATH=/opt/ros/humble /usr/bin/cmake --build /home/v/cerberus_ws/build/odrive_hardware_interface -- -j12 -l12
[0.523s] DEBUG:colcon.colcon_core.event_handler.log_command:Invoked command in '/home/v/cerberus_ws/build/cerberus_description' returned '0': CMAKE_PREFIX_PATH=/opt/ros/humble /usr/bin/cmake --build /home/v/cerberus_ws/build/cerberus_description -- -j12 -l12
[0.529s] DEBUG:colcon.colcon_core.event_handler.log_command:Invoking command in '/home/v/cerberus_ws/build/cerberus_description': CMAKE_PREFIX_PATH=/opt/ros/humble /usr/bin/cmake --install /home/v/cerberus_ws/build/cerberus_description
[0.534s] Level 1:colcon.colcon_core.environment:create_environment_scripts_only(cerberus_description)
[0.535s] DEBUG:colcon.colcon_core.event_handler.log_command:Invoked command in '/home/v/cerberus_ws/build/cerberus_description' returned '0': CMAKE_PREFIX_PATH=/opt/ros/humble /usr/bin/cmake --install /home/v/cerberus_ws/build/cerberus_description
[0.538s] Level 1:colcon.colcon_core.environment:checking '/home/v/cerberus_ws/install/cerberus_description' for CMake module files
[0.538s] Level 1:colcon.colcon_core.environment:checking '/home/v/cerberus_ws/install/cerberus_description' for CMake config files
[0.539s] Level 1:colcon.colcon_core.shell:create_environment_hook('cerberus_description', 'cmake_prefix_path')
[0.539s] INFO:colcon.colcon_core.shell:Creating environment hook '/home/v/cerberus_ws/install/cerberus_description/share/cerberus_description/hook/cmake_prefix_path.ps1'
[0.540s] INFO:colcon.colcon_core.shell:Creating environment descriptor '/home/v/cerberus_ws/install/cerberus_description/share/cerberus_description/hook/cmake_prefix_path.dsv'
[0.540s] INFO:colcon.colcon_core.shell:Creating environment hook '/home/v/cerberus_ws/install/cerberus_description/share/cerberus_description/hook/cmake_prefix_path.sh'
[0.541s] Level 1:colcon.colcon_core.environment:checking '/home/v/cerberus_ws/install/cerberus_description/bin'
[0.541s] Level 1:colcon.colcon_core.environment:checking '/home/v/cerberus_ws/install/cerberus_description/lib/pkgconfig/cerberus_description.pc'
[0.541s] Level 1:colcon.colcon_core.environment:checking '/home/v/cerberus_ws/install/cerberus_description/lib/python3.10/site-packages'
[0.542s] Level 1:colcon.colcon_core.environment:checking '/home/v/cerberus_ws/install/cerberus_description/bin'
[0.542s] INFO:colcon.colcon_core.shell:Creating package script '/home/v/cerberus_ws/install/cerberus_description/share/cerberus_description/package.ps1'
[0.543s] INFO:colcon.colcon_core.shell:Creating package descriptor '/home/v/cerberus_ws/install/cerberus_description/share/cerberus_description/package.dsv'
[0.543s] INFO:colcon.colcon_core.shell:Creating package script '/home/v/cerberus_ws/install/cerberus_description/share/cerberus_description/package.sh'
[0.544s] INFO:colcon.colcon_core.shell:Creating package script '/home/v/cerberus_ws/install/cerberus_description/share/cerberus_description/package.bash'
[0.545s] INFO:colcon.colcon_core.shell:Creating package script '/home/v/cerberus_ws/install/cerberus_description/share/cerberus_description/package.zsh'
[0.546s] Level 1:colcon.colcon_core.environment:create_file_with_runtime_dependencies(/home/v/cerberus_ws/install/cerberus_description/share/colcon-core/packages/cerberus_description)
[0.547s] Level 1:colcon.colcon_core.environment:create_environment_scripts_only(cerberus_description)
[0.547s] Level 1:colcon.colcon_core.environment:checking '/home/v/cerberus_ws/install/cerberus_description' for CMake module files
[0.548s] Level 1:colcon.colcon_core.environment:checking '/home/v/cerberus_ws/install/cerberus_description' for CMake config files
[0.548s] Level 1:colcon.colcon_core.shell:create_environment_hook('cerberus_description', 'cmake_prefix_path')
[0.548s] INFO:colcon.colcon_core.shell:Creating environment hook '/home/v/cerberus_ws/install/cerberus_description/share/cerberus_description/hook/cmake_prefix_path.ps1'
[0.549s] INFO:colcon.colcon_core.shell:Creating environment descriptor '/home/v/cerberus_ws/install/cerberus_description/share/cerberus_description/hook/cmake_prefix_path.dsv'
[0.549s] INFO:colcon.colcon_core.shell:Creating environment hook '/home/v/cerberus_ws/install/cerberus_description/share/cerberus_description/hook/cmake_prefix_path.sh'
[0.549s] Level 1:colcon.colcon_core.environment:checking '/home/v/cerberus_ws/install/cerberus_description/bin'
[0.550s] Level 1:colcon.colcon_core.environment:checking '/home/v/cerberus_ws/install/cerberus_description/lib/pkgconfig/cerberus_description.pc'
[0.550s] Level 1:colcon.colcon_core.environment:checking '/home/v/cerberus_ws/install/cerberus_description/lib/python3.10/site-packages'
[0.550s] Level 1:colcon.colcon_core.environment:checking '/home/v/cerberus_ws/install/cerberus_description/bin'
[0.550s] INFO:colcon.colcon_core.shell:Creating package script '/home/v/cerberus_ws/install/cerberus_description/share/cerberus_description/package.ps1'
[0.551s] INFO:colcon.colcon_core.shell:Creating package descriptor '/home/v/cerberus_ws/install/cerberus_description/share/cerberus_description/package.dsv'
[0.551s] INFO:colcon.colcon_core.shell:Creating package script '/home/v/cerberus_ws/install/cerberus_description/share/cerberus_description/package.sh'
[0.552s] INFO:colcon.colcon_core.shell:Creating package script '/home/v/cerberus_ws/install/cerberus_description/share/cerberus_description/package.bash'
[0.552s] INFO:colcon.colcon_core.shell:Creating package script '/home/v/cerberus_ws/install/cerberus_description/share/cerberus_description/package.zsh'
[0.552s] Level 1:colcon.colcon_core.environment:create_file_with_runtime_dependencies(/home/v/cerberus_ws/install/cerberus_description/share/colcon-core/packages/cerberus_description)
[0.553s] INFO:colcon.colcon_ros.task.ament_cmake.build:Building ROS package in '/home/v/cerberus_ws/src/cerberus_final/cerberus_bringup' with build type 'ament_cmake'
[0.553s] INFO:colcon.colcon_cmake.task.cmake.build:Building CMake package in '/home/v/cerberus_ws/src/cerberus_final/cerberus_bringup'
[0.553s] INFO:colcon.colcon_core.shell:Skip shell extension 'powershell' for command environment: Not usable outside of PowerShell
[0.553s] DEBUG:colcon.colcon_core.shell:Skip shell extension 'dsv' for command environment
[0.562s] DEBUG:colcon.colcon_core.event_handler.log_command:Invoking command in '/home/v/cerberus_ws/build/cerberus_bringup': AMENT_PREFIX_PATH=/home/v/cerberus_ws/install/cerberus_description:${AMENT_PREFIX_PATH} CMAKE_PREFIX_PATH=/home/v/cerberus_ws/install/cerberus_description:/opt/ros/humble /usr/bin/cmake --build /home/v/cerberus_ws/build/cerberus_bringup -- -j12 -l12
[0.574s] DEBUG:colcon.colcon_core.event_handler.log_command:Invoked command in '/home/v/cerberus_ws/build/odrive_hardware_interface' returned '0': CMAKE_PREFIX_PATH=/opt/ros/humble /usr/bin/cmake --build /home/v/cerberus_ws/build/odrive_hardware_interface -- -j12 -l12
[0.575s] DEBUG:colcon.colcon_core.event_handler.log_command:Invoking command in '/home/v/cerberus_ws/build/odrive_hardware_interface': CMAKE_PREFIX_PATH=/opt/ros/humble /usr/bin/cmake --install /home/v/cerberus_ws/build/odrive_hardware_interface
[0.582s] DEBUG:colcon.colcon_core.event_handler.log_command:Invoked command in '/home/v/cerberus_ws/build/cerberus_bringup' returned '0': AMENT_PREFIX_PATH=/home/v/cerberus_ws/install/cerberus_description:${AMENT_PREFIX_PATH} CMAKE_PREFIX_PATH=/home/v/cerberus_ws/install/cerberus_description:/opt/ros/humble /usr/bin/cmake --build /home/v/cerberus_ws/build/cerberus_bringup -- -j12 -l12
[0.584s] DEBUG:colcon.colcon_core.event_handler.log_command:Invoking command in '/home/v/cerberus_ws/build/cerberus_bringup': AMENT_PREFIX_PATH=/home/v/cerberus_ws/install/cerberus_description:${AMENT_PREFIX_PATH} CMAKE_PREFIX_PATH=/home/v/cerberus_ws/install/cerberus_description:/opt/ros/humble /usr/bin/cmake --install /home/v/cerberus_ws/build/cerberus_bringup
[0.585s] Level 1:colcon.colcon_core.environment:create_environment_scripts_only(odrive_hardware_interface)
[0.585s] Level 1:colcon.colcon_core.environment:checking '/home/v/cerberus_ws/install/odrive_hardware_interface' for CMake module files
[0.586s] DEBUG:colcon.colcon_core.event_handler.log_command:Invoked command in '/home/v/cerberus_ws/build/odrive_hardware_interface' returned '0': CMAKE_PREFIX_PATH=/opt/ros/humble /usr/bin/cmake --install /home/v/cerberus_ws/build/odrive_hardware_interface
[0.586s] Level 1:colcon.colcon_core.environment:checking '/home/v/cerberus_ws/install/odrive_hardware_interface' for CMake config files
[0.587s] Level 1:colcon.colcon_core.shell:create_environment_hook('odrive_hardware_interface', 'cmake_prefix_path')
[0.588s] INFO:colcon.colcon_core.shell:Creating environment hook '/home/v/cerberus_ws/install/odrive_hardware_interface/share/odrive_hardware_interface/hook/cmake_prefix_path.ps1'
[0.588s] INFO:colcon.colcon_core.shell:Creating environment descriptor '/home/v/cerberus_ws/install/odrive_hardware_interface/share/odrive_hardware_interface/hook/cmake_prefix_path.dsv'
[0.589s] INFO:colcon.colcon_core.shell:Creating environment hook '/home/v/cerberus_ws/install/odrive_hardware_interface/share/odrive_hardware_interface/hook/cmake_prefix_path.sh'
[0.591s] Level 1:colcon.colcon_core.environment:checking '/home/v/cerberus_ws/install/odrive_hardware_interface/lib'
[0.591s] Level 1:colcon.colcon_core.shell:create_environment_hook('odrive_hardware_interface', 'ld_library_path_lib')
[0.591s] INFO:colcon.colcon_core.shell:Creating environment hook '/home/v/cerberus_ws/install/odrive_hardware_interface/share/odrive_hardware_interface/hook/ld_library_path_lib.ps1'
[0.592s] INFO:colcon.colcon_core.shell:Creating environment descriptor '/home/v/cerberus_ws/install/odrive_hardware_interface/share/odrive_hardware_interface/hook/ld_library_path_lib.dsv'
[0.592s] INFO:colcon.colcon_core.shell:Creating environment hook '/home/v/cerberus_ws/install/odrive_hardware_interface/share/odrive_hardware_interface/hook/ld_library_path_lib.sh'
[0.593s] Level 1:colcon.colcon_core.environment:checking '/home/v/cerberus_ws/install/odrive_hardware_interface/bin'
[0.593s] Level 1:colcon.colcon_core.environment:checking '/home/v/cerberus_ws/install/odrive_hardware_interface/lib/pkgconfig/odrive_hardware_interface.pc'
[0.593s] Level 1:colcon.colcon_core.environment:checking '/home/v/cerberus_ws/install/odrive_hardware_interface/lib/python3.10/site-packages'
[0.593s] Level 1:colcon.colcon_core.environment:checking '/home/v/cerberus_ws/install/odrive_hardware_interface/bin'
[0.593s] INFO:colcon.colcon_core.shell:Creating package script '/home/v/cerberus_ws/install/odrive_hardware_interface/share/odrive_hardware_interface/package.ps1'
[0.594s] INFO:colcon.colcon_core.shell:Creating package descriptor '/home/v/cerberus_ws/install/odrive_hardware_interface/share/odrive_hardware_interface/package.dsv'
[0.594s] INFO:colcon.colcon_core.shell:Creating package script '/home/v/cerberus_ws/install/odrive_hardware_interface/share/odrive_hardware_interface/package.sh'
[0.595s] INFO:colcon.colcon_core.shell:Creating package script '/home/v/cerberus_ws/install/odrive_hardware_interface/share/odrive_hardware_interface/package.bash'
[0.595s] INFO:colcon.colcon_core.shell:Creating package script '/home/v/cerberus_ws/install/odrive_hardware_interface/share/odrive_hardware_interface/package.zsh'
[0.595s] Level 1:colcon.colcon_core.environment:create_file_with_runtime_dependencies(/home/v/cerberus_ws/install/odrive_hardware_interface/share/colcon-core/packages/odrive_hardware_interface)
[0.596s] Level 1:colcon.colcon_core.environment:create_environment_scripts_only(odrive_hardware_interface)
[0.596s] Level 1:colcon.colcon_core.environment:checking '/home/v/cerberus_ws/install/odrive_hardware_interface' for CMake module files
[0.597s] Level 1:colcon.colcon_core.environment:checking '/home/v/cerberus_ws/install/odrive_hardware_interface' for CMake config files
[0.597s] Level 1:colcon.colcon_core.shell:create_environment_hook('odrive_hardware_interface', 'cmake_prefix_path')
[0.597s] INFO:colcon.colcon_core.shell:Creating environment hook '/home/v/cerberus_ws/install/odrive_hardware_interface/share/odrive_hardware_interface/hook/cmake_prefix_path.ps1'
[0.598s] INFO:colcon.colcon_core.shell:Creating environment descriptor '/home/v/cerberus_ws/install/odrive_hardware_interface/share/odrive_hardware_interface/hook/cmake_prefix_path.dsv'
[0.598s] INFO:colcon.colcon_core.shell:Creating environment hook '/home/v/cerberus_ws/install/odrive_hardware_interface/share/odrive_hardware_interface/hook/cmake_prefix_path.sh'
[0.599s] Level 1:colcon.colcon_core.environment:checking '/home/v/cerberus_ws/install/odrive_hardware_interface/lib'
[0.599s] Level 1:colcon.colcon_core.shell:create_environment_hook('odrive_hardware_interface', 'ld_library_path_lib')
[0.599s] INFO:colcon.colcon_core.shell:Creating environment hook '/home/v/cerberus_ws/install/odrive_hardware_interface/share/odrive_hardware_interface/hook/ld_library_path_lib.ps1'
[0.599s] INFO:colcon.colcon_core.shell:Creating environment descriptor '/home/v/cerberus_ws/install/odrive_hardware_interface/share/odrive_hardware_interface/hook/ld_library_path_lib.dsv'
[0.600s] INFO:colcon.colcon_core.shell:Creating environment hook '/home/v/cerberus_ws/install/odrive_hardware_interface/share/odrive_hardware_interface/hook/ld_library_path_lib.sh'
[0.600s] Level 1:colcon.colcon_core.environment:checking '/home/v/cerberus_ws/install/odrive_hardware_interface/bin'
[0.600s] Level 1:colcon.colcon_core.environment:checking '/home/v/cerberus_ws/install/odrive_hardware_interface/lib/pkgconfig/odrive_hardware_interface.pc'
[0.600s] Level 1:colcon.colcon_core.environment:checking '/home/v/cerberus_ws/install/odrive_hardware_interface/lib/python3.10/site-packages'
[0.600s] Level 1:colcon.colcon_core.environment:checking '/home/v/cerberus_ws/install/odrive_hardware_interface/bin'
[0.601s] INFO:colcon.colcon_core.shell:Creating package script '/home/v/cerberus_ws/install/odrive_hardware_interface/share/odrive_hardware_interface/package.ps1'
[0.601s] INFO:colcon.colcon_core.shell:Creating package descriptor '/home/v/cerberus_ws/install/odrive_hardware_interface/share/odrive_hardware_interface/package.dsv'
[0.602s] INFO:colcon.colcon_core.shell:Creating package script '/home/v/cerberus_ws/install/odrive_hardware_interface/share/odrive_hardware_interface/package.sh'
[0.602s] INFO:colcon.colcon_core.shell:Creating package script '/home/v/cerberus_ws/install/odrive_hardware_interface/share/odrive_hardware_interface/package.bash'
[0.603s] INFO:colcon.colcon_core.shell:Creating package script '/home/v/cerberus_ws/install/odrive_hardware_interface/share/odrive_hardware_interface/package.zsh'
[0.603s] Level 1:colcon.colcon_core.environment:create_file_with_runtime_dependencies(/home/v/cerberus_ws/install/odrive_hardware_interface/share/colcon-core/packages/odrive_hardware_interface)
[0.604s] Level 1:colcon.colcon_core.environment:create_environment_scripts_only(cerberus_bringup)
[0.604s] Level 1:colcon.colcon_core.environment:checking '/home/v/cerberus_ws/install/cerberus_bringup' for CMake module files
[0.605s] DEBUG:colcon.colcon_core.event_handler.log_command:Invoked command in '/home/v/cerberus_ws/build/cerberus_bringup' returned '0': AMENT_PREFIX_PATH=/home/v/cerberus_ws/install/cerberus_description:${AMENT_PREFIX_PATH} CMAKE_PREFIX_PATH=/home/v/cerberus_ws/install/cerberus_description:/opt/ros/humble /usr/bin/cmake --install /home/v/cerberus_ws/build/cerberus_bringup
[0.605s] Level 1:colcon.colcon_core.environment:checking '/home/v/cerberus_ws/install/cerberus_bringup' for CMake config files
[0.606s] Level 1:colcon.colcon_core.shell:create_environment_hook('cerberus_bringup', 'cmake_prefix_path')
[0.606s] INFO:colcon.colcon_core.shell:Creating environment hook '/home/v/cerberus_ws/install/cerberus_bringup/share/cerberus_bringup/hook/cmake_prefix_path.ps1'
[0.607s] INFO:colcon.colcon_core.shell:Creating environment descriptor '/home/v/cerberus_ws/install/cerberus_bringup/share/cerberus_bringup/hook/cmake_prefix_path.dsv'
[0.607s] INFO:colcon.colcon_core.shell:Creating environment hook '/home/v/cerberus_ws/install/cerberus_bringup/share/cerberus_bringup/hook/cmake_prefix_path.sh'
[0.607s] Level 1:colcon.colcon_core.environment:checking '/home/v/cerberus_ws/install/cerberus_bringup/bin'
[0.608s] Level 1:colcon.colcon_core.environment:checking '/home/v/cerberus_ws/install/cerberus_bringup/lib/pkgconfig/cerberus_bringup.pc'
[0.608s] Level 1:colcon.colcon_core.environment:checking '/home/v/cerberus_ws/install/cerberus_bringup/lib/python3.10/site-packages'
[0.608s] Level 1:colcon.colcon_core.environment:checking '/home/v/cerberus_ws/install/cerberus_bringup/bin'
[0.608s] INFO:colcon.colcon_core.shell:Creating package script '/home/v/cerberus_ws/install/cerberus_bringup/share/cerberus_bringup/package.ps1'
[0.609s] INFO:colcon.colcon_core.shell:Creating package descriptor '/home/v/cerberus_ws/install/cerberus_bringup/share/cerberus_bringup/package.dsv'
[0.609s] INFO:colcon.colcon_core.shell:Creating package script '/home/v/cerberus_ws/install/cerberus_bringup/share/cerberus_bringup/package.sh'
[0.609s] INFO:colcon.colcon_core.shell:Creating package script '/home/v/cerberus_ws/install/cerberus_bringup/share/cerberus_bringup/package.bash'
[0.610s] INFO:colcon.colcon_core.shell:Creating package script '/home/v/cerberus_ws/install/cerberus_bringup/share/cerberus_bringup/package.zsh'
[0.610s] Level 1:colcon.colcon_core.environment:create_file_with_runtime_dependencies(/home/v/cerberus_ws/install/cerberus_bringup/share/colcon-core/packages/cerberus_bringup)
[0.611s] Level 1:colcon.colcon_core.environment:create_environment_scripts_only(cerberus_bringup)
[0.611s] Level 1:colcon.colcon_core.environment:checking '/home/v/cerberus_ws/install/cerberus_bringup' for CMake module files
[0.611s] Level 1:colcon.colcon_core.environment:checking '/home/v/cerberus_ws/install/cerberus_bringup' for CMake config files
[0.611s] Level 1:colcon.colcon_core.shell:create_environment_hook('cerberus_bringup', 'cmake_prefix_path')
[0.612s] INFO:colcon.colcon_core.shell:Creating environment hook '/home/v/cerberus_ws/install/cerberus_bringup/share/cerberus_bringup/hook/cmake_prefix_path.ps1'
[0.612s] INFO:colcon.colcon_core.shell:Creating environment descriptor '/home/v/cerberus_ws/install/cerberus_bringup/share/cerberus_bringup/hook/cmake_prefix_path.dsv'
[0.612s] INFO:colcon.colcon_core.shell:Creating environment hook '/home/v/cerberus_ws/install/cerberus_bringup/share/cerberus_bringup/hook/cmake_prefix_path.sh'
[0.613s] Level 1:colcon.colcon_core.environment:checking '/home/v/cerberus_ws/install/cerberus_bringup/bin'
[0.613s] Level 1:colcon.colcon_core.environment:checking '/home/v/cerberus_ws/install/cerberus_bringup/lib/pkgconfig/cerberus_bringup.pc'
[0.613s] Level 1:colcon.colcon_core.environment:checking '/home/v/cerberus_ws/install/cerberus_bringup/lib/python3.10/site-packages'
[0.613s] Level 1:colcon.colcon_core.environment:checking '/home/v/cerberus_ws/install/cerberus_bringup/bin'
[0.614s] INFO:colcon.colcon_core.shell:Creating package script '/home/v/cerberus_ws/install/cerberus_bringup/share/cerberus_bringup/package.ps1'
[0.614s] INFO:colcon.colcon_core.shell:Creating package descriptor '/home/v/cerberus_ws/install/cerberus_bringup/share/cerberus_bringup/package.dsv'
[0.615s] INFO:colcon.colcon_core.shell:Creating package script '/home/v/cerberus_ws/install/cerberus_bringup/share/cerberus_bringup/package.sh'
[0.615s] INFO:colcon.colcon_core.shell:Creating package script '/home/v/cerberus_ws/install/cerberus_bringup/share/cerberus_bringup/package.bash'
[0.615s] INFO:colcon.colcon_core.shell:Creating package script '/home/v/cerberus_ws/install/cerberus_bringup/share/cerberus_bringup/package.zsh'
[0.616s] Level 1:colcon.colcon_core.environment:create_file_with_runtime_dependencies(/home/v/cerberus_ws/install/cerberus_bringup/share/colcon-core/packages/cerberus_bringup)
[0.616s] DEBUG:colcon.colcon_parallel_executor.executor.parallel:closing loop
[0.616s] DEBUG:colcon.colcon_parallel_executor.executor.parallel:loop closed
[0.616s] DEBUG:colcon.colcon_parallel_executor.executor.parallel:run_until_complete finished with '0'
[0.617s] DEBUG:colcon.colcon_core.event_reactor:joining thread
[0.622s] INFO:colcon.colcon_core.plugin_system:Skipping extension 'colcon_notification.desktop_notification.terminal_notifier': Not used on non-Darwin systems
[0.622s] INFO:colcon.colcon_core.plugin_system:Skipping extension 'colcon_notification.desktop_notification.win32': Not used on non-Windows systems
[0.622s] INFO:colcon.colcon_notification.desktop_notification:Sending desktop notification using 'notify2'
[0.636s] DEBUG:colcon.colcon_core.event_reactor:joined thread
[0.636s] INFO:colcon.colcon_core.shell:Creating prefix script '/home/v/cerberus_ws/install/local_setup.ps1'
[0.637s] INFO:colcon.colcon_core.shell:Creating prefix util module '/home/v/cerberus_ws/install/_local_setup_util_ps1.py'
[0.639s] INFO:colcon.colcon_core.shell:Creating prefix chain script '/home/v/cerberus_ws/install/setup.ps1'
[0.640s] INFO:colcon.colcon_core.shell:Creating prefix script '/home/v/cerberus_ws/install/local_setup.sh'
[0.641s] INFO:colcon.colcon_core.shell:Creating prefix util module '/home/v/cerberus_ws/install/_local_setup_util_sh.py'
[0.641s] INFO:colcon.colcon_core.shell:Creating prefix chain script '/home/v/cerberus_ws/install/setup.sh'
[0.643s] INFO:colcon.colcon_core.shell:Creating prefix script '/home/v/cerberus_ws/install/local_setup.bash'
[0.643s] INFO:colcon.colcon_core.shell:Creating prefix chain script '/home/v/cerberus_ws/install/setup.bash'
[0.644s] INFO:colcon.colcon_core.shell:Creating prefix script '/home/v/cerberus_ws/install/local_setup.zsh'
[0.645s] INFO:colcon.colcon_core.shell:Creating prefix chain script '/home/v/cerberus_ws/install/setup.zsh'
