[0.007s] Invoking command in '/home/v/Dev/Github/Cerberus/Control/cerberus_ws/build/cerberus_gazebo': AMENT_PREFIX_PATH=/home/v/Dev/Github/Cerberus/Control/cerberus_ws/install/cerberus_description:${AMENT_PREFIX_PATH} CMAKE_PREFIX_PATH=/home/v/Dev/Github/Cerberus/Control/cerberus_ws/install/cerberus_description:/opt/ros/humble /usr/bin/cmake /home/v/Dev/Github/Cerberus/Control/cerberus_ws/src/cerberus_final/cerberus_gazebo -DCMAKE_INSTALL_PREFIX=/home/v/Dev/Github/Cerberus/Control/cerberus_ws/install/cerberus_gazebo
[0.016s] -- Found ament_cmake: 1.3.11 (/opt/ros/humble/share/ament_cmake/cmake)
[0.077s] -- Override CMake install command with custom implementation using symlinks instead of copying resources
[0.082s] -- Found cerberus_description: 0.1.0 (/home/v/Dev/Github/Cerberus/Control/cerberus_ws/install/cerberus_description/share/cerberus_description/cmake)
[0.089s] -- Looking for ignition-plugin1 -- found version 1.4.0
[0.090s] -- Searching for dependencies of ignition-plugin1
[0.090s] -- Searching for <ignition-plugin1> component [register]
[0.091s] -- Looking for ignition-plugin1-register -- found version 1.4.0
[0.091s] -- Searching for dependencies of ignition-plugin1-register
[0.093s] -- Looking for ignition-common4 -- found version 4.7.0
[0.093s] -- Searching for dependencies of ignition-common4
[0.094s] -- Looking for dlfcn.h - found
[0.094s] -- Looking for libdl - found
[0.098s] -- Checking for module 'uuid'
[0.109s] --   Found uuid, version 2.37.2
[0.135s] -- Searching for <ignition-common4> component [profiler]
[0.135s] -- Looking for ignition-common4-profiler -- found version 4.7.0
[0.135s] -- Searching for dependencies of ignition-common4-profiler
[0.137s] -- Looking for ignition-gazebo6 -- found version 6.16.0
[0.137s] -- Searching for dependencies of ignition-gazebo6
[0.138s] -- Looking for sdformat12 -- found version 12.7.2
[0.138s] -- Searching for dependencies of sdformat12
[0.142s] -- Checking for module 'tinyxml2'
[0.151s] --   Found tinyxml2, version 9.0.0
[0.169s] -- Looking for ignition-math6 -- found version 6.15.1
[0.169s] -- Searching for dependencies of ignition-math6
[0.170s] -- Looking for ignition-utils1 -- found version 1.5.1
[0.170s] -- Searching for dependencies of ignition-utils1
[0.172s] -- Looking for ignition-plugin1 -- found version 1.4.0
[0.173s] -- Searching for dependencies of ignition-plugin1
[0.173s] -- Searching for <ignition-plugin1> component [loader]
[0.173s] -- Looking for ignition-plugin1-loader -- found version 1.4.0
[0.174s] -- Searching for dependencies of ignition-plugin1-loader
[0.175s] -- Searching for <ignition-plugin1> component [register]
[0.176s] -- Looking for ignition-transport11 -- found version 11.4.1
[0.176s] -- Searching for dependencies of ignition-transport11
[0.210s] -- Config-file not installed for ZeroMQ -- checking for pkg-config
[0.214s] -- Checking for module 'libzmq >= 4'
[0.225s] --   Found libzmq , version 4.3.4
[0.270s] -- Looking for ignition-utils1 -- found version 1.5.1
[0.270s] -- Searching for dependencies of ignition-utils1
[0.270s] -- Searching for <ignition-utils1> component [cli]
[0.270s] -- Looking for ignition-utils1-cli -- found version 1.5.1
[0.271s] -- Searching for dependencies of ignition-utils1-cli
[0.272s] -- Looking for ignition-msgs8 -- found version 8.7.0
[0.272s] -- Searching for dependencies of ignition-msgs8
[0.289s] -- Found Protobuf: /usr/lib/x86_64-linux-gnu/libprotobuf.so (found suitable version "3.12.4", minimum required is "3") 
[0.289s] -- Looking for ignition-math6 -- found version 6.15.1
[0.297s] -- Searching for <ignition-transport11> component [log]
[0.297s] -- Looking for ignition-transport11-log -- found version 11.4.1
[0.298s] -- Searching for dependencies of ignition-transport11-log
[0.298s] -- Searching for <ignition-transport11> component [parameters]
[0.299s] -- Looking for ignition-transport11-parameters -- found version 11.4.1
[0.299s] -- Searching for dependencies of ignition-transport11-parameters
[0.300s] -- Looking for ignition-msgs8 -- found version 8.7.0
[0.300s] -- Looking for ignition-common4 -- found version 4.7.0
[0.301s] -- Searching for dependencies of ignition-common4
[0.301s] -- Looking for dlfcn.h - found
[0.301s] -- Looking for libdl - found
[0.309s] -- Searching for <ignition-common4> component [profiler]
[0.309s] -- Searching for <ignition-common4> component [events]
[0.310s] -- Looking for ignition-common4-events -- found version 4.7.0
[0.310s] -- Searching for dependencies of ignition-common4-events
[0.311s] -- Looking for ignition-math6 -- found version 6.15.1
[0.311s] -- Searching for <ignition-common4> component [av]
[0.312s] -- Looking for ignition-common4-av -- found version 4.7.0
[0.312s] -- Searching for dependencies of ignition-common4-av
[0.316s] -- Checking for module 'libswscale'
[0.327s] --   Found libswscale, version 5.9.100
[0.355s] -- Checking for module 'libavdevice >= 56.4.100'
[0.366s] --   Found libavdevice , version 58.13.100
[0.397s] -- Checking for module 'libavformat'
[0.405s] --   Found libavformat, version 58.76.100
[0.436s] -- Checking for module 'libavcodec'
[0.446s] --   Found libavcodec, version 58.134.100
[0.477s] -- Checking for module 'libavutil'
[0.488s] --   Found libavutil, version 56.70.100
[0.512s] -- Looking for ignition-fuel_tools7 -- found version 7.3.0
[0.513s] -- Searching for dependencies of ignition-fuel_tools7
[0.546s] -- Checking for module 'jsoncpp'
[0.555s] --   Found jsoncpp, version 1.9.5
[0.584s] -- Checking for module 'libzip'
[0.595s] --   Found libzip, version 1.7.3
[0.623s] -- Looking for ignition-common4 -- found version 4.7.0
[0.623s] -- Looking for ignition-math6 -- found version 6.15.1
[0.624s] -- Looking for ignition-msgs8 -- found version 8.7.0
[0.625s] -- Looking for ignition-gui6 -- found version 6.8.0
[0.625s] -- Searching for dependencies of ignition-gui6
[0.649s] -- Looking for ignition-math6 -- found version 6.15.1
[0.649s] -- Looking for ignition-common4 -- found version 4.7.0
[0.650s] -- Looking for ignition-plugin1 -- found version 1.4.0
[0.650s] -- Looking for ignition-transport11 -- found version 11.4.1
[0.650s] -- Looking for ignition-rendering6 -- found version 6.6.3
[0.651s] -- Searching for dependencies of ignition-rendering6
[0.651s] -- Looking for ignition-math6 -- found version 6.15.1
[0.651s] -- Searching for dependencies of ignition-math6
[0.651s] -- Searching for <ignition-math6> component [eigen3]
[0.652s] -- Looking for ignition-math6-eigen3 -- found version 6.15.1
[0.652s] -- Searching for dependencies of ignition-math6-eigen3
[0.654s] -- Looking for ignition-common4 -- found version 4.7.0
[0.654s] -- Searching for dependencies of ignition-common4
[0.654s] -- Looking for dlfcn.h - found
[0.655s] -- Looking for libdl - found
[0.661s] -- Searching for <ignition-common4> component [graphics]
[0.662s] -- Looking for ignition-common4-graphics -- found version 4.7.0
[0.662s] -- Searching for dependencies of ignition-common4-graphics
[0.662s] -- Looking for ignition-math6 -- found version 6.15.1
[0.662s] -- Looking for ignition-utils1 -- found version 1.5.1
[0.663s] -- Searching for <ignition-common4> component [events]
[0.664s] -- Looking for ignition-plugin1 -- found version 1.4.0
[0.664s] -- Searching for dependencies of ignition-plugin1
[0.664s] -- Searching for <ignition-plugin1> component [all]
[0.664s] -- Looking for all libraries of ignition-plugin1 -- found version 1.4.0
[0.665s] -- Looking for ignition-plugin1 -- found version 1.4.0
[0.667s] -- Looking for ignition-msgs8 -- found version 8.7.0
[0.682s] -- Looking for ignition-physics5 -- found version 5.3.2
[0.683s] -- Searching for dependencies of ignition-physics5
[0.683s] -- Looking for ignition-math6 -- found version 6.15.1
[0.683s] -- Looking for ignition-plugin1 -- found version 1.4.0
[0.684s] -- Looking for ignition-utils1 -- found version 1.5.1
[0.685s] -- Searching for <ignition-physics5> component [heightmap]
[0.685s] -- Looking for ignition-physics5-heightmap -- found version 5.3.2
[0.685s] -- Searching for dependencies of ignition-physics5-heightmap
[0.686s] -- Looking for ignition-common4 -- found version 4.7.0
[0.686s] -- Searching for <ignition-physics5> component [mesh]
[0.686s] -- Looking for ignition-physics5-mesh -- found version 5.3.2
[0.687s] -- Searching for dependencies of ignition-physics5-mesh
[0.687s] -- Looking for ignition-common4 -- found version 4.7.0
[0.687s] -- Searching for <ignition-physics5> component [sdf]
[0.688s] -- Looking for ignition-physics5-sdf -- found version 5.3.2
[0.688s] -- Searching for dependencies of ignition-physics5-sdf
[0.688s] -- Looking for sdformat12 -- found version 12.7.2
[0.689s] -- Looking for ignition-sensors6 -- found version 6.8.0
[0.690s] -- Searching for dependencies of ignition-sensors6
[0.707s] -- Found Protobuf: /usr/lib/x86_64-linux-gnu/libprotobuf.so (found version "3.12.4") 
[0.707s] -- Looking for ignition-math6 -- found version 6.15.1
[0.707s] -- Looking for ignition-common4 -- found version 4.7.0
[0.708s] -- Looking for ignition-transport11 -- found version 11.4.1
[0.708s] -- Looking for ignition-rendering6 -- found version 6.6.3
[0.708s] -- Looking for ignition-msgs8 -- found version 8.7.0
[0.709s] -- Looking for sdformat12 -- found version 12.7.2
[0.710s] -- Searching for <ignition-sensors6> component [air_pressure]
[0.710s] -- Looking for ignition-sensors6-air_pressure -- found version 6.8.0
[0.710s] -- Searching for dependencies of ignition-sensors6-air_pressure
[0.711s] -- Searching for <ignition-sensors6> component [altimeter]
[0.711s] -- Looking for ignition-sensors6-altimeter -- found version 6.8.0
[0.711s] -- Searching for dependencies of ignition-sensors6-altimeter
[0.712s] -- Searching for <ignition-sensors6> component [imu]
[0.712s] -- Looking for ignition-sensors6-imu -- found version 6.8.0
[0.713s] -- Searching for dependencies of ignition-sensors6-imu
[0.713s] -- Searching for <ignition-sensors6> component [force_torque]
[0.714s] -- Looking for ignition-sensors6-force_torque -- found version 6.8.0
[0.714s] -- Searching for dependencies of ignition-sensors6-force_torque
[0.715s] -- Searching for <ignition-sensors6> component [logical_camera]
[0.715s] -- Looking for ignition-sensors6-logical_camera -- found version 6.8.0
[0.716s] -- Searching for dependencies of ignition-sensors6-logical_camera
[0.716s] -- Searching for <ignition-sensors6> component [magnetometer]
[0.717s] -- Looking for ignition-sensors6-magnetometer -- found version 6.8.0
[0.717s] -- Searching for dependencies of ignition-sensors6-magnetometer
[0.717s] -- Searching for <ignition-sensors6> component [navsat]
[0.718s] -- Looking for ignition-sensors6-navsat -- found version 6.8.0
[0.718s] -- Searching for dependencies of ignition-sensors6-navsat
[0.719s] -- Searching for <ignition-sensors6> component [rendering]
[0.719s] -- Looking for ignition-sensors6-rendering -- found version 6.8.0
[0.719s] -- Searching for dependencies of ignition-sensors6-rendering
[0.720s] -- Searching for <ignition-sensors6> component [lidar]
[0.720s] -- Looking for ignition-sensors6-lidar -- found version 6.8.0
[0.721s] -- Searching for dependencies of ignition-sensors6-lidar
[0.721s] -- Looking for ignition-sensors6 -- found version 6.8.0
[0.722s] -- Searching for <ignition-sensors6> component [gpu_lidar]
[0.722s] -- Looking for ignition-sensors6-gpu_lidar -- found version 6.8.0
[0.722s] -- Searching for dependencies of ignition-sensors6-gpu_lidar
[0.723s] -- Looking for ignition-sensors6 -- found version 6.8.0
[0.723s] -- Searching for <ignition-sensors6> component [camera]
[0.724s] -- Looking for ignition-sensors6-camera -- found version 6.8.0
[0.724s] -- Searching for dependencies of ignition-sensors6-camera
[0.724s] -- Looking for ignition-sensors6 -- found version 6.8.0
[0.725s] -- Searching for <ignition-sensors6> component [boundingbox_camera]
[0.725s] -- Looking for ignition-sensors6-boundingbox_camera -- found version 6.8.0
[0.726s] -- Searching for dependencies of ignition-sensors6-boundingbox_camera
[0.726s] -- Searching for <ignition-sensors6> component [segmentation_camera]
[0.727s] -- Looking for ignition-sensors6-segmentation_camera -- found version 6.8.0
[0.728s] -- Searching for dependencies of ignition-sensors6-segmentation_camera
[0.728s] -- Searching for <ignition-sensors6> component [depth_camera]
[0.728s] -- Looking for ignition-sensors6-depth_camera -- found version 6.8.0
[0.729s] -- Searching for dependencies of ignition-sensors6-depth_camera
[0.729s] -- Looking for ignition-sensors6 -- found version 6.8.0
[0.730s] -- Searching for <ignition-sensors6> component [rgbd_camera]
[0.730s] -- Looking for ignition-sensors6-rgbd_camera -- found version 6.8.0
[0.730s] -- Searching for dependencies of ignition-sensors6-rgbd_camera
[0.731s] -- Looking for ignition-sensors6 -- found version 6.8.0
[0.731s] -- Searching for <ignition-sensors6> component [thermal_camera]
[0.732s] -- Looking for ignition-sensors6-thermal_camera -- found version 6.8.0
[0.732s] -- Searching for dependencies of ignition-sensors6-thermal_camera
[0.732s] -- Looking for ignition-sensors6 -- found version 6.8.0
[0.734s] -- Looking for ignition-rendering6 -- found version 6.6.3
[0.734s] -- Looking for ignition-math6 -- found version 6.15.1
[0.735s] -- Looking for ignition-utils1 -- found version 1.5.1
[0.754s] -- Found ament_lint_auto: 0.12.11 (/opt/ros/humble/share/ament_lint_auto/cmake)
[0.800s] -- Configuring done
[0.815s] -- Generating done
[0.819s] -- Build files have been written to: /home/v/Dev/Github/Cerberus/Control/cerberus_ws/build/cerberus_gazebo
[0.825s] Invoked command in '/home/v/Dev/Github/Cerberus/Control/cerberus_ws/build/cerberus_gazebo' returned '0': AMENT_PREFIX_PATH=/home/v/Dev/Github/Cerberus/Control/cerberus_ws/install/cerberus_description:${AMENT_PREFIX_PATH} CMAKE_PREFIX_PATH=/home/v/Dev/Github/Cerberus/Control/cerberus_ws/install/cerberus_description:/opt/ros/humble /usr/bin/cmake /home/v/Dev/Github/Cerberus/Control/cerberus_ws/src/cerberus_final/cerberus_gazebo -DCMAKE_INSTALL_PREFIX=/home/v/Dev/Github/Cerberus/Control/cerberus_ws/install/cerberus_gazebo
[0.826s] Invoking command in '/home/v/Dev/Github/Cerberus/Control/cerberus_ws/build/cerberus_gazebo': AMENT_PREFIX_PATH=/home/v/Dev/Github/Cerberus/Control/cerberus_ws/install/cerberus_description:${AMENT_PREFIX_PATH} CMAKE_PREFIX_PATH=/home/v/Dev/Github/Cerberus/Control/cerberus_ws/install/cerberus_description:/opt/ros/humble /usr/bin/cmake --build /home/v/Dev/Github/Cerberus/Control/cerberus_ws/build/cerberus_gazebo -- -j12 -l12
[0.853s] [100%] Built target FullSystem
[0.853s] [100%] Built target BasicSystem
[0.858s] Invoked command in '/home/v/Dev/Github/Cerberus/Control/cerberus_ws/build/cerberus_gazebo' returned '0': AMENT_PREFIX_PATH=/home/v/Dev/Github/Cerberus/Control/cerberus_ws/install/cerberus_description:${AMENT_PREFIX_PATH} CMAKE_PREFIX_PATH=/home/v/Dev/Github/Cerberus/Control/cerberus_ws/install/cerberus_description:/opt/ros/humble /usr/bin/cmake --build /home/v/Dev/Github/Cerberus/Control/cerberus_ws/build/cerberus_gazebo -- -j12 -l12
[0.859s] Invoking command in '/home/v/Dev/Github/Cerberus/Control/cerberus_ws/build/cerberus_gazebo': AMENT_PREFIX_PATH=/home/v/Dev/Github/Cerberus/Control/cerberus_ws/install/cerberus_description:${AMENT_PREFIX_PATH} CMAKE_PREFIX_PATH=/home/v/Dev/Github/Cerberus/Control/cerberus_ws/install/cerberus_description:/opt/ros/humble /usr/bin/cmake --install /home/v/Dev/Github/Cerberus/Control/cerberus_ws/build/cerberus_gazebo
[0.861s] -- Install configuration: ""
[0.861s] -- Execute custom install script
[0.862s] -- Up-to-date symlink: /home/v/Dev/Github/Cerberus/Control/cerberus_ws/install/cerberus_gazebo/lib/cerberus_gazebo/libBasicSystem.so
[0.862s] -- Up-to-date symlink: /home/v/Dev/Github/Cerberus/Control/cerberus_ws/install/cerberus_gazebo/lib/cerberus_gazebo/libFullSystem.so
[0.862s] -- Up-to-date symlink: /home/v/Dev/Github/Cerberus/Control/cerberus_ws/install/cerberus_gazebo/share/cerberus_gazebo/worlds/cerberus.sdf
[0.862s] -- Up-to-date symlink: /home/v/Dev/Github/Cerberus/Control/cerberus_ws/install/cerberus_gazebo/share/cerberus_gazebo/environment/cerberus_gazebo.dsv
[0.862s] -- Up-to-date symlink: /home/v/Dev/Github/Cerberus/Control/cerberus_ws/install/cerberus_gazebo/share/cerberus_gazebo/environment/cerberus_gazebo.sh
[0.862s] -- Up-to-date symlink: /home/v/Dev/Github/Cerberus/Control/cerberus_ws/install/cerberus_gazebo/share/ament_index/resource_index/package_run_dependencies/cerberus_gazebo
[0.863s] -- Up-to-date symlink: /home/v/Dev/Github/Cerberus/Control/cerberus_ws/install/cerberus_gazebo/share/ament_index/resource_index/parent_prefix_path/cerberus_gazebo
[0.863s] -- Up-to-date symlink: /home/v/Dev/Github/Cerberus/Control/cerberus_ws/install/cerberus_gazebo/share/cerberus_gazebo/environment/ament_prefix_path.sh
[0.863s] -- Up-to-date symlink: /home/v/Dev/Github/Cerberus/Control/cerberus_ws/install/cerberus_gazebo/share/cerberus_gazebo/environment/ament_prefix_path.dsv
[0.863s] -- Up-to-date symlink: /home/v/Dev/Github/Cerberus/Control/cerberus_ws/install/cerberus_gazebo/share/cerberus_gazebo/environment/path.sh
[0.863s] -- Up-to-date symlink: /home/v/Dev/Github/Cerberus/Control/cerberus_ws/install/cerberus_gazebo/share/cerberus_gazebo/environment/path.dsv
[0.863s] -- Up-to-date symlink: /home/v/Dev/Github/Cerberus/Control/cerberus_ws/install/cerberus_gazebo/share/cerberus_gazebo/local_setup.bash
[0.863s] -- Up-to-date symlink: /home/v/Dev/Github/Cerberus/Control/cerberus_ws/install/cerberus_gazebo/share/cerberus_gazebo/local_setup.sh
[0.863s] -- Up-to-date symlink: /home/v/Dev/Github/Cerberus/Control/cerberus_ws/install/cerberus_gazebo/share/cerberus_gazebo/local_setup.zsh
[0.863s] -- Up-to-date symlink: /home/v/Dev/Github/Cerberus/Control/cerberus_ws/install/cerberus_gazebo/share/cerberus_gazebo/local_setup.dsv
[0.864s] -- Symlinking: /home/v/Dev/Github/Cerberus/Control/cerberus_ws/install/cerberus_gazebo/share/cerberus_gazebo/package.dsv
[0.867s] -- Up-to-date symlink: /home/v/Dev/Github/Cerberus/Control/cerberus_ws/install/cerberus_gazebo/share/ament_index/resource_index/packages/cerberus_gazebo
[0.868s] -- Up-to-date symlink: /home/v/Dev/Github/Cerberus/Control/cerberus_ws/install/cerberus_gazebo/share/cerberus_gazebo/cmake/cerberus_gazeboConfig.cmake
[0.868s] -- Up-to-date symlink: /home/v/Dev/Github/Cerberus/Control/cerberus_ws/install/cerberus_gazebo/share/cerberus_gazebo/cmake/cerberus_gazeboConfig-version.cmake
[0.868s] -- Up-to-date symlink: /home/v/Dev/Github/Cerberus/Control/cerberus_ws/install/cerberus_gazebo/share/cerberus_gazebo/package.xml
[0.869s] Invoked command in '/home/v/Dev/Github/Cerberus/Control/cerberus_ws/build/cerberus_gazebo' returned '0': AMENT_PREFIX_PATH=/home/v/Dev/Github/Cerberus/Control/cerberus_ws/install/cerberus_description:${AMENT_PREFIX_PATH} CMAKE_PREFIX_PATH=/home/v/Dev/Github/Cerberus/Control/cerberus_ws/install/cerberus_description:/opt/ros/humble /usr/bin/cmake --install /home/v/Dev/Github/Cerberus/Control/cerberus_ws/build/cerberus_gazebo
