[0.007s] Invoking command in '/home/v/cerberus_ws/build/cerberus_bringup': AMENT_PREFIX_PATH=/home/v/cerberus_ws/install/cerberus_description:${AMENT_PREFIX_PATH} CMAKE_PREFIX_PATH=/home/v/cerberus_ws/install/cerberus_description:/opt/ros/humble /usr/bin/cmake /home/v/cerberus_ws/src/cerberus_final/cerberus_bringup -DCMAKE_INSTALL_PREFIX=/home/v/cerberus_ws/install/cerberus_bringup
[0.047s] -- The C compiler identification is GNU 11.4.0
[0.092s] -- The CXX compiler identification is GNU 11.4.0
[0.099s] -- Detecting C compiler ABI info
[0.148s] -- Detecting C compiler ABI info - done
[0.153s] -- Check for working C compiler: /usr/bin/cc - skipped
[0.153s] -- Detecting C compile features
[0.153s] -- Detecting C compile features - done
[0.156s] -- Detecting CXX compiler ABI info
[0.211s] -- Detecting CXX compiler ABI info - done
[0.216s] -- Check for working CXX compiler: /usr/bin/c++ - skipped
[0.217s] -- Detecting CXX compile features
[0.217s] -- Detecting CXX compile features - done
[0.219s] -- Found ament_cmake_auto: 1.3.11 (/opt/ros/humble/share/ament_cmake_auto/cmake)
[0.306s] -- Found Python3: /usr/bin/python3 (found version "3.10.12") found components: Interpreter 
[0.417s] -- Configuring done
[0.420s] -- Generating done
[0.422s] -- Build files have been written to: /home/v/cerberus_ws/build/cerberus_bringup
[0.425s] Invoked command in '/home/v/cerberus_ws/build/cerberus_bringup' returned '0': AMENT_PREFIX_PATH=/home/v/cerberus_ws/install/cerberus_description:${AMENT_PREFIX_PATH} CMAKE_PREFIX_PATH=/home/v/cerberus_ws/install/cerberus_description:/opt/ros/humble /usr/bin/cmake /home/v/cerberus_ws/src/cerberus_final/cerberus_bringup -DCMAKE_INSTALL_PREFIX=/home/v/cerberus_ws/install/cerberus_bringup
[0.426s] Invoking command in '/home/v/cerberus_ws/build/cerberus_bringup': AMENT_PREFIX_PATH=/home/v/cerberus_ws/install/cerberus_description:${AMENT_PREFIX_PATH} CMAKE_PREFIX_PATH=/home/v/cerberus_ws/install/cerberus_description:/opt/ros/humble /usr/bin/cmake --build /home/v/cerberus_ws/build/cerberus_bringup -- -j12 -l12
[0.442s] Invoked command in '/home/v/cerberus_ws/build/cerberus_bringup' returned '0': AMENT_PREFIX_PATH=/home/v/cerberus_ws/install/cerberus_description:${AMENT_PREFIX_PATH} CMAKE_PREFIX_PATH=/home/v/cerberus_ws/install/cerberus_description:/opt/ros/humble /usr/bin/cmake --build /home/v/cerberus_ws/build/cerberus_bringup -- -j12 -l12
[0.444s] Invoking command in '/home/v/cerberus_ws/build/cerberus_bringup': AMENT_PREFIX_PATH=/home/v/cerberus_ws/install/cerberus_description:${AMENT_PREFIX_PATH} CMAKE_PREFIX_PATH=/home/v/cerberus_ws/install/cerberus_description:/opt/ros/humble /usr/bin/cmake --install /home/v/cerberus_ws/build/cerberus_bringup
[0.446s] -- Install configuration: ""
[0.446s] -- Installing: /home/v/cerberus_ws/install/cerberus_bringup/share/cerberus_bringup/config
[0.446s] -- Installing: /home/v/cerberus_ws/install/cerberus_bringup/share/cerberus_bringup/config/cerberus.yaml
[0.446s] -- Installing: /home/v/cerberus_ws/install/cerberus_bringup/share/cerberus_bringup/launch
[0.446s] -- Installing: /home/v/cerberus_ws/install/cerberus_bringup/share/cerberus_bringup/launch/cerberus_odrive.launch.py
[0.446s] -- Installing: /home/v/cerberus_ws/install/cerberus_bringup/share/ament_index/resource_index/package_run_dependencies/cerberus_bringup
[0.447s] -- Installing: /home/v/cerberus_ws/install/cerberus_bringup/share/ament_index/resource_index/parent_prefix_path/cerberus_bringup
[0.447s] -- Installing: /home/v/cerberus_ws/install/cerberus_bringup/share/cerberus_bringup/environment/ament_prefix_path.sh
[0.447s] -- Installing: /home/v/cerberus_ws/install/cerberus_bringup/share/cerberus_bringup/environment/ament_prefix_path.dsv
[0.447s] -- Installing: /home/v/cerberus_ws/install/cerberus_bringup/share/cerberus_bringup/environment/path.sh
[0.447s] -- Installing: /home/v/cerberus_ws/install/cerberus_bringup/share/cerberus_bringup/environment/path.dsv
[0.447s] -- Installing: /home/v/cerberus_ws/install/cerberus_bringup/share/cerberus_bringup/local_setup.bash
[0.447s] -- Installing: /home/v/cerberus_ws/install/cerberus_bringup/share/cerberus_bringup/local_setup.sh
[0.447s] -- Installing: /home/v/cerberus_ws/install/cerberus_bringup/share/cerberus_bringup/local_setup.zsh
[0.448s] -- Installing: /home/v/cerberus_ws/install/cerberus_bringup/share/cerberus_bringup/local_setup.dsv
[0.448s] -- Installing: /home/v/cerberus_ws/install/cerberus_bringup/share/cerberus_bringup/package.dsv
[0.448s] -- Installing: /home/v/cerberus_ws/install/cerberus_bringup/share/ament_index/resource_index/packages/cerberus_bringup
[0.448s] -- Installing: /home/v/cerberus_ws/install/cerberus_bringup/share/cerberus_bringup/cmake/cerberus_bringupConfig.cmake
[0.448s] -- Installing: /home/v/cerberus_ws/install/cerberus_bringup/share/cerberus_bringup/cmake/cerberus_bringupConfig-version.cmake
[0.448s] -- Installing: /home/v/cerberus_ws/install/cerberus_bringup/share/cerberus_bringup/package.xml
[0.450s] Invoked command in '/home/v/cerberus_ws/build/cerberus_bringup' returned '0': AMENT_PREFIX_PATH=/home/v/cerberus_ws/install/cerberus_description:${AMENT_PREFIX_PATH} CMAKE_PREFIX_PATH=/home/v/cerberus_ws/install/cerberus_description:/opt/ros/humble /usr/bin/cmake --install /home/v/cerberus_ws/build/cerberus_bringup
