[0.007s] Invoking command in '/home/v/Dev/Github/Cerberus/Control/cerberus_ws/build/cerberus_bringup': AMENT_PREFIX_PATH=/home/v/Dev/Github/Cerberus/Control/cerberus_ws/install/cerberus_description:${AMENT_PREFIX_PATH} CMAKE_PREFIX_PATH=/home/v/Dev/Github/Cerberus/Control/cerberus_ws/install/cerberus_description:/opt/ros/humble /usr/bin/cmake /home/v/Dev/Github/Cerberus/Control/cerberus_ws/src/cerberus_final/cerberus_bringup -DCMAKE_INSTALL_PREFIX=/home/v/Dev/Github/Cerberus/Control/cerberus_ws/install/cerberus_bringup
[0.044s] -- The C compiler identification is GNU 11.4.0
[0.085s] -- The CXX compiler identification is GNU 11.4.0
[0.091s] -- Detecting C compiler ABI info
[0.134s] -- Detecting C compiler ABI info - done
[0.139s] -- Check for working C compiler: /usr/bin/cc - skipped
[0.140s] -- Detecting C compile features
[0.140s] -- Detecting C compile features - done
[0.142s] -- Detecting CXX compiler ABI info
[0.193s] -- Detecting CXX compiler ABI info - done
[0.198s] -- Check for working CXX compiler: /usr/bin/c++ - skipped
[0.199s] -- Detecting CXX compile features
[0.199s] -- Detecting CXX compile features - done
[0.201s] -- Found ament_cmake_auto: 1.3.11 (/opt/ros/humble/share/ament_cmake_auto/cmake)
[0.283s] -- Found Python3: /usr/bin/python3 (found version "3.10.12") found components: Interpreter 
[0.393s] -- Configuring done
[0.395s] -- Generating done
[0.397s] -- Build files have been written to: /home/v/Dev/Github/Cerberus/Control/cerberus_ws/build/cerberus_bringup
[0.402s] Invoked command in '/home/v/Dev/Github/Cerberus/Control/cerberus_ws/build/cerberus_bringup' returned '0': AMENT_PREFIX_PATH=/home/v/Dev/Github/Cerberus/Control/cerberus_ws/install/cerberus_description:${AMENT_PREFIX_PATH} CMAKE_PREFIX_PATH=/home/v/Dev/Github/Cerberus/Control/cerberus_ws/install/cerberus_description:/opt/ros/humble /usr/bin/cmake /home/v/Dev/Github/Cerberus/Control/cerberus_ws/src/cerberus_final/cerberus_bringup -DCMAKE_INSTALL_PREFIX=/home/v/Dev/Github/Cerberus/Control/cerberus_ws/install/cerberus_bringup
[0.402s] Invoking command in '/home/v/Dev/Github/Cerberus/Control/cerberus_ws/build/cerberus_bringup': AMENT_PREFIX_PATH=/home/v/Dev/Github/Cerberus/Control/cerberus_ws/install/cerberus_description:${AMENT_PREFIX_PATH} CMAKE_PREFIX_PATH=/home/v/Dev/Github/Cerberus/Control/cerberus_ws/install/cerberus_description:/opt/ros/humble /usr/bin/cmake --build /home/v/Dev/Github/Cerberus/Control/cerberus_ws/build/cerberus_bringup -- -j12 -l12
[0.416s] Invoked command in '/home/v/Dev/Github/Cerberus/Control/cerberus_ws/build/cerberus_bringup' returned '0': AMENT_PREFIX_PATH=/home/v/Dev/Github/Cerberus/Control/cerberus_ws/install/cerberus_description:${AMENT_PREFIX_PATH} CMAKE_PREFIX_PATH=/home/v/Dev/Github/Cerberus/Control/cerberus_ws/install/cerberus_description:/opt/ros/humble /usr/bin/cmake --build /home/v/Dev/Github/Cerberus/Control/cerberus_ws/build/cerberus_bringup -- -j12 -l12
[0.417s] Invoking command in '/home/v/Dev/Github/Cerberus/Control/cerberus_ws/build/cerberus_bringup': AMENT_PREFIX_PATH=/home/v/Dev/Github/Cerberus/Control/cerberus_ws/install/cerberus_description:${AMENT_PREFIX_PATH} CMAKE_PREFIX_PATH=/home/v/Dev/Github/Cerberus/Control/cerberus_ws/install/cerberus_description:/opt/ros/humble /usr/bin/cmake --install /home/v/Dev/Github/Cerberus/Control/cerberus_ws/build/cerberus_bringup
[0.419s] -- Install configuration: ""
[0.420s] -- Installing: /home/v/Dev/Github/Cerberus/Control/cerberus_ws/install/cerberus_bringup/share/cerberus_bringup/config
[0.420s] -- Installing: /home/v/Dev/Github/Cerberus/Control/cerberus_ws/install/cerberus_bringup/share/cerberus_bringup/config/cerberus.yaml
[0.420s] -- Installing: /home/v/Dev/Github/Cerberus/Control/cerberus_ws/install/cerberus_bringup/share/cerberus_bringup/config/cerberus_twin.yaml
[0.420s] -- Installing: /home/v/Dev/Github/Cerberus/Control/cerberus_ws/install/cerberus_bringup/share/cerberus_bringup/config/cerberus_msg.yaml
[0.420s] -- Installing: /home/v/Dev/Github/Cerberus/Control/cerberus_ws/install/cerberus_bringup/share/cerberus_bringup/config/cerberus.rviz
[0.420s] -- Installing: /home/v/Dev/Github/Cerberus/Control/cerberus_ws/install/cerberus_bringup/share/cerberus_bringup/launch
[0.420s] -- Installing: /home/v/Dev/Github/Cerberus/Control/cerberus_ws/install/cerberus_bringup/share/cerberus_bringup/launch/cerberus_two_trajectory.launch.py
[0.420s] -- Installing: /home/v/Dev/Github/Cerberus/Control/cerberus_ws/install/cerberus_bringup/share/cerberus_bringup/launch/cerberus_odrive.launch.py
[0.421s] -- Installing: /home/v/Dev/Github/Cerberus/Control/cerberus_ws/install/cerberus_bringup/share/cerberus_bringup/launch/cerberus_sim.launch.py
[0.421s] -- Installing: /home/v/Dev/Github/Cerberus/Control/cerberus_ws/install/cerberus_bringup/share/cerberus_bringup/launch/visualize_odrive.launch.py
[0.421s] -- Installing: /home/v/Dev/Github/Cerberus/Control/cerberus_ws/install/cerberus_bringup/share/ament_index/resource_index/package_run_dependencies/cerberus_bringup
[0.421s] -- Installing: /home/v/Dev/Github/Cerberus/Control/cerberus_ws/install/cerberus_bringup/share/ament_index/resource_index/parent_prefix_path/cerberus_bringup
[0.421s] -- Installing: /home/v/Dev/Github/Cerberus/Control/cerberus_ws/install/cerberus_bringup/share/cerberus_bringup/environment/ament_prefix_path.sh
[0.421s] -- Installing: /home/v/Dev/Github/Cerberus/Control/cerberus_ws/install/cerberus_bringup/share/cerberus_bringup/environment/ament_prefix_path.dsv
[0.421s] -- Installing: /home/v/Dev/Github/Cerberus/Control/cerberus_ws/install/cerberus_bringup/share/cerberus_bringup/environment/path.sh
[0.422s] -- Installing: /home/v/Dev/Github/Cerberus/Control/cerberus_ws/install/cerberus_bringup/share/cerberus_bringup/environment/path.dsv
[0.422s] -- Installing: /home/v/Dev/Github/Cerberus/Control/cerberus_ws/install/cerberus_bringup/share/cerberus_bringup/local_setup.bash
[0.422s] -- Installing: /home/v/Dev/Github/Cerberus/Control/cerberus_ws/install/cerberus_bringup/share/cerberus_bringup/local_setup.sh
[0.422s] -- Installing: /home/v/Dev/Github/Cerberus/Control/cerberus_ws/install/cerberus_bringup/share/cerberus_bringup/local_setup.zsh
[0.422s] -- Installing: /home/v/Dev/Github/Cerberus/Control/cerberus_ws/install/cerberus_bringup/share/cerberus_bringup/local_setup.dsv
[0.422s] -- Installing: /home/v/Dev/Github/Cerberus/Control/cerberus_ws/install/cerberus_bringup/share/cerberus_bringup/package.dsv
[0.422s] -- Installing: /home/v/Dev/Github/Cerberus/Control/cerberus_ws/install/cerberus_bringup/share/ament_index/resource_index/packages/cerberus_bringup
[0.423s] -- Installing: /home/v/Dev/Github/Cerberus/Control/cerberus_ws/install/cerberus_bringup/share/cerberus_bringup/cmake/cerberus_bringupConfig.cmake
[0.423s] -- Installing: /home/v/Dev/Github/Cerberus/Control/cerberus_ws/install/cerberus_bringup/share/cerberus_bringup/cmake/cerberus_bringupConfig-version.cmake
[0.423s] -- Installing: /home/v/Dev/Github/Cerberus/Control/cerberus_ws/install/cerberus_bringup/share/cerberus_bringup/package.xml
[0.424s] Invoked command in '/home/v/Dev/Github/Cerberus/Control/cerberus_ws/build/cerberus_bringup' returned '0': AMENT_PREFIX_PATH=/home/v/Dev/Github/Cerberus/Control/cerberus_ws/install/cerberus_description:${AMENT_PREFIX_PATH} CMAKE_PREFIX_PATH=/home/v/Dev/Github/Cerberus/Control/cerberus_ws/install/cerberus_description:/opt/ros/humble /usr/bin/cmake --install /home/v/Dev/Github/Cerberus/Control/cerberus_ws/build/cerberus_bringup
