[0.115s] DEBUG:colcon:Command line arguments: ['/usr/bin/colcon', 'build']
[0.115s] DEBUG:colcon:Parsed command line arguments: Namespace(log_base=None, log_level=None, verb_name='build', build_base='build', install_base='install', merge_install=False, symlink_install=False, test_result_base=None, continue_on_error=False, executor='parallel', parallel_workers=12, event_handlers=None, ignore_user_meta=False, metas=['./colcon.meta'], base_paths=['.'], packages_ignore=None, packages_ignore_regex=None, paths=None, packages_up_to=None, packages_up_to_regex=None, packages_above=None, packages_above_and_dependencies=None, packages_above_depth=None, packages_select_by_dep=None, packages_skip_by_dep=None, packages_skip_up_to=None, packages_select_build_failed=False, packages_skip_build_finished=False, packages_select_test_failures=False, packages_skip_test_passed=False, packages_select=None, packages_skip=None, packages_select_regex=None, packages_skip_regex=None, packages_start=None, packages_end=None, allow_overriding=[], cmake_args=None, cmake_target=None, cmake_target_skip_unavailable=False, cmake_clean_cache=False, cmake_clean_first=False, cmake_force_configure=False, ament_cmake_args=None, catkin_cmake_args=None, catkin_skip_building_tests=False, mixin_files=None, mixin=None, verb_parser=<colcon_mixin.mixin.mixin_argument.MixinArgumentDecorator object at 0x7a7f0876a050>, verb_extension=<colcon_core.verb.build.BuildVerb object at 0x7a7f087697e0>, main=<bound method BuildVerb.main of <colcon_core.verb.build.BuildVerb object at 0x7a7f087697e0>>, mixin_verb=('build',))
[0.305s] Level 1:colcon.colcon_core.package_discovery:discover_packages(colcon_meta) check parameters
[0.305s] Level 1:colcon.colcon_core.package_discovery:discover_packages(recursive) check parameters
[0.305s] Level 1:colcon.colcon_core.package_discovery:discover_packages(ignore) check parameters
[0.305s] Level 1:colcon.colcon_core.package_discovery:discover_packages(path) check parameters
[0.305s] Level 1:colcon.colcon_core.package_discovery:discover_packages(colcon_meta) discover
[0.305s] Level 1:colcon.colcon_core.package_discovery:discover_packages(recursive) discover
[0.305s] INFO:colcon.colcon_core.package_discovery:Crawling recursively for packages in '/home/v/Dev/Github/Cerberus/Control/cerberus_ws'
[0.305s] Level 1:colcon.colcon_core.package_identification:_identify(.) by extensions ['ignore', 'ignore_ament_install']
[0.305s] Level 1:colcon.colcon_core.package_identification:_identify(.) by extension 'ignore'
[0.305s] Level 1:colcon.colcon_core.package_identification:_identify(.) by extension 'ignore_ament_install'
[0.305s] Level 1:colcon.colcon_core.package_identification:_identify(.) by extensions ['colcon_pkg']
[0.306s] Level 1:colcon.colcon_core.package_identification:_identify(.) by extension 'colcon_pkg'
[0.306s] Level 1:colcon.colcon_core.package_identification:_identify(.) by extensions ['colcon_meta']
[0.306s] Level 1:colcon.colcon_core.package_identification:_identify(.) by extension 'colcon_meta'
[0.306s] Level 1:colcon.colcon_core.package_identification:_identify(.) by extensions ['ros']
[0.306s] Level 1:colcon.colcon_core.package_identification:_identify(.) by extension 'ros'
[0.316s] Level 1:colcon.colcon_core.package_identification:_identify(.) by extensions ['cmake', 'python']
[0.316s] Level 1:colcon.colcon_core.package_identification:_identify(.) by extension 'cmake'
[0.316s] Level 1:colcon.colcon_core.package_identification:_identify(.) by extension 'python'
[0.316s] Level 1:colcon.colcon_core.package_identification:_identify(.) by extensions ['python_setup_py']
[0.316s] Level 1:colcon.colcon_core.package_identification:_identify(.) by extension 'python_setup_py'
[0.317s] Level 1:colcon.colcon_core.package_identification:_identify(build) by extensions ['ignore', 'ignore_ament_install']
[0.317s] Level 1:colcon.colcon_core.package_identification:_identify(build) by extension 'ignore'
[0.317s] Level 1:colcon.colcon_core.package_identification:_identify(build) ignored
[0.317s] Level 1:colcon.colcon_core.package_identification:_identify(install) by extensions ['ignore', 'ignore_ament_install']
[0.317s] Level 1:colcon.colcon_core.package_identification:_identify(install) by extension 'ignore'
[0.317s] Level 1:colcon.colcon_core.package_identification:_identify(install) ignored
[0.317s] Level 1:colcon.colcon_core.package_identification:_identify(log) by extensions ['ignore', 'ignore_ament_install']
[0.317s] Level 1:colcon.colcon_core.package_identification:_identify(log) by extension 'ignore'
[0.317s] Level 1:colcon.colcon_core.package_identification:_identify(log) ignored
[0.317s] Level 1:colcon.colcon_core.package_identification:_identify(src) by extensions ['ignore', 'ignore_ament_install']
[0.317s] Level 1:colcon.colcon_core.package_identification:_identify(src) by extension 'ignore'
[0.317s] Level 1:colcon.colcon_core.package_identification:_identify(src) by extension 'ignore_ament_install'
[0.318s] Level 1:colcon.colcon_core.package_identification:_identify(src) by extensions ['colcon_pkg']
[0.318s] Level 1:colcon.colcon_core.package_identification:_identify(src) by extension 'colcon_pkg'
[0.318s] Level 1:colcon.colcon_core.package_identification:_identify(src) by extensions ['colcon_meta']
[0.318s] Level 1:colcon.colcon_core.package_identification:_identify(src) by extension 'colcon_meta'
[0.318s] Level 1:colcon.colcon_core.package_identification:_identify(src) by extensions ['ros']
[0.318s] Level 1:colcon.colcon_core.package_identification:_identify(src) by extension 'ros'
[0.318s] Level 1:colcon.colcon_core.package_identification:_identify(src) by extensions ['cmake', 'python']
[0.318s] Level 1:colcon.colcon_core.package_identification:_identify(src) by extension 'cmake'
[0.318s] Level 1:colcon.colcon_core.package_identification:_identify(src) by extension 'python'
[0.318s] Level 1:colcon.colcon_core.package_identification:_identify(src) by extensions ['python_setup_py']
[0.318s] Level 1:colcon.colcon_core.package_identification:_identify(src) by extension 'python_setup_py'
[0.318s] Level 1:colcon.colcon_core.package_identification:_identify(src/cerberus_final) by extensions ['ignore', 'ignore_ament_install']
[0.318s] Level 1:colcon.colcon_core.package_identification:_identify(src/cerberus_final) by extension 'ignore'
[0.318s] Level 1:colcon.colcon_core.package_identification:_identify(src/cerberus_final) by extension 'ignore_ament_install'
[0.318s] Level 1:colcon.colcon_core.package_identification:_identify(src/cerberus_final) by extensions ['colcon_pkg']
[0.318s] Level 1:colcon.colcon_core.package_identification:_identify(src/cerberus_final) by extension 'colcon_pkg'
[0.318s] Level 1:colcon.colcon_core.package_identification:_identify(src/cerberus_final) by extensions ['colcon_meta']
[0.318s] Level 1:colcon.colcon_core.package_identification:_identify(src/cerberus_final) by extension 'colcon_meta'
[0.318s] Level 1:colcon.colcon_core.package_identification:_identify(src/cerberus_final) by extensions ['ros']
[0.318s] Level 1:colcon.colcon_core.package_identification:_identify(src/cerberus_final) by extension 'ros'
[0.318s] Level 1:colcon.colcon_core.package_identification:_identify(src/cerberus_final) by extensions ['cmake', 'python']
[0.318s] Level 1:colcon.colcon_core.package_identification:_identify(src/cerberus_final) by extension 'cmake'
[0.319s] Level 1:colcon.colcon_core.package_identification:_identify(src/cerberus_final) by extension 'python'
[0.319s] Level 1:colcon.colcon_core.package_identification:_identify(src/cerberus_final) by extensions ['python_setup_py']
[0.319s] Level 1:colcon.colcon_core.package_identification:_identify(src/cerberus_final) by extension 'python_setup_py'
[0.319s] Level 1:colcon.colcon_core.package_identification:_identify(src/cerberus_final/cerberus_bringup) by extensions ['ignore', 'ignore_ament_install']
[0.319s] Level 1:colcon.colcon_core.package_identification:_identify(src/cerberus_final/cerberus_bringup) by extension 'ignore'
[0.319s] Level 1:colcon.colcon_core.package_identification:_identify(src/cerberus_final/cerberus_bringup) by extension 'ignore_ament_install'
[0.319s] Level 1:colcon.colcon_core.package_identification:_identify(src/cerberus_final/cerberus_bringup) by extensions ['colcon_pkg']
[0.319s] Level 1:colcon.colcon_core.package_identification:_identify(src/cerberus_final/cerberus_bringup) by extension 'colcon_pkg'
[0.319s] Level 1:colcon.colcon_core.package_identification:_identify(src/cerberus_final/cerberus_bringup) by extensions ['colcon_meta']
[0.319s] Level 1:colcon.colcon_core.package_identification:_identify(src/cerberus_final/cerberus_bringup) by extension 'colcon_meta'
[0.319s] Level 1:colcon.colcon_core.package_identification:_identify(src/cerberus_final/cerberus_bringup) by extensions ['ros']
[0.319s] Level 1:colcon.colcon_core.package_identification:_identify(src/cerberus_final/cerberus_bringup) by extension 'ros'
[0.321s] DEBUG:colcon.colcon_core.package_identification:Package 'src/cerberus_final/cerberus_bringup' with type 'ros.ament_cmake' and name 'cerberus_bringup'
[0.321s] Level 1:colcon.colcon_core.package_identification:_identify(src/cerberus_final/cerberus_description) by extensions ['ignore', 'ignore_ament_install']
[0.322s] Level 1:colcon.colcon_core.package_identification:_identify(src/cerberus_final/cerberus_description) by extension 'ignore'
[0.322s] Level 1:colcon.colcon_core.package_identification:_identify(src/cerberus_final/cerberus_description) by extension 'ignore_ament_install'
[0.322s] Level 1:colcon.colcon_core.package_identification:_identify(src/cerberus_final/cerberus_description) by extensions ['colcon_pkg']
[0.322s] Level 1:colcon.colcon_core.package_identification:_identify(src/cerberus_final/cerberus_description) by extension 'colcon_pkg'
[0.322s] Level 1:colcon.colcon_core.package_identification:_identify(src/cerberus_final/cerberus_description) by extensions ['colcon_meta']
[0.322s] Level 1:colcon.colcon_core.package_identification:_identify(src/cerberus_final/cerberus_description) by extension 'colcon_meta'
[0.322s] Level 1:colcon.colcon_core.package_identification:_identify(src/cerberus_final/cerberus_description) by extensions ['ros']
[0.322s] Level 1:colcon.colcon_core.package_identification:_identify(src/cerberus_final/cerberus_description) by extension 'ros'
[0.322s] DEBUG:colcon.colcon_core.package_identification:Package 'src/cerberus_final/cerberus_description' with type 'ros.ament_cmake' and name 'cerberus_description'
[0.322s] Level 1:colcon.colcon_core.package_identification:_identify(src/cerberus_final/cerberus_gazebo) by extensions ['ignore', 'ignore_ament_install']
[0.323s] Level 1:colcon.colcon_core.package_identification:_identify(src/cerberus_final/cerberus_gazebo) by extension 'ignore'
[0.323s] Level 1:colcon.colcon_core.package_identification:_identify(src/cerberus_final/cerberus_gazebo) by extension 'ignore_ament_install'
[0.323s] Level 1:colcon.colcon_core.package_identification:_identify(src/cerberus_final/cerberus_gazebo) by extensions ['colcon_pkg']
[0.323s] Level 1:colcon.colcon_core.package_identification:_identify(src/cerberus_final/cerberus_gazebo) by extension 'colcon_pkg'
[0.323s] Level 1:colcon.colcon_core.package_identification:_identify(src/cerberus_final/cerberus_gazebo) by extensions ['colcon_meta']
[0.323s] Level 1:colcon.colcon_core.package_identification:_identify(src/cerberus_final/cerberus_gazebo) by extension 'colcon_meta'
[0.323s] Level 1:colcon.colcon_core.package_identification:_identify(src/cerberus_final/cerberus_gazebo) by extensions ['ros']
[0.323s] Level 1:colcon.colcon_core.package_identification:_identify(src/cerberus_final/cerberus_gazebo) by extension 'ros'
[0.323s] DEBUG:colcon.colcon_core.package_identification:Package 'src/cerberus_final/cerberus_gazebo' with type 'ros.ament_cmake' and name 'cerberus_gazebo'
[0.323s] Level 1:colcon.colcon_core.package_identification:_identify(src/cerberus_final/cerberus_training) by extensions ['ignore', 'ignore_ament_install']
[0.324s] Level 1:colcon.colcon_core.package_identification:_identify(src/cerberus_final/cerberus_training) by extension 'ignore'
[0.324s] Level 1:colcon.colcon_core.package_identification:_identify(src/cerberus_final/cerberus_training) by extension 'ignore_ament_install'
[0.324s] Level 1:colcon.colcon_core.package_identification:_identify(src/cerberus_final/cerberus_training) by extensions ['colcon_pkg']
[0.324s] Level 1:colcon.colcon_core.package_identification:_identify(src/cerberus_final/cerberus_training) by extension 'colcon_pkg'
[0.324s] Level 1:colcon.colcon_core.package_identification:_identify(src/cerberus_final/cerberus_training) by extensions ['colcon_meta']
[0.324s] Level 1:colcon.colcon_core.package_identification:_identify(src/cerberus_final/cerberus_training) by extension 'colcon_meta'
[0.324s] Level 1:colcon.colcon_core.package_identification:_identify(src/cerberus_final/cerberus_training) by extensions ['ros']
[0.324s] Level 1:colcon.colcon_core.package_identification:_identify(src/cerberus_final/cerberus_training) by extension 'ros'
[0.324s] DEBUG:colcon.colcon_core.package_identification:Package 'src/cerberus_final/cerberus_training' with type 'ros.ament_cmake' and name 'cerberus_training'
[0.324s] Level 1:colcon.colcon_core.package_identification:_identify(src/cerberus_final/odrive_hardware_interface) by extensions ['ignore', 'ignore_ament_install']
[0.325s] Level 1:colcon.colcon_core.package_identification:_identify(src/cerberus_final/odrive_hardware_interface) by extension 'ignore'
[0.325s] Level 1:colcon.colcon_core.package_identification:_identify(src/cerberus_final/odrive_hardware_interface) by extension 'ignore_ament_install'
[0.325s] Level 1:colcon.colcon_core.package_identification:_identify(src/cerberus_final/odrive_hardware_interface) by extensions ['colcon_pkg']
[0.325s] Level 1:colcon.colcon_core.package_identification:_identify(src/cerberus_final/odrive_hardware_interface) by extension 'colcon_pkg'
[0.325s] Level 1:colcon.colcon_core.package_identification:_identify(src/cerberus_final/odrive_hardware_interface) by extensions ['colcon_meta']
[0.325s] Level 1:colcon.colcon_core.package_identification:_identify(src/cerberus_final/odrive_hardware_interface) by extension 'colcon_meta'
[0.325s] Level 1:colcon.colcon_core.package_identification:_identify(src/cerberus_final/odrive_hardware_interface) by extensions ['ros']
[0.325s] Level 1:colcon.colcon_core.package_identification:_identify(src/cerberus_final/odrive_hardware_interface) by extension 'ros'
[0.325s] DEBUG:colcon.colcon_core.package_identification:Package 'src/cerberus_final/odrive_hardware_interface' with type 'ros.ament_cmake' and name 'odrive_hardware_interface'
[0.326s] Level 1:colcon.colcon_core.package_identification:_identify(src/cerberus_leg_loop) by extensions ['ignore', 'ignore_ament_install']
[0.326s] Level 1:colcon.colcon_core.package_identification:_identify(src/cerberus_leg_loop) by extension 'ignore'
[0.326s] Level 1:colcon.colcon_core.package_identification:_identify(src/cerberus_leg_loop) by extension 'ignore_ament_install'
[0.326s] Level 1:colcon.colcon_core.package_identification:_identify(src/cerberus_leg_loop) by extensions ['colcon_pkg']
[0.326s] Level 1:colcon.colcon_core.package_identification:_identify(src/cerberus_leg_loop) by extension 'colcon_pkg'
[0.326s] Level 1:colcon.colcon_core.package_identification:_identify(src/cerberus_leg_loop) by extensions ['colcon_meta']
[0.326s] Level 1:colcon.colcon_core.package_identification:_identify(src/cerberus_leg_loop) by extension 'colcon_meta'
[0.326s] Level 1:colcon.colcon_core.package_identification:_identify(src/cerberus_leg_loop) by extensions ['ros']
[0.326s] Level 1:colcon.colcon_core.package_identification:_identify(src/cerberus_leg_loop) by extension 'ros'
[0.327s] DEBUG:colcon.colcon_core.package_identification:Package 'src/cerberus_leg_loop' with type 'ros.ament_python' and name 'cerberus_leg_loop'
[0.327s] Level 1:colcon.colcon_core.package_identification:_identify(src/python_scripts) by extensions ['ignore', 'ignore_ament_install']
[0.327s] Level 1:colcon.colcon_core.package_identification:_identify(src/python_scripts) by extension 'ignore'
[0.327s] Level 1:colcon.colcon_core.package_identification:_identify(src/python_scripts) by extension 'ignore_ament_install'
[0.327s] Level 1:colcon.colcon_core.package_identification:_identify(src/python_scripts) by extensions ['colcon_pkg']
[0.327s] Level 1:colcon.colcon_core.package_identification:_identify(src/python_scripts) by extension 'colcon_pkg'
[0.327s] Level 1:colcon.colcon_core.package_identification:_identify(src/python_scripts) by extensions ['colcon_meta']
[0.327s] Level 1:colcon.colcon_core.package_identification:_identify(src/python_scripts) by extension 'colcon_meta'
[0.327s] Level 1:colcon.colcon_core.package_identification:_identify(src/python_scripts) by extensions ['ros']
[0.327s] Level 1:colcon.colcon_core.package_identification:_identify(src/python_scripts) by extension 'ros'
[0.327s] Level 1:colcon.colcon_core.package_identification:_identify(src/python_scripts) by extensions ['cmake', 'python']
[0.327s] Level 1:colcon.colcon_core.package_identification:_identify(src/python_scripts) by extension 'cmake'
[0.327s] Level 1:colcon.colcon_core.package_identification:_identify(src/python_scripts) by extension 'python'
[0.327s] Level 1:colcon.colcon_core.package_identification:_identify(src/python_scripts) by extensions ['python_setup_py']
[0.327s] Level 1:colcon.colcon_core.package_identification:_identify(src/python_scripts) by extension 'python_setup_py'
[0.327s] Level 1:colcon.colcon_core.package_discovery:discover_packages(recursive) using defaults
[0.327s] Level 1:colcon.colcon_core.package_discovery:discover_packages(ignore) discover
[0.327s] Level 1:colcon.colcon_core.package_discovery:discover_packages(ignore) using defaults
[0.328s] Level 1:colcon.colcon_core.package_discovery:discover_packages(path) discover
[0.328s] Level 1:colcon.colcon_core.package_discovery:discover_packages(path) using defaults
[0.356s] Level 1:colcon.colcon_core.package_discovery:discover_packages(prefix_path) check parameters
[0.357s] Level 1:colcon.colcon_core.package_discovery:discover_packages(prefix_path) discover
[0.359s] DEBUG:colcon.colcon_installed_package_information.package_discovery:Found 5 installed packages in /home/v/Dev/Github/Cerberus/Control/cerberus_ws/install
[0.360s] DEBUG:colcon.colcon_installed_package_information.package_discovery:Found 347 installed packages in /opt/ros/humble
[0.362s] Level 1:colcon.colcon_core.package_discovery:discover_packages(prefix_path) using defaults
[0.408s] Level 5:colcon.colcon_core.verb:set package 'cerberus_description' build argument 'cmake_args' from command line to 'None'
[0.408s] Level 5:colcon.colcon_core.verb:set package 'cerberus_description' build argument 'cmake_target' from command line to 'None'
[0.408s] Level 5:colcon.colcon_core.verb:set package 'cerberus_description' build argument 'cmake_target_skip_unavailable' from command line to 'False'
[0.408s] Level 5:colcon.colcon_core.verb:set package 'cerberus_description' build argument 'cmake_clean_cache' from command line to 'False'
[0.408s] Level 5:colcon.colcon_core.verb:set package 'cerberus_description' build argument 'cmake_clean_first' from command line to 'False'
[0.408s] Level 5:colcon.colcon_core.verb:set package 'cerberus_description' build argument 'cmake_force_configure' from command line to 'False'
[0.408s] Level 5:colcon.colcon_core.verb:set package 'cerberus_description' build argument 'ament_cmake_args' from command line to 'None'
[0.408s] Level 5:colcon.colcon_core.verb:set package 'cerberus_description' build argument 'catkin_cmake_args' from command line to 'None'
[0.408s] Level 5:colcon.colcon_core.verb:set package 'cerberus_description' build argument 'catkin_skip_building_tests' from command line to 'False'
[0.408s] DEBUG:colcon.colcon_core.verb:Building package 'cerberus_description' with the following arguments: {'ament_cmake_args': None, 'build_base': '/home/v/Dev/Github/Cerberus/Control/cerberus_ws/build/cerberus_description', 'catkin_cmake_args': None, 'catkin_skip_building_tests': False, 'cmake_args': None, 'cmake_clean_cache': False, 'cmake_clean_first': False, 'cmake_force_configure': False, 'cmake_target': None, 'cmake_target_skip_unavailable': False, 'install_base': '/home/v/Dev/Github/Cerberus/Control/cerberus_ws/install/cerberus_description', 'merge_install': False, 'path': '/home/v/Dev/Github/Cerberus/Control/cerberus_ws/src/cerberus_final/cerberus_description', 'symlink_install': False, 'test_result_base': None}
[0.409s] Level 5:colcon.colcon_core.verb:set package 'cerberus_leg_loop' build argument 'cmake_args' from command line to 'None'
[0.409s] Level 5:colcon.colcon_core.verb:set package 'cerberus_leg_loop' build argument 'cmake_target' from command line to 'None'
[0.409s] Level 5:colcon.colcon_core.verb:set package 'cerberus_leg_loop' build argument 'cmake_target_skip_unavailable' from command line to 'False'
[0.409s] Level 5:colcon.colcon_core.verb:set package 'cerberus_leg_loop' build argument 'cmake_clean_cache' from command line to 'False'
[0.409s] Level 5:colcon.colcon_core.verb:set package 'cerberus_leg_loop' build argument 'cmake_clean_first' from command line to 'False'
[0.409s] Level 5:colcon.colcon_core.verb:set package 'cerberus_leg_loop' build argument 'cmake_force_configure' from command line to 'False'
[0.409s] Level 5:colcon.colcon_core.verb:set package 'cerberus_leg_loop' build argument 'ament_cmake_args' from command line to 'None'
[0.409s] Level 5:colcon.colcon_core.verb:set package 'cerberus_leg_loop' build argument 'catkin_cmake_args' from command line to 'None'
[0.409s] Level 5:colcon.colcon_core.verb:set package 'cerberus_leg_loop' build argument 'catkin_skip_building_tests' from command line to 'False'
[0.409s] DEBUG:colcon.colcon_core.verb:Building package 'cerberus_leg_loop' with the following arguments: {'ament_cmake_args': None, 'build_base': '/home/v/Dev/Github/Cerberus/Control/cerberus_ws/build/cerberus_leg_loop', 'catkin_cmake_args': None, 'catkin_skip_building_tests': False, 'cmake_args': None, 'cmake_clean_cache': False, 'cmake_clean_first': False, 'cmake_force_configure': False, 'cmake_target': None, 'cmake_target_skip_unavailable': False, 'install_base': '/home/v/Dev/Github/Cerberus/Control/cerberus_ws/install/cerberus_leg_loop', 'merge_install': False, 'path': '/home/v/Dev/Github/Cerberus/Control/cerberus_ws/src/cerberus_leg_loop', 'symlink_install': False, 'test_result_base': None}
[0.409s] Level 5:colcon.colcon_core.verb:set package 'cerberus_training' build argument 'cmake_args' from command line to 'None'
[0.409s] Level 5:colcon.colcon_core.verb:set package 'cerberus_training' build argument 'cmake_target' from command line to 'None'
[0.409s] Level 5:colcon.colcon_core.verb:set package 'cerberus_training' build argument 'cmake_target_skip_unavailable' from command line to 'False'
[0.409s] Level 5:colcon.colcon_core.verb:set package 'cerberus_training' build argument 'cmake_clean_cache' from command line to 'False'
[0.409s] Level 5:colcon.colcon_core.verb:set package 'cerberus_training' build argument 'cmake_clean_first' from command line to 'False'
[0.409s] Level 5:colcon.colcon_core.verb:set package 'cerberus_training' build argument 'cmake_force_configure' from command line to 'False'
[0.409s] Level 5:colcon.colcon_core.verb:set package 'cerberus_training' build argument 'ament_cmake_args' from command line to 'None'
[0.409s] Level 5:colcon.colcon_core.verb:set package 'cerberus_training' build argument 'catkin_cmake_args' from command line to 'None'
[0.409s] Level 5:colcon.colcon_core.verb:set package 'cerberus_training' build argument 'catkin_skip_building_tests' from command line to 'False'
[0.409s] DEBUG:colcon.colcon_core.verb:Building package 'cerberus_training' with the following arguments: {'ament_cmake_args': None, 'build_base': '/home/v/Dev/Github/Cerberus/Control/cerberus_ws/build/cerberus_training', 'catkin_cmake_args': None, 'catkin_skip_building_tests': False, 'cmake_args': None, 'cmake_clean_cache': False, 'cmake_clean_first': False, 'cmake_force_configure': False, 'cmake_target': None, 'cmake_target_skip_unavailable': False, 'install_base': '/home/v/Dev/Github/Cerberus/Control/cerberus_ws/install/cerberus_training', 'merge_install': False, 'path': '/home/v/Dev/Github/Cerberus/Control/cerberus_ws/src/cerberus_final/cerberus_training', 'symlink_install': False, 'test_result_base': None}
[0.410s] Level 5:colcon.colcon_core.verb:set package 'odrive_hardware_interface' build argument 'cmake_args' from command line to 'None'
[0.410s] Level 5:colcon.colcon_core.verb:set package 'odrive_hardware_interface' build argument 'cmake_target' from command line to 'None'
[0.410s] Level 5:colcon.colcon_core.verb:set package 'odrive_hardware_interface' build argument 'cmake_target_skip_unavailable' from command line to 'False'
[0.410s] Level 5:colcon.colcon_core.verb:set package 'odrive_hardware_interface' build argument 'cmake_clean_cache' from command line to 'False'
[0.410s] Level 5:colcon.colcon_core.verb:set package 'odrive_hardware_interface' build argument 'cmake_clean_first' from command line to 'False'
[0.410s] Level 5:colcon.colcon_core.verb:set package 'odrive_hardware_interface' build argument 'cmake_force_configure' from command line to 'False'
[0.410s] Level 5:colcon.colcon_core.verb:set package 'odrive_hardware_interface' build argument 'ament_cmake_args' from command line to 'None'
[0.410s] Level 5:colcon.colcon_core.verb:set package 'odrive_hardware_interface' build argument 'catkin_cmake_args' from command line to 'None'
[0.410s] Level 5:colcon.colcon_core.verb:set package 'odrive_hardware_interface' build argument 'catkin_skip_building_tests' from command line to 'False'
[0.410s] DEBUG:colcon.colcon_core.verb:Building package 'odrive_hardware_interface' with the following arguments: {'ament_cmake_args': None, 'build_base': '/home/v/Dev/Github/Cerberus/Control/cerberus_ws/build/odrive_hardware_interface', 'catkin_cmake_args': None, 'catkin_skip_building_tests': False, 'cmake_args': None, 'cmake_clean_cache': False, 'cmake_clean_first': False, 'cmake_force_configure': False, 'cmake_target': None, 'cmake_target_skip_unavailable': False, 'install_base': '/home/v/Dev/Github/Cerberus/Control/cerberus_ws/install/odrive_hardware_interface', 'merge_install': False, 'path': '/home/v/Dev/Github/Cerberus/Control/cerberus_ws/src/cerberus_final/odrive_hardware_interface', 'symlink_install': False, 'test_result_base': None}
[0.410s] Level 5:colcon.colcon_core.verb:set package 'cerberus_bringup' build argument 'cmake_args' from command line to 'None'
[0.410s] Level 5:colcon.colcon_core.verb:set package 'cerberus_bringup' build argument 'cmake_target' from command line to 'None'
[0.410s] Level 5:colcon.colcon_core.verb:set package 'cerberus_bringup' build argument 'cmake_target_skip_unavailable' from command line to 'False'
[0.410s] Level 5:colcon.colcon_core.verb:set package 'cerberus_bringup' build argument 'cmake_clean_cache' from command line to 'False'
[0.410s] Level 5:colcon.colcon_core.verb:set package 'cerberus_bringup' build argument 'cmake_clean_first' from command line to 'False'
[0.410s] Level 5:colcon.colcon_core.verb:set package 'cerberus_bringup' build argument 'cmake_force_configure' from command line to 'False'
[0.410s] Level 5:colcon.colcon_core.verb:set package 'cerberus_bringup' build argument 'ament_cmake_args' from command line to 'None'
[0.410s] Level 5:colcon.colcon_core.verb:set package 'cerberus_bringup' build argument 'catkin_cmake_args' from command line to 'None'
[0.411s] Level 5:colcon.colcon_core.verb:set package 'cerberus_bringup' build argument 'catkin_skip_building_tests' from command line to 'False'
[0.411s] DEBUG:colcon.colcon_core.verb:Building package 'cerberus_bringup' with the following arguments: {'ament_cmake_args': None, 'build_base': '/home/v/Dev/Github/Cerberus/Control/cerberus_ws/build/cerberus_bringup', 'catkin_cmake_args': None, 'catkin_skip_building_tests': False, 'cmake_args': None, 'cmake_clean_cache': False, 'cmake_clean_first': False, 'cmake_force_configure': False, 'cmake_target': None, 'cmake_target_skip_unavailable': False, 'install_base': '/home/v/Dev/Github/Cerberus/Control/cerberus_ws/install/cerberus_bringup', 'merge_install': False, 'path': '/home/v/Dev/Github/Cerberus/Control/cerberus_ws/src/cerberus_final/cerberus_bringup', 'symlink_install': False, 'test_result_base': None}
[0.411s] Level 5:colcon.colcon_core.verb:set package 'cerberus_gazebo' build argument 'cmake_args' from command line to 'None'
[0.411s] Level 5:colcon.colcon_core.verb:set package 'cerberus_gazebo' build argument 'cmake_target' from command line to 'None'
[0.411s] Level 5:colcon.colcon_core.verb:set package 'cerberus_gazebo' build argument 'cmake_target_skip_unavailable' from command line to 'False'
[0.411s] Level 5:colcon.colcon_core.verb:set package 'cerberus_gazebo' build argument 'cmake_clean_cache' from command line to 'False'
[0.411s] Level 5:colcon.colcon_core.verb:set package 'cerberus_gazebo' build argument 'cmake_clean_first' from command line to 'False'
[0.411s] Level 5:colcon.colcon_core.verb:set package 'cerberus_gazebo' build argument 'cmake_force_configure' from command line to 'False'
[0.411s] Level 5:colcon.colcon_core.verb:set package 'cerberus_gazebo' build argument 'ament_cmake_args' from command line to 'None'
[0.411s] Level 5:colcon.colcon_core.verb:set package 'cerberus_gazebo' build argument 'catkin_cmake_args' from command line to 'None'
[0.411s] Level 5:colcon.colcon_core.verb:set package 'cerberus_gazebo' build argument 'catkin_skip_building_tests' from command line to 'False'
[0.411s] DEBUG:colcon.colcon_core.verb:Building package 'cerberus_gazebo' with the following arguments: {'ament_cmake_args': None, 'build_base': '/home/v/Dev/Github/Cerberus/Control/cerberus_ws/build/cerberus_gazebo', 'catkin_cmake_args': None, 'catkin_skip_building_tests': False, 'cmake_args': None, 'cmake_clean_cache': False, 'cmake_clean_first': False, 'cmake_force_configure': False, 'cmake_target': None, 'cmake_target_skip_unavailable': False, 'install_base': '/home/v/Dev/Github/Cerberus/Control/cerberus_ws/install/cerberus_gazebo', 'merge_install': False, 'path': '/home/v/Dev/Github/Cerberus/Control/cerberus_ws/src/cerberus_final/cerberus_gazebo', 'symlink_install': False, 'test_result_base': None}
[0.411s] INFO:colcon.colcon_core.executor:Executing jobs using 'parallel' executor
[0.412s] DEBUG:colcon.colcon_parallel_executor.executor.parallel:run_until_complete
[0.413s] INFO:colcon.colcon_ros.task.ament_cmake.build:Building ROS package in '/home/v/Dev/Github/Cerberus/Control/cerberus_ws/src/cerberus_final/cerberus_description' with build type 'ament_cmake'
[0.413s] INFO:colcon.colcon_cmake.task.cmake.build:Building CMake package in '/home/v/Dev/Github/Cerberus/Control/cerberus_ws/src/cerberus_final/cerberus_description'
[0.415s] INFO:colcon.colcon_core.plugin_system:Skipping extension 'colcon_core.shell.bat': Not used on non-Windows systems
[0.415s] INFO:colcon.colcon_core.shell:Skip shell extension 'powershell' for command environment: Not usable outside of PowerShell
[0.416s] DEBUG:colcon.colcon_core.shell:Skip shell extension 'dsv' for command environment
[0.420s] INFO:colcon.colcon_ros.task.ament_python.build:Building ROS package in '/home/v/Dev/Github/Cerberus/Control/cerberus_ws/src/cerberus_leg_loop' with build type 'ament_python'
[0.420s] Level 1:colcon.colcon_core.shell:create_environment_hook('cerberus_leg_loop', 'ament_prefix_path')
[0.420s] INFO:colcon.colcon_core.shell:Creating environment hook '/home/v/Dev/Github/Cerberus/Control/cerberus_ws/install/cerberus_leg_loop/share/cerberus_leg_loop/hook/ament_prefix_path.ps1'
[0.421s] INFO:colcon.colcon_core.shell:Creating environment descriptor '/home/v/Dev/Github/Cerberus/Control/cerberus_ws/install/cerberus_leg_loop/share/cerberus_leg_loop/hook/ament_prefix_path.dsv'
[0.421s] INFO:colcon.colcon_core.shell:Creating environment hook '/home/v/Dev/Github/Cerberus/Control/cerberus_ws/install/cerberus_leg_loop/share/cerberus_leg_loop/hook/ament_prefix_path.sh'
[0.422s] INFO:colcon.colcon_core.shell:Skip shell extension 'powershell' for command environment: Not usable outside of PowerShell
[0.422s] DEBUG:colcon.colcon_core.shell:Skip shell extension 'dsv' for command environment
[0.426s] INFO:colcon.colcon_ros.task.ament_cmake.build:Building ROS package in '/home/v/Dev/Github/Cerberus/Control/cerberus_ws/src/cerberus_final/cerberus_training' with build type 'ament_cmake'
[0.427s] INFO:colcon.colcon_cmake.task.cmake.build:Building CMake package in '/home/v/Dev/Github/Cerberus/Control/cerberus_ws/src/cerberus_final/cerberus_training'
[0.427s] INFO:colcon.colcon_core.shell:Skip shell extension 'powershell' for command environment: Not usable outside of PowerShell
[0.427s] DEBUG:colcon.colcon_core.shell:Skip shell extension 'dsv' for command environment
[0.431s] INFO:colcon.colcon_ros.task.ament_cmake.build:Building ROS package in '/home/v/Dev/Github/Cerberus/Control/cerberus_ws/src/cerberus_final/odrive_hardware_interface' with build type 'ament_cmake'
[0.431s] INFO:colcon.colcon_cmake.task.cmake.build:Building CMake package in '/home/v/Dev/Github/Cerberus/Control/cerberus_ws/src/cerberus_final/odrive_hardware_interface'
[0.431s] INFO:colcon.colcon_core.shell:Skip shell extension 'powershell' for command environment: Not usable outside of PowerShell
[0.431s] DEBUG:colcon.colcon_core.shell:Skip shell extension 'dsv' for command environment
[0.442s] DEBUG:colcon.colcon_core.event_handler.log_command:Invoking command in '/home/v/Dev/Github/Cerberus/Control/cerberus_ws/build/cerberus_description': CMAKE_PREFIX_PATH=${CMAKE_PREFIX_PATH}:/opt/ros/humble /usr/bin/cmake --build /home/v/Dev/Github/Cerberus/Control/cerberus_ws/build/cerberus_description -- -j12 -l12
[0.722s] INFO:colcon.colcon_core.task.python.build:Building Python package in '/home/v/Dev/Github/Cerberus/Control/cerberus_ws/src/cerberus_leg_loop'
[0.722s] INFO:colcon.colcon_core.shell:Skip shell extension 'powershell' for command environment: Not usable outside of PowerShell
[0.722s] DEBUG:colcon.colcon_core.shell:Skip shell extension 'dsv' for command environment
[0.729s] DEBUG:colcon.colcon_core.event_handler.log_command:Invoking command in '/home/v/Dev/Github/Cerberus/Control/cerberus_ws/build/cerberus_training': CMAKE_PREFIX_PATH=${CMAKE_PREFIX_PATH}:/opt/ros/humble /usr/bin/cmake --build /home/v/Dev/Github/Cerberus/Control/cerberus_ws/build/cerberus_training -- -j12 -l12
[0.732s] DEBUG:colcon.colcon_core.event_handler.log_command:Invoking command in '/home/v/Dev/Github/Cerberus/Control/cerberus_ws/build/odrive_hardware_interface': CMAKE_PREFIX_PATH=${CMAKE_PREFIX_PATH}:/opt/ros/humble /usr/bin/cmake --build /home/v/Dev/Github/Cerberus/Control/cerberus_ws/build/odrive_hardware_interface -- -j12 -l12
[0.734s] DEBUG:colcon.colcon_core.event_handler.log_command:Invoked command in '/home/v/Dev/Github/Cerberus/Control/cerberus_ws/build/cerberus_description' returned '0': CMAKE_PREFIX_PATH=${CMAKE_PREFIX_PATH}:/opt/ros/humble /usr/bin/cmake --build /home/v/Dev/Github/Cerberus/Control/cerberus_ws/build/cerberus_description -- -j12 -l12
[0.738s] DEBUG:colcon.colcon_core.event_handler.log_command:Invoking command in '/home/v/Dev/Github/Cerberus/Control/cerberus_ws/build/cerberus_description': CMAKE_PREFIX_PATH=${CMAKE_PREFIX_PATH}:/opt/ros/humble /usr/bin/cmake --install /home/v/Dev/Github/Cerberus/Control/cerberus_ws/build/cerberus_description
[0.745s] DEBUG:colcon.colcon_core.event_handler.log_command:Invoked command in '/home/v/Dev/Github/Cerberus/Control/cerberus_ws/build/cerberus_training' returned '0': CMAKE_PREFIX_PATH=${CMAKE_PREFIX_PATH}:/opt/ros/humble /usr/bin/cmake --build /home/v/Dev/Github/Cerberus/Control/cerberus_ws/build/cerberus_training -- -j12 -l12
[0.746s] DEBUG:colcon.colcon_core.event_handler.log_command:Invoking command in '/home/v/Dev/Github/Cerberus/Control/cerberus_ws/build/cerberus_training': CMAKE_PREFIX_PATH=${CMAKE_PREFIX_PATH}:/opt/ros/humble /usr/bin/cmake --install /home/v/Dev/Github/Cerberus/Control/cerberus_ws/build/cerberus_training
[0.747s] Level 1:colcon.colcon_core.environment:create_environment_scripts_only(cerberus_description)
[0.747s] DEBUG:colcon.colcon_core.event_handler.log_command:Invoked command in '/home/v/Dev/Github/Cerberus/Control/cerberus_ws/build/cerberus_description' returned '0': CMAKE_PREFIX_PATH=${CMAKE_PREFIX_PATH}:/opt/ros/humble /usr/bin/cmake --install /home/v/Dev/Github/Cerberus/Control/cerberus_ws/build/cerberus_description
[0.750s] Level 1:colcon.colcon_core.environment:checking '/home/v/Dev/Github/Cerberus/Control/cerberus_ws/install/cerberus_description' for CMake module files
[0.750s] Level 1:colcon.colcon_core.environment:checking '/home/v/Dev/Github/Cerberus/Control/cerberus_ws/install/cerberus_description' for CMake config files
[0.751s] Level 1:colcon.colcon_core.shell:create_environment_hook('cerberus_description', 'cmake_prefix_path')
[0.751s] INFO:colcon.colcon_core.shell:Creating environment hook '/home/v/Dev/Github/Cerberus/Control/cerberus_ws/install/cerberus_description/share/cerberus_description/hook/cmake_prefix_path.ps1'
[0.751s] INFO:colcon.colcon_core.shell:Creating environment descriptor '/home/v/Dev/Github/Cerberus/Control/cerberus_ws/install/cerberus_description/share/cerberus_description/hook/cmake_prefix_path.dsv'
[0.751s] INFO:colcon.colcon_core.shell:Creating environment hook '/home/v/Dev/Github/Cerberus/Control/cerberus_ws/install/cerberus_description/share/cerberus_description/hook/cmake_prefix_path.sh'
[0.752s] Level 1:colcon.colcon_core.environment:checking '/home/v/Dev/Github/Cerberus/Control/cerberus_ws/install/cerberus_description/bin'
[0.752s] Level 1:colcon.colcon_core.environment:checking '/home/v/Dev/Github/Cerberus/Control/cerberus_ws/install/cerberus_description/lib/pkgconfig/cerberus_description.pc'
[0.752s] Level 1:colcon.colcon_core.environment:checking '/home/v/Dev/Github/Cerberus/Control/cerberus_ws/install/cerberus_description/lib/python3.10/site-packages'
[0.752s] Level 1:colcon.colcon_core.environment:checking '/home/v/Dev/Github/Cerberus/Control/cerberus_ws/install/cerberus_description/bin'
[0.753s] INFO:colcon.colcon_core.shell:Creating package script '/home/v/Dev/Github/Cerberus/Control/cerberus_ws/install/cerberus_description/share/cerberus_description/package.ps1'
[0.754s] INFO:colcon.colcon_core.shell:Creating package descriptor '/home/v/Dev/Github/Cerberus/Control/cerberus_ws/install/cerberus_description/share/cerberus_description/package.dsv'
[0.755s] INFO:colcon.colcon_core.shell:Creating package script '/home/v/Dev/Github/Cerberus/Control/cerberus_ws/install/cerberus_description/share/cerberus_description/package.sh'
[0.755s] INFO:colcon.colcon_core.shell:Creating package script '/home/v/Dev/Github/Cerberus/Control/cerberus_ws/install/cerberus_description/share/cerberus_description/package.bash'
[0.755s] INFO:colcon.colcon_core.shell:Creating package script '/home/v/Dev/Github/Cerberus/Control/cerberus_ws/install/cerberus_description/share/cerberus_description/package.zsh'
[0.756s] Level 1:colcon.colcon_core.environment:create_file_with_runtime_dependencies(/home/v/Dev/Github/Cerberus/Control/cerberus_ws/install/cerberus_description/share/colcon-core/packages/cerberus_description)
[0.756s] Level 1:colcon.colcon_core.environment:create_environment_scripts_only(cerberus_description)
[0.756s] Level 1:colcon.colcon_core.environment:checking '/home/v/Dev/Github/Cerberus/Control/cerberus_ws/install/cerberus_description' for CMake module files
[0.757s] Level 1:colcon.colcon_core.environment:checking '/home/v/Dev/Github/Cerberus/Control/cerberus_ws/install/cerberus_description' for CMake config files
[0.757s] Level 1:colcon.colcon_core.shell:create_environment_hook('cerberus_description', 'cmake_prefix_path')
[0.757s] INFO:colcon.colcon_core.shell:Creating environment hook '/home/v/Dev/Github/Cerberus/Control/cerberus_ws/install/cerberus_description/share/cerberus_description/hook/cmake_prefix_path.ps1'
[0.757s] INFO:colcon.colcon_core.shell:Creating environment descriptor '/home/v/Dev/Github/Cerberus/Control/cerberus_ws/install/cerberus_description/share/cerberus_description/hook/cmake_prefix_path.dsv'
[0.758s] INFO:colcon.colcon_core.shell:Creating environment hook '/home/v/Dev/Github/Cerberus/Control/cerberus_ws/install/cerberus_description/share/cerberus_description/hook/cmake_prefix_path.sh'
[0.758s] Level 1:colcon.colcon_core.environment:checking '/home/v/Dev/Github/Cerberus/Control/cerberus_ws/install/cerberus_description/bin'
[0.758s] Level 1:colcon.colcon_core.environment:checking '/home/v/Dev/Github/Cerberus/Control/cerberus_ws/install/cerberus_description/lib/pkgconfig/cerberus_description.pc'
[0.758s] Level 1:colcon.colcon_core.environment:checking '/home/v/Dev/Github/Cerberus/Control/cerberus_ws/install/cerberus_description/lib/python3.10/site-packages'
[0.758s] Level 1:colcon.colcon_core.environment:checking '/home/v/Dev/Github/Cerberus/Control/cerberus_ws/install/cerberus_description/bin'
[0.759s] INFO:colcon.colcon_core.shell:Creating package script '/home/v/Dev/Github/Cerberus/Control/cerberus_ws/install/cerberus_description/share/cerberus_description/package.ps1'
[0.759s] INFO:colcon.colcon_core.shell:Creating package descriptor '/home/v/Dev/Github/Cerberus/Control/cerberus_ws/install/cerberus_description/share/cerberus_description/package.dsv'
[0.759s] INFO:colcon.colcon_core.shell:Creating package script '/home/v/Dev/Github/Cerberus/Control/cerberus_ws/install/cerberus_description/share/cerberus_description/package.sh'
[0.759s] INFO:colcon.colcon_core.shell:Creating package script '/home/v/Dev/Github/Cerberus/Control/cerberus_ws/install/cerberus_description/share/cerberus_description/package.bash'
[0.760s] INFO:colcon.colcon_core.shell:Creating package script '/home/v/Dev/Github/Cerberus/Control/cerberus_ws/install/cerberus_description/share/cerberus_description/package.zsh'
[0.760s] Level 1:colcon.colcon_core.environment:create_file_with_runtime_dependencies(/home/v/Dev/Github/Cerberus/Control/cerberus_ws/install/cerberus_description/share/colcon-core/packages/cerberus_description)
[0.760s] INFO:colcon.colcon_ros.task.ament_cmake.build:Building ROS package in '/home/v/Dev/Github/Cerberus/Control/cerberus_ws/src/cerberus_final/cerberus_bringup' with build type 'ament_cmake'
[0.760s] INFO:colcon.colcon_cmake.task.cmake.build:Building CMake package in '/home/v/Dev/Github/Cerberus/Control/cerberus_ws/src/cerberus_final/cerberus_bringup'
[0.760s] INFO:colcon.colcon_core.shell:Skip shell extension 'powershell' for command environment: Not usable outside of PowerShell
[0.760s] DEBUG:colcon.colcon_core.shell:Skip shell extension 'dsv' for command environment
[0.763s] INFO:colcon.colcon_ros.task.ament_cmake.build:Building ROS package in '/home/v/Dev/Github/Cerberus/Control/cerberus_ws/src/cerberus_final/cerberus_gazebo' with build type 'ament_cmake'
[0.764s] INFO:colcon.colcon_cmake.task.cmake.build:Building CMake package in '/home/v/Dev/Github/Cerberus/Control/cerberus_ws/src/cerberus_final/cerberus_gazebo'
[0.764s] INFO:colcon.colcon_core.shell:Skip shell extension 'powershell' for command environment: Not usable outside of PowerShell
[0.764s] DEBUG:colcon.colcon_core.shell:Skip shell extension 'dsv' for command environment
[0.768s] Level 1:colcon.colcon_core.environment:create_environment_scripts_only(cerberus_training)
[0.768s] Level 1:colcon.colcon_core.environment:checking '/home/v/Dev/Github/Cerberus/Control/cerberus_ws/install/cerberus_training' for CMake module files
[0.768s] DEBUG:colcon.colcon_core.event_handler.log_command:Invoked command in '/home/v/Dev/Github/Cerberus/Control/cerberus_ws/build/cerberus_training' returned '0': CMAKE_PREFIX_PATH=${CMAKE_PREFIX_PATH}:/opt/ros/humble /usr/bin/cmake --install /home/v/Dev/Github/Cerberus/Control/cerberus_ws/build/cerberus_training
[0.769s] Level 1:colcon.colcon_core.environment:checking '/home/v/Dev/Github/Cerberus/Control/cerberus_ws/install/cerberus_training' for CMake config files
[0.769s] Level 1:colcon.colcon_core.shell:create_environment_hook('cerberus_training', 'cmake_prefix_path')
[0.769s] INFO:colcon.colcon_core.shell:Creating environment hook '/home/v/Dev/Github/Cerberus/Control/cerberus_ws/install/cerberus_training/share/cerberus_training/hook/cmake_prefix_path.ps1'
[0.770s] INFO:colcon.colcon_core.shell:Creating environment descriptor '/home/v/Dev/Github/Cerberus/Control/cerberus_ws/install/cerberus_training/share/cerberus_training/hook/cmake_prefix_path.dsv'
[0.770s] INFO:colcon.colcon_core.shell:Creating environment hook '/home/v/Dev/Github/Cerberus/Control/cerberus_ws/install/cerberus_training/share/cerberus_training/hook/cmake_prefix_path.sh'
[0.770s] Level 1:colcon.colcon_core.environment:checking '/home/v/Dev/Github/Cerberus/Control/cerberus_ws/install/cerberus_training/bin'
[0.770s] Level 1:colcon.colcon_core.environment:checking '/home/v/Dev/Github/Cerberus/Control/cerberus_ws/install/cerberus_training/lib/pkgconfig/cerberus_training.pc'
[0.770s] Level 1:colcon.colcon_core.environment:checking '/home/v/Dev/Github/Cerberus/Control/cerberus_ws/install/cerberus_training/lib/python3.10/site-packages'
[0.771s] Level 1:colcon.colcon_core.environment:checking '/home/v/Dev/Github/Cerberus/Control/cerberus_ws/install/cerberus_training/bin'
[0.771s] INFO:colcon.colcon_core.shell:Creating package script '/home/v/Dev/Github/Cerberus/Control/cerberus_ws/install/cerberus_training/share/cerberus_training/package.ps1'
[0.771s] INFO:colcon.colcon_core.shell:Creating package descriptor '/home/v/Dev/Github/Cerberus/Control/cerberus_ws/install/cerberus_training/share/cerberus_training/package.dsv'
[0.772s] INFO:colcon.colcon_core.shell:Creating package script '/home/v/Dev/Github/Cerberus/Control/cerberus_ws/install/cerberus_training/share/cerberus_training/package.sh'
[0.772s] INFO:colcon.colcon_core.shell:Creating package script '/home/v/Dev/Github/Cerberus/Control/cerberus_ws/install/cerberus_training/share/cerberus_training/package.bash'
[0.772s] INFO:colcon.colcon_core.shell:Creating package script '/home/v/Dev/Github/Cerberus/Control/cerberus_ws/install/cerberus_training/share/cerberus_training/package.zsh'
[0.772s] Level 1:colcon.colcon_core.environment:create_file_with_runtime_dependencies(/home/v/Dev/Github/Cerberus/Control/cerberus_ws/install/cerberus_training/share/colcon-core/packages/cerberus_training)
[0.773s] Level 1:colcon.colcon_core.environment:create_environment_scripts_only(cerberus_training)
[0.773s] Level 1:colcon.colcon_core.environment:checking '/home/v/Dev/Github/Cerberus/Control/cerberus_ws/install/cerberus_training' for CMake module files
[0.773s] Level 1:colcon.colcon_core.environment:checking '/home/v/Dev/Github/Cerberus/Control/cerberus_ws/install/cerberus_training' for CMake config files
[0.773s] Level 1:colcon.colcon_core.shell:create_environment_hook('cerberus_training', 'cmake_prefix_path')
[0.774s] INFO:colcon.colcon_core.shell:Creating environment hook '/home/v/Dev/Github/Cerberus/Control/cerberus_ws/install/cerberus_training/share/cerberus_training/hook/cmake_prefix_path.ps1'
[0.774s] INFO:colcon.colcon_core.shell:Creating environment descriptor '/home/v/Dev/Github/Cerberus/Control/cerberus_ws/install/cerberus_training/share/cerberus_training/hook/cmake_prefix_path.dsv'
[0.775s] INFO:colcon.colcon_core.shell:Creating environment hook '/home/v/Dev/Github/Cerberus/Control/cerberus_ws/install/cerberus_training/share/cerberus_training/hook/cmake_prefix_path.sh'
[0.775s] Level 1:colcon.colcon_core.environment:checking '/home/v/Dev/Github/Cerberus/Control/cerberus_ws/install/cerberus_training/bin'
[0.775s] Level 1:colcon.colcon_core.environment:checking '/home/v/Dev/Github/Cerberus/Control/cerberus_ws/install/cerberus_training/lib/pkgconfig/cerberus_training.pc'
[0.776s] Level 1:colcon.colcon_core.environment:checking '/home/v/Dev/Github/Cerberus/Control/cerberus_ws/install/cerberus_training/lib/python3.10/site-packages'
[0.776s] Level 1:colcon.colcon_core.environment:checking '/home/v/Dev/Github/Cerberus/Control/cerberus_ws/install/cerberus_training/bin'
[0.776s] INFO:colcon.colcon_core.shell:Creating package script '/home/v/Dev/Github/Cerberus/Control/cerberus_ws/install/cerberus_training/share/cerberus_training/package.ps1'
[0.776s] INFO:colcon.colcon_core.shell:Creating package descriptor '/home/v/Dev/Github/Cerberus/Control/cerberus_ws/install/cerberus_training/share/cerberus_training/package.dsv'
[0.777s] INFO:colcon.colcon_core.shell:Creating package script '/home/v/Dev/Github/Cerberus/Control/cerberus_ws/install/cerberus_training/share/cerberus_training/package.sh'
[0.777s] INFO:colcon.colcon_core.shell:Creating package script '/home/v/Dev/Github/Cerberus/Control/cerberus_ws/install/cerberus_training/share/cerberus_training/package.bash'
[0.777s] INFO:colcon.colcon_core.shell:Creating package script '/home/v/Dev/Github/Cerberus/Control/cerberus_ws/install/cerberus_training/share/cerberus_training/package.zsh'
[0.778s] Level 1:colcon.colcon_core.environment:create_file_with_runtime_dependencies(/home/v/Dev/Github/Cerberus/Control/cerberus_ws/install/cerberus_training/share/colcon-core/packages/cerberus_training)
[0.781s] DEBUG:colcon.colcon_core.event_handler.log_command:Invoking command in '/home/v/Dev/Github/Cerberus/Control/cerberus_ws/build/cerberus_bringup': CMAKE_PREFIX_PATH=/home/v/Dev/Github/Cerberus/Control/cerberus_ws/install/cerberus_description:/home/v/Dev/Github/Cerberus/Control/cerberus_ws/install/odrive_hardware_interface:/home/v/Dev/Github/Cerberus/Control/cerberus_ws/install/cerberus_training:/home/v/Dev/Github/Cerberus/Control/cerberus_ws/install/cerberus_gazebo:/home/v/Dev/Github/Cerberus/Control/cerberus_ws/install/cerberus_bringup:/opt/ros/humble /usr/bin/cmake --build /home/v/Dev/Github/Cerberus/Control/cerberus_ws/build/cerberus_bringup -- -j12 -l12
[0.783s] DEBUG:colcon.colcon_core.event_handler.log_command:Invoking command in '/home/v/Dev/Github/Cerberus/Control/cerberus_ws/build/cerberus_gazebo': CMAKE_PREFIX_PATH=/home/v/Dev/Github/Cerberus/Control/cerberus_ws/install/cerberus_description:/home/v/Dev/Github/Cerberus/Control/cerberus_ws/install/odrive_hardware_interface:/home/v/Dev/Github/Cerberus/Control/cerberus_ws/install/cerberus_training:/home/v/Dev/Github/Cerberus/Control/cerberus_ws/install/cerberus_gazebo:/home/v/Dev/Github/Cerberus/Control/cerberus_ws/install/cerberus_bringup:/opt/ros/humble /usr/bin/cmake --build /home/v/Dev/Github/Cerberus/Control/cerberus_ws/build/cerberus_gazebo -- -j12 -l12
[0.783s] DEBUG:colcon.colcon_core.event_handler.log_command:Invoked command in '/home/v/Dev/Github/Cerberus/Control/cerberus_ws/build/odrive_hardware_interface' returned '0': CMAKE_PREFIX_PATH=${CMAKE_PREFIX_PATH}:/opt/ros/humble /usr/bin/cmake --build /home/v/Dev/Github/Cerberus/Control/cerberus_ws/build/odrive_hardware_interface -- -j12 -l12
[0.785s] DEBUG:colcon.colcon_core.event_handler.log_command:Invoking command in '/home/v/Dev/Github/Cerberus/Control/cerberus_ws/build/odrive_hardware_interface': CMAKE_PREFIX_PATH=${CMAKE_PREFIX_PATH}:/opt/ros/humble /usr/bin/cmake --install /home/v/Dev/Github/Cerberus/Control/cerberus_ws/build/odrive_hardware_interface
[0.795s] DEBUG:colcon.colcon_core.event_handler.log_command:Invoked command in '/home/v/Dev/Github/Cerberus/Control/cerberus_ws/build/cerberus_bringup' returned '0': CMAKE_PREFIX_PATH=/home/v/Dev/Github/Cerberus/Control/cerberus_ws/install/cerberus_description:/home/v/Dev/Github/Cerberus/Control/cerberus_ws/install/odrive_hardware_interface:/home/v/Dev/Github/Cerberus/Control/cerberus_ws/install/cerberus_training:/home/v/Dev/Github/Cerberus/Control/cerberus_ws/install/cerberus_gazebo:/home/v/Dev/Github/Cerberus/Control/cerberus_ws/install/cerberus_bringup:/opt/ros/humble /usr/bin/cmake --build /home/v/Dev/Github/Cerberus/Control/cerberus_ws/build/cerberus_bringup -- -j12 -l12
[0.796s] DEBUG:colcon.colcon_core.event_handler.log_command:Invoking command in '/home/v/Dev/Github/Cerberus/Control/cerberus_ws/build/cerberus_bringup': CMAKE_PREFIX_PATH=/home/v/Dev/Github/Cerberus/Control/cerberus_ws/install/cerberus_description:/home/v/Dev/Github/Cerberus/Control/cerberus_ws/install/odrive_hardware_interface:/home/v/Dev/Github/Cerberus/Control/cerberus_ws/install/cerberus_training:/home/v/Dev/Github/Cerberus/Control/cerberus_ws/install/cerberus_gazebo:/home/v/Dev/Github/Cerberus/Control/cerberus_ws/install/cerberus_bringup:/opt/ros/humble /usr/bin/cmake --install /home/v/Dev/Github/Cerberus/Control/cerberus_ws/build/cerberus_bringup
[0.797s] Level 1:colcon.colcon_core.environment:create_environment_scripts_only(odrive_hardware_interface)
[0.797s] Level 1:colcon.colcon_core.environment:checking '/home/v/Dev/Github/Cerberus/Control/cerberus_ws/install/odrive_hardware_interface' for CMake module files
[0.797s] DEBUG:colcon.colcon_core.event_handler.log_command:Invoked command in '/home/v/Dev/Github/Cerberus/Control/cerberus_ws/build/odrive_hardware_interface' returned '0': CMAKE_PREFIX_PATH=${CMAKE_PREFIX_PATH}:/opt/ros/humble /usr/bin/cmake --install /home/v/Dev/Github/Cerberus/Control/cerberus_ws/build/odrive_hardware_interface
[0.798s] Level 1:colcon.colcon_core.environment:checking '/home/v/Dev/Github/Cerberus/Control/cerberus_ws/install/odrive_hardware_interface' for CMake config files
[0.798s] Level 1:colcon.colcon_core.shell:create_environment_hook('odrive_hardware_interface', 'cmake_prefix_path')
[0.798s] INFO:colcon.colcon_core.shell:Creating environment hook '/home/v/Dev/Github/Cerberus/Control/cerberus_ws/install/odrive_hardware_interface/share/odrive_hardware_interface/hook/cmake_prefix_path.ps1'
[0.799s] INFO:colcon.colcon_core.shell:Creating environment descriptor '/home/v/Dev/Github/Cerberus/Control/cerberus_ws/install/odrive_hardware_interface/share/odrive_hardware_interface/hook/cmake_prefix_path.dsv'
[0.799s] INFO:colcon.colcon_core.shell:Creating environment hook '/home/v/Dev/Github/Cerberus/Control/cerberus_ws/install/odrive_hardware_interface/share/odrive_hardware_interface/hook/cmake_prefix_path.sh'
[0.800s] Level 1:colcon.colcon_core.environment:checking '/home/v/Dev/Github/Cerberus/Control/cerberus_ws/install/odrive_hardware_interface/lib'
[0.801s] Level 1:colcon.colcon_core.shell:create_environment_hook('odrive_hardware_interface', 'ld_library_path_lib')
[0.801s] INFO:colcon.colcon_core.shell:Creating environment hook '/home/v/Dev/Github/Cerberus/Control/cerberus_ws/install/odrive_hardware_interface/share/odrive_hardware_interface/hook/ld_library_path_lib.ps1'
[0.802s] INFO:colcon.colcon_core.shell:Creating environment descriptor '/home/v/Dev/Github/Cerberus/Control/cerberus_ws/install/odrive_hardware_interface/share/odrive_hardware_interface/hook/ld_library_path_lib.dsv'
[0.802s] INFO:colcon.colcon_core.shell:Creating environment hook '/home/v/Dev/Github/Cerberus/Control/cerberus_ws/install/odrive_hardware_interface/share/odrive_hardware_interface/hook/ld_library_path_lib.sh'
[0.802s] Level 1:colcon.colcon_core.environment:checking '/home/v/Dev/Github/Cerberus/Control/cerberus_ws/install/odrive_hardware_interface/bin'
[0.802s] Level 1:colcon.colcon_core.environment:checking '/home/v/Dev/Github/Cerberus/Control/cerberus_ws/install/odrive_hardware_interface/lib/pkgconfig/odrive_hardware_interface.pc'
[0.803s] Level 1:colcon.colcon_core.environment:checking '/home/v/Dev/Github/Cerberus/Control/cerberus_ws/install/odrive_hardware_interface/lib/python3.10/site-packages'
[0.803s] Level 1:colcon.colcon_core.environment:checking '/home/v/Dev/Github/Cerberus/Control/cerberus_ws/install/odrive_hardware_interface/bin'
[0.803s] INFO:colcon.colcon_core.shell:Creating package script '/home/v/Dev/Github/Cerberus/Control/cerberus_ws/install/odrive_hardware_interface/share/odrive_hardware_interface/package.ps1'
[0.803s] INFO:colcon.colcon_core.shell:Creating package descriptor '/home/v/Dev/Github/Cerberus/Control/cerberus_ws/install/odrive_hardware_interface/share/odrive_hardware_interface/package.dsv'
[0.804s] INFO:colcon.colcon_core.shell:Creating package script '/home/v/Dev/Github/Cerberus/Control/cerberus_ws/install/odrive_hardware_interface/share/odrive_hardware_interface/package.sh'
[0.804s] INFO:colcon.colcon_core.shell:Creating package script '/home/v/Dev/Github/Cerberus/Control/cerberus_ws/install/odrive_hardware_interface/share/odrive_hardware_interface/package.bash'
[0.804s] INFO:colcon.colcon_core.shell:Creating package script '/home/v/Dev/Github/Cerberus/Control/cerberus_ws/install/odrive_hardware_interface/share/odrive_hardware_interface/package.zsh'
[0.804s] Level 1:colcon.colcon_core.environment:create_file_with_runtime_dependencies(/home/v/Dev/Github/Cerberus/Control/cerberus_ws/install/odrive_hardware_interface/share/colcon-core/packages/odrive_hardware_interface)
[0.805s] Level 1:colcon.colcon_core.environment:create_environment_scripts_only(odrive_hardware_interface)
[0.805s] Level 1:colcon.colcon_core.environment:checking '/home/v/Dev/Github/Cerberus/Control/cerberus_ws/install/odrive_hardware_interface' for CMake module files
[0.806s] Level 1:colcon.colcon_core.environment:checking '/home/v/Dev/Github/Cerberus/Control/cerberus_ws/install/odrive_hardware_interface' for CMake config files
[0.806s] Level 1:colcon.colcon_core.shell:create_environment_hook('odrive_hardware_interface', 'cmake_prefix_path')
[0.806s] INFO:colcon.colcon_core.shell:Creating environment hook '/home/v/Dev/Github/Cerberus/Control/cerberus_ws/install/odrive_hardware_interface/share/odrive_hardware_interface/hook/cmake_prefix_path.ps1'
[0.806s] INFO:colcon.colcon_core.shell:Creating environment descriptor '/home/v/Dev/Github/Cerberus/Control/cerberus_ws/install/odrive_hardware_interface/share/odrive_hardware_interface/hook/cmake_prefix_path.dsv'
[0.807s] INFO:colcon.colcon_core.shell:Creating environment hook '/home/v/Dev/Github/Cerberus/Control/cerberus_ws/install/odrive_hardware_interface/share/odrive_hardware_interface/hook/cmake_prefix_path.sh'
[0.807s] Level 1:colcon.colcon_core.environment:checking '/home/v/Dev/Github/Cerberus/Control/cerberus_ws/install/odrive_hardware_interface/lib'
[0.807s] Level 1:colcon.colcon_core.shell:create_environment_hook('odrive_hardware_interface', 'ld_library_path_lib')
[0.807s] INFO:colcon.colcon_core.shell:Creating environment hook '/home/v/Dev/Github/Cerberus/Control/cerberus_ws/install/odrive_hardware_interface/share/odrive_hardware_interface/hook/ld_library_path_lib.ps1'
[0.807s] INFO:colcon.colcon_core.shell:Creating environment descriptor '/home/v/Dev/Github/Cerberus/Control/cerberus_ws/install/odrive_hardware_interface/share/odrive_hardware_interface/hook/ld_library_path_lib.dsv'
[0.808s] INFO:colcon.colcon_core.shell:Creating environment hook '/home/v/Dev/Github/Cerberus/Control/cerberus_ws/install/odrive_hardware_interface/share/odrive_hardware_interface/hook/ld_library_path_lib.sh'
[0.808s] Level 1:colcon.colcon_core.environment:checking '/home/v/Dev/Github/Cerberus/Control/cerberus_ws/install/odrive_hardware_interface/bin'
[0.808s] Level 1:colcon.colcon_core.environment:checking '/home/v/Dev/Github/Cerberus/Control/cerberus_ws/install/odrive_hardware_interface/lib/pkgconfig/odrive_hardware_interface.pc'
[0.808s] Level 1:colcon.colcon_core.environment:checking '/home/v/Dev/Github/Cerberus/Control/cerberus_ws/install/odrive_hardware_interface/lib/python3.10/site-packages'
[0.808s] Level 1:colcon.colcon_core.environment:checking '/home/v/Dev/Github/Cerberus/Control/cerberus_ws/install/odrive_hardware_interface/bin'
[0.809s] INFO:colcon.colcon_core.shell:Creating package script '/home/v/Dev/Github/Cerberus/Control/cerberus_ws/install/odrive_hardware_interface/share/odrive_hardware_interface/package.ps1'
[0.809s] INFO:colcon.colcon_core.shell:Creating package descriptor '/home/v/Dev/Github/Cerberus/Control/cerberus_ws/install/odrive_hardware_interface/share/odrive_hardware_interface/package.dsv'
[0.809s] INFO:colcon.colcon_core.shell:Creating package script '/home/v/Dev/Github/Cerberus/Control/cerberus_ws/install/odrive_hardware_interface/share/odrive_hardware_interface/package.sh'
[0.810s] INFO:colcon.colcon_core.shell:Creating package script '/home/v/Dev/Github/Cerberus/Control/cerberus_ws/install/odrive_hardware_interface/share/odrive_hardware_interface/package.bash'
[0.810s] INFO:colcon.colcon_core.shell:Creating package script '/home/v/Dev/Github/Cerberus/Control/cerberus_ws/install/odrive_hardware_interface/share/odrive_hardware_interface/package.zsh'
[0.810s] Level 1:colcon.colcon_core.environment:create_file_with_runtime_dependencies(/home/v/Dev/Github/Cerberus/Control/cerberus_ws/install/odrive_hardware_interface/share/colcon-core/packages/odrive_hardware_interface)
[0.811s] Level 1:colcon.colcon_core.environment:create_environment_scripts_only(cerberus_bringup)
[0.811s] Level 1:colcon.colcon_core.environment:checking '/home/v/Dev/Github/Cerberus/Control/cerberus_ws/install/cerberus_bringup' for CMake module files
[0.812s] DEBUG:colcon.colcon_core.event_handler.log_command:Invoked command in '/home/v/Dev/Github/Cerberus/Control/cerberus_ws/build/cerberus_bringup' returned '0': CMAKE_PREFIX_PATH=/home/v/Dev/Github/Cerberus/Control/cerberus_ws/install/cerberus_description:/home/v/Dev/Github/Cerberus/Control/cerberus_ws/install/odrive_hardware_interface:/home/v/Dev/Github/Cerberus/Control/cerberus_ws/install/cerberus_training:/home/v/Dev/Github/Cerberus/Control/cerberus_ws/install/cerberus_gazebo:/home/v/Dev/Github/Cerberus/Control/cerberus_ws/install/cerberus_bringup:/opt/ros/humble /usr/bin/cmake --install /home/v/Dev/Github/Cerberus/Control/cerberus_ws/build/cerberus_bringup
[0.812s] Level 1:colcon.colcon_core.environment:checking '/home/v/Dev/Github/Cerberus/Control/cerberus_ws/install/cerberus_bringup' for CMake config files
[0.812s] Level 1:colcon.colcon_core.shell:create_environment_hook('cerberus_bringup', 'cmake_prefix_path')
[0.812s] INFO:colcon.colcon_core.shell:Creating environment hook '/home/v/Dev/Github/Cerberus/Control/cerberus_ws/install/cerberus_bringup/share/cerberus_bringup/hook/cmake_prefix_path.ps1'
[0.812s] INFO:colcon.colcon_core.shell:Creating environment descriptor '/home/v/Dev/Github/Cerberus/Control/cerberus_ws/install/cerberus_bringup/share/cerberus_bringup/hook/cmake_prefix_path.dsv'
[0.813s] INFO:colcon.colcon_core.shell:Creating environment hook '/home/v/Dev/Github/Cerberus/Control/cerberus_ws/install/cerberus_bringup/share/cerberus_bringup/hook/cmake_prefix_path.sh'
[0.813s] Level 1:colcon.colcon_core.environment:checking '/home/v/Dev/Github/Cerberus/Control/cerberus_ws/install/cerberus_bringup/bin'
[0.813s] Level 1:colcon.colcon_core.environment:checking '/home/v/Dev/Github/Cerberus/Control/cerberus_ws/install/cerberus_bringup/lib/pkgconfig/cerberus_bringup.pc'
[0.813s] Level 1:colcon.colcon_core.environment:checking '/home/v/Dev/Github/Cerberus/Control/cerberus_ws/install/cerberus_bringup/lib/python3.10/site-packages'
[0.813s] Level 1:colcon.colcon_core.environment:checking '/home/v/Dev/Github/Cerberus/Control/cerberus_ws/install/cerberus_bringup/bin'
[0.814s] INFO:colcon.colcon_core.shell:Creating package script '/home/v/Dev/Github/Cerberus/Control/cerberus_ws/install/cerberus_bringup/share/cerberus_bringup/package.ps1'
[0.814s] INFO:colcon.colcon_core.shell:Creating package descriptor '/home/v/Dev/Github/Cerberus/Control/cerberus_ws/install/cerberus_bringup/share/cerberus_bringup/package.dsv'
[0.814s] INFO:colcon.colcon_core.shell:Creating package script '/home/v/Dev/Github/Cerberus/Control/cerberus_ws/install/cerberus_bringup/share/cerberus_bringup/package.sh'
[0.814s] INFO:colcon.colcon_core.shell:Creating package script '/home/v/Dev/Github/Cerberus/Control/cerberus_ws/install/cerberus_bringup/share/cerberus_bringup/package.bash'
[0.815s] INFO:colcon.colcon_core.shell:Creating package script '/home/v/Dev/Github/Cerberus/Control/cerberus_ws/install/cerberus_bringup/share/cerberus_bringup/package.zsh'
[0.815s] Level 1:colcon.colcon_core.environment:create_file_with_runtime_dependencies(/home/v/Dev/Github/Cerberus/Control/cerberus_ws/install/cerberus_bringup/share/colcon-core/packages/cerberus_bringup)
[0.815s] Level 1:colcon.colcon_core.environment:create_environment_scripts_only(cerberus_bringup)
[0.815s] Level 1:colcon.colcon_core.environment:checking '/home/v/Dev/Github/Cerberus/Control/cerberus_ws/install/cerberus_bringup' for CMake module files
[0.816s] Level 1:colcon.colcon_core.environment:checking '/home/v/Dev/Github/Cerberus/Control/cerberus_ws/install/cerberus_bringup' for CMake config files
[0.816s] Level 1:colcon.colcon_core.shell:create_environment_hook('cerberus_bringup', 'cmake_prefix_path')
[0.816s] INFO:colcon.colcon_core.shell:Creating environment hook '/home/v/Dev/Github/Cerberus/Control/cerberus_ws/install/cerberus_bringup/share/cerberus_bringup/hook/cmake_prefix_path.ps1'
[0.816s] INFO:colcon.colcon_core.shell:Creating environment descriptor '/home/v/Dev/Github/Cerberus/Control/cerberus_ws/install/cerberus_bringup/share/cerberus_bringup/hook/cmake_prefix_path.dsv'
[0.816s] INFO:colcon.colcon_core.shell:Creating environment hook '/home/v/Dev/Github/Cerberus/Control/cerberus_ws/install/cerberus_bringup/share/cerberus_bringup/hook/cmake_prefix_path.sh'
[0.817s] Level 1:colcon.colcon_core.environment:checking '/home/v/Dev/Github/Cerberus/Control/cerberus_ws/install/cerberus_bringup/bin'
[0.817s] Level 1:colcon.colcon_core.environment:checking '/home/v/Dev/Github/Cerberus/Control/cerberus_ws/install/cerberus_bringup/lib/pkgconfig/cerberus_bringup.pc'
[0.817s] Level 1:colcon.colcon_core.environment:checking '/home/v/Dev/Github/Cerberus/Control/cerberus_ws/install/cerberus_bringup/lib/python3.10/site-packages'
[0.817s] Level 1:colcon.colcon_core.environment:checking '/home/v/Dev/Github/Cerberus/Control/cerberus_ws/install/cerberus_bringup/bin'
[0.817s] INFO:colcon.colcon_core.shell:Creating package script '/home/v/Dev/Github/Cerberus/Control/cerberus_ws/install/cerberus_bringup/share/cerberus_bringup/package.ps1'
[0.818s] INFO:colcon.colcon_core.shell:Creating package descriptor '/home/v/Dev/Github/Cerberus/Control/cerberus_ws/install/cerberus_bringup/share/cerberus_bringup/package.dsv'
[0.818s] INFO:colcon.colcon_core.shell:Creating package script '/home/v/Dev/Github/Cerberus/Control/cerberus_ws/install/cerberus_bringup/share/cerberus_bringup/package.sh'
[0.818s] INFO:colcon.colcon_core.shell:Creating package script '/home/v/Dev/Github/Cerberus/Control/cerberus_ws/install/cerberus_bringup/share/cerberus_bringup/package.bash'
[0.818s] INFO:colcon.colcon_core.shell:Creating package script '/home/v/Dev/Github/Cerberus/Control/cerberus_ws/install/cerberus_bringup/share/cerberus_bringup/package.zsh'
[0.819s] Level 1:colcon.colcon_core.environment:create_file_with_runtime_dependencies(/home/v/Dev/Github/Cerberus/Control/cerberus_ws/install/cerberus_bringup/share/colcon-core/packages/cerberus_bringup)
[0.820s] DEBUG:colcon.colcon_core.event_handler.log_command:Invoked command in '/home/v/Dev/Github/Cerberus/Control/cerberus_ws/build/cerberus_gazebo' returned '0': CMAKE_PREFIX_PATH=/home/v/Dev/Github/Cerberus/Control/cerberus_ws/install/cerberus_description:/home/v/Dev/Github/Cerberus/Control/cerberus_ws/install/odrive_hardware_interface:/home/v/Dev/Github/Cerberus/Control/cerberus_ws/install/cerberus_training:/home/v/Dev/Github/Cerberus/Control/cerberus_ws/install/cerberus_gazebo:/home/v/Dev/Github/Cerberus/Control/cerberus_ws/install/cerberus_bringup:/opt/ros/humble /usr/bin/cmake --build /home/v/Dev/Github/Cerberus/Control/cerberus_ws/build/cerberus_gazebo -- -j12 -l12
[0.821s] DEBUG:colcon.colcon_core.event_handler.log_command:Invoking command in '/home/v/Dev/Github/Cerberus/Control/cerberus_ws/build/cerberus_gazebo': CMAKE_PREFIX_PATH=/home/v/Dev/Github/Cerberus/Control/cerberus_ws/install/cerberus_description:/home/v/Dev/Github/Cerberus/Control/cerberus_ws/install/odrive_hardware_interface:/home/v/Dev/Github/Cerberus/Control/cerberus_ws/install/cerberus_training:/home/v/Dev/Github/Cerberus/Control/cerberus_ws/install/cerberus_gazebo:/home/v/Dev/Github/Cerberus/Control/cerberus_ws/install/cerberus_bringup:/opt/ros/humble /usr/bin/cmake --install /home/v/Dev/Github/Cerberus/Control/cerberus_ws/build/cerberus_gazebo
[0.834s] Level 1:colcon.colcon_core.environment:create_environment_scripts_only(cerberus_gazebo)
[0.834s] Level 1:colcon.colcon_core.environment:checking '/home/v/Dev/Github/Cerberus/Control/cerberus_ws/install/cerberus_gazebo' for CMake module files
[0.834s] DEBUG:colcon.colcon_core.event_handler.log_command:Invoked command in '/home/v/Dev/Github/Cerberus/Control/cerberus_ws/build/cerberus_gazebo' returned '0': CMAKE_PREFIX_PATH=/home/v/Dev/Github/Cerberus/Control/cerberus_ws/install/cerberus_description:/home/v/Dev/Github/Cerberus/Control/cerberus_ws/install/odrive_hardware_interface:/home/v/Dev/Github/Cerberus/Control/cerberus_ws/install/cerberus_training:/home/v/Dev/Github/Cerberus/Control/cerberus_ws/install/cerberus_gazebo:/home/v/Dev/Github/Cerberus/Control/cerberus_ws/install/cerberus_bringup:/opt/ros/humble /usr/bin/cmake --install /home/v/Dev/Github/Cerberus/Control/cerberus_ws/build/cerberus_gazebo
[0.835s] Level 1:colcon.colcon_core.environment:checking '/home/v/Dev/Github/Cerberus/Control/cerberus_ws/install/cerberus_gazebo' for CMake config files
[0.835s] Level 1:colcon.colcon_core.shell:create_environment_hook('cerberus_gazebo', 'cmake_prefix_path')
[0.835s] INFO:colcon.colcon_core.shell:Creating environment hook '/home/v/Dev/Github/Cerberus/Control/cerberus_ws/install/cerberus_gazebo/share/cerberus_gazebo/hook/cmake_prefix_path.ps1'
[0.835s] INFO:colcon.colcon_core.shell:Creating environment descriptor '/home/v/Dev/Github/Cerberus/Control/cerberus_ws/install/cerberus_gazebo/share/cerberus_gazebo/hook/cmake_prefix_path.dsv'
[0.836s] INFO:colcon.colcon_core.shell:Creating environment hook '/home/v/Dev/Github/Cerberus/Control/cerberus_ws/install/cerberus_gazebo/share/cerberus_gazebo/hook/cmake_prefix_path.sh'
[0.836s] Level 1:colcon.colcon_core.environment:checking '/home/v/Dev/Github/Cerberus/Control/cerberus_ws/install/cerberus_gazebo/lib'
[0.836s] Level 1:colcon.colcon_core.environment:checking '/home/v/Dev/Github/Cerberus/Control/cerberus_ws/install/cerberus_gazebo/bin'
[0.836s] Level 1:colcon.colcon_core.environment:checking '/home/v/Dev/Github/Cerberus/Control/cerberus_ws/install/cerberus_gazebo/lib/pkgconfig/cerberus_gazebo.pc'
[0.836s] Level 1:colcon.colcon_core.environment:checking '/home/v/Dev/Github/Cerberus/Control/cerberus_ws/install/cerberus_gazebo/lib/python3.10/site-packages'
[0.836s] Level 1:colcon.colcon_core.environment:checking '/home/v/Dev/Github/Cerberus/Control/cerberus_ws/install/cerberus_gazebo/bin'
[0.837s] INFO:colcon.colcon_core.shell:Creating package script '/home/v/Dev/Github/Cerberus/Control/cerberus_ws/install/cerberus_gazebo/share/cerberus_gazebo/package.ps1'
[0.837s] INFO:colcon.colcon_core.shell:Creating package descriptor '/home/v/Dev/Github/Cerberus/Control/cerberus_ws/install/cerberus_gazebo/share/cerberus_gazebo/package.dsv'
[0.837s] INFO:colcon.colcon_core.shell:Creating package script '/home/v/Dev/Github/Cerberus/Control/cerberus_ws/install/cerberus_gazebo/share/cerberus_gazebo/package.sh'
[0.837s] INFO:colcon.colcon_core.shell:Creating package script '/home/v/Dev/Github/Cerberus/Control/cerberus_ws/install/cerberus_gazebo/share/cerberus_gazebo/package.bash'
[0.838s] INFO:colcon.colcon_core.shell:Creating package script '/home/v/Dev/Github/Cerberus/Control/cerberus_ws/install/cerberus_gazebo/share/cerberus_gazebo/package.zsh'
[0.838s] Level 1:colcon.colcon_core.environment:create_file_with_runtime_dependencies(/home/v/Dev/Github/Cerberus/Control/cerberus_ws/install/cerberus_gazebo/share/colcon-core/packages/cerberus_gazebo)
[0.838s] Level 1:colcon.colcon_core.environment:create_environment_scripts_only(cerberus_gazebo)
[0.838s] Level 1:colcon.colcon_core.environment:checking '/home/v/Dev/Github/Cerberus/Control/cerberus_ws/install/cerberus_gazebo' for CMake module files
[0.839s] Level 1:colcon.colcon_core.environment:checking '/home/v/Dev/Github/Cerberus/Control/cerberus_ws/install/cerberus_gazebo' for CMake config files
[0.839s] Level 1:colcon.colcon_core.shell:create_environment_hook('cerberus_gazebo', 'cmake_prefix_path')
[0.839s] INFO:colcon.colcon_core.shell:Creating environment hook '/home/v/Dev/Github/Cerberus/Control/cerberus_ws/install/cerberus_gazebo/share/cerberus_gazebo/hook/cmake_prefix_path.ps1'
[0.839s] INFO:colcon.colcon_core.shell:Creating environment descriptor '/home/v/Dev/Github/Cerberus/Control/cerberus_ws/install/cerberus_gazebo/share/cerberus_gazebo/hook/cmake_prefix_path.dsv'
[0.839s] INFO:colcon.colcon_core.shell:Creating environment hook '/home/v/Dev/Github/Cerberus/Control/cerberus_ws/install/cerberus_gazebo/share/cerberus_gazebo/hook/cmake_prefix_path.sh'
[0.841s] Level 1:colcon.colcon_core.environment:checking '/home/v/Dev/Github/Cerberus/Control/cerberus_ws/install/cerberus_gazebo/lib'
[0.841s] Level 1:colcon.colcon_core.environment:checking '/home/v/Dev/Github/Cerberus/Control/cerberus_ws/install/cerberus_gazebo/bin'
[0.841s] Level 1:colcon.colcon_core.environment:checking '/home/v/Dev/Github/Cerberus/Control/cerberus_ws/install/cerberus_gazebo/lib/pkgconfig/cerberus_gazebo.pc'
[0.841s] Level 1:colcon.colcon_core.environment:checking '/home/v/Dev/Github/Cerberus/Control/cerberus_ws/install/cerberus_gazebo/lib/python3.10/site-packages'
[0.841s] Level 1:colcon.colcon_core.environment:checking '/home/v/Dev/Github/Cerberus/Control/cerberus_ws/install/cerberus_gazebo/bin'
[0.841s] INFO:colcon.colcon_core.shell:Creating package script '/home/v/Dev/Github/Cerberus/Control/cerberus_ws/install/cerberus_gazebo/share/cerberus_gazebo/package.ps1'
[0.842s] INFO:colcon.colcon_core.shell:Creating package descriptor '/home/v/Dev/Github/Cerberus/Control/cerberus_ws/install/cerberus_gazebo/share/cerberus_gazebo/package.dsv'
[0.842s] INFO:colcon.colcon_core.shell:Creating package script '/home/v/Dev/Github/Cerberus/Control/cerberus_ws/install/cerberus_gazebo/share/cerberus_gazebo/package.sh'
[0.842s] INFO:colcon.colcon_core.shell:Creating package script '/home/v/Dev/Github/Cerberus/Control/cerberus_ws/install/cerberus_gazebo/share/cerberus_gazebo/package.bash'
[0.842s] INFO:colcon.colcon_core.shell:Creating package script '/home/v/Dev/Github/Cerberus/Control/cerberus_ws/install/cerberus_gazebo/share/cerberus_gazebo/package.zsh'
[0.843s] Level 1:colcon.colcon_core.environment:create_file_with_runtime_dependencies(/home/v/Dev/Github/Cerberus/Control/cerberus_ws/install/cerberus_gazebo/share/colcon-core/packages/cerberus_gazebo)
[1.053s] DEBUG:colcon.colcon_core.event_handler.log_command:Invoking command in '/home/v/Dev/Github/Cerberus/Control/cerberus_ws/src/cerberus_leg_loop': PYTHONPATH=/home/v/Dev/Github/Cerberus/Control/cerberus_ws/build/cerberus_leg_loop/prefix_override:/usr/lib/python3/dist-packages/colcon_core/task/python/colcon_distutils_commands:/home/v/Dev/Github/Cerberus/Control/cerberus_ws/install/cerberus_leg_loop/lib/python3.10/site-packages:${PYTHONPATH} /usr/bin/python3 -W ignore:setup.py install is deprecated -W ignore:easy_install command is deprecated setup.py egg_info --egg-base ../../build/cerberus_leg_loop build --build-base /home/v/Dev/Github/Cerberus/Control/cerberus_ws/build/cerberus_leg_loop/build install --record /home/v/Dev/Github/Cerberus/Control/cerberus_ws/build/cerberus_leg_loop/install.log --single-version-externally-managed install_data
[1.257s] Level 1:colcon.colcon_core.environment:checking '/home/v/Dev/Github/Cerberus/Control/cerberus_ws/install/cerberus_leg_loop' for CMake module files
[1.258s] DEBUG:colcon.colcon_core.event_handler.log_command:Invoked command in '/home/v/Dev/Github/Cerberus/Control/cerberus_ws/src/cerberus_leg_loop' returned '0': PYTHONPATH=/home/v/Dev/Github/Cerberus/Control/cerberus_ws/build/cerberus_leg_loop/prefix_override:/usr/lib/python3/dist-packages/colcon_core/task/python/colcon_distutils_commands:/home/v/Dev/Github/Cerberus/Control/cerberus_ws/install/cerberus_leg_loop/lib/python3.10/site-packages:${PYTHONPATH} /usr/bin/python3 -W ignore:setup.py install is deprecated -W ignore:easy_install command is deprecated setup.py egg_info --egg-base ../../build/cerberus_leg_loop build --build-base /home/v/Dev/Github/Cerberus/Control/cerberus_ws/build/cerberus_leg_loop/build install --record /home/v/Dev/Github/Cerberus/Control/cerberus_ws/build/cerberus_leg_loop/install.log --single-version-externally-managed install_data
[1.258s] Level 1:colcon.colcon_core.environment:checking '/home/v/Dev/Github/Cerberus/Control/cerberus_ws/install/cerberus_leg_loop' for CMake config files
[1.258s] Level 1:colcon.colcon_core.environment:checking '/home/v/Dev/Github/Cerberus/Control/cerberus_ws/install/cerberus_leg_loop/lib'
[1.259s] Level 1:colcon.colcon_core.environment:checking '/home/v/Dev/Github/Cerberus/Control/cerberus_ws/install/cerberus_leg_loop/bin'
[1.259s] Level 1:colcon.colcon_core.environment:checking '/home/v/Dev/Github/Cerberus/Control/cerberus_ws/install/cerberus_leg_loop/lib/pkgconfig/cerberus_leg_loop.pc'
[1.259s] Level 1:colcon.colcon_core.environment:checking '/home/v/Dev/Github/Cerberus/Control/cerberus_ws/install/cerberus_leg_loop/lib/python3.10/site-packages'
[1.259s] Level 1:colcon.colcon_core.shell:create_environment_hook('cerberus_leg_loop', 'pythonpath')
[1.259s] INFO:colcon.colcon_core.shell:Creating environment hook '/home/v/Dev/Github/Cerberus/Control/cerberus_ws/install/cerberus_leg_loop/share/cerberus_leg_loop/hook/pythonpath.ps1'
[1.259s] INFO:colcon.colcon_core.shell:Creating environment descriptor '/home/v/Dev/Github/Cerberus/Control/cerberus_ws/install/cerberus_leg_loop/share/cerberus_leg_loop/hook/pythonpath.dsv'
[1.260s] INFO:colcon.colcon_core.shell:Creating environment hook '/home/v/Dev/Github/Cerberus/Control/cerberus_ws/install/cerberus_leg_loop/share/cerberus_leg_loop/hook/pythonpath.sh'
[1.260s] Level 1:colcon.colcon_core.environment:checking '/home/v/Dev/Github/Cerberus/Control/cerberus_ws/install/cerberus_leg_loop/bin'
[1.260s] Level 1:colcon.colcon_core.environment:create_environment_scripts_only(cerberus_leg_loop)
[1.260s] INFO:colcon.colcon_core.shell:Creating package script '/home/v/Dev/Github/Cerberus/Control/cerberus_ws/install/cerberus_leg_loop/share/cerberus_leg_loop/package.ps1'
[1.260s] INFO:colcon.colcon_core.shell:Creating package descriptor '/home/v/Dev/Github/Cerberus/Control/cerberus_ws/install/cerberus_leg_loop/share/cerberus_leg_loop/package.dsv'
[1.261s] INFO:colcon.colcon_core.shell:Creating package script '/home/v/Dev/Github/Cerberus/Control/cerberus_ws/install/cerberus_leg_loop/share/cerberus_leg_loop/package.sh'
[1.261s] INFO:colcon.colcon_core.shell:Creating package script '/home/v/Dev/Github/Cerberus/Control/cerberus_ws/install/cerberus_leg_loop/share/cerberus_leg_loop/package.bash'
[1.261s] INFO:colcon.colcon_core.shell:Creating package script '/home/v/Dev/Github/Cerberus/Control/cerberus_ws/install/cerberus_leg_loop/share/cerberus_leg_loop/package.zsh'
[1.261s] Level 1:colcon.colcon_core.environment:create_file_with_runtime_dependencies(/home/v/Dev/Github/Cerberus/Control/cerberus_ws/install/cerberus_leg_loop/share/colcon-core/packages/cerberus_leg_loop)
[1.262s] DEBUG:colcon.colcon_parallel_executor.executor.parallel:closing loop
[1.262s] DEBUG:colcon.colcon_parallel_executor.executor.parallel:loop closed
[1.262s] DEBUG:colcon.colcon_parallel_executor.executor.parallel:run_until_complete finished with '0'
[1.262s] DEBUG:colcon.colcon_core.event_reactor:joining thread
[1.266s] INFO:colcon.colcon_core.plugin_system:Skipping extension 'colcon_notification.desktop_notification.terminal_notifier': Not used on non-Darwin systems
[1.266s] INFO:colcon.colcon_core.plugin_system:Skipping extension 'colcon_notification.desktop_notification.win32': Not used on non-Windows systems
[1.266s] INFO:colcon.colcon_notification.desktop_notification:Sending desktop notification using 'notify2'
[1.277s] DEBUG:colcon.colcon_core.event_reactor:joined thread
[1.277s] INFO:colcon.colcon_core.shell:Creating prefix script '/home/v/Dev/Github/Cerberus/Control/cerberus_ws/install/local_setup.ps1'
[1.278s] INFO:colcon.colcon_core.shell:Creating prefix util module '/home/v/Dev/Github/Cerberus/Control/cerberus_ws/install/_local_setup_util_ps1.py'
[1.279s] INFO:colcon.colcon_core.shell:Creating prefix chain script '/home/v/Dev/Github/Cerberus/Control/cerberus_ws/install/setup.ps1'
[1.280s] INFO:colcon.colcon_core.shell:Creating prefix script '/home/v/Dev/Github/Cerberus/Control/cerberus_ws/install/local_setup.sh'
[1.280s] INFO:colcon.colcon_core.shell:Creating prefix util module '/home/v/Dev/Github/Cerberus/Control/cerberus_ws/install/_local_setup_util_sh.py'
[1.281s] INFO:colcon.colcon_core.shell:Creating prefix chain script '/home/v/Dev/Github/Cerberus/Control/cerberus_ws/install/setup.sh'
[1.281s] INFO:colcon.colcon_core.shell:Creating prefix script '/home/v/Dev/Github/Cerberus/Control/cerberus_ws/install/local_setup.bash'
[1.282s] INFO:colcon.colcon_core.shell:Creating prefix chain script '/home/v/Dev/Github/Cerberus/Control/cerberus_ws/install/setup.bash'
[1.282s] INFO:colcon.colcon_core.shell:Creating prefix script '/home/v/Dev/Github/Cerberus/Control/cerberus_ws/install/local_setup.zsh'
[1.283s] INFO:colcon.colcon_core.shell:Creating prefix chain script '/home/v/Dev/Github/Cerberus/Control/cerberus_ws/install/setup.zsh'
