[0.567s] Invoking command in '/home/v/Dev/Github/Cerberus/Control/cerberus_ws/src/cerberus_leg_loop': PYTHONPATH=/home/v/Dev/Github/Cerberus/Control/cerberus_ws/build/cerberus_leg_loop/prefix_override:/usr/lib/python3/dist-packages/colcon_core/task/python/colcon_distutils_commands:/home/v/Dev/Github/Cerberus/Control/cerberus_ws/install/cerberus_leg_loop/lib/python3.10/site-packages:${PYTHONPATH} /usr/bin/python3 -W ignore:setup.py install is deprecated -W ignore:easy_install command is deprecated setup.py egg_info --egg-base ../../build/cerberus_leg_loop build --build-base /home/v/Dev/Github/Cerberus/Control/cerberus_ws/build/cerberus_leg_loop/build install --record /home/v/Dev/Github/Cerberus/Control/cerberus_ws/build/cerberus_leg_loop/install.log --single-version-externally-managed install_data
[0.738s] running egg_info
[0.738s] writing ../../build/cerberus_leg_loop/cerberus_leg_loop.egg-info/PKG-INFO
[0.738s] writing dependency_links to ../../build/cerberus_leg_loop/cerberus_leg_loop.egg-info/dependency_links.txt
[0.738s] writing entry points to ../../build/cerberus_leg_loop/cerberus_leg_loop.egg-info/entry_points.txt
[0.738s] writing requirements to ../../build/cerberus_leg_loop/cerberus_leg_loop.egg-info/requires.txt
[0.738s] writing top-level names to ../../build/cerberus_leg_loop/cerberus_leg_loop.egg-info/top_level.txt
[0.739s] reading manifest file '../../build/cerberus_leg_loop/cerberus_leg_loop.egg-info/SOURCES.txt'
[0.740s] writing manifest file '../../build/cerberus_leg_loop/cerberus_leg_loop.egg-info/SOURCES.txt'
[0.740s] running build
[0.740s] running build_py
[0.740s] copying cerberus_leg_loop/RepeatingTrajectoryNode.py -> /home/v/Dev/Github/Cerberus/Control/cerberus_ws/build/cerberus_leg_loop/build/lib/cerberus_leg_loop
[0.741s] running install
[0.741s] running install_lib
[0.741s] copying /home/v/Dev/Github/Cerberus/Control/cerberus_ws/build/cerberus_leg_loop/build/lib/cerberus_leg_loop/RepeatingTrajectoryNode.py -> /home/v/Dev/Github/Cerberus/Control/cerberus_ws/install/cerberus_leg_loop/lib/python3.10/site-packages/cerberus_leg_loop
[0.742s] byte-compiling /home/v/Dev/Github/Cerberus/Control/cerberus_ws/install/cerberus_leg_loop/lib/python3.10/site-packages/cerberus_leg_loop/RepeatingTrajectoryNode.py to RepeatingTrajectoryNode.cpython-310.pyc
[0.742s] running install_data
[0.742s] running install_egg_info
[0.743s] removing '/home/v/Dev/Github/Cerberus/Control/cerberus_ws/install/cerberus_leg_loop/lib/python3.10/site-packages/cerberus_leg_loop-0.0.0-py3.10.egg-info' (and everything under it)
[0.744s] Copying ../../build/cerberus_leg_loop/cerberus_leg_loop.egg-info to /home/v/Dev/Github/Cerberus/Control/cerberus_ws/install/cerberus_leg_loop/lib/python3.10/site-packages/cerberus_leg_loop-0.0.0-py3.10.egg-info
[0.744s] running install_scripts
[0.758s] Installing RepeatingTrajectoryNode script to /home/v/Dev/Github/Cerberus/Control/cerberus_ws/install/cerberus_leg_loop/lib/cerberus_leg_loop
[0.758s] writing list of installed files to '/home/v/Dev/Github/Cerberus/Control/cerberus_ws/build/cerberus_leg_loop/install.log'
[0.777s] Invoked command in '/home/v/Dev/Github/Cerberus/Control/cerberus_ws/src/cerberus_leg_loop' returned '0': PYTHONPATH=/home/v/Dev/Github/Cerberus/Control/cerberus_ws/build/cerberus_leg_loop/prefix_override:/usr/lib/python3/dist-packages/colcon_core/task/python/colcon_distutils_commands:/home/v/Dev/Github/Cerberus/Control/cerberus_ws/install/cerberus_leg_loop/lib/python3.10/site-packages:${PYTHONPATH} /usr/bin/python3 -W ignore:setup.py install is deprecated -W ignore:easy_install command is deprecated setup.py egg_info --egg-base ../../build/cerberus_leg_loop build --build-base /home/v/Dev/Github/Cerberus/Control/cerberus_ws/build/cerberus_leg_loop/build install --record /home/v/Dev/Github/Cerberus/Control/cerberus_ws/build/cerberus_leg_loop/install.log --single-version-externally-managed install_data
