-- The C compiler identification is GNU 11.4.0
-- The CXX compiler identification is GNU 11.4.0
-- Detecting C compiler ABI info
-- Detecting C compiler ABI info - done
-- Check for working C compiler: /usr/bin/cc - skipped
-- Detecting C compile features
-- Detecting C compile features - done
-- Detecting CXX compiler ABI info
-- Detecting CXX compiler ABI info - done
-- Check for working CXX compiler: /usr/bin/c++ - skipped
-- Detecting CXX compile features
-- Detecting CXX compile features - done
-- Found ament_cmake: 1.3.11 (/opt/ros/humble/share/ament_cmake/cmake)
-- Found Python3: /usr/bin/python3 (found version "3.10.12") found components: Interpreter 
-- Override CMake install command with custom implementation using symlinks instead of copying resources
-- Found ament_lint_auto: 0.12.11 (/opt/ros/humble/share/ament_lint_auto/cmake)
-- Added test 'lint_cmake' to check CMake code style
-- Added test 'xmllint' to check XML markup files
-- Configuring done
-- Generating done
-- Build files have been written to: /home/v/Dev/Github/Cerberus/Control/cerberus_ws/build/cerberus_training
-- Install configuration: ""
-- Execute custom install script
-- Symlinking: /home/v/Dev/Github/Cerberus/Control/cerberus_ws/install/cerberus_training/share/ament_index/resource_index/package_run_dependencies/cerberus_training
-- Symlinking: /home/v/Dev/Github/Cerberus/Control/cerberus_ws/install/cerberus_training/share/ament_index/resource_index/parent_prefix_path/cerberus_training
-- Symlinking: /home/v/Dev/Github/Cerberus/Control/cerberus_ws/install/cerberus_training/share/cerberus_training/environment/ament_prefix_path.sh
-- Symlinking: /home/v/Dev/Github/Cerberus/Control/cerberus_ws/install/cerberus_training/share/cerberus_training/environment/ament_prefix_path.dsv
-- Symlinking: /home/v/Dev/Github/Cerberus/Control/cerberus_ws/install/cerberus_training/share/cerberus_training/environment/path.sh
-- Symlinking: /home/v/Dev/Github/Cerberus/Control/cerberus_ws/install/cerberus_training/share/cerberus_training/environment/path.dsv
-- Symlinking: /home/v/Dev/Github/Cerberus/Control/cerberus_ws/install/cerberus_training/share/cerberus_training/local_setup.bash
-- Symlinking: /home/v/Dev/Github/Cerberus/Control/cerberus_ws/install/cerberus_training/share/cerberus_training/local_setup.sh
-- Symlinking: /home/v/Dev/Github/Cerberus/Control/cerberus_ws/install/cerberus_training/share/cerberus_training/local_setup.zsh
-- Symlinking: /home/v/Dev/Github/Cerberus/Control/cerberus_ws/install/cerberus_training/share/cerberus_training/local_setup.dsv
-- Symlinking: /home/v/Dev/Github/Cerberus/Control/cerberus_ws/install/cerberus_training/share/cerberus_training/package.dsv
-- Symlinking: /home/v/Dev/Github/Cerberus/Control/cerberus_ws/install/cerberus_training/share/ament_index/resource_index/packages/cerberus_training
-- Symlinking: /home/v/Dev/Github/Cerberus/Control/cerberus_ws/install/cerberus_training/share/cerberus_training/cmake/cerberus_trainingConfig.cmake
-- Symlinking: /home/v/Dev/Github/Cerberus/Control/cerberus_ws/install/cerberus_training/share/cerberus_training/cmake/cerberus_trainingConfig-version.cmake
-- Symlinking: /home/v/Dev/Github/Cerberus/Control/cerberus_ws/install/cerberus_training/share/cerberus_training/package.xml
